<?xml version="1.0" encoding="UTF-8"?>
<testsuite xmlns:xsi="http://www.w3.org/2001/XMLSchema-instance" xsi:noNamespaceSchemaLocation="https://maven.apache.org/surefire/maven-surefire-plugin/xsd/surefire-test-report-3.0.xsd" version="3.0" name="com.nathan.hotel_reservas.repository.HabitacionRepositoryTest" time="3.272" tests="1" errors="0" skipped="0" failures="0">
  <properties>
    <property name="java.specification.version" value="22"/>
    <property name="sun.jnu.encoding" value="UTF-8"/>
    <property name="java.class.path" value="/Users/jonathanbernal/Documents/Duoc/FullStack/Week9/hotel_reservas/target/test-classes:/Users/jonathanbernal/Documents/Duoc/FullStack/Week9/hotel_reservas/target/classes:/Users/jonathanbernal/.m2/repository/org/springframework/boot/spring-boot-starter-web/3.3.4/spring-boot-starter-web-3.3.4.jar:/Users/jonathanbernal/.m2/repository/org/springframework/boot/spring-boot-starter/3.3.4/spring-boot-starter-3.3.4.jar:/Users/jonathanbernal/.m2/repository/org/springframework/boot/spring-boot-starter-logging/3.3.4/spring-boot-starter-logging-3.3.4.jar:/Users/jonathanbernal/.m2/repository/ch/qos/logback/logback-classic/1.5.8/logback-classic-1.5.8.jar:/Users/jonathanbernal/.m2/repository/ch/qos/logback/logback-core/1.5.8/logback-core-1.5.8.jar:/Users/jonathanbernal/.m2/repository/org/apache/logging/log4j/log4j-to-slf4j/2.23.1/log4j-to-slf4j-2.23.1.jar:/Users/jonathanbernal/.m2/repository/org/apache/logging/log4j/log4j-api/2.23.1/log4j-api-2.23.1.jar:/Users/jonathanbernal/.m2/repository/org/slf4j/jul-to-slf4j/2.0.16/jul-to-slf4j-2.0.16.jar:/Users/jonathanbernal/.m2/repository/jakarta/annotation/jakarta.annotation-api/2.1.1/jakarta.annotation-api-2.1.1.jar:/Users/jonathanbernal/.m2/repository/org/yaml/snakeyaml/2.2/snakeyaml-2.2.jar:/Users/jonathanbernal/.m2/repository/org/springframework/boot/spring-boot-starter-json/3.3.4/spring-boot-starter-json-3.3.4.jar:/Users/jonathanbernal/.m2/repository/com/fasterxml/jackson/core/jackson-databind/2.17.2/jackson-databind-2.17.2.jar:/Users/jonathanbernal/.m2/repository/com/fasterxml/jackson/core/jackson-annotations/2.17.2/jackson-annotations-2.17.2.jar:/Users/jonathanbernal/.m2/repository/com/fasterxml/jackson/core/jackson-core/2.17.2/jackson-core-2.17.2.jar:/Users/jonathanbernal/.m2/repository/com/fasterxml/jackson/datatype/jackson-datatype-jdk8/2.17.2/jackson-datatype-jdk8-2.17.2.jar:/Users/jonathanbernal/.m2/repository/com/fasterxml/jackson/datatype/jackson-datatype-jsr310/2.17.2/jackson-datatype-jsr310-2.17.2.jar:/Users/jonathanbernal/.m2/repository/com/fasterxml/jackson/module/jackson-module-parameter-names/2.17.2/jackson-module-parameter-names-2.17.2.jar:/Users/jonathanbernal/.m2/repository/org/springframework/boot/spring-boot-starter-tomcat/3.3.4/spring-boot-starter-tomcat-3.3.4.jar:/Users/jonathanbernal/.m2/repository/org/apache/tomcat/embed/tomcat-embed-core/10.1.30/tomcat-embed-core-10.1.30.jar:/Users/jonathanbernal/.m2/repository/org/apache/tomcat/embed/tomcat-embed-el/10.1.30/tomcat-embed-el-10.1.30.jar:/Users/jonathanbernal/.m2/repository/org/apache/tomcat/embed/tomcat-embed-websocket/10.1.30/tomcat-embed-websocket-10.1.30.jar:/Users/jonathanbernal/.m2/repository/org/springframework/spring-web/6.1.13/spring-web-6.1.13.jar:/Users/jonathanbernal/.m2/repository/org/springframework/spring-beans/6.1.13/spring-beans-6.1.13.jar:/Users/jonathanbernal/.m2/repository/io/micrometer/micrometer-observation/1.13.4/micrometer-observation-1.13.4.jar:/Users/jonathanbernal/.m2/repository/io/micrometer/micrometer-commons/1.13.4/micrometer-commons-1.13.4.jar:/Users/jonathanbernal/.m2/repository/org/springframework/spring-webmvc/6.1.13/spring-webmvc-6.1.13.jar:/Users/jonathanbernal/.m2/repository/org/springframework/spring-aop/6.1.13/spring-aop-6.1.13.jar:/Users/jonathanbernal/.m2/repository/org/springframework/spring-context/6.1.13/spring-context-6.1.13.jar:/Users/jonathanbernal/.m2/repository/org/springframework/spring-expression/6.1.13/spring-expression-6.1.13.jar:/Users/jonathanbernal/.m2/repository/org/springframework/boot/spring-boot-devtools/3.3.4/spring-boot-devtools-3.3.4.jar:/Users/jonathanbernal/.m2/repository/org/springframework/boot/spring-boot/3.3.4/spring-boot-3.3.4.jar:/Users/jonathanbernal/.m2/repository/org/springframework/boot/spring-boot-autoconfigure/3.3.4/spring-boot-autoconfigure-3.3.4.jar:/Users/jonathanbernal/.m2/repository/org/projectlombok/lombok/1.18.34/lombok-1.18.34.jar:/Users/jonathanbernal/.m2/repository/org/springframework/boot/spring-boot-starter-test/3.3.4/spring-boot-starter-test-3.3.4.jar:/Users/jonathanbernal/.m2/repository/org/springframework/boot/spring-boot-test/3.3.4/spring-boot-test-3.3.4.jar:/Users/jonathanbernal/.m2/repository/org/springframework/boot/spring-boot-test-autoconfigure/3.3.4/spring-boot-test-autoconfigure-3.3.4.jar:/Users/jonathanbernal/.m2/repository/com/jayway/jsonpath/json-path/2.9.0/json-path-2.9.0.jar:/Users/jonathanbernal/.m2/repository/org/slf4j/slf4j-api/2.0.16/slf4j-api-2.0.16.jar:/Users/jonathanbernal/.m2/repository/jakarta/xml/bind/jakarta.xml.bind-api/4.0.2/jakarta.xml.bind-api-4.0.2.jar:/Users/jonathanbernal/.m2/repository/jakarta/activation/jakarta.activation-api/2.1.3/jakarta.activation-api-2.1.3.jar:/Users/jonathanbernal/.m2/repository/net/minidev/json-smart/2.5.1/json-smart-2.5.1.jar:/Users/jonathanbernal/.m2/repository/net/minidev/accessors-smart/2.5.1/accessors-smart-2.5.1.jar:/Users/jonathanbernal/.m2/repository/org/ow2/asm/asm/9.6/asm-9.6.jar:/Users/jonathanbernal/.m2/repository/org/assertj/assertj-core/3.25.3/assertj-core-3.25.3.jar:/Users/jonathanbernal/.m2/repository/net/bytebuddy/byte-buddy/1.14.19/byte-buddy-1.14.19.jar:/Users/jonathanbernal/.m2/repository/org/awaitility/awaitility/4.2.2/awaitility-4.2.2.jar:/Users/jonathanbernal/.m2/repository/org/hamcrest/hamcrest/2.2/hamcrest-2.2.jar:/Users/jonathanbernal/.m2/repository/org/junit/jupiter/junit-jupiter/5.10.3/junit-jupiter-5.10.3.jar:/Users/jonathanbernal/.m2/repository/org/junit/jupiter/junit-jupiter-api/5.10.3/junit-jupiter-api-5.10.3.jar:/Users/jonathanbernal/.m2/repository/org/opentest4j/opentest4j/1.3.0/opentest4j-1.3.0.jar:/Users/jonathanbernal/.m2/repository/org/junit/platform/junit-platform-commons/1.10.3/junit-platform-commons-1.10.3.jar:/Users/jonathanbernal/.m2/repository/org/apiguardian/apiguardian-api/1.1.2/apiguardian-api-1.1.2.jar:/Users/jonathanbernal/.m2/repository/org/junit/jupiter/junit-jupiter-params/5.10.3/junit-jupiter-params-5.10.3.jar:/Users/jonathanbernal/.m2/repository/org/junit/jupiter/junit-jupiter-engine/5.10.3/junit-jupiter-engine-5.10.3.jar:/Users/jonathanbernal/.m2/repository/org/junit/platform/junit-platform-engine/1.10.3/junit-platform-engine-1.10.3.jar:/Users/jonathanbernal/.m2/repository/org/mockito/mockito-core/5.11.0/mockito-core-5.11.0.jar:/Users/jonathanbernal/.m2/repository/net/bytebuddy/byte-buddy-agent/1.14.19/byte-buddy-agent-1.14.19.jar:/Users/jonathanbernal/.m2/repository/org/objenesis/objenesis/3.3/objenesis-3.3.jar:/Users/jonathanbernal/.m2/repository/org/mockito/mockito-junit-jupiter/5.11.0/mockito-junit-jupiter-5.11.0.jar:/Users/jonathanbernal/.m2/repository/org/skyscreamer/jsonassert/1.5.3/jsonassert-1.5.3.jar:/Users/jonathanbernal/.m2/repository/com/vaadin/external/google/android-json/0.0.20131108.vaadin1/android-json-0.0.20131108.vaadin1.jar:/Users/jonathanbernal/.m2/repository/org/springframework/spring-core/6.1.13/spring-core-6.1.13.jar:/Users/jonathanbernal/.m2/repository/org/springframework/spring-jcl/6.1.13/spring-jcl-6.1.13.jar:/Users/jonathanbernal/.m2/repository/org/springframework/spring-test/6.1.13/spring-test-6.1.13.jar:/Users/jonathanbernal/.m2/repository/org/xmlunit/xmlunit-core/2.9.1/xmlunit-core-2.9.1.jar:/Users/jonathanbernal/.m2/repository/org/springframework/boot/spring-boot-starter-data-jpa/3.3.4/spring-boot-starter-data-jpa-3.3.4.jar:/Users/jonathanbernal/.m2/repository/org/springframework/boot/spring-boot-starter-aop/3.3.4/spring-boot-starter-aop-3.3.4.jar:/Users/jonathanbernal/.m2/repository/org/aspectj/aspectjweaver/1.9.22.1/aspectjweaver-1.9.22.1.jar:/Users/jonathanbernal/.m2/repository/org/springframework/boot/spring-boot-starter-jdbc/3.3.4/spring-boot-starter-jdbc-3.3.4.jar:/Users/jonathanbernal/.m2/repository/com/zaxxer/HikariCP/5.1.0/HikariCP-5.1.0.jar:/Users/jonathanbernal/.m2/repository/org/springframework/spring-jdbc/6.1.13/spring-jdbc-6.1.13.jar:/Users/jonathanbernal/.m2/repository/org/hibernate/orm/hibernate-core/6.5.3.Final/hibernate-core-6.5.3.Final.jar:/Users/jonathanbernal/.m2/repository/jakarta/persistence/jakarta.persistence-api/3.1.0/jakarta.persistence-api-3.1.0.jar:/Users/jonathanbernal/.m2/repository/jakarta/transaction/jakarta.transaction-api/2.0.1/jakarta.transaction-api-2.0.1.jar:/Users/jonathanbernal/.m2/repository/org/jboss/logging/jboss-logging/3.5.3.Final/jboss-logging-3.5.3.Final.jar:/Users/jonathanbernal/.m2/repository/org/hibernate/common/hibernate-commons-annotations/6.0.6.Final/hibernate-commons-annotations-6.0.6.Final.jar:/Users/jonathanbernal/.m2/repository/io/smallrye/jandex/3.1.2/jandex-3.1.2.jar:/Users/jonathanbernal/.m2/repository/com/fasterxml/classmate/1.7.0/classmate-1.7.0.jar:/Users/jonathanbernal/.m2/repository/org/glassfish/jaxb/jaxb-runtime/4.0.5/jaxb-runtime-4.0.5.jar:/Users/jonathanbernal/.m2/repository/org/glassfish/jaxb/jaxb-core/4.0.5/jaxb-core-4.0.5.jar:/Users/jonathanbernal/.m2/repository/org/eclipse/angus/angus-activation/2.0.2/angus-activation-2.0.2.jar:/Users/jonathanbernal/.m2/repository/org/glassfish/jaxb/txw2/4.0.5/txw2-4.0.5.jar:/Users/jonathanbernal/.m2/repository/com/sun/istack/istack-commons-runtime/4.1.2/istack-commons-runtime-4.1.2.jar:/Users/jonathanbernal/.m2/repository/jakarta/inject/jakarta.inject-api/2.0.1/jakarta.inject-api-2.0.1.jar:/Users/jonathanbernal/.m2/repository/org/antlr/antlr4-runtime/4.13.0/antlr4-runtime-4.13.0.jar:/Users/jonathanbernal/.m2/repository/org/springframework/data/spring-data-jpa/3.3.4/spring-data-jpa-3.3.4.jar:/Users/jonathanbernal/.m2/repository/org/springframework/data/spring-data-commons/3.3.4/spring-data-commons-3.3.4.jar:/Users/jonathanbernal/.m2/repository/org/springframework/spring-orm/6.1.13/spring-orm-6.1.13.jar:/Users/jonathanbernal/.m2/repository/org/springframework/spring-tx/6.1.13/spring-tx-6.1.13.jar:/Users/jonathanbernal/.m2/repository/org/springframework/spring-aspects/6.1.13/spring-aspects-6.1.13.jar:/Users/jonathanbernal/.m2/repository/com/oracle/database/jdbc/ojdbc11/21.9.0.0/ojdbc11-21.9.0.0.jar:/Users/jonathanbernal/.m2/repository/com/oracle/database/security/oraclepki/21.5.0.0/oraclepki-21.5.0.0.jar:/Users/jonathanbernal/.m2/repository/com/oracle/database/security/osdt_cert/21.5.0.0/osdt_cert-21.5.0.0.jar:/Users/jonathanbernal/.m2/repository/com/oracle/database/security/osdt_core/21.5.0.0/osdt_core-21.5.0.0.jar:/Users/jonathanbernal/.m2/repository/org/springframework/boot/spring-boot-starter-hateoas/3.3.4/spring-boot-starter-hateoas-3.3.4.jar:/Users/jonathanbernal/.m2/repository/org/springframework/hateoas/spring-hateoas/2.3.3/spring-hateoas-2.3.3.jar:/Users/jonathanbernal/.m2/repository/org/springframework/plugin/spring-plugin-core/3.0.0/spring-plugin-core-3.0.0.jar:"/>
    <property name="java.vm.vendor" value="Homebrew"/>
    <property name="sun.arch.data.model" value="64"/>
    <property name="java.vendor.url" value="https://github.com/Homebrew/homebrew-core/issues"/>
    <property name="user.timezone" value="America/Santiago"/>
    <property name="org.jboss.logging.provider" value="slf4j"/>
    <property name="os.name" value="Mac OS X"/>
    <property name="java.vm.specification.version" value="22"/>
    <property name="sun.java.launcher" value="SUN_STANDARD"/>
    <property name="user.country" value="419"/>
    <property name="sun.boot.library.path" value="/opt/homebrew/Cellar/openjdk/22.0.2/libexec/openjdk.jdk/Contents/Home/lib"/>
    <property name="sun.java.command" value="/Users/jonathanbernal/Documents/Duoc/FullStack/Week9/hotel_reservas/target/surefire/surefirebooter-20241007002703313_3.jar /Users/jonathanbernal/Documents/Duoc/FullStack/Week9/hotel_reservas/target/surefire 2024-10-07T00-27-03_187-jvmRun1 surefire-20241007002703313_1tmp surefire_0-20241007002703313_2tmp"/>
    <property name="http.nonProxyHosts" value="local|*.local|169.254/16|*.169.254/16"/>
    <property name="jdk.debug" value="release"/>
    <property name="surefire.test.class.path" value="/Users/jonathanbernal/Documents/Duoc/FullStack/Week9/hotel_reservas/target/test-classes:/Users/jonathanbernal/Documents/Duoc/FullStack/Week9/hotel_reservas/target/classes:/Users/jonathanbernal/.m2/repository/org/springframework/boot/spring-boot-starter-web/3.3.4/spring-boot-starter-web-3.3.4.jar:/Users/jonathanbernal/.m2/repository/org/springframework/boot/spring-boot-starter/3.3.4/spring-boot-starter-3.3.4.jar:/Users/jonathanbernal/.m2/repository/org/springframework/boot/spring-boot-starter-logging/3.3.4/spring-boot-starter-logging-3.3.4.jar:/Users/jonathanbernal/.m2/repository/ch/qos/logback/logback-classic/1.5.8/logback-classic-1.5.8.jar:/Users/jonathanbernal/.m2/repository/ch/qos/logback/logback-core/1.5.8/logback-core-1.5.8.jar:/Users/jonathanbernal/.m2/repository/org/apache/logging/log4j/log4j-to-slf4j/2.23.1/log4j-to-slf4j-2.23.1.jar:/Users/jonathanbernal/.m2/repository/org/apache/logging/log4j/log4j-api/2.23.1/log4j-api-2.23.1.jar:/Users/jonathanbernal/.m2/repository/org/slf4j/jul-to-slf4j/2.0.16/jul-to-slf4j-2.0.16.jar:/Users/jonathanbernal/.m2/repository/jakarta/annotation/jakarta.annotation-api/2.1.1/jakarta.annotation-api-2.1.1.jar:/Users/jonathanbernal/.m2/repository/org/yaml/snakeyaml/2.2/snakeyaml-2.2.jar:/Users/jonathanbernal/.m2/repository/org/springframework/boot/spring-boot-starter-json/3.3.4/spring-boot-starter-json-3.3.4.jar:/Users/jonathanbernal/.m2/repository/com/fasterxml/jackson/core/jackson-databind/2.17.2/jackson-databind-2.17.2.jar:/Users/jonathanbernal/.m2/repository/com/fasterxml/jackson/core/jackson-annotations/2.17.2/jackson-annotations-2.17.2.jar:/Users/jonathanbernal/.m2/repository/com/fasterxml/jackson/core/jackson-core/2.17.2/jackson-core-2.17.2.jar:/Users/jonathanbernal/.m2/repository/com/fasterxml/jackson/datatype/jackson-datatype-jdk8/2.17.2/jackson-datatype-jdk8-2.17.2.jar:/Users/jonathanbernal/.m2/repository/com/fasterxml/jackson/datatype/jackson-datatype-jsr310/2.17.2/jackson-datatype-jsr310-2.17.2.jar:/Users/jonathanbernal/.m2/repository/com/fasterxml/jackson/module/jackson-module-parameter-names/2.17.2/jackson-module-parameter-names-2.17.2.jar:/Users/jonathanbernal/.m2/repository/org/springframework/boot/spring-boot-starter-tomcat/3.3.4/spring-boot-starter-tomcat-3.3.4.jar:/Users/jonathanbernal/.m2/repository/org/apache/tomcat/embed/tomcat-embed-core/10.1.30/tomcat-embed-core-10.1.30.jar:/Users/jonathanbernal/.m2/repository/org/apache/tomcat/embed/tomcat-embed-el/10.1.30/tomcat-embed-el-10.1.30.jar:/Users/jonathanbernal/.m2/repository/org/apache/tomcat/embed/tomcat-embed-websocket/10.1.30/tomcat-embed-websocket-10.1.30.jar:/Users/jonathanbernal/.m2/repository/org/springframework/spring-web/6.1.13/spring-web-6.1.13.jar:/Users/jonathanbernal/.m2/repository/org/springframework/spring-beans/6.1.13/spring-beans-6.1.13.jar:/Users/jonathanbernal/.m2/repository/io/micrometer/micrometer-observation/1.13.4/micrometer-observation-1.13.4.jar:/Users/jonathanbernal/.m2/repository/io/micrometer/micrometer-commons/1.13.4/micrometer-commons-1.13.4.jar:/Users/jonathanbernal/.m2/repository/org/springframework/spring-webmvc/6.1.13/spring-webmvc-6.1.13.jar:/Users/jonathanbernal/.m2/repository/org/springframework/spring-aop/6.1.13/spring-aop-6.1.13.jar:/Users/jonathanbernal/.m2/repository/org/springframework/spring-context/6.1.13/spring-context-6.1.13.jar:/Users/jonathanbernal/.m2/repository/org/springframework/spring-expression/6.1.13/spring-expression-6.1.13.jar:/Users/jonathanbernal/.m2/repository/org/springframework/boot/spring-boot-devtools/3.3.4/spring-boot-devtools-3.3.4.jar:/Users/jonathanbernal/.m2/repository/org/springframework/boot/spring-boot/3.3.4/spring-boot-3.3.4.jar:/Users/jonathanbernal/.m2/repository/org/springframework/boot/spring-boot-autoconfigure/3.3.4/spring-boot-autoconfigure-3.3.4.jar:/Users/jonathanbernal/.m2/repository/org/projectlombok/lombok/1.18.34/lombok-1.18.34.jar:/Users/jonathanbernal/.m2/repository/org/springframework/boot/spring-boot-starter-test/3.3.4/spring-boot-starter-test-3.3.4.jar:/Users/jonathanbernal/.m2/repository/org/springframework/boot/spring-boot-test/3.3.4/spring-boot-test-3.3.4.jar:/Users/jonathanbernal/.m2/repository/org/springframework/boot/spring-boot-test-autoconfigure/3.3.4/spring-boot-test-autoconfigure-3.3.4.jar:/Users/jonathanbernal/.m2/repository/com/jayway/jsonpath/json-path/2.9.0/json-path-2.9.0.jar:/Users/jonathanbernal/.m2/repository/org/slf4j/slf4j-api/2.0.16/slf4j-api-2.0.16.jar:/Users/jonathanbernal/.m2/repository/jakarta/xml/bind/jakarta.xml.bind-api/4.0.2/jakarta.xml.bind-api-4.0.2.jar:/Users/jonathanbernal/.m2/repository/jakarta/activation/jakarta.activation-api/2.1.3/jakarta.activation-api-2.1.3.jar:/Users/jonathanbernal/.m2/repository/net/minidev/json-smart/2.5.1/json-smart-2.5.1.jar:/Users/jonathanbernal/.m2/repository/net/minidev/accessors-smart/2.5.1/accessors-smart-2.5.1.jar:/Users/jonathanbernal/.m2/repository/org/ow2/asm/asm/9.6/asm-9.6.jar:/Users/jonathanbernal/.m2/repository/org/assertj/assertj-core/3.25.3/assertj-core-3.25.3.jar:/Users/jonathanbernal/.m2/repository/net/bytebuddy/byte-buddy/1.14.19/byte-buddy-1.14.19.jar:/Users/jonathanbernal/.m2/repository/org/awaitility/awaitility/4.2.2/awaitility-4.2.2.jar:/Users/jonathanbernal/.m2/repository/org/hamcrest/hamcrest/2.2/hamcrest-2.2.jar:/Users/jonathanbernal/.m2/repository/org/junit/jupiter/junit-jupiter/5.10.3/junit-jupiter-5.10.3.jar:/Users/jonathanbernal/.m2/repository/org/junit/jupiter/junit-jupiter-api/5.10.3/junit-jupiter-api-5.10.3.jar:/Users/jonathanbernal/.m2/repository/org/opentest4j/opentest4j/1.3.0/opentest4j-1.3.0.jar:/Users/jonathanbernal/.m2/repository/org/junit/platform/junit-platform-commons/1.10.3/junit-platform-commons-1.10.3.jar:/Users/jonathanbernal/.m2/repository/org/apiguardian/apiguardian-api/1.1.2/apiguardian-api-1.1.2.jar:/Users/jonathanbernal/.m2/repository/org/junit/jupiter/junit-jupiter-params/5.10.3/junit-jupiter-params-5.10.3.jar:/Users/jonathanbernal/.m2/repository/org/junit/jupiter/junit-jupiter-engine/5.10.3/junit-jupiter-engine-5.10.3.jar:/Users/jonathanbernal/.m2/repository/org/junit/platform/junit-platform-engine/1.10.3/junit-platform-engine-1.10.3.jar:/Users/jonathanbernal/.m2/repository/org/mockito/mockito-core/5.11.0/mockito-core-5.11.0.jar:/Users/jonathanbernal/.m2/repository/net/bytebuddy/byte-buddy-agent/1.14.19/byte-buddy-agent-1.14.19.jar:/Users/jonathanbernal/.m2/repository/org/objenesis/objenesis/3.3/objenesis-3.3.jar:/Users/jonathanbernal/.m2/repository/org/mockito/mockito-junit-jupiter/5.11.0/mockito-junit-jupiter-5.11.0.jar:/Users/jonathanbernal/.m2/repository/org/skyscreamer/jsonassert/1.5.3/jsonassert-1.5.3.jar:/Users/jonathanbernal/.m2/repository/com/vaadin/external/google/android-json/0.0.20131108.vaadin1/android-json-0.0.20131108.vaadin1.jar:/Users/jonathanbernal/.m2/repository/org/springframework/spring-core/6.1.13/spring-core-6.1.13.jar:/Users/jonathanbernal/.m2/repository/org/springframework/spring-jcl/6.1.13/spring-jcl-6.1.13.jar:/Users/jonathanbernal/.m2/repository/org/springframework/spring-test/6.1.13/spring-test-6.1.13.jar:/Users/jonathanbernal/.m2/repository/org/xmlunit/xmlunit-core/2.9.1/xmlunit-core-2.9.1.jar:/Users/jonathanbernal/.m2/repository/org/springframework/boot/spring-boot-starter-data-jpa/3.3.4/spring-boot-starter-data-jpa-3.3.4.jar:/Users/jonathanbernal/.m2/repository/org/springframework/boot/spring-boot-starter-aop/3.3.4/spring-boot-starter-aop-3.3.4.jar:/Users/jonathanbernal/.m2/repository/org/aspectj/aspectjweaver/1.9.22.1/aspectjweaver-1.9.22.1.jar:/Users/jonathanbernal/.m2/repository/org/springframework/boot/spring-boot-starter-jdbc/3.3.4/spring-boot-starter-jdbc-3.3.4.jar:/Users/jonathanbernal/.m2/repository/com/zaxxer/HikariCP/5.1.0/HikariCP-5.1.0.jar:/Users/jonathanbernal/.m2/repository/org/springframework/spring-jdbc/6.1.13/spring-jdbc-6.1.13.jar:/Users/jonathanbernal/.m2/repository/org/hibernate/orm/hibernate-core/6.5.3.Final/hibernate-core-6.5.3.Final.jar:/Users/jonathanbernal/.m2/repository/jakarta/persistence/jakarta.persistence-api/3.1.0/jakarta.persistence-api-3.1.0.jar:/Users/jonathanbernal/.m2/repository/jakarta/transaction/jakarta.transaction-api/2.0.1/jakarta.transaction-api-2.0.1.jar:/Users/jonathanbernal/.m2/repository/org/jboss/logging/jboss-logging/3.5.3.Final/jboss-logging-3.5.3.Final.jar:/Users/jonathanbernal/.m2/repository/org/hibernate/common/hibernate-commons-annotations/6.0.6.Final/hibernate-commons-annotations-6.0.6.Final.jar:/Users/jonathanbernal/.m2/repository/io/smallrye/jandex/3.1.2/jandex-3.1.2.jar:/Users/jonathanbernal/.m2/repository/com/fasterxml/classmate/1.7.0/classmate-1.7.0.jar:/Users/jonathanbernal/.m2/repository/org/glassfish/jaxb/jaxb-runtime/4.0.5/jaxb-runtime-4.0.5.jar:/Users/jonathanbernal/.m2/repository/org/glassfish/jaxb/jaxb-core/4.0.5/jaxb-core-4.0.5.jar:/Users/jonathanbernal/.m2/repository/org/eclipse/angus/angus-activation/2.0.2/angus-activation-2.0.2.jar:/Users/jonathanbernal/.m2/repository/org/glassfish/jaxb/txw2/4.0.5/txw2-4.0.5.jar:/Users/jonathanbernal/.m2/repository/com/sun/istack/istack-commons-runtime/4.1.2/istack-commons-runtime-4.1.2.jar:/Users/jonathanbernal/.m2/repository/jakarta/inject/jakarta.inject-api/2.0.1/jakarta.inject-api-2.0.1.jar:/Users/jonathanbernal/.m2/repository/org/antlr/antlr4-runtime/4.13.0/antlr4-runtime-4.13.0.jar:/Users/jonathanbernal/.m2/repository/org/springframework/data/spring-data-jpa/3.3.4/spring-data-jpa-3.3.4.jar:/Users/jonathanbernal/.m2/repository/org/springframework/data/spring-data-commons/3.3.4/spring-data-commons-3.3.4.jar:/Users/jonathanbernal/.m2/repository/org/springframework/spring-orm/6.1.13/spring-orm-6.1.13.jar:/Users/jonathanbernal/.m2/repository/org/springframework/spring-tx/6.1.13/spring-tx-6.1.13.jar:/Users/jonathanbernal/.m2/repository/org/springframework/spring-aspects/6.1.13/spring-aspects-6.1.13.jar:/Users/jonathanbernal/.m2/repository/com/oracle/database/jdbc/ojdbc11/21.9.0.0/ojdbc11-21.9.0.0.jar:/Users/jonathanbernal/.m2/repository/com/oracle/database/security/oraclepki/21.5.0.0/oraclepki-21.5.0.0.jar:/Users/jonathanbernal/.m2/repository/com/oracle/database/security/osdt_cert/21.5.0.0/osdt_cert-21.5.0.0.jar:/Users/jonathanbernal/.m2/repository/com/oracle/database/security/osdt_core/21.5.0.0/osdt_core-21.5.0.0.jar:/Users/jonathanbernal/.m2/repository/org/springframework/boot/spring-boot-starter-hateoas/3.3.4/spring-boot-starter-hateoas-3.3.4.jar:/Users/jonathanbernal/.m2/repository/org/springframework/hateoas/spring-hateoas/2.3.3/spring-hateoas-2.3.3.jar:/Users/jonathanbernal/.m2/repository/org/springframework/plugin/spring-plugin-core/3.0.0/spring-plugin-core-3.0.0.jar:"/>
    <property name="sun.cpu.endian" value="little"/>
    <property name="user.home" value="/Users/jonathanbernal"/>
    <property name="user.language" value="es"/>
    <property name="java.specification.vendor" value="Oracle Corporation"/>
    <property name="java.version.date" value="2024-07-16"/>
    <property name="java.home" value="/opt/homebrew/Cellar/openjdk/22.0.2/libexec/openjdk.jdk/Contents/Home"/>
    <property name="file.separator" value="/"/>
    <property name="basedir" value="/Users/jonathanbernal/Documents/Duoc/FullStack/Week9/hotel_reservas"/>
    <property name="java.vm.compressedOopsMode" value="Zero based"/>
    <property name="line.separator" value="&#10;"/>
    <property name="java.vm.specification.vendor" value="Oracle Corporation"/>
    <property name="java.specification.name" value="Java Platform API Specification"/>
    <property name="FILE_LOG_CHARSET" value="UTF-8"/>
    <property name="java.awt.headless" value="true"/>
    <property name="apple.awt.application.name" value="ForkedBooter"/>
    <property name="surefire.real.class.path" value="/Users/jonathanbernal/Documents/Duoc/FullStack/Week9/hotel_reservas/target/surefire/surefirebooter-20241007002703313_3.jar"/>
    <property name="sun.management.compiler" value="HotSpot 64-Bit Tiered Compilers"/>
    <property name="ftp.nonProxyHosts" value="local|*.local|169.254/16|*.169.254/16"/>
    <property name="java.runtime.version" value="22.0.2"/>
    <property name="user.name" value="jonathanbernal"/>
    <property name="stdout.encoding" value="UTF-8"/>
    <property name="path.separator" value=":"/>
    <property name="os.version" value="14.5"/>
    <property name="java.runtime.name" value="OpenJDK Runtime Environment"/>
    <property name="skipTest" value="true"/>
    <property name="file.encoding" value="UTF-8"/>
    <property name="java.vm.name" value="OpenJDK 64-Bit Server VM"/>
    <property name="java.vendor.version" value="Homebrew"/>
    <property name="localRepository" value="/Users/jonathanbernal/.m2/repository"/>
    <property name="java.vendor.url.bug" value="https://github.com/Homebrew/homebrew-core/issues"/>
    <property name="java.io.tmpdir" value="/var/folders/nr/9gzlnt1s6xz7qdh8dxxx6c_00000gp/T/"/>
    <property name="com.zaxxer.hikari.pool_number" value="1"/>
    <property name="java.version" value="22.0.2"/>
    <property name="user.dir" value="/Users/jonathanbernal/Documents/Duoc/FullStack/Week9/hotel_reservas"/>
    <property name="os.arch" value="aarch64"/>
    <property name="java.vm.specification.name" value="Java Virtual Machine Specification"/>
    <property name="PID" value="18250"/>
    <property name="CONSOLE_LOG_CHARSET" value="UTF-8"/>
    <property name="native.encoding" value="UTF-8"/>
    <property name="java.library.path" value="/Users/jonathanbernal/Library/Java/Extensions:/Library/Java/Extensions:/Network/Library/Java/Extensions:/System/Library/Java/Extensions:/usr/lib/java:."/>
    <property name="java.vm.info" value="mixed mode, sharing"/>
    <property name="stderr.encoding" value="UTF-8"/>
    <property name="java.vendor" value="Homebrew"/>
    <property name="java.vm.version" value="22.0.2"/>
    <property name="sun.io.unicode.encoding" value="UnicodeBig"/>
    <property name="socksNonProxyHosts" value="local|*.local|169.254/16|*.169.254/16"/>
    <property name="java.class.version" value="66.0"/>
    <property name="LOGGED_APPLICATION_NAME" value="[hotel_reservas] "/>
  </properties>
  <testcase name="guardarHabitacionTest" classname="com.nathan.hotel_reservas.repository.HabitacionRepositoryTest" time="0.436">
    <system-out><![CDATA[00:27:03.837 [main] INFO org.springframework.test.context.support.AnnotationConfigContextLoaderUtils -- Could not detect default configuration classes for test class [com.nathan.hotel_reservas.repository.HabitacionRepositoryTest]: HabitacionRepositoryTest does not declare any static, non-private, non-final, nested classes annotated with @Configuration.
00:27:03.894 [main] INFO org.springframework.boot.test.context.SpringBootTestContextBootstrapper -- Found @SpringBootConfiguration com.nathan.hotel_reservas.HotelReservasApplication for test class com.nathan.hotel_reservas.repository.HabitacionRepositoryTest
00:27:03.933 [main] INFO org.springframework.boot.devtools.restart.RestartApplicationListener -- Restart disabled due to context in which it is running

  .   ____          _            __ _ _
 /\\ / ___'_ __ _ _(_)_ __  __ _ \ \ \ \
( ( )\___ | '_ | '_| | '_ \/ _` | \ \ \ \
 \\/  ___)| |_)| | | | | || (_| |  ) ) ) )
  '  |____| .__|_| |_|_| |_\__, | / / / /
 =========|_|==============|___/=/_/_/_/

 :: Spring Boot ::                (v3.3.4)

2024-10-07T00:27:04.142-03:00  INFO 18250 --- [hotel_reservas] [           main] c.n.h.r.HabitacionRepositoryTest         : Starting HabitacionRepositoryTest using Java 22.0.2 with PID 18250 (started by jonathanbernal in /Users/jonathanbernal/Documents/Duoc/FullStack/Week9/hotel_reservas)
2024-10-07T00:27:04.143-03:00  INFO 18250 --- [hotel_reservas] [           main] c.n.h.r.HabitacionRepositoryTest         : No active profile set, falling back to 1 default profile: "default"
2024-10-07T00:27:04.143-03:00 DEBUG 18250 --- [hotel_reservas] [           main] o.s.boot.SpringApplication               : Loading source class com.nathan.hotel_reservas.HotelReservasApplication
2024-10-07T00:27:04.150-03:00 DEBUG 18250 --- [hotel_reservas] [           main] s.c.a.AnnotationConfigApplicationContext : Refreshing org.springframework.context.annotation.AnnotationConfigApplicationContext@589b028e
2024-10-07T00:27:04.157-03:00 DEBUG 18250 --- [hotel_reservas] [           main] o.s.b.f.s.DefaultListableBeanFactory     : Creating shared instance of singleton bean 'org.springframework.context.annotation.internalConfigurationAnnotationProcessor'
2024-10-07T00:27:04.163-03:00 DEBUG 18250 --- [hotel_reservas] [           main] o.s.b.f.s.DefaultListableBeanFactory     : Creating shared instance of singleton bean 'org.springframework.boot.autoconfigure.internalCachingMetadataReaderFactory'
2024-10-07T00:27:04.320-03:00  INFO 18250 --- [hotel_reservas] [           main] .s.d.r.c.RepositoryConfigurationDelegate : Bootstrapping Spring Data JPA repositories in DEFAULT mode.
2024-10-07T00:27:04.323-03:00 DEBUG 18250 --- [hotel_reservas] [           main] o.s.b.f.s.DefaultListableBeanFactory     : Creating shared instance of singleton bean 'org.springframework.boot.autoconfigure.AutoConfigurationPackages'
2024-10-07T00:27:04.326-03:00 DEBUG 18250 --- [hotel_reservas] [           main] o.s.b.a.AutoConfigurationPackages        : @EnableAutoConfiguration was declared on a class in the package 'com.nathan.hotel_reservas'. Automatic @Repository and @Entity scanning is enabled.
2024-10-07T00:27:04.327-03:00 DEBUG 18250 --- [hotel_reservas] [           main] .s.d.r.c.RepositoryConfigurationDelegate : Scanning for JPA repositories in packages com.nathan.hotel_reservas.
2024-10-07T00:27:04.333-03:00 DEBUG 18250 --- [hotel_reservas] [           main] o.s.d.r.c.RepositoryComponentProvider    : Identified candidate component class: file [/Users/jonathanbernal/Documents/Duoc/FullStack/Week9/hotel_reservas/target/classes/com/nathan/hotel_reservas/repository/HabitacionRepository.class]
2024-10-07T00:27:04.333-03:00 DEBUG 18250 --- [hotel_reservas] [           main] o.s.d.r.c.RepositoryComponentProvider    : Identified candidate component class: file [/Users/jonathanbernal/Documents/Duoc/FullStack/Week9/hotel_reservas/target/classes/com/nathan/hotel_reservas/repository/ReservaRepository.class]
2024-10-07T00:27:04.352-03:00  INFO 18250 --- [hotel_reservas] [           main] .s.d.r.c.RepositoryConfigurationDelegate : Finished Spring Data repository scanning in 24 ms. Found 2 JPA repository interfaces.
2024-10-07T00:27:04.377-03:00 DEBUG 18250 --- [hotel_reservas] [           main] o.s.b.f.s.DefaultListableBeanFactory     : Creating shared instance of singleton bean 'org.springframework.boot.test.context.ImportsContextCustomizer$ImportsCleanupPostProcessor'
2024-10-07T00:27:04.408-03:00 DEBUG 18250 --- [hotel_reservas] [           main] o.s.b.f.s.DefaultListableBeanFactory     : Creating shared instance of singleton bean 'org.springframework.boot.test.mock.mockito.MockitoPostProcessor'
2024-10-07T00:27:04.409-03:00 DEBUG 18250 --- [hotel_reservas] [           main] o.s.b.f.s.DefaultListableBeanFactory     : Creating shared instance of singleton bean 'emBeanDefinitionRegistrarPostProcessor'
2024-10-07T00:27:04.409-03:00 DEBUG 18250 --- [hotel_reservas] [           main] o.s.b.f.s.DefaultListableBeanFactory     : Creating shared instance of singleton bean 'org.springframework.boot.sql.init.dependency.DatabaseInitializationDependencyConfigurer$DependsOnDatabaseInitializationPostProcessor'
2024-10-07T00:27:04.421-03:00 DEBUG 18250 --- [hotel_reservas] [           main] o.s.b.f.s.DefaultListableBeanFactory     : Creating shared instance of singleton bean 'org.springframework.context.event.internalEventListenerProcessor'
2024-10-07T00:27:04.422-03:00 DEBUG 18250 --- [hotel_reservas] [           main] o.s.b.f.s.DefaultListableBeanFactory     : Creating shared instance of singleton bean 'org.springframework.context.event.internalEventListenerFactory'
2024-10-07T00:27:04.422-03:00 DEBUG 18250 --- [hotel_reservas] [           main] o.s.b.f.s.DefaultListableBeanFactory     : Creating shared instance of singleton bean 'org.springframework.transaction.config.internalTransactionalEventListenerFactory'
2024-10-07T00:27:04.424-03:00 DEBUG 18250 --- [hotel_reservas] [           main] o.s.b.f.s.DefaultListableBeanFactory     : Creating shared instance of singleton bean 'org.springframework.context.annotation.internalAutowiredAnnotationProcessor'
2024-10-07T00:27:04.424-03:00 DEBUG 18250 --- [hotel_reservas] [           main] o.s.b.f.s.DefaultListableBeanFactory     : Creating shared instance of singleton bean 'org.springframework.context.annotation.internalCommonAnnotationProcessor'
2024-10-07T00:27:04.428-03:00 DEBUG 18250 --- [hotel_reservas] [           main] o.s.b.f.s.DefaultListableBeanFactory     : Creating shared instance of singleton bean 'org.springframework.context.annotation.internalPersistenceAnnotationProcessor'
2024-10-07T00:27:04.429-03:00 DEBUG 18250 --- [hotel_reservas] [           main] o.s.b.f.s.DefaultListableBeanFactory     : Creating shared instance of singleton bean 'org.springframework.boot.test.mock.mockito.MockitoPostProcessor$SpyPostProcessor'
2024-10-07T00:27:04.429-03:00 DEBUG 18250 --- [hotel_reservas] [           main] o.s.b.f.s.DefaultListableBeanFactory     : Creating shared instance of singleton bean 'jdbcConnectionDetailsHikariBeanPostProcessor'
2024-10-07T00:27:04.431-03:00 DEBUG 18250 --- [hotel_reservas] [           main] o.s.b.f.s.DefaultListableBeanFactory     : Creating shared instance of singleton bean 'org.springframework.boot.context.properties.ConfigurationPropertiesBindingPostProcessor'
2024-10-07T00:27:04.431-03:00 DEBUG 18250 --- [hotel_reservas] [           main] o.s.b.f.s.DefaultListableBeanFactory     : Creating shared instance of singleton bean 'org.springframework.boot.context.internalConfigurationPropertiesBinder'
2024-10-07T00:27:04.433-03:00 DEBUG 18250 --- [hotel_reservas] [           main] o.s.b.f.s.DefaultListableBeanFactory     : Creating shared instance of singleton bean 'org.springframework.aop.config.internalAutoProxyCreator'
2024-10-07T00:27:04.440-03:00 DEBUG 18250 --- [hotel_reservas] [           main] o.s.b.f.s.DefaultListableBeanFactory     : Creating shared instance of singleton bean 'dataSourceScriptDatabaseInitializer'
2024-10-07T00:27:04.440-03:00 DEBUG 18250 --- [hotel_reservas] [           main] o.s.b.f.s.DefaultListableBeanFactory     : Creating shared instance of singleton bean 'org.springframework.boot.autoconfigure.sql.init.DataSourceInitializationConfiguration'
2024-10-07T00:27:04.441-03:00 DEBUG 18250 --- [hotel_reservas] [           main] o.s.b.f.s.DefaultListableBeanFactory     : Creating shared instance of singleton bean 'org.springframework.transaction.config.internalTransactionAdvisor'
2024-10-07T00:27:04.441-03:00 DEBUG 18250 --- [hotel_reservas] [           main] o.s.b.f.s.DefaultListableBeanFactory     : Creating shared instance of singleton bean 'org.springframework.transaction.annotation.ProxyTransactionManagementConfiguration'
2024-10-07T00:27:04.450-03:00 DEBUG 18250 --- [hotel_reservas] [           main] o.s.b.f.s.DefaultListableBeanFactory     : Creating shared instance of singleton bean 'transactionAttributeSource'
2024-10-07T00:27:04.452-03:00 DEBUG 18250 --- [hotel_reservas] [           main] o.s.b.f.s.DefaultListableBeanFactory     : Creating shared instance of singleton bean 'transactionInterceptor'
2024-10-07T00:27:04.452-03:00 DEBUG 18250 --- [hotel_reservas] [           main] o.s.b.f.s.DefaultListableBeanFactory     : Autowiring by type from bean name 'transactionInterceptor' via factory method to bean named 'transactionAttributeSource'
2024-10-07T00:27:04.458-03:00 DEBUG 18250 --- [hotel_reservas] [           main] o.s.b.f.s.DefaultListableBeanFactory     : Autowiring by type from bean name 'org.springframework.transaction.config.internalTransactionAdvisor' via factory method to bean named 'transactionAttributeSource'
2024-10-07T00:27:04.459-03:00 DEBUG 18250 --- [hotel_reservas] [           main] o.s.b.f.s.DefaultListableBeanFactory     : Autowiring by type from bean name 'org.springframework.transaction.config.internalTransactionAdvisor' via factory method to bean named 'transactionInterceptor'
2024-10-07T00:27:04.462-03:00 DEBUG 18250 --- [hotel_reservas] [           main] o.s.b.f.s.DefaultListableBeanFactory     : Creating shared instance of singleton bean 'dataSource'
2024-10-07T00:27:04.462-03:00 DEBUG 18250 --- [hotel_reservas] [           main] o.s.b.f.s.DefaultListableBeanFactory     : Creating shared instance of singleton bean 'org.springframework.boot.autoconfigure.jdbc.DataSourceConfiguration$Hikari'
2024-10-07T00:27:04.463-03:00 DEBUG 18250 --- [hotel_reservas] [           main] o.s.b.f.s.DefaultListableBeanFactory     : Creating shared instance of singleton bean 'spring.datasource-org.springframework.boot.autoconfigure.jdbc.DataSourceProperties'
2024-10-07T00:27:04.463-03:00 DEBUG 18250 --- [hotel_reservas] [           main] o.s.b.f.s.DefaultListableBeanFactory     : Creating shared instance of singleton bean 'org.springframework.boot.context.properties.BoundConfigurationProperties'
2024-10-07T00:27:04.472-03:00 DEBUG 18250 --- [hotel_reservas] [           main] o.s.b.f.s.DefaultListableBeanFactory     : Creating shared instance of singleton bean 'jdbcConnectionDetails'
2024-10-07T00:27:04.472-03:00 DEBUG 18250 --- [hotel_reservas] [           main] o.s.b.f.s.DefaultListableBeanFactory     : Creating shared instance of singleton bean 'org.springframework.boot.autoconfigure.jdbc.DataSourceAutoConfiguration$PooledDataSourceConfiguration'
2024-10-07T00:27:04.472-03:00 DEBUG 18250 --- [hotel_reservas] [           main] o.s.b.f.s.DefaultListableBeanFactory     : Autowiring by type from bean name 'jdbcConnectionDetails' via factory method to bean named 'spring.datasource-org.springframework.boot.autoconfigure.jdbc.DataSourceProperties'
2024-10-07T00:27:04.473-03:00 DEBUG 18250 --- [hotel_reservas] [           main] o.s.b.f.s.DefaultListableBeanFactory     : Autowiring by type from bean name 'dataSource' via factory method to bean named 'spring.datasource-org.springframework.boot.autoconfigure.jdbc.DataSourceProperties'
2024-10-07T00:27:04.473-03:00 DEBUG 18250 --- [hotel_reservas] [           main] o.s.b.f.s.DefaultListableBeanFactory     : Autowiring by type from bean name 'dataSource' via factory method to bean named 'jdbcConnectionDetails'
2024-10-07T00:27:04.594-03:00 DEBUG 18250 --- [hotel_reservas] [           main] o.s.b.f.s.DefaultListableBeanFactory     : Creating shared instance of singleton bean 'spring.sql.init-org.springframework.boot.autoconfigure.sql.init.SqlInitializationProperties'
2024-10-07T00:27:04.596-03:00 DEBUG 18250 --- [hotel_reservas] [           main] o.s.b.f.s.DefaultListableBeanFactory     : Autowiring by type from bean name 'dataSourceScriptDatabaseInitializer' via factory method to bean named 'dataSource'
2024-10-07T00:27:04.596-03:00 DEBUG 18250 --- [hotel_reservas] [           main] o.s.b.f.s.DefaultListableBeanFactory     : Autowiring by type from bean name 'dataSourceScriptDatabaseInitializer' via factory method to bean named 'spring.sql.init-org.springframework.boot.autoconfigure.sql.init.SqlInitializationProperties'
2024-10-07T00:27:04.598-03:00 DEBUG 18250 --- [hotel_reservas] [           main] o.s.b.f.s.DefaultListableBeanFactory     : Creating shared instance of singleton bean 'entityManagerFactory'
2024-10-07T00:27:04.598-03:00 DEBUG 18250 --- [hotel_reservas] [           main] o.s.b.f.s.DefaultListableBeanFactory     : Creating shared instance of singleton bean 'org.springframework.boot.autoconfigure.orm.jpa.HibernateJpaConfiguration'
2024-10-07T00:27:04.598-03:00 DEBUG 18250 --- [hotel_reservas] [           main] o.s.b.f.s.DefaultListableBeanFactory     : Creating shared instance of singleton bean 'spring.jpa-org.springframework.boot.autoconfigure.orm.jpa.JpaProperties'
2024-10-07T00:27:04.601-03:00 DEBUG 18250 --- [hotel_reservas] [           main] o.s.b.f.s.DefaultListableBeanFactory     : Creating shared instance of singleton bean 'spring.jpa.hibernate-org.springframework.boot.autoconfigure.orm.jpa.HibernateProperties'
2024-10-07T00:27:04.602-03:00 DEBUG 18250 --- [hotel_reservas] [           main] o.s.b.f.s.DefaultListableBeanFactory     : Autowiring by type from bean name 'org.springframework.boot.autoconfigure.orm.jpa.HibernateJpaConfiguration' via constructor to bean named 'dataSource'
2024-10-07T00:27:04.602-03:00 DEBUG 18250 --- [hotel_reservas] [           main] o.s.b.f.s.DefaultListableBeanFactory     : Autowiring by type from bean name 'org.springframework.boot.autoconfigure.orm.jpa.HibernateJpaConfiguration' via constructor to bean named 'spring.jpa-org.springframework.boot.autoconfigure.orm.jpa.JpaProperties'
2024-10-07T00:27:04.602-03:00 DEBUG 18250 --- [hotel_reservas] [           main] o.s.b.f.s.DefaultListableBeanFactory     : Autowiring by type from bean name 'org.springframework.boot.autoconfigure.orm.jpa.HibernateJpaConfiguration' via constructor to bean named 'org.springframework.beans.factory.support.DefaultListableBeanFactory@2234078'
2024-10-07T00:27:04.602-03:00 DEBUG 18250 --- [hotel_reservas] [           main] o.s.b.f.s.DefaultListableBeanFactory     : Autowiring by type from bean name 'org.springframework.boot.autoconfigure.orm.jpa.HibernateJpaConfiguration' via constructor to bean named 'spring.jpa.hibernate-org.springframework.boot.autoconfigure.orm.jpa.HibernateProperties'
2024-10-07T00:27:04.604-03:00 DEBUG 18250 --- [hotel_reservas] [           main] o.s.b.f.s.DefaultListableBeanFactory     : Creating shared instance of singleton bean 'hikariPoolDataSourceMetadataProvider'
2024-10-07T00:27:04.604-03:00 DEBUG 18250 --- [hotel_reservas] [           main] o.s.b.f.s.DefaultListableBeanFactory     : Creating shared instance of singleton bean 'org.springframework.boot.autoconfigure.jdbc.metadata.DataSourcePoolMetadataProvidersConfiguration$HikariPoolDataSourceMetadataProviderConfiguration'
2024-10-07T00:27:04.606-03:00 DEBUG 18250 --- [hotel_reservas] [           main] o.s.b.f.s.DefaultListableBeanFactory     : Creating shared instance of singleton bean 'entityManagerFactoryBuilder'
2024-10-07T00:27:04.606-03:00 DEBUG 18250 --- [hotel_reservas] [           main] o.s.b.f.s.DefaultListableBeanFactory     : Creating shared instance of singleton bean 'jpaVendorAdapter'
2024-10-07T00:27:04.612-03:00 DEBUG 18250 --- [hotel_reservas] [           main] o.s.b.f.s.DefaultListableBeanFactory     : Autowiring by type from bean name 'entityManagerFactoryBuilder' via factory method to bean named 'jpaVendorAdapter'
2024-10-07T00:27:04.614-03:00 DEBUG 18250 --- [hotel_reservas] [           main] o.s.b.f.s.DefaultListableBeanFactory     : Creating shared instance of singleton bean 'persistenceManagedTypes'
2024-10-07T00:27:04.614-03:00 DEBUG 18250 --- [hotel_reservas] [           main] o.s.b.f.s.DefaultListableBeanFactory     : Autowiring by type from bean name 'persistenceManagedTypes' via factory method to bean named 'org.springframework.beans.factory.support.DefaultListableBeanFactory@2234078'
2024-10-07T00:27:04.614-03:00 DEBUG 18250 --- [hotel_reservas] [           main] o.s.b.f.s.DefaultListableBeanFactory     : Autowiring by type from bean name 'persistenceManagedTypes' via factory method to bean named 'org.springframework.context.annotation.AnnotationConfigApplicationContext@589b028e'
2024-10-07T00:27:04.619-03:00 DEBUG 18250 --- [hotel_reservas] [           main] o.s.b.f.s.DefaultListableBeanFactory     : Autowiring by type from bean name 'entityManagerFactory' via factory method to bean named 'entityManagerFactoryBuilder'
2024-10-07T00:27:04.619-03:00 DEBUG 18250 --- [hotel_reservas] [           main] o.s.b.f.s.DefaultListableBeanFactory     : Autowiring by type from bean name 'entityManagerFactory' via factory method to bean named 'persistenceManagedTypes'
2024-10-07T00:27:04.626-03:00 DEBUG 18250 --- [hotel_reservas] [           main] j.LocalContainerEntityManagerFactoryBean : Building JPA container EntityManagerFactory for persistence unit 'default'
2024-10-07T00:27:04.635-03:00 DEBUG 18250 --- [hotel_reservas] [           main] o.hibernate.jpa.internal.util.LogHelper  : PersistenceUnitInfo [
	name: default
	persistence provider classname: null
	classloader: jdk.internal.loader.ClassLoaders$AppClassLoader@43e45247
	excludeUnlistedClasses: true
	JTA datasource: null
	Non JTA datasource: HikariDataSource (null)
	Transaction type: RESOURCE_LOCAL
	PU root URL: file:/Users/jonathanbernal/Documents/Duoc/FullStack/Week9/hotel_reservas/target/test-classes/
	Shared Cache Mode: UNSPECIFIED
	Validation Mode: AUTO
	Jar files URLs []
	Managed classes names [
		com.nathan.hotel_reservas.models.HabitacionModel
		com.nathan.hotel_reservas.models.ReservaModel]
	Mapping files names []
	Properties []
2024-10-07T00:27:04.639-03:00 DEBUG 18250 --- [hotel_reservas] [           main] o.h.i.internal.IntegratorServiceImpl     : Adding Integrator [org.hibernate.boot.beanvalidation.BeanValidationIntegrator].
2024-10-07T00:27:04.640-03:00 DEBUG 18250 --- [hotel_reservas] [           main] o.h.i.internal.IntegratorServiceImpl     : Adding Integrator [org.hibernate.cache.internal.CollectionCacheInvalidator].
2024-10-07T00:27:04.660-03:00  INFO 18250 --- [hotel_reservas] [           main] org.hibernate.Version                    : HHH000412: Hibernate ORM core version 6.5.3.Final
2024-10-07T00:27:04.660-03:00 DEBUG 18250 --- [hotel_reservas] [           main] org.hibernate.cfg.Environment            : HHH000206: 'hibernate.properties' not found
2024-10-07T00:27:04.672-03:00 DEBUG 18250 --- [hotel_reservas] [           main] org.hibernate.orm.idgen.factory          : Registering IdentifierGenerator strategy [uuid2] -> [org.hibernate.id.UUIDGenerator]
2024-10-07T00:27:04.672-03:00 DEBUG 18250 --- [hotel_reservas] [           main] org.hibernate.orm.idgen.factory          : Registering IdentifierGenerator strategy [guid] -> [org.hibernate.id.GUIDGenerator]
2024-10-07T00:27:04.673-03:00 DEBUG 18250 --- [hotel_reservas] [           main] org.hibernate.orm.idgen.factory          : Registering IdentifierGenerator strategy [uuid] -> [org.hibernate.id.UUIDHexGenerator]
2024-10-07T00:27:04.673-03:00 DEBUG 18250 --- [hotel_reservas] [           main] org.hibernate.orm.idgen.factory          : Registering IdentifierGenerator strategy [uuid.hex] -> [org.hibernate.id.UUIDHexGenerator]
2024-10-07T00:27:04.673-03:00 DEBUG 18250 --- [hotel_reservas] [           main] org.hibernate.orm.idgen.factory          : Registering IdentifierGenerator strategy [assigned] -> [org.hibernate.id.Assigned]
2024-10-07T00:27:04.673-03:00 DEBUG 18250 --- [hotel_reservas] [           main] org.hibernate.orm.idgen.factory          : Registering IdentifierGenerator strategy [identity] -> [org.hibernate.id.IdentityGenerator]
2024-10-07T00:27:04.673-03:00 DEBUG 18250 --- [hotel_reservas] [           main] org.hibernate.orm.idgen.factory          : Registering IdentifierGenerator strategy [select] -> [org.hibernate.id.SelectGenerator]
2024-10-07T00:27:04.674-03:00 DEBUG 18250 --- [hotel_reservas] [           main] org.hibernate.orm.idgen.factory          : Registering IdentifierGenerator strategy [sequence] -> [org.hibernate.id.enhanced.SequenceStyleGenerator]
2024-10-07T00:27:04.674-03:00 DEBUG 18250 --- [hotel_reservas] [           main] org.hibernate.orm.idgen.factory          : Registering IdentifierGenerator strategy [increment] -> [org.hibernate.id.IncrementGenerator]
2024-10-07T00:27:04.674-03:00 DEBUG 18250 --- [hotel_reservas] [           main] org.hibernate.orm.idgen.factory          : Registering IdentifierGenerator strategy [foreign] -> [org.hibernate.id.ForeignGenerator]
2024-10-07T00:27:04.674-03:00 DEBUG 18250 --- [hotel_reservas] [           main] org.hibernate.orm.idgen.factory          : Registering IdentifierGenerator strategy [enhanced-sequence] -> [org.hibernate.id.enhanced.SequenceStyleGenerator]
2024-10-07T00:27:04.675-03:00 DEBUG 18250 --- [hotel_reservas] [           main] org.hibernate.orm.idgen.factory          : Registering IdentifierGenerator strategy [enhanced-table] -> [org.hibernate.id.enhanced.TableGenerator]
2024-10-07T00:27:04.677-03:00 DEBUG 18250 --- [hotel_reservas] [           main] o.h.c.internal.RegionFactoryInitiator    : Cannot default RegionFactory based on registered strategies as `[]` RegionFactory strategies were registered
2024-10-07T00:27:04.677-03:00  INFO 18250 --- [hotel_reservas] [           main] o.h.c.internal.RegionFactoryInitiator    : HHH000026: Second-level cache disabled
2024-10-07T00:27:04.717-03:00 DEBUG 18250 --- [hotel_reservas] [           main] org.hibernate.type.BasicTypeRegistry     : Adding type registration boolean -> org.hibernate.type.BasicTypeReference@738d37fc
2024-10-07T00:27:04.717-03:00 DEBUG 18250 --- [hotel_reservas] [           main] org.hibernate.type.BasicTypeRegistry     : Adding type registration boolean -> org.hibernate.type.BasicTypeReference@738d37fc
2024-10-07T00:27:04.717-03:00 DEBUG 18250 --- [hotel_reservas] [           main] org.hibernate.type.BasicTypeRegistry     : Adding type registration java.lang.Boolean -> org.hibernate.type.BasicTypeReference@738d37fc
2024-10-07T00:27:04.717-03:00 DEBUG 18250 --- [hotel_reservas] [           main] org.hibernate.type.BasicTypeRegistry     : Adding type registration numeric_boolean -> org.hibernate.type.BasicTypeReference@6fa2448b
2024-10-07T00:27:04.717-03:00 DEBUG 18250 --- [hotel_reservas] [           main] org.hibernate.type.BasicTypeRegistry     : Adding type registration org.hibernate.type.NumericBooleanConverter -> org.hibernate.type.BasicTypeReference@6fa2448b
2024-10-07T00:27:04.717-03:00 DEBUG 18250 --- [hotel_reservas] [           main] org.hibernate.type.BasicTypeRegistry     : Adding type registration true_false -> org.hibernate.type.BasicTypeReference@61bb1e4d
2024-10-07T00:27:04.717-03:00 DEBUG 18250 --- [hotel_reservas] [           main] org.hibernate.type.BasicTypeRegistry     : Adding type registration org.hibernate.type.TrueFalseConverter -> org.hibernate.type.BasicTypeReference@61bb1e4d
2024-10-07T00:27:04.717-03:00 DEBUG 18250 --- [hotel_reservas] [           main] org.hibernate.type.BasicTypeRegistry     : Adding type registration yes_no -> org.hibernate.type.BasicTypeReference@5c53f292
2024-10-07T00:27:04.717-03:00 DEBUG 18250 --- [hotel_reservas] [           main] org.hibernate.type.BasicTypeRegistry     : Adding type registration org.hibernate.type.YesNoConverter -> org.hibernate.type.BasicTypeReference@5c53f292
2024-10-07T00:27:04.717-03:00 DEBUG 18250 --- [hotel_reservas] [           main] org.hibernate.type.BasicTypeRegistry     : Adding type registration byte -> org.hibernate.type.BasicTypeReference@46fb0c33
2024-10-07T00:27:04.717-03:00 DEBUG 18250 --- [hotel_reservas] [           main] org.hibernate.type.BasicTypeRegistry     : Adding type registration byte -> org.hibernate.type.BasicTypeReference@46fb0c33
2024-10-07T00:27:04.717-03:00 DEBUG 18250 --- [hotel_reservas] [           main] org.hibernate.type.BasicTypeRegistry     : Adding type registration java.lang.Byte -> org.hibernate.type.BasicTypeReference@46fb0c33
2024-10-07T00:27:04.717-03:00 DEBUG 18250 --- [hotel_reservas] [           main] org.hibernate.type.BasicTypeRegistry     : Adding type registration binary -> org.hibernate.type.BasicTypeReference@3b009e7b
2024-10-07T00:27:04.717-03:00 DEBUG 18250 --- [hotel_reservas] [           main] org.hibernate.type.BasicTypeRegistry     : Adding type registration byte[] -> org.hibernate.type.BasicTypeReference@3b009e7b
2024-10-07T00:27:04.718-03:00 DEBUG 18250 --- [hotel_reservas] [           main] org.hibernate.type.BasicTypeRegistry     : Adding type registration [B -> org.hibernate.type.BasicTypeReference@3b009e7b
2024-10-07T00:27:04.718-03:00 DEBUG 18250 --- [hotel_reservas] [           main] org.hibernate.type.BasicTypeRegistry     : Adding type registration binary_wrapper -> org.hibernate.type.BasicTypeReference@270a620
2024-10-07T00:27:04.718-03:00 DEBUG 18250 --- [hotel_reservas] [           main] org.hibernate.type.BasicTypeRegistry     : Adding type registration wrapper-binary -> org.hibernate.type.BasicTypeReference@270a620
2024-10-07T00:27:04.718-03:00 DEBUG 18250 --- [hotel_reservas] [           main] org.hibernate.type.BasicTypeRegistry     : Adding type registration image -> org.hibernate.type.BasicTypeReference@41f4039e
2024-10-07T00:27:04.718-03:00 DEBUG 18250 --- [hotel_reservas] [           main] org.hibernate.type.BasicTypeRegistry     : Adding type registration blob -> org.hibernate.type.BasicTypeReference@5ff00507
2024-10-07T00:27:04.718-03:00 DEBUG 18250 --- [hotel_reservas] [           main] org.hibernate.type.BasicTypeRegistry     : Adding type registration java.sql.Blob -> org.hibernate.type.BasicTypeReference@5ff00507
2024-10-07T00:27:04.718-03:00 DEBUG 18250 --- [hotel_reservas] [           main] org.hibernate.type.BasicTypeRegistry     : Adding type registration materialized_blob -> org.hibernate.type.BasicTypeReference@603cabc4
2024-10-07T00:27:04.718-03:00 DEBUG 18250 --- [hotel_reservas] [           main] org.hibernate.type.BasicTypeRegistry     : Adding type registration materialized_blob_wrapper -> org.hibernate.type.BasicTypeReference@67fa5045
2024-10-07T00:27:04.718-03:00 DEBUG 18250 --- [hotel_reservas] [           main] org.hibernate.type.BasicTypeRegistry     : Adding type registration short -> org.hibernate.type.BasicTypeReference@6f347d7
2024-10-07T00:27:04.718-03:00 DEBUG 18250 --- [hotel_reservas] [           main] org.hibernate.type.BasicTypeRegistry     : Adding type registration short -> org.hibernate.type.BasicTypeReference@6f347d7
2024-10-07T00:27:04.718-03:00 DEBUG 18250 --- [hotel_reservas] [           main] org.hibernate.type.BasicTypeRegistry     : Adding type registration java.lang.Short -> org.hibernate.type.BasicTypeReference@6f347d7
2024-10-07T00:27:04.718-03:00 DEBUG 18250 --- [hotel_reservas] [           main] org.hibernate.type.BasicTypeRegistry     : Adding type registration integer -> org.hibernate.type.BasicTypeReference@5974b233
2024-10-07T00:27:04.718-03:00 DEBUG 18250 --- [hotel_reservas] [           main] org.hibernate.type.BasicTypeRegistry     : Adding type registration int -> org.hibernate.type.BasicTypeReference@5974b233
2024-10-07T00:27:04.718-03:00 DEBUG 18250 --- [hotel_reservas] [           main] org.hibernate.type.BasicTypeRegistry     : Adding type registration java.lang.Integer -> org.hibernate.type.BasicTypeReference@5974b233
2024-10-07T00:27:04.718-03:00 DEBUG 18250 --- [hotel_reservas] [           main] org.hibernate.type.BasicTypeRegistry     : Adding type registration long -> org.hibernate.type.BasicTypeReference@5c134052
2024-10-07T00:27:04.718-03:00 DEBUG 18250 --- [hotel_reservas] [           main] org.hibernate.type.BasicTypeRegistry     : Adding type registration long -> org.hibernate.type.BasicTypeReference@5c134052
2024-10-07T00:27:04.718-03:00 DEBUG 18250 --- [hotel_reservas] [           main] org.hibernate.type.BasicTypeRegistry     : Adding type registration java.lang.Long -> org.hibernate.type.BasicTypeReference@5c134052
2024-10-07T00:27:04.718-03:00 DEBUG 18250 --- [hotel_reservas] [           main] org.hibernate.type.BasicTypeRegistry     : Adding type registration float -> org.hibernate.type.BasicTypeReference@69de5bed
2024-10-07T00:27:04.718-03:00 DEBUG 18250 --- [hotel_reservas] [           main] org.hibernate.type.BasicTypeRegistry     : Adding type registration float -> org.hibernate.type.BasicTypeReference@69de5bed
2024-10-07T00:27:04.718-03:00 DEBUG 18250 --- [hotel_reservas] [           main] org.hibernate.type.BasicTypeRegistry     : Adding type registration java.lang.Float -> org.hibernate.type.BasicTypeReference@69de5bed
2024-10-07T00:27:04.719-03:00 DEBUG 18250 --- [hotel_reservas] [           main] org.hibernate.type.BasicTypeRegistry     : Adding type registration double -> org.hibernate.type.BasicTypeReference@750f64fe
2024-10-07T00:27:04.719-03:00 DEBUG 18250 --- [hotel_reservas] [           main] org.hibernate.type.BasicTypeRegistry     : Adding type registration double -> org.hibernate.type.BasicTypeReference@750f64fe
2024-10-07T00:27:04.719-03:00 DEBUG 18250 --- [hotel_reservas] [           main] org.hibernate.type.BasicTypeRegistry     : Adding type registration java.lang.Double -> org.hibernate.type.BasicTypeReference@750f64fe
2024-10-07T00:27:04.719-03:00 DEBUG 18250 --- [hotel_reservas] [           main] org.hibernate.type.BasicTypeRegistry     : Adding type registration big_integer -> org.hibernate.type.BasicTypeReference@996a546
2024-10-07T00:27:04.719-03:00 DEBUG 18250 --- [hotel_reservas] [           main] org.hibernate.type.BasicTypeRegistry     : Adding type registration java.math.BigInteger -> org.hibernate.type.BasicTypeReference@996a546
2024-10-07T00:27:04.719-03:00 DEBUG 18250 --- [hotel_reservas] [           main] org.hibernate.type.BasicTypeRegistry     : Adding type registration big_decimal -> org.hibernate.type.BasicTypeReference@4fc165f6
2024-10-07T00:27:04.719-03:00 DEBUG 18250 --- [hotel_reservas] [           main] org.hibernate.type.BasicTypeRegistry     : Adding type registration java.math.BigDecimal -> org.hibernate.type.BasicTypeReference@4fc165f6
2024-10-07T00:27:04.719-03:00 DEBUG 18250 --- [hotel_reservas] [           main] org.hibernate.type.BasicTypeRegistry     : Adding type registration character -> org.hibernate.type.BasicTypeReference@545b5ed0
2024-10-07T00:27:04.719-03:00 DEBUG 18250 --- [hotel_reservas] [           main] org.hibernate.type.BasicTypeRegistry     : Adding type registration char -> org.hibernate.type.BasicTypeReference@545b5ed0
2024-10-07T00:27:04.719-03:00 DEBUG 18250 --- [hotel_reservas] [           main] org.hibernate.type.BasicTypeRegistry     : Adding type registration java.lang.Character -> org.hibernate.type.BasicTypeReference@545b5ed0
2024-10-07T00:27:04.719-03:00 DEBUG 18250 --- [hotel_reservas] [           main] org.hibernate.type.BasicTypeRegistry     : Adding type registration character_nchar -> org.hibernate.type.BasicTypeReference@5a7df831
2024-10-07T00:27:04.719-03:00 DEBUG 18250 --- [hotel_reservas] [           main] org.hibernate.type.BasicTypeRegistry     : Adding type registration string -> org.hibernate.type.BasicTypeReference@667dcaad
2024-10-07T00:27:04.719-03:00 DEBUG 18250 --- [hotel_reservas] [           main] org.hibernate.type.BasicTypeRegistry     : Adding type registration java.lang.String -> org.hibernate.type.BasicTypeReference@667dcaad
2024-10-07T00:27:04.719-03:00 DEBUG 18250 --- [hotel_reservas] [           main] org.hibernate.type.BasicTypeRegistry     : Adding type registration nstring -> org.hibernate.type.BasicTypeReference@22d7fd41
2024-10-07T00:27:04.719-03:00 DEBUG 18250 --- [hotel_reservas] [           main] org.hibernate.type.BasicTypeRegistry     : Adding type registration characters -> org.hibernate.type.BasicTypeReference@2c748a15
2024-10-07T00:27:04.719-03:00 DEBUG 18250 --- [hotel_reservas] [           main] org.hibernate.type.BasicTypeRegistry     : Adding type registration char[] -> org.hibernate.type.BasicTypeReference@2c748a15
2024-10-07T00:27:04.719-03:00 DEBUG 18250 --- [hotel_reservas] [           main] org.hibernate.type.BasicTypeRegistry     : Adding type registration [C -> org.hibernate.type.BasicTypeReference@2c748a15
2024-10-07T00:27:04.719-03:00 DEBUG 18250 --- [hotel_reservas] [           main] org.hibernate.type.BasicTypeRegistry     : Adding type registration wrapper-characters -> org.hibernate.type.BasicTypeReference@19fd43da
2024-10-07T00:27:04.719-03:00 DEBUG 18250 --- [hotel_reservas] [           main] org.hibernate.type.BasicTypeRegistry     : Adding type registration text -> org.hibernate.type.BasicTypeReference@115dcaea
2024-10-07T00:27:04.719-03:00 DEBUG 18250 --- [hotel_reservas] [           main] org.hibernate.type.BasicTypeRegistry     : Adding type registration ntext -> org.hibernate.type.BasicTypeReference@cfd1075
2024-10-07T00:27:04.719-03:00 DEBUG 18250 --- [hotel_reservas] [           main] org.hibernate.type.BasicTypeRegistry     : Adding type registration clob -> org.hibernate.type.BasicTypeReference@45117dd
2024-10-07T00:27:04.719-03:00 DEBUG 18250 --- [hotel_reservas] [           main] org.hibernate.type.BasicTypeRegistry     : Adding type registration java.sql.Clob -> org.hibernate.type.BasicTypeReference@45117dd
2024-10-07T00:27:04.719-03:00 DEBUG 18250 --- [hotel_reservas] [           main] org.hibernate.type.BasicTypeRegistry     : Adding type registration nclob -> org.hibernate.type.BasicTypeReference@7741771e
2024-10-07T00:27:04.719-03:00 DEBUG 18250 --- [hotel_reservas] [           main] org.hibernate.type.BasicTypeRegistry     : Adding type registration java.sql.NClob -> org.hibernate.type.BasicTypeReference@7741771e
2024-10-07T00:27:04.719-03:00 DEBUG 18250 --- [hotel_reservas] [           main] org.hibernate.type.BasicTypeRegistry     : Adding type registration materialized_clob -> org.hibernate.type.BasicTypeReference@834e986
2024-10-07T00:27:04.720-03:00 DEBUG 18250 --- [hotel_reservas] [           main] org.hibernate.type.BasicTypeRegistry     : Adding type registration materialized_clob_char_array -> org.hibernate.type.BasicTypeReference@6cae2e4d
2024-10-07T00:27:04.720-03:00 DEBUG 18250 --- [hotel_reservas] [           main] org.hibernate.type.BasicTypeRegistry     : Adding type registration materialized_clob_character_array -> org.hibernate.type.BasicTypeReference@604d23fa
2024-10-07T00:27:04.720-03:00 DEBUG 18250 --- [hotel_reservas] [           main] org.hibernate.type.BasicTypeRegistry     : Adding type registration materialized_nclob -> org.hibernate.type.BasicTypeReference@1cc8416a
2024-10-07T00:27:04.720-03:00 DEBUG 18250 --- [hotel_reservas] [           main] org.hibernate.type.BasicTypeRegistry     : Adding type registration materialized_nclob_character_array -> org.hibernate.type.BasicTypeReference@331ff3ac
2024-10-07T00:27:04.720-03:00 DEBUG 18250 --- [hotel_reservas] [           main] org.hibernate.type.BasicTypeRegistry     : Adding type registration materialized_nclob_char_array -> org.hibernate.type.BasicTypeReference@2e5e6fc4
2024-10-07T00:27:04.720-03:00 DEBUG 18250 --- [hotel_reservas] [           main] org.hibernate.type.BasicTypeRegistry     : Adding type registration Duration -> org.hibernate.type.BasicTypeReference@2785db06
2024-10-07T00:27:04.720-03:00 DEBUG 18250 --- [hotel_reservas] [           main] org.hibernate.type.BasicTypeRegistry     : Adding type registration java.time.Duration -> org.hibernate.type.BasicTypeReference@2785db06
2024-10-07T00:27:04.720-03:00 DEBUG 18250 --- [hotel_reservas] [           main] org.hibernate.type.BasicTypeRegistry     : Adding type registration LocalDateTime -> org.hibernate.type.BasicTypeReference@79980d8d
2024-10-07T00:27:04.720-03:00 DEBUG 18250 --- [hotel_reservas] [           main] org.hibernate.type.BasicTypeRegistry     : Adding type registration java.time.LocalDateTime -> org.hibernate.type.BasicTypeReference@79980d8d
2024-10-07T00:27:04.720-03:00 DEBUG 18250 --- [hotel_reservas] [           main] org.hibernate.type.BasicTypeRegistry     : Adding type registration LocalDate -> org.hibernate.type.BasicTypeReference@35d60381
2024-10-07T00:27:04.720-03:00 DEBUG 18250 --- [hotel_reservas] [           main] org.hibernate.type.BasicTypeRegistry     : Adding type registration java.time.LocalDate -> org.hibernate.type.BasicTypeReference@35d60381
2024-10-07T00:27:04.720-03:00 DEBUG 18250 --- [hotel_reservas] [           main] org.hibernate.type.BasicTypeRegistry     : Adding type registration LocalTime -> org.hibernate.type.BasicTypeReference@68ab6ab0
2024-10-07T00:27:04.720-03:00 DEBUG 18250 --- [hotel_reservas] [           main] org.hibernate.type.BasicTypeRegistry     : Adding type registration java.time.LocalTime -> org.hibernate.type.BasicTypeReference@68ab6ab0
2024-10-07T00:27:04.720-03:00 DEBUG 18250 --- [hotel_reservas] [           main] org.hibernate.type.BasicTypeRegistry     : Adding type registration OffsetDateTime -> org.hibernate.type.BasicTypeReference@61ffd148
2024-10-07T00:27:04.720-03:00 DEBUG 18250 --- [hotel_reservas] [           main] org.hibernate.type.BasicTypeRegistry     : Adding type registration java.time.OffsetDateTime -> org.hibernate.type.BasicTypeReference@61ffd148
2024-10-07T00:27:04.720-03:00 DEBUG 18250 --- [hotel_reservas] [           main] org.hibernate.type.BasicTypeRegistry     : Adding type registration OffsetDateTimeWithTimezone -> org.hibernate.type.BasicTypeReference@58324c9f
2024-10-07T00:27:04.720-03:00 DEBUG 18250 --- [hotel_reservas] [           main] org.hibernate.type.BasicTypeRegistry     : Adding type registration OffsetDateTimeWithoutTimezone -> org.hibernate.type.BasicTypeReference@5d7d8613
2024-10-07T00:27:04.720-03:00 DEBUG 18250 --- [hotel_reservas] [           main] org.hibernate.type.BasicTypeRegistry     : Adding type registration OffsetTime -> org.hibernate.type.BasicTypeReference@6eb089e6
2024-10-07T00:27:04.720-03:00 DEBUG 18250 --- [hotel_reservas] [           main] org.hibernate.type.BasicTypeRegistry     : Adding type registration java.time.OffsetTime -> org.hibernate.type.BasicTypeReference@6eb089e6
2024-10-07T00:27:04.720-03:00 DEBUG 18250 --- [hotel_reservas] [           main] org.hibernate.type.BasicTypeRegistry     : Adding type registration OffsetTimeUtc -> org.hibernate.type.BasicTypeReference@715a70e9
2024-10-07T00:27:04.720-03:00 DEBUG 18250 --- [hotel_reservas] [           main] org.hibernate.type.BasicTypeRegistry     : Adding type registration OffsetTimeWithTimezone -> org.hibernate.type.BasicTypeReference@3bc69ce9
2024-10-07T00:27:04.720-03:00 DEBUG 18250 --- [hotel_reservas] [           main] org.hibernate.type.BasicTypeRegistry     : Adding type registration OffsetTimeWithoutTimezone -> org.hibernate.type.BasicTypeReference@abad89c
2024-10-07T00:27:04.720-03:00 DEBUG 18250 --- [hotel_reservas] [           main] org.hibernate.type.BasicTypeRegistry     : Adding type registration ZonedDateTime -> org.hibernate.type.BasicTypeReference@602f8f94
2024-10-07T00:27:04.720-03:00 DEBUG 18250 --- [hotel_reservas] [           main] org.hibernate.type.BasicTypeRegistry     : Adding type registration java.time.ZonedDateTime -> org.hibernate.type.BasicTypeReference@602f8f94
2024-10-07T00:27:04.720-03:00 DEBUG 18250 --- [hotel_reservas] [           main] org.hibernate.type.BasicTypeRegistry     : Adding type registration ZonedDateTimeWithTimezone -> org.hibernate.type.BasicTypeReference@42507640
2024-10-07T00:27:04.721-03:00 DEBUG 18250 --- [hotel_reservas] [           main] org.hibernate.type.BasicTypeRegistry     : Adding type registration ZonedDateTimeWithoutTimezone -> org.hibernate.type.BasicTypeReference@4dfe8b37
2024-10-07T00:27:04.721-03:00 DEBUG 18250 --- [hotel_reservas] [           main] org.hibernate.type.BasicTypeRegistry     : Adding type registration date -> org.hibernate.type.BasicTypeReference@11dcd42c
2024-10-07T00:27:04.721-03:00 DEBUG 18250 --- [hotel_reservas] [           main] org.hibernate.type.BasicTypeRegistry     : Adding type registration java.sql.Date -> org.hibernate.type.BasicTypeReference@11dcd42c
2024-10-07T00:27:04.721-03:00 DEBUG 18250 --- [hotel_reservas] [           main] org.hibernate.type.BasicTypeRegistry     : Adding type registration time -> org.hibernate.type.BasicTypeReference@d13baac
2024-10-07T00:27:04.721-03:00 DEBUG 18250 --- [hotel_reservas] [           main] org.hibernate.type.BasicTypeRegistry     : Adding type registration java.sql.Time -> org.hibernate.type.BasicTypeReference@d13baac
2024-10-07T00:27:04.721-03:00 DEBUG 18250 --- [hotel_reservas] [           main] org.hibernate.type.BasicTypeRegistry     : Adding type registration timestamp -> org.hibernate.type.BasicTypeReference@4c302f38
2024-10-07T00:27:04.721-03:00 DEBUG 18250 --- [hotel_reservas] [           main] org.hibernate.type.BasicTypeRegistry     : Adding type registration java.sql.Timestamp -> org.hibernate.type.BasicTypeReference@4c302f38
2024-10-07T00:27:04.721-03:00 DEBUG 18250 --- [hotel_reservas] [           main] org.hibernate.type.BasicTypeRegistry     : Adding type registration java.util.Date -> org.hibernate.type.BasicTypeReference@4c302f38
2024-10-07T00:27:04.721-03:00 DEBUG 18250 --- [hotel_reservas] [           main] org.hibernate.type.BasicTypeRegistry     : Adding type registration calendar -> org.hibernate.type.BasicTypeReference@75aea2ba
2024-10-07T00:27:04.721-03:00 DEBUG 18250 --- [hotel_reservas] [           main] org.hibernate.type.BasicTypeRegistry     : Adding type registration java.util.Calendar -> org.hibernate.type.BasicTypeReference@75aea2ba
2024-10-07T00:27:04.721-03:00 DEBUG 18250 --- [hotel_reservas] [           main] org.hibernate.type.BasicTypeRegistry     : Adding type registration java.util.GregorianCalendar -> org.hibernate.type.BasicTypeReference@75aea2ba
2024-10-07T00:27:04.721-03:00 DEBUG 18250 --- [hotel_reservas] [           main] org.hibernate.type.BasicTypeRegistry     : Adding type registration calendar_date -> org.hibernate.type.BasicTypeReference@2a47597
2024-10-07T00:27:04.721-03:00 DEBUG 18250 --- [hotel_reservas] [           main] org.hibernate.type.BasicTypeRegistry     : Adding type registration calendar_time -> org.hibernate.type.BasicTypeReference@12f279b5
2024-10-07T00:27:04.721-03:00 DEBUG 18250 --- [hotel_reservas] [           main] org.hibernate.type.BasicTypeRegistry     : Adding type registration instant -> org.hibernate.type.BasicTypeReference@5ff6dd3c
2024-10-07T00:27:04.721-03:00 DEBUG 18250 --- [hotel_reservas] [           main] org.hibernate.type.BasicTypeRegistry     : Adding type registration java.time.Instant -> org.hibernate.type.BasicTypeReference@5ff6dd3c
2024-10-07T00:27:04.721-03:00 DEBUG 18250 --- [hotel_reservas] [           main] org.hibernate.type.BasicTypeRegistry     : Adding type registration uuid -> org.hibernate.type.BasicTypeReference@5fcd1f0a
2024-10-07T00:27:04.721-03:00 DEBUG 18250 --- [hotel_reservas] [           main] org.hibernate.type.BasicTypeRegistry     : Adding type registration java.util.UUID -> org.hibernate.type.BasicTypeReference@5fcd1f0a
2024-10-07T00:27:04.721-03:00 DEBUG 18250 --- [hotel_reservas] [           main] org.hibernate.type.BasicTypeRegistry     : Adding type registration pg-uuid -> org.hibernate.type.BasicTypeReference@5fcd1f0a
2024-10-07T00:27:04.721-03:00 DEBUG 18250 --- [hotel_reservas] [           main] org.hibernate.type.BasicTypeRegistry     : Adding type registration uuid-binary -> org.hibernate.type.BasicTypeReference@7e64c1a9
2024-10-07T00:27:04.721-03:00 DEBUG 18250 --- [hotel_reservas] [           main] org.hibernate.type.BasicTypeRegistry     : Adding type registration uuid-char -> org.hibernate.type.BasicTypeReference@7fda2001
2024-10-07T00:27:04.721-03:00 DEBUG 18250 --- [hotel_reservas] [           main] org.hibernate.type.BasicTypeRegistry     : Adding type registration class -> org.hibernate.type.BasicTypeReference@162c1dfb
2024-10-07T00:27:04.721-03:00 DEBUG 18250 --- [hotel_reservas] [           main] org.hibernate.type.BasicTypeRegistry     : Adding type registration java.lang.Class -> org.hibernate.type.BasicTypeReference@162c1dfb
2024-10-07T00:27:04.721-03:00 DEBUG 18250 --- [hotel_reservas] [           main] org.hibernate.type.BasicTypeRegistry     : Adding type registration currency -> org.hibernate.type.BasicTypeReference@21ae657b
2024-10-07T00:27:04.721-03:00 DEBUG 18250 --- [hotel_reservas] [           main] org.hibernate.type.BasicTypeRegistry     : Adding type registration Currency -> org.hibernate.type.BasicTypeReference@21ae657b
2024-10-07T00:27:04.722-03:00 DEBUG 18250 --- [hotel_reservas] [           main] org.hibernate.type.BasicTypeRegistry     : Adding type registration java.util.Currency -> org.hibernate.type.BasicTypeReference@21ae657b
2024-10-07T00:27:04.722-03:00 DEBUG 18250 --- [hotel_reservas] [           main] org.hibernate.type.BasicTypeRegistry     : Adding type registration locale -> org.hibernate.type.BasicTypeReference@576b7c74
2024-10-07T00:27:04.722-03:00 DEBUG 18250 --- [hotel_reservas] [           main] org.hibernate.type.BasicTypeRegistry     : Adding type registration java.util.Locale -> org.hibernate.type.BasicTypeReference@576b7c74
2024-10-07T00:27:04.722-03:00 DEBUG 18250 --- [hotel_reservas] [           main] org.hibernate.type.BasicTypeRegistry     : Adding type registration serializable -> org.hibernate.type.BasicTypeReference@21de60a7
2024-10-07T00:27:04.722-03:00 DEBUG 18250 --- [hotel_reservas] [           main] org.hibernate.type.BasicTypeRegistry     : Adding type registration java.io.Serializable -> org.hibernate.type.BasicTypeReference@21de60a7
2024-10-07T00:27:04.722-03:00 DEBUG 18250 --- [hotel_reservas] [           main] org.hibernate.type.BasicTypeRegistry     : Adding type registration timezone -> org.hibernate.type.BasicTypeReference@73894c5a
2024-10-07T00:27:04.722-03:00 DEBUG 18250 --- [hotel_reservas] [           main] org.hibernate.type.BasicTypeRegistry     : Adding type registration java.util.TimeZone -> org.hibernate.type.BasicTypeReference@73894c5a
2024-10-07T00:27:04.722-03:00 DEBUG 18250 --- [hotel_reservas] [           main] org.hibernate.type.BasicTypeRegistry     : Adding type registration ZoneOffset -> org.hibernate.type.BasicTypeReference@7698b7a4
2024-10-07T00:27:04.722-03:00 DEBUG 18250 --- [hotel_reservas] [           main] org.hibernate.type.BasicTypeRegistry     : Adding type registration java.time.ZoneOffset -> org.hibernate.type.BasicTypeReference@7698b7a4
2024-10-07T00:27:04.722-03:00 DEBUG 18250 --- [hotel_reservas] [           main] org.hibernate.type.BasicTypeRegistry     : Adding type registration url -> org.hibernate.type.BasicTypeReference@7a9ceddf
2024-10-07T00:27:04.722-03:00 DEBUG 18250 --- [hotel_reservas] [           main] org.hibernate.type.BasicTypeRegistry     : Adding type registration java.net.URL -> org.hibernate.type.BasicTypeReference@7a9ceddf
2024-10-07T00:27:04.722-03:00 DEBUG 18250 --- [hotel_reservas] [           main] org.hibernate.type.BasicTypeRegistry     : Adding type registration vector -> org.hibernate.type.BasicTypeReference@28157173
2024-10-07T00:27:04.722-03:00 DEBUG 18250 --- [hotel_reservas] [           main] org.hibernate.type.BasicTypeRegistry     : Adding type registration row_version -> org.hibernate.type.BasicTypeReference@11c713b7
2024-10-07T00:27:04.725-03:00 DEBUG 18250 --- [hotel_reservas] [           main] org.hibernate.type.BasicTypeRegistry     : Adding type registration object -> org.hibernate.type.JavaObjectType@78307a56
2024-10-07T00:27:04.725-03:00 DEBUG 18250 --- [hotel_reservas] [           main] org.hibernate.type.BasicTypeRegistry     : Adding type registration java.lang.Object -> org.hibernate.type.JavaObjectType@78307a56
2024-10-07T00:27:04.725-03:00 DEBUG 18250 --- [hotel_reservas] [           main] org.hibernate.type.BasicTypeRegistry     : Adding type registration null -> org.hibernate.type.NullType@286855ea
2024-10-07T00:27:04.725-03:00 DEBUG 18250 --- [hotel_reservas] [           main] org.hibernate.type.BasicTypeRegistry     : Adding type registration imm_date -> org.hibernate.type.BasicTypeReference@64aeaf29
2024-10-07T00:27:04.725-03:00 DEBUG 18250 --- [hotel_reservas] [           main] org.hibernate.type.BasicTypeRegistry     : Adding type registration imm_time -> org.hibernate.type.BasicTypeReference@1e3df614
2024-10-07T00:27:04.725-03:00 DEBUG 18250 --- [hotel_reservas] [           main] org.hibernate.type.BasicTypeRegistry     : Adding type registration imm_timestamp -> org.hibernate.type.BasicTypeReference@6579cdbb
2024-10-07T00:27:04.725-03:00 DEBUG 18250 --- [hotel_reservas] [           main] org.hibernate.type.BasicTypeRegistry     : Adding type registration imm_calendar -> org.hibernate.type.BasicTypeReference@fd413fb
2024-10-07T00:27:04.725-03:00 DEBUG 18250 --- [hotel_reservas] [           main] org.hibernate.type.BasicTypeRegistry     : Adding type registration imm_calendar_date -> org.hibernate.type.BasicTypeReference@1e1232cf
2024-10-07T00:27:04.726-03:00 DEBUG 18250 --- [hotel_reservas] [           main] org.hibernate.type.BasicTypeRegistry     : Adding type registration imm_calendar_time -> org.hibernate.type.BasicTypeReference@6f6efa4f
2024-10-07T00:27:04.726-03:00 DEBUG 18250 --- [hotel_reservas] [           main] org.hibernate.type.BasicTypeRegistry     : Adding type registration imm_binary -> org.hibernate.type.BasicTypeReference@4451f60c
2024-10-07T00:27:04.726-03:00 DEBUG 18250 --- [hotel_reservas] [           main] org.hibernate.type.BasicTypeRegistry     : Adding type registration imm_serializable -> org.hibernate.type.BasicTypeReference@6b357eb6
2024-10-07T00:27:04.728-03:00 DEBUG 18250 --- [hotel_reservas] [           main] o.h.boot.internal.BootstrapContextImpl   : Injecting JPA temp ClassLoader [org.springframework.instrument.classloading.SimpleThrowawayClassLoader@7d8cf9ac] into BootstrapContext; was [null]
2024-10-07T00:27:04.728-03:00 DEBUG 18250 --- [hotel_reservas] [           main] o.h.boot.internal.ClassLoaderAccessImpl  : ClassLoaderAccessImpl#injectTempClassLoader(org.springframework.instrument.classloading.SimpleThrowawayClassLoader@7d8cf9ac) [was null]
2024-10-07T00:27:04.728-03:00 DEBUG 18250 --- [hotel_reservas] [           main] o.h.boot.internal.BootstrapContextImpl   : Injecting ScanEnvironment [org.hibernate.jpa.boot.internal.StandardJpaScanEnvironmentImpl@2b73bd6b] into BootstrapContext; was [null]
2024-10-07T00:27:04.728-03:00 DEBUG 18250 --- [hotel_reservas] [           main] o.h.boot.internal.BootstrapContextImpl   : Injecting ScanOptions [org.hibernate.boot.archive.scan.internal.StandardScanOptions@157d3a45] into BootstrapContext; was [org.hibernate.boot.archive.scan.internal.StandardScanOptions@750ed637]
2024-10-07T00:27:04.827-03:00  INFO 18250 --- [hotel_reservas] [           main] o.s.o.j.p.SpringPersistenceUnitInfo      : No LoadTimeWeaver setup: ignoring JPA class transformer
2024-10-07T00:27:04.827-03:00 DEBUG 18250 --- [hotel_reservas] [           main] o.h.boot.internal.BootstrapContextImpl   : Injecting JPA temp ClassLoader [null] into BootstrapContext; was [org.springframework.instrument.classloading.SimpleThrowawayClassLoader@7d8cf9ac]
2024-10-07T00:27:04.827-03:00 DEBUG 18250 --- [hotel_reservas] [           main] o.h.boot.internal.ClassLoaderAccessImpl  : ClassLoaderAccessImpl#injectTempClassLoader(null) [was org.springframework.instrument.classloading.SimpleThrowawayClassLoader@7d8cf9ac]
2024-10-07T00:27:04.842-03:00  INFO 18250 --- [hotel_reservas] [           main] com.zaxxer.hikari.HikariDataSource       : HikariPool-1 - Starting...
2024-10-07T00:27:04.844-03:00  WARN 18250 --- [hotel_reservas] [           main] c.zaxxer.hikari.util.DriverDataSource    : Registered driver with driverClassName=oracle.jdbc.driver.OracleDriver was not found, trying direct instantiation.
2024-10-07T00:27:05.756-03:00  INFO 18250 --- [hotel_reservas] [           main] com.zaxxer.hikari.pool.HikariPool        : HikariPool-1 - Added connection oracle.jdbc.driver.T4CConnection@6f315b08
2024-10-07T00:27:05.757-03:00  INFO 18250 --- [hotel_reservas] [           main] com.zaxxer.hikari.HikariDataSource       : HikariPool-1 - Start completed.
2024-10-07T00:27:05.760-03:00 DEBUG 18250 --- [hotel_reservas] [           main] o.h.e.j.e.i.JdbcEnvironmentInitiator     : Database ->
	   name : Oracle
	version : Oracle Database 23ai Enterprise Edition Release 23.0.0.0.0 - Production
Version 23.6.0.24.07
	  major : 23
	  minor : 0
2024-10-07T00:27:05.760-03:00 DEBUG 18250 --- [hotel_reservas] [           main] o.h.e.j.e.i.JdbcEnvironmentInitiator     : Driver ->
	   name : Oracle JDBC driver
	version : 21.9.0.0.0
	  major : 21
	  minor : 9
2024-10-07T00:27:05.760-03:00 DEBUG 18250 --- [hotel_reservas] [           main] o.h.e.j.e.i.JdbcEnvironmentInitiator     : JDBC version : 4.3
2024-10-07T00:27:05.847-03:00  WARN 18250 --- [hotel_reservas] [           main] org.hibernate.orm.deprecation            : HHH90000025: OracleDialect does not need to be specified explicitly using 'hibernate.dialect' (remove the property setting and it will be selected by default)
2024-10-07T00:27:05.847-03:00 DEBUG 18250 --- [hotel_reservas] [           main] org.hibernate.orm.dialect                : HHH035001: Using dialect: org.hibernate.dialect.OracleDialect, version: 23.0
2024-10-07T00:27:05.904-03:00 DEBUG 18250 --- [hotel_reservas] [           main] o.h.t.d.jdbc.spi.JdbcTypeRegistry        : addDescriptor(NCharTypeDescriptor) replaced previous registration(CharTypeDescriptor)
2024-10-07T00:27:05.904-03:00 DEBUG 18250 --- [hotel_reservas] [           main] o.h.t.d.jdbc.spi.JdbcTypeRegistry        : addDescriptor(NVarcharTypeDescriptor) replaced previous registration(VarcharTypeDescriptor)
2024-10-07T00:27:05.904-03:00 DEBUG 18250 --- [hotel_reservas] [           main] o.h.t.d.jdbc.spi.JdbcTypeRegistry        : addDescriptor(LongNVarcharTypeDescriptor) replaced previous registration(LongVarcharTypeDescriptor)
2024-10-07T00:27:05.905-03:00 DEBUG 18250 --- [hotel_reservas] [           main] o.h.t.d.jdbc.spi.JdbcTypeRegistry        : addDescriptor(NClobTypeDescriptor(DEFAULT)) replaced previous registration(ClobTypeDescriptor(DEFAULT))
2024-10-07T00:27:05.907-03:00 DEBUG 18250 --- [hotel_reservas] [           main] o.h.t.d.jdbc.spi.JdbcTypeRegistry        : addDescriptor(2005, ClobTypeDescriptor(STREAM_BINDING)) replaced previous registration(ClobTypeDescriptor(DEFAULT))
2024-10-07T00:27:05.908-03:00 DEBUG 18250 --- [hotel_reservas] [           main] o.h.t.d.jdbc.spi.JdbcTypeRegistry        : addDescriptor(BooleanTypeDescriptor) replaced previous registration(BooleanTypeDescriptor)
2024-10-07T00:27:05.912-03:00 DEBUG 18250 --- [hotel_reservas] [           main] org.hibernate.type.BasicTypeRegistry     : Adding type registration null -> org.hibernate.type.NullType@42d174ad
2024-10-07T00:27:05.912-03:00 DEBUG 18250 --- [hotel_reservas] [           main] org.hibernate.type.BasicTypeRegistry     : Type registration key [null] overrode previous entry : `org.hibernate.type.NullType@286855ea`
2024-10-07T00:27:05.912-03:00 DEBUG 18250 --- [hotel_reservas] [           main] org.hibernate.type.BasicTypeRegistry     : Adding type registration JAVA_OBJECT -> org.hibernate.type.JavaObjectType@6fc0e448
2024-10-07T00:27:05.912-03:00 DEBUG 18250 --- [hotel_reservas] [           main] org.hibernate.type.BasicTypeRegistry     : Adding type registration java.lang.Object -> org.hibernate.type.JavaObjectType@6fc0e448
2024-10-07T00:27:05.912-03:00 DEBUG 18250 --- [hotel_reservas] [           main] org.hibernate.type.BasicTypeRegistry     : Type registration key [java.lang.Object] overrode previous entry : `org.hibernate.type.JavaObjectType@78307a56`
2024-10-07T00:27:05.914-03:00 DEBUG 18250 --- [hotel_reservas] [           main] org.hibernate.type.BasicTypeRegistry     : Adding type registration org.hibernate.type.DurationType -> basicType@1(java.time.Duration,3015)
2024-10-07T00:27:05.914-03:00 DEBUG 18250 --- [hotel_reservas] [           main] org.hibernate.type.BasicTypeRegistry     : Adding type registration Duration -> basicType@1(java.time.Duration,3015)
2024-10-07T00:27:05.914-03:00 DEBUG 18250 --- [hotel_reservas] [           main] org.hibernate.type.BasicTypeRegistry     : Adding type registration java.time.Duration -> basicType@1(java.time.Duration,3015)
2024-10-07T00:27:05.916-03:00 DEBUG 18250 --- [hotel_reservas] [           main] o.h.type.spi.TypeConfiguration$Scope     : Scoping TypeConfiguration [org.hibernate.type.spi.TypeConfiguration@4449a60b] to MetadataBuildingContext [org.hibernate.boot.internal.MetadataBuildingContextRootImpl@da5d5e1]
2024-10-07T00:27:05.933-03:00 DEBUG 18250 --- [hotel_reservas] [           main] o.h.boot.model.relational.Namespace      : Created database namespace [logicalName=Name{catalog=null, schema=null}, physicalName=Name{catalog=null, schema=null}]
2024-10-07T00:27:05.946-03:00 DEBUG 18250 --- [hotel_reservas] [           main] o.h.boot.model.internal.EntityBinder     : Binding entity from annotated class: com.nathan.hotel_reservas.models.HabitacionModel
2024-10-07T00:27:05.949-03:00 DEBUG 18250 --- [hotel_reservas] [           main] o.h.boot.model.internal.EntityBinder     : Import with entity name HabitacionModel
2024-10-07T00:27:05.952-03:00 DEBUG 18250 --- [hotel_reservas] [           main] o.h.boot.model.internal.EntityBinder     : Bind entity com.nathan.hotel_reservas.models.HabitacionModel on table ho_habitacion
2024-10-07T00:27:05.956-03:00 DEBUG 18250 --- [hotel_reservas] [           main] o.h.boot.model.internal.AnnotatedColumn  : Binding column: AnnotatedDiscriminatorColumn(column='DTYPE')
2024-10-07T00:27:05.963-03:00 DEBUG 18250 --- [hotel_reservas] [           main] o.h.boot.model.internal.AnnotatedColumn  : Binding column: AnnotatedColumn(column='habitacion_id')
2024-10-07T00:27:05.965-03:00 DEBUG 18250 --- [hotel_reservas] [           main] o.h.boot.internal.ClassLoaderAccessImpl  : Not known whether passed class name [com.nathan.hotel_reservas.models.HabitacionModel] is safe
2024-10-07T00:27:05.965-03:00 DEBUG 18250 --- [hotel_reservas] [           main] o.h.boot.internal.ClassLoaderAccessImpl  : No temp ClassLoader provided; using live ClassLoader for loading potentially unsafe class : com.nathan.hotel_reservas.models.HabitacionModel
2024-10-07T00:27:05.966-03:00 DEBUG 18250 --- [hotel_reservas] [           main] o.h.boot.model.internal.PropertyBinder   : MetadataSourceProcessor property id with lazy=false
2024-10-07T00:27:05.968-03:00 DEBUG 18250 --- [hotel_reservas] [           main] o.h.b.m.internal.AbstractPropertyHolder  : Attempting to locate auto-apply AttributeConverter for property [com.nathan.hotel_reservas.models.HabitacionModel:id]
2024-10-07T00:27:05.970-03:00 DEBUG 18250 --- [hotel_reservas] [           main] o.h.b.model.internal.BasicValueBinder    : building BasicValue for id
2024-10-07T00:27:05.971-03:00 DEBUG 18250 --- [hotel_reservas] [           main] org.hibernate.mapping.BasicValue         : Skipping column re-registration: ho_habitacion.habitacion_id
2024-10-07T00:27:05.971-03:00 DEBUG 18250 --- [hotel_reservas] [           main] o.h.boot.model.internal.PropertyBinder   : Building property id
2024-10-07T00:27:05.973-03:00 DEBUG 18250 --- [hotel_reservas] [           main] o.h.boot.model.internal.BinderHelper     : #makeIdGenerator(BasicValue([Column(habitacion_id)]), id, org.hibernate.id.enhanced.SequenceStyleGenerator, habitacion_sequence, ...)
2024-10-07T00:27:05.973-03:00 DEBUG 18250 --- [hotel_reservas] [           main] o.h.boot.model.internal.AnnotatedColumn  : Binding column: AnnotatedColumn(column='camas')
2024-10-07T00:27:05.973-03:00 DEBUG 18250 --- [hotel_reservas] [           main] o.h.boot.model.internal.PropertyBinder   : MetadataSourceProcessor property camas with lazy=false
2024-10-07T00:27:05.974-03:00 DEBUG 18250 --- [hotel_reservas] [           main] o.h.b.m.internal.AbstractPropertyHolder  : Attempting to locate auto-apply AttributeConverter for property [com.nathan.hotel_reservas.models.HabitacionModel:camas]
2024-10-07T00:27:05.974-03:00 DEBUG 18250 --- [hotel_reservas] [           main] o.h.b.model.internal.BasicValueBinder    : building BasicValue for camas
2024-10-07T00:27:05.974-03:00 DEBUG 18250 --- [hotel_reservas] [           main] org.hibernate.mapping.BasicValue         : Skipping column re-registration: ho_habitacion.camas
2024-10-07T00:27:05.974-03:00 DEBUG 18250 --- [hotel_reservas] [           main] o.h.boot.model.internal.PropertyBinder   : Building property camas
2024-10-07T00:27:05.974-03:00 DEBUG 18250 --- [hotel_reservas] [           main] o.h.boot.model.internal.AnnotatedColumn  : Binding column: AnnotatedColumn(column='numero')
2024-10-07T00:27:05.974-03:00 DEBUG 18250 --- [hotel_reservas] [           main] o.h.boot.model.internal.PropertyBinder   : MetadataSourceProcessor property habitacionNumero with lazy=false
2024-10-07T00:27:05.974-03:00 DEBUG 18250 --- [hotel_reservas] [           main] o.h.b.m.internal.AbstractPropertyHolder  : Attempting to locate auto-apply AttributeConverter for property [com.nathan.hotel_reservas.models.HabitacionModel:habitacionNumero]
2024-10-07T00:27:05.974-03:00 DEBUG 18250 --- [hotel_reservas] [           main] o.h.b.model.internal.BasicValueBinder    : building BasicValue for habitacionNumero
2024-10-07T00:27:05.974-03:00 DEBUG 18250 --- [hotel_reservas] [           main] org.hibernate.mapping.BasicValue         : Skipping column re-registration: ho_habitacion.numero
2024-10-07T00:27:05.974-03:00 DEBUG 18250 --- [hotel_reservas] [           main] o.h.boot.model.internal.PropertyBinder   : Building property habitacionNumero
2024-10-07T00:27:05.974-03:00 DEBUG 18250 --- [hotel_reservas] [           main] o.h.boot.model.internal.AnnotatedColumn  : Binding column: AnnotatedColumn(column='observacion')
2024-10-07T00:27:05.974-03:00 DEBUG 18250 --- [hotel_reservas] [           main] o.h.boot.model.internal.PropertyBinder   : MetadataSourceProcessor property observacion with lazy=false
2024-10-07T00:27:05.974-03:00 DEBUG 18250 --- [hotel_reservas] [           main] o.h.b.m.internal.AbstractPropertyHolder  : Attempting to locate auto-apply AttributeConverter for property [com.nathan.hotel_reservas.models.HabitacionModel:observacion]
2024-10-07T00:27:05.974-03:00 DEBUG 18250 --- [hotel_reservas] [           main] o.h.b.model.internal.BasicValueBinder    : building BasicValue for observacion
2024-10-07T00:27:05.974-03:00 DEBUG 18250 --- [hotel_reservas] [           main] org.hibernate.mapping.BasicValue         : Skipping column re-registration: ho_habitacion.observacion
2024-10-07T00:27:05.974-03:00 DEBUG 18250 --- [hotel_reservas] [           main] o.h.boot.model.internal.PropertyBinder   : Building property observacion
2024-10-07T00:27:05.975-03:00 DEBUG 18250 --- [hotel_reservas] [           main] o.h.boot.model.internal.AnnotatedColumn  : Binding column: AnnotatedColumn(column='piso')
2024-10-07T00:27:05.975-03:00 DEBUG 18250 --- [hotel_reservas] [           main] o.h.boot.model.internal.PropertyBinder   : MetadataSourceProcessor property piso with lazy=false
2024-10-07T00:27:05.975-03:00 DEBUG 18250 --- [hotel_reservas] [           main] o.h.b.m.internal.AbstractPropertyHolder  : Attempting to locate auto-apply AttributeConverter for property [com.nathan.hotel_reservas.models.HabitacionModel:piso]
2024-10-07T00:27:05.975-03:00 DEBUG 18250 --- [hotel_reservas] [           main] o.h.b.model.internal.BasicValueBinder    : building BasicValue for piso
2024-10-07T00:27:05.975-03:00 DEBUG 18250 --- [hotel_reservas] [           main] org.hibernate.mapping.BasicValue         : Skipping column re-registration: ho_habitacion.piso
2024-10-07T00:27:05.975-03:00 DEBUG 18250 --- [hotel_reservas] [           main] o.h.boot.model.internal.PropertyBinder   : Building property piso
2024-10-07T00:27:05.975-03:00 DEBUG 18250 --- [hotel_reservas] [           main] o.h.b.r.c.i.ClassLoaderServiceImpl       : HHH000194: Package not found or no package-info.java: com.nathan.hotel_reservas.models
2024-10-07T00:27:05.978-03:00 DEBUG 18250 --- [hotel_reservas] [           main] o.h.boot.model.internal.EntityBinder     : Binding entity from annotated class: com.nathan.hotel_reservas.models.ReservaModel
2024-10-07T00:27:05.978-03:00 DEBUG 18250 --- [hotel_reservas] [           main] o.h.boot.model.internal.EntityBinder     : Import with entity name ReservaModel
2024-10-07T00:27:05.978-03:00 DEBUG 18250 --- [hotel_reservas] [           main] o.h.boot.model.internal.EntityBinder     : Bind entity com.nathan.hotel_reservas.models.ReservaModel on table ho_reserva
2024-10-07T00:27:05.978-03:00 DEBUG 18250 --- [hotel_reservas] [           main] o.h.boot.model.internal.AnnotatedColumn  : Binding column: AnnotatedDiscriminatorColumn(column='DTYPE')
2024-10-07T00:27:05.979-03:00 DEBUG 18250 --- [hotel_reservas] [           main] o.h.boot.model.internal.AnnotatedColumn  : Binding column: AnnotatedColumn(column='reserva_id')
2024-10-07T00:27:05.979-03:00 DEBUG 18250 --- [hotel_reservas] [           main] o.h.boot.internal.ClassLoaderAccessImpl  : Not known whether passed class name [com.nathan.hotel_reservas.models.ReservaModel] is safe
2024-10-07T00:27:05.979-03:00 DEBUG 18250 --- [hotel_reservas] [           main] o.h.boot.internal.ClassLoaderAccessImpl  : No temp ClassLoader provided; using live ClassLoader for loading potentially unsafe class : com.nathan.hotel_reservas.models.ReservaModel
2024-10-07T00:27:05.979-03:00 DEBUG 18250 --- [hotel_reservas] [           main] o.h.boot.model.internal.PropertyBinder   : MetadataSourceProcessor property reservaId with lazy=false
2024-10-07T00:27:05.979-03:00 DEBUG 18250 --- [hotel_reservas] [           main] o.h.b.m.internal.AbstractPropertyHolder  : Attempting to locate auto-apply AttributeConverter for property [com.nathan.hotel_reservas.models.ReservaModel:reservaId]
2024-10-07T00:27:05.979-03:00 DEBUG 18250 --- [hotel_reservas] [           main] o.h.b.model.internal.BasicValueBinder    : building BasicValue for reservaId
2024-10-07T00:27:05.979-03:00 DEBUG 18250 --- [hotel_reservas] [           main] org.hibernate.mapping.BasicValue         : Skipping column re-registration: ho_reserva.reserva_id
2024-10-07T00:27:05.979-03:00 DEBUG 18250 --- [hotel_reservas] [           main] o.h.boot.model.internal.PropertyBinder   : Building property reservaId
2024-10-07T00:27:05.979-03:00 DEBUG 18250 --- [hotel_reservas] [           main] o.h.boot.model.internal.BinderHelper     : #makeIdGenerator(BasicValue([Column(reserva_id)]), reservaId, org.hibernate.id.enhanced.SequenceStyleGenerator, reserva_sequence, ...)
2024-10-07T00:27:05.979-03:00 DEBUG 18250 --- [hotel_reservas] [           main] o.h.boot.model.internal.AnnotatedColumn  : Binding column: AnnotatedColumn(column='cliente')
2024-10-07T00:27:05.979-03:00 DEBUG 18250 --- [hotel_reservas] [           main] o.h.boot.model.internal.PropertyBinder   : MetadataSourceProcessor property cliente with lazy=false
2024-10-07T00:27:05.979-03:00 DEBUG 18250 --- [hotel_reservas] [           main] o.h.b.m.internal.AbstractPropertyHolder  : Attempting to locate auto-apply AttributeConverter for property [com.nathan.hotel_reservas.models.ReservaModel:cliente]
2024-10-07T00:27:05.979-03:00 DEBUG 18250 --- [hotel_reservas] [           main] o.h.b.model.internal.BasicValueBinder    : building BasicValue for cliente
2024-10-07T00:27:05.979-03:00 DEBUG 18250 --- [hotel_reservas] [           main] org.hibernate.mapping.BasicValue         : Skipping column re-registration: ho_reserva.cliente
2024-10-07T00:27:05.979-03:00 DEBUG 18250 --- [hotel_reservas] [           main] o.h.boot.model.internal.PropertyBinder   : Building property cliente
2024-10-07T00:27:05.979-03:00 DEBUG 18250 --- [hotel_reservas] [           main] o.h.boot.model.internal.AnnotatedColumn  : Binding column: AnnotatedColumn(column='numero')
2024-10-07T00:27:05.979-03:00 DEBUG 18250 --- [hotel_reservas] [           main] o.h.boot.model.internal.PropertyBinder   : MetadataSourceProcessor property habitacionId with lazy=false
2024-10-07T00:27:05.979-03:00 DEBUG 18250 --- [hotel_reservas] [           main] o.h.b.m.internal.AbstractPropertyHolder  : Attempting to locate auto-apply AttributeConverter for property [com.nathan.hotel_reservas.models.ReservaModel:habitacionId]
2024-10-07T00:27:05.980-03:00 DEBUG 18250 --- [hotel_reservas] [           main] o.h.b.model.internal.BasicValueBinder    : building BasicValue for habitacionId
2024-10-07T00:27:05.980-03:00 DEBUG 18250 --- [hotel_reservas] [           main] org.hibernate.mapping.BasicValue         : Skipping column re-registration: ho_reserva.numero
2024-10-07T00:27:05.980-03:00 DEBUG 18250 --- [hotel_reservas] [           main] o.h.boot.model.internal.PropertyBinder   : Building property habitacionId
2024-10-07T00:27:05.980-03:00 DEBUG 18250 --- [hotel_reservas] [           main] o.h.boot.model.internal.AnnotatedColumn  : Binding column: AnnotatedColumn(column='inicio')
2024-10-07T00:27:05.980-03:00 DEBUG 18250 --- [hotel_reservas] [           main] o.h.boot.model.internal.PropertyBinder   : MetadataSourceProcessor property inicio with lazy=false
2024-10-07T00:27:05.980-03:00 DEBUG 18250 --- [hotel_reservas] [           main] o.h.b.m.internal.AbstractPropertyHolder  : Attempting to locate auto-apply AttributeConverter for property [com.nathan.hotel_reservas.models.ReservaModel:inicio]
2024-10-07T00:27:05.980-03:00 DEBUG 18250 --- [hotel_reservas] [           main] o.h.b.model.internal.BasicValueBinder    : building BasicValue for inicio
2024-10-07T00:27:05.980-03:00 DEBUG 18250 --- [hotel_reservas] [           main] org.hibernate.mapping.BasicValue         : Skipping column re-registration: ho_reserva.inicio
2024-10-07T00:27:05.980-03:00 DEBUG 18250 --- [hotel_reservas] [           main] o.h.boot.model.internal.PropertyBinder   : Building property inicio
2024-10-07T00:27:05.980-03:00 DEBUG 18250 --- [hotel_reservas] [           main] o.h.boot.model.internal.AnnotatedColumn  : Binding column: AnnotatedColumn(column='reserva_flag')
2024-10-07T00:27:05.980-03:00 DEBUG 18250 --- [hotel_reservas] [           main] o.h.boot.model.internal.PropertyBinder   : MetadataSourceProcessor property reservaFlag with lazy=false
2024-10-07T00:27:05.980-03:00 DEBUG 18250 --- [hotel_reservas] [           main] o.h.b.m.internal.AbstractPropertyHolder  : Attempting to locate auto-apply AttributeConverter for property [com.nathan.hotel_reservas.models.ReservaModel:reservaFlag]
2024-10-07T00:27:05.980-03:00 DEBUG 18250 --- [hotel_reservas] [           main] o.h.b.model.internal.BasicValueBinder    : building BasicValue for reservaFlag
2024-10-07T00:27:05.980-03:00 DEBUG 18250 --- [hotel_reservas] [           main] org.hibernate.mapping.BasicValue         : Skipping column re-registration: ho_reserva.reserva_flag
2024-10-07T00:27:05.980-03:00 DEBUG 18250 --- [hotel_reservas] [           main] o.h.boot.model.internal.PropertyBinder   : Building property reservaFlag
2024-10-07T00:27:05.980-03:00 DEBUG 18250 --- [hotel_reservas] [           main] o.h.boot.model.internal.AnnotatedColumn  : Binding column: AnnotatedColumn(column='termino')
2024-10-07T00:27:05.980-03:00 DEBUG 18250 --- [hotel_reservas] [           main] o.h.boot.model.internal.PropertyBinder   : MetadataSourceProcessor property termino with lazy=false
2024-10-07T00:27:05.980-03:00 DEBUG 18250 --- [hotel_reservas] [           main] o.h.b.m.internal.AbstractPropertyHolder  : Attempting to locate auto-apply AttributeConverter for property [com.nathan.hotel_reservas.models.ReservaModel:termino]
2024-10-07T00:27:05.980-03:00 DEBUG 18250 --- [hotel_reservas] [           main] o.h.b.model.internal.BasicValueBinder    : building BasicValue for termino
2024-10-07T00:27:05.980-03:00 DEBUG 18250 --- [hotel_reservas] [           main] org.hibernate.mapping.BasicValue         : Skipping column re-registration: ho_reserva.termino
2024-10-07T00:27:05.980-03:00 DEBUG 18250 --- [hotel_reservas] [           main] o.h.boot.model.internal.PropertyBinder   : Building property termino
2024-10-07T00:27:05.980-03:00 DEBUG 18250 --- [hotel_reservas] [           main] o.h.b.r.c.i.ClassLoaderServiceImpl       : HHH000194: Package not found or no package-info.java: com.nathan.hotel_reservas.models
2024-10-07T00:27:05.981-03:00 DEBUG 18250 --- [hotel_reservas] [           main] o.h.b.model.internal.BasicValueBinder    : Starting `BasicValueBinder#fillSimpleValue` for id
2024-10-07T00:27:05.982-03:00 DEBUG 18250 --- [hotel_reservas] [           main] o.h.b.model.internal.BasicValueBinder    : Starting `BasicValueBinder#fillSimpleValue` for camas
2024-10-07T00:27:05.982-03:00 DEBUG 18250 --- [hotel_reservas] [           main] o.h.b.model.internal.BasicValueBinder    : Starting `BasicValueBinder#fillSimpleValue` for habitacionNumero
2024-10-07T00:27:05.982-03:00 DEBUG 18250 --- [hotel_reservas] [           main] o.h.b.model.internal.BasicValueBinder    : Starting `BasicValueBinder#fillSimpleValue` for observacion
2024-10-07T00:27:05.982-03:00 DEBUG 18250 --- [hotel_reservas] [           main] o.h.b.model.internal.BasicValueBinder    : Starting `BasicValueBinder#fillSimpleValue` for piso
2024-10-07T00:27:05.982-03:00 DEBUG 18250 --- [hotel_reservas] [           main] o.h.b.model.internal.BasicValueBinder    : Starting `BasicValueBinder#fillSimpleValue` for reservaId
2024-10-07T00:27:05.982-03:00 DEBUG 18250 --- [hotel_reservas] [           main] o.h.b.model.internal.BasicValueBinder    : Starting `BasicValueBinder#fillSimpleValue` for cliente
2024-10-07T00:27:05.982-03:00 DEBUG 18250 --- [hotel_reservas] [           main] o.h.b.model.internal.BasicValueBinder    : Starting `BasicValueBinder#fillSimpleValue` for habitacionId
2024-10-07T00:27:05.982-03:00 DEBUG 18250 --- [hotel_reservas] [           main] o.h.b.model.internal.BasicValueBinder    : Starting `BasicValueBinder#fillSimpleValue` for inicio
2024-10-07T00:27:05.982-03:00 DEBUG 18250 --- [hotel_reservas] [           main] o.h.b.model.internal.BasicValueBinder    : Starting `BasicValueBinder#fillSimpleValue` for reservaFlag
2024-10-07T00:27:05.982-03:00 DEBUG 18250 --- [hotel_reservas] [           main] o.h.b.model.internal.BasicValueBinder    : Starting `BasicValueBinder#fillSimpleValue` for termino
2024-10-07T00:27:05.983-03:00 DEBUG 18250 --- [hotel_reservas] [           main] org.hibernate.mapping.PrimaryKey         : Forcing column [habitacion_id] to be non-null as it is part of the primary key for table [ho_habitacion]
2024-10-07T00:27:05.983-03:00 DEBUG 18250 --- [hotel_reservas] [           main] org.hibernate.mapping.PrimaryKey         : Forcing column [reserva_id] to be non-null as it is part of the primary key for table [ho_reserva]
2024-10-07T00:27:06.020-03:00 DEBUG 18250 --- [hotel_reservas] [           main] o.hibernate.internal.SessionFactoryImpl  : Building session factory
2024-10-07T00:27:06.038-03:00 DEBUG 18250 --- [hotel_reservas] [           main] .h.s.i.SessionFactoryServiceRegistryImpl : EventListenerRegistry access via ServiceRegistry is deprecated.  Use `sessionFactory.getEventEngine().getListenerRegistry()` instead
2024-10-07T00:27:06.038-03:00 DEBUG 18250 --- [hotel_reservas] [           main] o.hibernate.internal.SessionFactoryImpl  : Instantiating SessionFactory with settings: {java.specification.version=22, hibernate.resource.beans.container=org.springframework.orm.hibernate5.SpringBeanContainer@af3295f, hibernate.connection.handling_mode=DELAYED_ACQUISITION_AND_HOLD, sun.jnu.encoding=UTF-8, hibernate.dialect=org.hibernate.dialect.OracleDialect, hibernate.implicit_naming_strategy=org.springframework.boot.orm.jpa.hibernate.SpringImplicitNamingStrategy, java.class.path=/Users/jonathanbernal/Documents/Duoc/FullStack/Week9/hotel_reservas/target/test-classes:/Users/jonathanbernal/Documents/Duoc/FullStack/Week9/hotel_reservas/target/classes:/Users/jonathanbernal/.m2/repository/org/springframework/boot/spring-boot-starter-web/3.3.4/spring-boot-starter-web-3.3.4.jar:/Users/jonathanbernal/.m2/repository/org/springframework/boot/spring-boot-starter/3.3.4/spring-boot-starter-3.3.4.jar:/Users/jonathanbernal/.m2/repository/org/springframework/boot/spring-boot-starter-logging/3.3.4/spring-boot-starter-logging-3.3.4.jar:/Users/jonathanbernal/.m2/repository/ch/qos/logback/logback-classic/1.5.8/logback-classic-1.5.8.jar:/Users/jonathanbernal/.m2/repository/ch/qos/logback/logback-core/1.5.8/logback-core-1.5.8.jar:/Users/jonathanbernal/.m2/repository/org/apache/logging/log4j/log4j-to-slf4j/2.23.1/log4j-to-slf4j-2.23.1.jar:/Users/jonathanbernal/.m2/repository/org/apache/logging/log4j/log4j-api/2.23.1/log4j-api-2.23.1.jar:/Users/jonathanbernal/.m2/repository/org/slf4j/jul-to-slf4j/2.0.16/jul-to-slf4j-2.0.16.jar:/Users/jonathanbernal/.m2/repository/jakarta/annotation/jakarta.annotation-api/2.1.1/jakarta.annotation-api-2.1.1.jar:/Users/jonathanbernal/.m2/repository/org/yaml/snakeyaml/2.2/snakeyaml-2.2.jar:/Users/jonathanbernal/.m2/repository/org/springframework/boot/spring-boot-starter-json/3.3.4/spring-boot-starter-json-3.3.4.jar:/Users/jonathanbernal/.m2/repository/com/fasterxml/jackson/core/jackson-databind/2.17.2/jackson-databind-2.17.2.jar:/Users/jonathanbernal/.m2/repository/com/fasterxml/jackson/core/jackson-annotations/2.17.2/jackson-annotations-2.17.2.jar:/Users/jonathanbernal/.m2/repository/com/fasterxml/jackson/core/jackson-core/2.17.2/jackson-core-2.17.2.jar:/Users/jonathanbernal/.m2/repository/com/fasterxml/jackson/datatype/jackson-datatype-jdk8/2.17.2/jackson-datatype-jdk8-2.17.2.jar:/Users/jonathanbernal/.m2/repository/com/fasterxml/jackson/datatype/jackson-datatype-jsr310/2.17.2/jackson-datatype-jsr310-2.17.2.jar:/Users/jonathanbernal/.m2/repository/com/fasterxml/jackson/module/jackson-module-parameter-names/2.17.2/jackson-module-parameter-names-2.17.2.jar:/Users/jonathanbernal/.m2/repository/org/springframework/boot/spring-boot-starter-tomcat/3.3.4/spring-boot-starter-tomcat-3.3.4.jar:/Users/jonathanbernal/.m2/repository/org/apache/tomcat/embed/tomcat-embed-core/10.1.30/tomcat-embed-core-10.1.30.jar:/Users/jonathanbernal/.m2/repository/org/apache/tomcat/embed/tomcat-embed-el/10.1.30/tomcat-embed-el-10.1.30.jar:/Users/jonathanbernal/.m2/repository/org/apache/tomcat/embed/tomcat-embed-websocket/10.1.30/tomcat-embed-websocket-10.1.30.jar:/Users/jonathanbernal/.m2/repository/org/springframework/spring-web/6.1.13/spring-web-6.1.13.jar:/Users/jonathanbernal/.m2/repository/org/springframework/spring-beans/6.1.13/spring-beans-6.1.13.jar:/Users/jonathanbernal/.m2/repository/io/micrometer/micrometer-observation/1.13.4/micrometer-observation-1.13.4.jar:/Users/jonathanbernal/.m2/repository/io/micrometer/micrometer-commons/1.13.4/micrometer-commons-1.13.4.jar:/Users/jonathanbernal/.m2/repository/org/springframework/spring-webmvc/6.1.13/spring-webmvc-6.1.13.jar:/Users/jonathanbernal/.m2/repository/org/springframework/spring-aop/6.1.13/spring-aop-6.1.13.jar:/Users/jonathanbernal/.m2/repository/org/springframework/spring-context/6.1.13/spring-context-6.1.13.jar:/Users/jonathanbernal/.m2/repository/org/springframework/spring-expression/6.1.13/spring-expression-6.1.13.jar:/Users/jonathanbernal/.m2/repository/org/springframework/boot/spring-boot-devtools/3.3.4/spring-boot-devtools-3.3.4.jar:/Users/jonathanbernal/.m2/repository/org/springframework/boot/spring-boot/3.3.4/spring-boot-3.3.4.jar:/Users/jonathanbernal/.m2/repository/org/springframework/boot/spring-boot-autoconfigure/3.3.4/spring-boot-autoconfigure-3.3.4.jar:/Users/jonathanbernal/.m2/repository/org/projectlombok/lombok/1.18.34/lombok-1.18.34.jar:/Users/jonathanbernal/.m2/repository/org/springframework/boot/spring-boot-starter-test/3.3.4/spring-boot-starter-test-3.3.4.jar:/Users/jonathanbernal/.m2/repository/org/springframework/boot/spring-boot-test/3.3.4/spring-boot-test-3.3.4.jar:/Users/jonathanbernal/.m2/repository/org/springframework/boot/spring-boot-test-autoconfigure/3.3.4/spring-boot-test-autoconfigure-3.3.4.jar:/Users/jonathanbernal/.m2/repository/com/jayway/jsonpath/json-path/2.9.0/json-path-2.9.0.jar:/Users/jonathanbernal/.m2/repository/org/slf4j/slf4j-api/2.0.16/slf4j-api-2.0.16.jar:/Users/jonathanbernal/.m2/repository/jakarta/xml/bind/jakarta.xml.bind-api/4.0.2/jakarta.xml.bind-api-4.0.2.jar:/Users/jonathanbernal/.m2/repository/jakarta/activation/jakarta.activation-api/2.1.3/jakarta.activation-api-2.1.3.jar:/Users/jonathanbernal/.m2/repository/net/minidev/json-smart/2.5.1/json-smart-2.5.1.jar:/Users/jonathanbernal/.m2/repository/net/minidev/accessors-smart/2.5.1/accessors-smart-2.5.1.jar:/Users/jonathanbernal/.m2/repository/org/ow2/asm/asm/9.6/asm-9.6.jar:/Users/jonathanbernal/.m2/repository/org/assertj/assertj-core/3.25.3/assertj-core-3.25.3.jar:/Users/jonathanbernal/.m2/repository/net/bytebuddy/byte-buddy/1.14.19/byte-buddy-1.14.19.jar:/Users/jonathanbernal/.m2/repository/org/awaitility/awaitility/4.2.2/awaitility-4.2.2.jar:/Users/jonathanbernal/.m2/repository/org/hamcrest/hamcrest/2.2/hamcrest-2.2.jar:/Users/jonathanbernal/.m2/repository/org/junit/jupiter/junit-jupiter/5.10.3/junit-jupiter-5.10.3.jar:/Users/jonathanbernal/.m2/repository/org/junit/jupiter/junit-jupiter-api/5.10.3/junit-jupiter-api-5.10.3.jar:/Users/jonathanbernal/.m2/repository/org/opentest4j/opentest4j/1.3.0/opentest4j-1.3.0.jar:/Users/jonathanbernal/.m2/repository/org/junit/platform/junit-platform-commons/1.10.3/junit-platform-commons-1.10.3.jar:/Users/jonathanbernal/.m2/repository/org/apiguardian/apiguardian-api/1.1.2/apiguardian-api-1.1.2.jar:/Users/jonathanbernal/.m2/repository/org/junit/jupiter/junit-jupiter-params/5.10.3/junit-jupiter-params-5.10.3.jar:/Users/jonathanbernal/.m2/repository/org/junit/jupiter/junit-jupiter-engine/5.10.3/junit-jupiter-engine-5.10.3.jar:/Users/jonathanbernal/.m2/repository/org/junit/platform/junit-platform-engine/1.10.3/junit-platform-engine-1.10.3.jar:/Users/jonathanbernal/.m2/repository/org/mockito/mockito-core/5.11.0/mockito-core-5.11.0.jar:/Users/jonathanbernal/.m2/repository/net/bytebuddy/byte-buddy-agent/1.14.19/byte-buddy-agent-1.14.19.jar:/Users/jonathanbernal/.m2/repository/org/objenesis/objenesis/3.3/objenesis-3.3.jar:/Users/jonathanbernal/.m2/repository/org/mockito/mockito-junit-jupiter/5.11.0/mockito-junit-jupiter-5.11.0.jar:/Users/jonathanbernal/.m2/repository/org/skyscreamer/jsonassert/1.5.3/jsonassert-1.5.3.jar:/Users/jonathanbernal/.m2/repository/com/vaadin/external/google/android-json/0.0.20131108.vaadin1/android-json-0.0.20131108.vaadin1.jar:/Users/jonathanbernal/.m2/repository/org/springframework/spring-core/6.1.13/spring-core-6.1.13.jar:/Users/jonathanbernal/.m2/repository/org/springframework/spring-jcl/6.1.13/spring-jcl-6.1.13.jar:/Users/jonathanbernal/.m2/repository/org/springframework/spring-test/6.1.13/spring-test-6.1.13.jar:/Users/jonathanbernal/.m2/repository/org/xmlunit/xmlunit-core/2.9.1/xmlunit-core-2.9.1.jar:/Users/jonathanbernal/.m2/repository/org/springframework/boot/spring-boot-starter-data-jpa/3.3.4/spring-boot-starter-data-jpa-3.3.4.jar:/Users/jonathanbernal/.m2/repository/org/springframework/boot/spring-boot-starter-aop/3.3.4/spring-boot-starter-aop-3.3.4.jar:/Users/jonathanbernal/.m2/repository/org/aspectj/aspectjweaver/1.9.22.1/aspectjweaver-1.9.22.1.jar:/Users/jonathanbernal/.m2/repository/org/springframework/boot/spring-boot-starter-jdbc/3.3.4/spring-boot-starter-jdbc-3.3.4.jar:/Users/jonathanbernal/.m2/repository/com/zaxxer/HikariCP/5.1.0/HikariCP-5.1.0.jar:/Users/jonathanbernal/.m2/repository/org/springframework/spring-jdbc/6.1.13/spring-jdbc-6.1.13.jar:/Users/jonathanbernal/.m2/repository/org/hibernate/orm/hibernate-core/6.5.3.Final/hibernate-core-6.5.3.Final.jar:/Users/jonathanbernal/.m2/repository/jakarta/persistence/jakarta.persistence-api/3.1.0/jakarta.persistence-api-3.1.0.jar:/Users/jonathanbernal/.m2/repository/jakarta/transaction/jakarta.transaction-api/2.0.1/jakarta.transaction-api-2.0.1.jar:/Users/jonathanbernal/.m2/repository/org/jboss/logging/jboss-logging/3.5.3.Final/jboss-logging-3.5.3.Final.jar:/Users/jonathanbernal/.m2/repository/org/hibernate/common/hibernate-commons-annotations/6.0.6.Final/hibernate-commons-annotations-6.0.6.Final.jar:/Users/jonathanbernal/.m2/repository/io/smallrye/jandex/3.1.2/jandex-3.1.2.jar:/Users/jonathanbernal/.m2/repository/com/fasterxml/classmate/1.7.0/classmate-1.7.0.jar:/Users/jonathanbernal/.m2/repository/org/glassfish/jaxb/jaxb-runtime/4.0.5/jaxb-runtime-4.0.5.jar:/Users/jonathanbernal/.m2/repository/org/glassfish/jaxb/jaxb-core/4.0.5/jaxb-core-4.0.5.jar:/Users/jonathanbernal/.m2/repository/org/eclipse/angus/angus-activation/2.0.2/angus-activation-2.0.2.jar:/Users/jonathanbernal/.m2/repository/org/glassfish/jaxb/txw2/4.0.5/txw2-4.0.5.jar:/Users/jonathanbernal/.m2/repository/com/sun/istack/istack-commons-runtime/4.1.2/istack-commons-runtime-4.1.2.jar:/Users/jonathanbernal/.m2/repository/jakarta/inject/jakarta.inject-api/2.0.1/jakarta.inject-api-2.0.1.jar:/Users/jonathanbernal/.m2/repository/org/antlr/antlr4-runtime/4.13.0/antlr4-runtime-4.13.0.jar:/Users/jonathanbernal/.m2/repository/org/springframework/data/spring-data-jpa/3.3.4/spring-data-jpa-3.3.4.jar:/Users/jonathanbernal/.m2/repository/org/springframework/data/spring-data-commons/3.3.4/spring-data-commons-3.3.4.jar:/Users/jonathanbernal/.m2/repository/org/springframework/spring-orm/6.1.13/spring-orm-6.1.13.jar:/Users/jonathanbernal/.m2/repository/org/springframework/spring-tx/6.1.13/spring-tx-6.1.13.jar:/Users/jonathanbernal/.m2/repository/org/springframework/spring-aspects/6.1.13/spring-aspects-6.1.13.jar:/Users/jonathanbernal/.m2/repository/com/oracle/database/jdbc/ojdbc11/21.9.0.0/ojdbc11-21.9.0.0.jar:/Users/jonathanbernal/.m2/repository/com/oracle/database/security/oraclepki/21.5.0.0/oraclepki-21.5.0.0.jar:/Users/jonathanbernal/.m2/repository/com/oracle/database/security/osdt_cert/21.5.0.0/osdt_cert-21.5.0.0.jar:/Users/jonathanbernal/.m2/repository/com/oracle/database/security/osdt_core/21.5.0.0/osdt_core-21.5.0.0.jar:/Users/jonathanbernal/.m2/repository/org/springframework/boot/spring-boot-starter-hateoas/3.3.4/spring-boot-starter-hateoas-3.3.4.jar:/Users/jonathanbernal/.m2/repository/org/springframework/hateoas/spring-hateoas/2.3.3/spring-hateoas-2.3.3.jar:/Users/jonathanbernal/.m2/repository/org/springframework/plugin/spring-plugin-core/3.0.0/spring-plugin-core-3.0.0.jar:, java.vm.vendor=Homebrew, sun.arch.data.model=64, java.vendor.url=https://github.com/Homebrew/homebrew-core/issues, user.timezone=America/Santiago, jakarta.persistence.sharedCache.mode=UNSPECIFIED, org.jboss.logging.provider=slf4j, java.vm.specification.version=22, os.name=Mac OS X, jakarta.persistence.nonJtaDataSource=HikariDataSource (HikariPool-1), sun.java.launcher=SUN_STANDARD, user.country=419, sun.boot.library.path=/opt/homebrew/Cellar/openjdk/22.0.2/libexec/openjdk.jdk/Contents/Home/lib, sun.java.command=/Users/jonathanbernal/Documents/Duoc/FullStack/Week9/hotel_reservas/target/surefire/surefirebooter-20241007002703313_3.jar /Users/jonathanbernal/Documents/Duoc/FullStack/Week9/hotel_reservas/target/surefire 2024-10-07T00-27-03_187-jvmRun1 surefire-20241007002703313_1tmp surefire_0-20241007002703313_2tmp, javax.persistence.nonJtaDataSource=HikariDataSource (HikariPool-1), hibernate.transaction.jta.platform=org.hibernate.engine.transaction.jta.platform.internal.NoJtaPlatform@27dc81be, http.nonProxyHosts=local|*.local|169.254/16|*.169.254/16, jdk.debug=release, surefire.test.class.path=/Users/jonathanbernal/Documents/Duoc/FullStack/Week9/hotel_reservas/target/test-classes:/Users/jonathanbernal/Documents/Duoc/FullStack/Week9/hotel_reservas/target/classes:/Users/jonathanbernal/.m2/repository/org/springframework/boot/spring-boot-starter-web/3.3.4/spring-boot-starter-web-3.3.4.jar:/Users/jonathanbernal/.m2/repository/org/springframework/boot/spring-boot-starter/3.3.4/spring-boot-starter-3.3.4.jar:/Users/jonathanbernal/.m2/repository/org/springframework/boot/spring-boot-starter-logging/3.3.4/spring-boot-starter-logging-3.3.4.jar:/Users/jonathanbernal/.m2/repository/ch/qos/logback/logback-classic/1.5.8/logback-classic-1.5.8.jar:/Users/jonathanbernal/.m2/repository/ch/qos/logback/logback-core/1.5.8/logback-core-1.5.8.jar:/Users/jonathanbernal/.m2/repository/org/apache/logging/log4j/log4j-to-slf4j/2.23.1/log4j-to-slf4j-2.23.1.jar:/Users/jonathanbernal/.m2/repository/org/apache/logging/log4j/log4j-api/2.23.1/log4j-api-2.23.1.jar:/Users/jonathanbernal/.m2/repository/org/slf4j/jul-to-slf4j/2.0.16/jul-to-slf4j-2.0.16.jar:/Users/jonathanbernal/.m2/repository/jakarta/annotation/jakarta.annotation-api/2.1.1/jakarta.annotation-api-2.1.1.jar:/Users/jonathanbernal/.m2/repository/org/yaml/snakeyaml/2.2/snakeyaml-2.2.jar:/Users/jonathanbernal/.m2/repository/org/springframework/boot/spring-boot-starter-json/3.3.4/spring-boot-starter-json-3.3.4.jar:/Users/jonathanbernal/.m2/repository/com/fasterxml/jackson/core/jackson-databind/2.17.2/jackson-databind-2.17.2.jar:/Users/jonathanbernal/.m2/repository/com/fasterxml/jackson/core/jackson-annotations/2.17.2/jackson-annotations-2.17.2.jar:/Users/jonathanbernal/.m2/repository/com/fasterxml/jackson/core/jackson-core/2.17.2/jackson-core-2.17.2.jar:/Users/jonathanbernal/.m2/repository/com/fasterxml/jackson/datatype/jackson-datatype-jdk8/2.17.2/jackson-datatype-jdk8-2.17.2.jar:/Users/jonathanbernal/.m2/repository/com/fasterxml/jackson/datatype/jackson-datatype-jsr310/2.17.2/jackson-datatype-jsr310-2.17.2.jar:/Users/jonathanbernal/.m2/repository/com/fasterxml/jackson/module/jackson-module-parameter-names/2.17.2/jackson-module-parameter-names-2.17.2.jar:/Users/jonathanbernal/.m2/repository/org/springframework/boot/spring-boot-starter-tomcat/3.3.4/spring-boot-starter-tomcat-3.3.4.jar:/Users/jonathanbernal/.m2/repository/org/apache/tomcat/embed/tomcat-embed-core/10.1.30/tomcat-embed-core-10.1.30.jar:/Users/jonathanbernal/.m2/repository/org/apache/tomcat/embed/tomcat-embed-el/10.1.30/tomcat-embed-el-10.1.30.jar:/Users/jonathanbernal/.m2/repository/org/apache/tomcat/embed/tomcat-embed-websocket/10.1.30/tomcat-embed-websocket-10.1.30.jar:/Users/jonathanbernal/.m2/repository/org/springframework/spring-web/6.1.13/spring-web-6.1.13.jar:/Users/jonathanbernal/.m2/repository/org/springframework/spring-beans/6.1.13/spring-beans-6.1.13.jar:/Users/jonathanbernal/.m2/repository/io/micrometer/micrometer-observation/1.13.4/micrometer-observation-1.13.4.jar:/Users/jonathanbernal/.m2/repository/io/micrometer/micrometer-commons/1.13.4/micrometer-commons-1.13.4.jar:/Users/jonathanbernal/.m2/repository/org/springframework/spring-webmvc/6.1.13/spring-webmvc-6.1.13.jar:/Users/jonathanbernal/.m2/repository/org/springframework/spring-aop/6.1.13/spring-aop-6.1.13.jar:/Users/jonathanbernal/.m2/repository/org/springframework/spring-context/6.1.13/spring-context-6.1.13.jar:/Users/jonathanbernal/.m2/repository/org/springframework/spring-expression/6.1.13/spring-expression-6.1.13.jar:/Users/jonathanbernal/.m2/repository/org/springframework/boot/spring-boot-devtools/3.3.4/spring-boot-devtools-3.3.4.jar:/Users/jonathanbernal/.m2/repository/org/springframework/boot/spring-boot/3.3.4/spring-boot-3.3.4.jar:/Users/jonathanbernal/.m2/repository/org/springframework/boot/spring-boot-autoconfigure/3.3.4/spring-boot-autoconfigure-3.3.4.jar:/Users/jonathanbernal/.m2/repository/org/projectlombok/lombok/1.18.34/lombok-1.18.34.jar:/Users/jonathanbernal/.m2/repository/org/springframework/boot/spring-boot-starter-test/3.3.4/spring-boot-starter-test-3.3.4.jar:/Users/jonathanbernal/.m2/repository/org/springframework/boot/spring-boot-test/3.3.4/spring-boot-test-3.3.4.jar:/Users/jonathanbernal/.m2/repository/org/springframework/boot/spring-boot-test-autoconfigure/3.3.4/spring-boot-test-autoconfigure-3.3.4.jar:/Users/jonathanbernal/.m2/repository/com/jayway/jsonpath/json-path/2.9.0/json-path-2.9.0.jar:/Users/jonathanbernal/.m2/repository/org/slf4j/slf4j-api/2.0.16/slf4j-api-2.0.16.jar:/Users/jonathanbernal/.m2/repository/jakarta/xml/bind/jakarta.xml.bind-api/4.0.2/jakarta.xml.bind-api-4.0.2.jar:/Users/jonathanbernal/.m2/repository/jakarta/activation/jakarta.activation-api/2.1.3/jakarta.activation-api-2.1.3.jar:/Users/jonathanbernal/.m2/repository/net/minidev/json-smart/2.5.1/json-smart-2.5.1.jar:/Users/jonathanbernal/.m2/repository/net/minidev/accessors-smart/2.5.1/accessors-smart-2.5.1.jar:/Users/jonathanbernal/.m2/repository/org/ow2/asm/asm/9.6/asm-9.6.jar:/Users/jonathanbernal/.m2/repository/org/assertj/assertj-core/3.25.3/assertj-core-3.25.3.jar:/Users/jonathanbernal/.m2/repository/net/bytebuddy/byte-buddy/1.14.19/byte-buddy-1.14.19.jar:/Users/jonathanbernal/.m2/repository/org/awaitility/awaitility/4.2.2/awaitility-4.2.2.jar:/Users/jonathanbernal/.m2/repository/org/hamcrest/hamcrest/2.2/hamcrest-2.2.jar:/Users/jonathanbernal/.m2/repository/org/junit/jupiter/junit-jupiter/5.10.3/junit-jupiter-5.10.3.jar:/Users/jonathanbernal/.m2/repository/org/junit/jupiter/junit-jupiter-api/5.10.3/junit-jupiter-api-5.10.3.jar:/Users/jonathanbernal/.m2/repository/org/opentest4j/opentest4j/1.3.0/opentest4j-1.3.0.jar:/Users/jonathanbernal/.m2/repository/org/junit/platform/junit-platform-commons/1.10.3/junit-platform-commons-1.10.3.jar:/Users/jonathanbernal/.m2/repository/org/apiguardian/apiguardian-api/1.1.2/apiguardian-api-1.1.2.jar:/Users/jonathanbernal/.m2/repository/org/junit/jupiter/junit-jupiter-params/5.10.3/junit-jupiter-params-5.10.3.jar:/Users/jonathanbernal/.m2/repository/org/junit/jupiter/junit-jupiter-engine/5.10.3/junit-jupiter-engine-5.10.3.jar:/Users/jonathanbernal/.m2/repository/org/junit/platform/junit-platform-engine/1.10.3/junit-platform-engine-1.10.3.jar:/Users/jonathanbernal/.m2/repository/org/mockito/mockito-core/5.11.0/mockito-core-5.11.0.jar:/Users/jonathanbernal/.m2/repository/net/bytebuddy/byte-buddy-agent/1.14.19/byte-buddy-agent-1.14.19.jar:/Users/jonathanbernal/.m2/repository/org/objenesis/objenesis/3.3/objenesis-3.3.jar:/Users/jonathanbernal/.m2/repository/org/mockito/mockito-junit-jupiter/5.11.0/mockito-junit-jupiter-5.11.0.jar:/Users/jonathanbernal/.m2/repository/org/skyscreamer/jsonassert/1.5.3/jsonassert-1.5.3.jar:/Users/jonathanbernal/.m2/repository/com/vaadin/external/google/android-json/0.0.20131108.vaadin1/android-json-0.0.20131108.vaadin1.jar:/Users/jonathanbernal/.m2/repository/org/springframework/spring-core/6.1.13/spring-core-6.1.13.jar:/Users/jonathanbernal/.m2/repository/org/springframework/spring-jcl/6.1.13/spring-jcl-6.1.13.jar:/Users/jonathanbernal/.m2/repository/org/springframework/spring-test/6.1.13/spring-test-6.1.13.jar:/Users/jonathanbernal/.m2/repository/org/xmlunit/xmlunit-core/2.9.1/xmlunit-core-2.9.1.jar:/Users/jonathanbernal/.m2/repository/org/springframework/boot/spring-boot-starter-data-jpa/3.3.4/spring-boot-starter-data-jpa-3.3.4.jar:/Users/jonathanbernal/.m2/repository/org/springframework/boot/spring-boot-starter-aop/3.3.4/spring-boot-starter-aop-3.3.4.jar:/Users/jonathanbernal/.m2/repository/org/aspectj/aspectjweaver/1.9.22.1/aspectjweaver-1.9.22.1.jar:/Users/jonathanbernal/.m2/repository/org/springframework/boot/spring-boot-starter-jdbc/3.3.4/spring-boot-starter-jdbc-3.3.4.jar:/Users/jonathanbernal/.m2/repository/com/zaxxer/HikariCP/5.1.0/HikariCP-5.1.0.jar:/Users/jonathanbernal/.m2/repository/org/springframework/spring-jdbc/6.1.13/spring-jdbc-6.1.13.jar:/Users/jonathanbernal/.m2/repository/org/hibernate/orm/hibernate-core/6.5.3.Final/hibernate-core-6.5.3.Final.jar:/Users/jonathanbernal/.m2/repository/jakarta/persistence/jakarta.persistence-api/3.1.0/jakarta.persistence-api-3.1.0.jar:/Users/jonathanbernal/.m2/repository/jakarta/transaction/jakarta.transaction-api/2.0.1/jakarta.transaction-api-2.0.1.jar:/Users/jonathanbernal/.m2/repository/org/jboss/logging/jboss-logging/3.5.3.Final/jboss-logging-3.5.3.Final.jar:/Users/jonathanbernal/.m2/repository/org/hibernate/common/hibernate-commons-annotations/6.0.6.Final/hibernate-commons-annotations-6.0.6.Final.jar:/Users/jonathanbernal/.m2/repository/io/smallrye/jandex/3.1.2/jandex-3.1.2.jar:/Users/jonathanbernal/.m2/repository/com/fasterxml/classmate/1.7.0/classmate-1.7.0.jar:/Users/jonathanbernal/.m2/repository/org/glassfish/jaxb/jaxb-runtime/4.0.5/jaxb-runtime-4.0.5.jar:/Users/jonathanbernal/.m2/repository/org/glassfish/jaxb/jaxb-core/4.0.5/jaxb-core-4.0.5.jar:/Users/jonathanbernal/.m2/repository/org/eclipse/angus/angus-activation/2.0.2/angus-activation-2.0.2.jar:/Users/jonathanbernal/.m2/repository/org/glassfish/jaxb/txw2/4.0.5/txw2-4.0.5.jar:/Users/jonathanbernal/.m2/repository/com/sun/istack/istack-commons-runtime/4.1.2/istack-commons-runtime-4.1.2.jar:/Users/jonathanbernal/.m2/repository/jakarta/inject/jakarta.inject-api/2.0.1/jakarta.inject-api-2.0.1.jar:/Users/jonathanbernal/.m2/repository/org/antlr/antlr4-runtime/4.13.0/antlr4-runtime-4.13.0.jar:/Users/jonathanbernal/.m2/repository/org/springframework/data/spring-data-jpa/3.3.4/spring-data-jpa-3.3.4.jar:/Users/jonathanbernal/.m2/repository/org/springframework/data/spring-data-commons/3.3.4/spring-data-commons-3.3.4.jar:/Users/jonathanbernal/.m2/repository/org/springframework/spring-orm/6.1.13/spring-orm-6.1.13.jar:/Users/jonathanbernal/.m2/repository/org/springframework/spring-tx/6.1.13/spring-tx-6.1.13.jar:/Users/jonathanbernal/.m2/repository/org/springframework/spring-aspects/6.1.13/spring-aspects-6.1.13.jar:/Users/jonathanbernal/.m2/repository/com/oracle/database/jdbc/ojdbc11/21.9.0.0/ojdbc11-21.9.0.0.jar:/Users/jonathanbernal/.m2/repository/com/oracle/database/security/oraclepki/21.5.0.0/oraclepki-21.5.0.0.jar:/Users/jonathanbernal/.m2/repository/com/oracle/database/security/osdt_cert/21.5.0.0/osdt_cert-21.5.0.0.jar:/Users/jonathanbernal/.m2/repository/com/oracle/database/security/osdt_core/21.5.0.0/osdt_core-21.5.0.0.jar:/Users/jonathanbernal/.m2/repository/org/springframework/boot/spring-boot-starter-hateoas/3.3.4/spring-boot-starter-hateoas-3.3.4.jar:/Users/jonathanbernal/.m2/repository/org/springframework/hateoas/spring-hateoas/2.3.3/spring-hateoas-2.3.3.jar:/Users/jonathanbernal/.m2/repository/org/springframework/plugin/spring-plugin-core/3.0.0/spring-plugin-core-3.0.0.jar:, sun.cpu.endian=little, hibernate.cdi.extensions=true, user.home=/Users/jonathanbernal, user.language=es, java.specification.vendor=Oracle Corporation, java.version.date=2024-07-16, java.home=/opt/homebrew/Cellar/openjdk/22.0.2/libexec/openjdk.jdk/Contents/Home, file.separator=/, basedir=/Users/jonathanbernal/Documents/Duoc/FullStack/Week9/hotel_reservas, java.vm.compressedOopsMode=Zero based, line.separator=
, hibernate.persistenceUnitName=default, java.vm.specification.vendor=Oracle Corporation, java.specification.name=Java Platform API Specification, FILE_LOG_CHARSET=UTF-8, hibernate.transaction.coordinator_class=class org.hibernate.resource.transaction.backend.jdbc.internal.JdbcResourceLocalTransactionCoordinatorBuilderImpl, java.awt.headless=true, apple.awt.application.name=ForkedBooter, surefire.real.class.path=/Users/jonathanbernal/Documents/Duoc/FullStack/Week9/hotel_reservas/target/surefire/surefirebooter-20241007002703313_3.jar, jakarta.persistence.validation.mode=AUTO, sun.management.compiler=HotSpot 64-Bit Tiered Compilers, ftp.nonProxyHosts=local|*.local|169.254/16|*.169.254/16, java.runtime.version=22.0.2, user.name=jonathanbernal, stdout.encoding=UTF-8, path.separator=:, os.version=14.5, skipTest=true, java.runtime.name=OpenJDK Runtime Environment, file.encoding=UTF-8, java.vm.name=OpenJDK 64-Bit Server VM, hibernate.show_sql=true, java.vendor.version=Homebrew, localRepository=/Users/jonathanbernal/.m2/repository, java.vendor.url.bug=https://github.com/Homebrew/homebrew-core/issues, java.io.tmpdir=/var/folders/nr/9gzlnt1s6xz7qdh8dxxx6c_00000gp/T/, java.version=22.0.2, hibernate.physical_naming_strategy=org.hibernate.boot.model.naming.CamelCaseToUnderscoresNamingStrategy, user.dir=/Users/jonathanbernal/Documents/Duoc/FullStack/Week9/hotel_reservas, os.arch=aarch64, java.vm.specification.name=Java Virtual Machine Specification, PID=18250, CONSOLE_LOG_CHARSET=UTF-8, hibernate.boot.CfgXmlAccessService.key=org.hibernate.boot.registry.StandardServiceRegistryBuilder$1@3595086b, native.encoding=UTF-8, java.library.path=/Users/jonathanbernal/Library/Java/Extensions:/Library/Java/Extensions:/Network/Library/Java/Extensions:/System/Library/Java/Extensions:/usr/lib/java:., stderr.encoding=UTF-8, java.vendor=Homebrew, java.vm.info=mixed mode, sharing, java.vm.version=22.0.2, sun.io.unicode.encoding=UnicodeBig, hibernate.archive.scanner=org.hibernate.boot.archive.scan.internal.DisabledScanner, hibernate.connection.datasource=HikariDataSource (HikariPool-1), socksNonProxyHosts=local|*.local|169.254/16|*.169.254/16, java.class.version=66.0, LOGGED_APPLICATION_NAME=[hotel_reservas] }
2024-10-07T00:27:06.040-03:00 DEBUG 18250 --- [hotel_reservas] [           main] o.hibernate.internal.SessionFactoryImpl  : Session factory constructed with filter configurations : {}
2024-10-07T00:27:06.042-03:00 DEBUG 18250 --- [hotel_reservas] [           main] .h.t.s.s.SchemaManagementToolCoordinator : No schema actions specified for contributor `orm`; doing nothing
2024-10-07T00:27:06.059-03:00 DEBUG 18250 --- [hotel_reservas] [           main] o.h.q.sqm.function.SqmFunctionRegistry   : Registered SqmFunctionTemplate [NamedSqmFunctionTemplate(max)] under max; prior registration was null
2024-10-07T00:27:06.059-03:00 DEBUG 18250 --- [hotel_reservas] [           main] o.h.q.sqm.function.SqmFunctionRegistry   : Registered SqmFunctionTemplate [NamedSqmFunctionTemplate(min)] under min; prior registration was null
2024-10-07T00:27:06.059-03:00 DEBUG 18250 --- [hotel_reservas] [           main] o.h.q.sqm.function.SqmFunctionRegistry   : Registered SqmFunctionTemplate [NamedSqmFunctionTemplate(sum)] under sum; prior registration was null
2024-10-07T00:27:06.059-03:00 DEBUG 18250 --- [hotel_reservas] [           main] o.h.q.sqm.function.SqmFunctionRegistry   : Registered SqmFunctionTemplate [NamedSqmFunctionTemplate(avg)] under avg; prior registration was null
2024-10-07T00:27:06.060-03:00 DEBUG 18250 --- [hotel_reservas] [           main] o.h.q.sqm.function.SqmFunctionRegistry   : Registered SqmFunctionTemplate [org.hibernate.dialect.function.CountFunction@5709e10b] under count; prior registration was null
2024-10-07T00:27:06.060-03:00 DEBUG 18250 --- [hotel_reservas] [           main] o.h.q.sqm.function.SqmFunctionRegistry   : Registered SqmFunctionTemplate [org.hibernate.dialect.function.EveryAnyEmulation@322ab6ce] under every; prior registration was null
2024-10-07T00:27:06.060-03:00 DEBUG 18250 --- [hotel_reservas] [           main] o.h.q.sqm.function.SqmFunctionRegistry   : Registered SqmFunctionTemplate [org.hibernate.dialect.function.EveryAnyEmulation@5b74902c] under any; prior registration was null
2024-10-07T00:27:06.060-03:00 DEBUG 18250 --- [hotel_reservas] [           main] o.h.q.sqm.function.SqmFunctionRegistry   : Registered SqmFunctionTemplate [NamedSqmFunctionTemplate(floor)] under floor; prior registration was null
2024-10-07T00:27:06.060-03:00 DEBUG 18250 --- [hotel_reservas] [           main] o.h.q.sqm.function.SqmFunctionRegistry   : Registered SqmFunctionTemplate [NamedSqmFunctionTemplate(ceiling)] under ceiling; prior registration was null
2024-10-07T00:27:06.061-03:00 DEBUG 18250 --- [hotel_reservas] [           main] o.h.q.sqm.function.SqmFunctionRegistry   : Registered SqmFunctionTemplate [NamedSqmFunctionTemplate(mod)] under mod; prior registration was null
2024-10-07T00:27:06.061-03:00 DEBUG 18250 --- [hotel_reservas] [           main] o.h.q.sqm.function.SqmFunctionRegistry   : Registered SqmFunctionTemplate [NamedSqmFunctionTemplate(abs)] under abs; prior registration was null
2024-10-07T00:27:06.061-03:00 DEBUG 18250 --- [hotel_reservas] [           main] o.h.q.sqm.function.SqmFunctionRegistry   : Registered SqmFunctionTemplate [NamedSqmFunctionTemplate(sign)] under sign; prior registration was null
2024-10-07T00:27:06.061-03:00 DEBUG 18250 --- [hotel_reservas] [           main] o.h.q.sqm.function.SqmFunctionRegistry   : Registered SqmFunctionTemplate [NamedSqmFunctionTemplate(sqrt)] under sqrt; prior registration was null
2024-10-07T00:27:06.061-03:00 DEBUG 18250 --- [hotel_reservas] [           main] o.h.q.sqm.function.SqmFunctionRegistry   : Registered SqmFunctionTemplate [NamedSqmFunctionTemplate(ln)] under ln; prior registration was null
2024-10-07T00:27:06.061-03:00 DEBUG 18250 --- [hotel_reservas] [           main] o.h.q.sqm.function.SqmFunctionRegistry   : Registered SqmFunctionTemplate [NamedSqmFunctionTemplate(exp)] under exp; prior registration was null
2024-10-07T00:27:06.061-03:00 DEBUG 18250 --- [hotel_reservas] [           main] o.h.q.sqm.function.SqmFunctionRegistry   : Registered SqmFunctionTemplate [NamedSqmFunctionTemplate(power)] under power; prior registration was null
2024-10-07T00:27:06.061-03:00 DEBUG 18250 --- [hotel_reservas] [           main] o.h.q.sqm.function.SqmFunctionRegistry   : Registered SqmFunctionTemplate [NamedSqmFunctionTemplate(round)] under round; prior registration was null
2024-10-07T00:27:06.061-03:00 DEBUG 18250 --- [hotel_reservas] [           main] o.h.q.sqm.function.SqmFunctionRegistry   : Registered SqmFunctionTemplate [NamedSqmFunctionTemplate(sin)] under sin; prior registration was null
2024-10-07T00:27:06.061-03:00 DEBUG 18250 --- [hotel_reservas] [           main] o.h.q.sqm.function.SqmFunctionRegistry   : Registered SqmFunctionTemplate [NamedSqmFunctionTemplate(cos)] under cos; prior registration was null
2024-10-07T00:27:06.061-03:00 DEBUG 18250 --- [hotel_reservas] [           main] o.h.q.sqm.function.SqmFunctionRegistry   : Registered SqmFunctionTemplate [NamedSqmFunctionTemplate(tan)] under tan; prior registration was null
2024-10-07T00:27:06.061-03:00 DEBUG 18250 --- [hotel_reservas] [           main] o.h.q.sqm.function.SqmFunctionRegistry   : Registered SqmFunctionTemplate [NamedSqmFunctionTemplate(asin)] under asin; prior registration was null
2024-10-07T00:27:06.061-03:00 DEBUG 18250 --- [hotel_reservas] [           main] o.h.q.sqm.function.SqmFunctionRegistry   : Registered SqmFunctionTemplate [NamedSqmFunctionTemplate(acos)] under acos; prior registration was null
2024-10-07T00:27:06.061-03:00 DEBUG 18250 --- [hotel_reservas] [           main] o.h.q.sqm.function.SqmFunctionRegistry   : Registered SqmFunctionTemplate [NamedSqmFunctionTemplate(atan)] under atan; prior registration was null
2024-10-07T00:27:06.061-03:00 DEBUG 18250 --- [hotel_reservas] [           main] o.h.q.sqm.function.SqmFunctionRegistry   : Registered SqmFunctionTemplate [NamedSqmFunctionTemplate(atan2)] under atan2; prior registration was null
2024-10-07T00:27:06.062-03:00 DEBUG 18250 --- [hotel_reservas] [           main] o.h.q.sqm.function.SqmFunctionRegistry   : Registered SqmFunctionTemplate [org.hibernate.query.sqm.function.PatternBasedSqmFunctionDescriptor@25dad235] under sinh; prior registration was null
2024-10-07T00:27:06.062-03:00 DEBUG 18250 --- [hotel_reservas] [           main] o.h.q.sqm.function.SqmFunctionRegistry   : Registered SqmFunctionTemplate [org.hibernate.query.sqm.function.PatternBasedSqmFunctionDescriptor@3292eff7] under cosh; prior registration was null
2024-10-07T00:27:06.062-03:00 DEBUG 18250 --- [hotel_reservas] [           main] o.h.q.sqm.function.SqmFunctionRegistry   : Registered SqmFunctionTemplate [org.hibernate.query.sqm.function.PatternBasedSqmFunctionDescriptor@29ea5e0] under tanh; prior registration was null
2024-10-07T00:27:06.062-03:00 DEBUG 18250 --- [hotel_reservas] [           main] o.h.q.sqm.function.SqmFunctionRegistry   : Registered SqmFunctionTemplate [org.hibernate.query.sqm.function.PatternBasedSqmFunctionDescriptor@1c459c28] under pi; prior registration was null
2024-10-07T00:27:06.062-03:00 DEBUG 18250 --- [hotel_reservas] [           main] o.h.q.sqm.function.SqmFunctionRegistry   : Registered SqmFunctionTemplate [org.hibernate.query.sqm.function.PatternBasedSqmFunctionDescriptor@6ffdbeef] under log; prior registration was null
2024-10-07T00:27:06.062-03:00 DEBUG 18250 --- [hotel_reservas] [           main] o.h.q.sqm.function.SqmFunctionRegistry   : Registered SqmFunctionTemplate [NamedSqmFunctionTemplate(coalesce)] under coalesce; prior registration was null
2024-10-07T00:27:06.062-03:00 DEBUG 18250 --- [hotel_reservas] [           main] o.h.q.sqm.function.SqmFunctionRegistry   : Registered SqmFunctionTemplate [NamedSqmFunctionTemplate(nullif)] under nullif; prior registration was null
2024-10-07T00:27:06.062-03:00 DEBUG 18250 --- [hotel_reservas] [           main] o.h.q.sqm.function.SqmFunctionRegistry   : Registered SqmFunctionTemplate [NamedSqmFunctionTemplate(left)] under left; prior registration was null
2024-10-07T00:27:06.062-03:00 DEBUG 18250 --- [hotel_reservas] [           main] o.h.q.sqm.function.SqmFunctionRegistry   : Registered SqmFunctionTemplate [NamedSqmFunctionTemplate(right)] under right; prior registration was null
2024-10-07T00:27:06.062-03:00 DEBUG 18250 --- [hotel_reservas] [           main] o.h.q.sqm.function.SqmFunctionRegistry   : Registered SqmFunctionTemplate [NamedSqmFunctionTemplate(replace)] under replace; prior registration was null
2024-10-07T00:27:06.062-03:00 DEBUG 18250 --- [hotel_reservas] [           main] o.h.q.sqm.function.SqmFunctionRegistry   : Registered SqmFunctionTemplate [NamedSqmFunctionTemplate(concat)] under concat; prior registration was null
2024-10-07T00:27:06.062-03:00 DEBUG 18250 --- [hotel_reservas] [           main] o.h.q.sqm.function.SqmFunctionRegistry   : Registered SqmFunctionTemplate [NamedSqmFunctionTemplate(lower)] under lower; prior registration was null
2024-10-07T00:27:06.063-03:00 DEBUG 18250 --- [hotel_reservas] [           main] o.h.q.sqm.function.SqmFunctionRegistry   : Registered SqmFunctionTemplate [NamedSqmFunctionTemplate(upper)] under upper; prior registration was null
2024-10-07T00:27:06.063-03:00 DEBUG 18250 --- [hotel_reservas] [           main] o.h.q.sqm.function.SqmFunctionRegistry   : Registered SqmFunctionTemplate [NamedSqmFunctionTemplate(substring)] under substring; prior registration was null
2024-10-07T00:27:06.063-03:00 DEBUG 18250 --- [hotel_reservas] [           main] o.h.q.sqm.function.SqmFunctionRegistry   : Registered SqmFunctionTemplate [NamedSqmFunctionTemplate(locate)] under locate; prior registration was null
2024-10-07T00:27:06.063-03:00 DEBUG 18250 --- [hotel_reservas] [           main] o.h.q.sqm.function.SqmFunctionRegistry   : Registered SqmFunctionTemplate [NamedSqmFunctionTemplate(character_length)] under character_length; prior registration was null
2024-10-07T00:27:06.063-03:00 DEBUG 18250 --- [hotel_reservas] [           main] o.h.q.sqm.function.SqmFunctionRegistry   : Registering alternate key : length -> character_length
2024-10-07T00:27:06.063-03:00 DEBUG 18250 --- [hotel_reservas] [           main] o.h.q.sqm.function.SqmFunctionRegistry   : Registered SqmFunctionTemplate [org.hibernate.dialect.function.LocatePositionEmulation@33568e26] under position; prior registration was null
2024-10-07T00:27:06.064-03:00 DEBUG 18250 --- [hotel_reservas] [           main] o.h.q.sqm.function.SqmFunctionRegistry   : Registered SqmFunctionTemplate [org.hibernate.dialect.function.InsertSubstringOverlayEmulation@24010875] under overlay; prior registration was null
2024-10-07T00:27:06.064-03:00 DEBUG 18250 --- [hotel_reservas] [           main] o.h.q.sqm.function.SqmFunctionRegistry   : Registered SqmFunctionTemplate [org.hibernate.dialect.function.TrimFunction@4e030feb] under trim; prior registration was null
2024-10-07T00:27:06.065-03:00 DEBUG 18250 --- [hotel_reservas] [           main] o.h.q.sqm.function.SqmFunctionRegistry   : Registered SqmFunctionTemplate [org.hibernate.dialect.function.CastFunction@37c37d67] under cast; prior registration was null
2024-10-07T00:27:06.065-03:00 DEBUG 18250 --- [hotel_reservas] [           main] o.h.q.sqm.function.SqmFunctionRegistry   : Registered SqmFunctionTemplate [org.hibernate.query.sqm.function.PatternBasedSqmFunctionDescriptor@5a4b8e25] under collate; prior registration was null
2024-10-07T00:27:06.065-03:00 DEBUG 18250 --- [hotel_reservas] [           main] o.h.q.sqm.function.SqmFunctionRegistry   : Registered SqmFunctionTemplate [org.hibernate.dialect.function.ExtractFunction@7028b5cc] under extract; prior registration was null
2024-10-07T00:27:06.065-03:00 DEBUG 18250 --- [hotel_reservas] [           main] o.h.q.sqm.function.SqmFunctionRegistry   : Registered SqmFunctionTemplate [NamedSqmFunctionTemplate(least)] under least; prior registration was null
2024-10-07T00:27:06.065-03:00 DEBUG 18250 --- [hotel_reservas] [           main] o.h.q.sqm.function.SqmFunctionRegistry   : Registered SqmFunctionTemplate [NamedSqmFunctionTemplate(greatest)] under greatest; prior registration was null
2024-10-07T00:27:06.065-03:00 DEBUG 18250 --- [hotel_reservas] [           main] o.h.q.sqm.function.SqmFunctionRegistry   : Registered SqmFunctionTemplate [org.hibernate.dialect.function.CoalesceIfnullEmulation@4604e051] under ifnull; prior registration was null
2024-10-07T00:27:06.065-03:00 DEBUG 18250 --- [hotel_reservas] [           main] o.h.q.sqm.function.SqmFunctionRegistry   : Registered SqmFunctionTemplate [NamedSqmFunctionTemplate(lpad)] under lpad; prior registration was null
2024-10-07T00:27:06.065-03:00 DEBUG 18250 --- [hotel_reservas] [           main] o.h.q.sqm.function.SqmFunctionRegistry   : Registered SqmFunctionTemplate [NamedSqmFunctionTemplate(rpad)] under rpad; prior registration was null
2024-10-07T00:27:06.066-03:00 DEBUG 18250 --- [hotel_reservas] [           main] o.h.q.sqm.function.SqmFunctionRegistry   : Registered SqmFunctionTemplate [org.hibernate.dialect.function.LpadRpadPadEmulation@c1f0c7b] under pad; prior registration was null
2024-10-07T00:27:06.066-03:00 DEBUG 18250 --- [hotel_reservas] [           main] o.h.q.sqm.function.SqmFunctionRegistry   : Registered SqmFunctionTemplate [org.hibernate.dialect.function.CastStrEmulation@5e46a125] under str; prior registration was null
2024-10-07T00:27:06.067-03:00 DEBUG 18250 --- [hotel_reservas] [           main] o.h.q.sqm.function.SqmFunctionRegistry   : Registered SqmFunctionTemplate [org.hibernate.dialect.function.FormatFunction@25b20860] under format; prior registration was null
2024-10-07T00:27:06.067-03:00 DEBUG 18250 --- [hotel_reservas] [           main] o.h.q.sqm.function.SqmFunctionRegistry   : Registered SqmFunctionTemplate [org.hibernate.dialect.function.TimestampaddFunction@1af82ba8] under timestampadd; prior registration was null
2024-10-07T00:27:06.067-03:00 DEBUG 18250 --- [hotel_reservas] [           main] o.h.q.sqm.function.SqmFunctionRegistry   : Registered SqmFunctionTemplate [org.hibernate.dialect.function.TimestampdiffFunction@75de7009] under timestampdiff; prior registration was null
2024-10-07T00:27:06.067-03:00 DEBUG 18250 --- [hotel_reservas] [           main] o.h.q.sqm.function.SqmFunctionRegistry   : Registering alternate key : dateadd -> timestampadd
2024-10-07T00:27:06.067-03:00 DEBUG 18250 --- [hotel_reservas] [           main] o.h.q.sqm.function.SqmFunctionRegistry   : Registering alternate key : datediff -> timestampdiff
2024-10-07T00:27:06.067-03:00 DEBUG 18250 --- [hotel_reservas] [           main] o.h.q.sqm.function.SqmFunctionRegistry   : Registered SqmFunctionTemplate [org.hibernate.dialect.function.CurrentFunction@5f5923ef] under current_date; prior registration was null
2024-10-07T00:27:06.067-03:00 DEBUG 18250 --- [hotel_reservas] [           main] o.h.q.sqm.function.SqmFunctionRegistry   : Registered SqmFunctionTemplate [org.hibernate.dialect.function.CurrentFunction@7381d6f0] under current_time; prior registration was null
2024-10-07T00:27:06.067-03:00 DEBUG 18250 --- [hotel_reservas] [           main] o.h.q.sqm.function.SqmFunctionRegistry   : Registered SqmFunctionTemplate [org.hibernate.dialect.function.CurrentFunction@2f262474] under current_timestamp; prior registration was null
2024-10-07T00:27:06.067-03:00 DEBUG 18250 --- [hotel_reservas] [           main] o.h.q.sqm.function.SqmFunctionRegistry   : Registering alternate key : current date -> current_date
2024-10-07T00:27:06.067-03:00 DEBUG 18250 --- [hotel_reservas] [           main] o.h.q.sqm.function.SqmFunctionRegistry   : Registering alternate key : current time -> current_time
2024-10-07T00:27:06.067-03:00 DEBUG 18250 --- [hotel_reservas] [           main] o.h.q.sqm.function.SqmFunctionRegistry   : Registering alternate key : current timestamp -> current_timestamp
2024-10-07T00:27:06.067-03:00 DEBUG 18250 --- [hotel_reservas] [           main] o.h.q.sqm.function.SqmFunctionRegistry   : Registered SqmFunctionTemplate [org.hibernate.dialect.function.CurrentFunction@7c03f9d0] under local_date; prior registration was null
2024-10-07T00:27:06.067-03:00 DEBUG 18250 --- [hotel_reservas] [           main] o.h.q.sqm.function.SqmFunctionRegistry   : Registered SqmFunctionTemplate [org.hibernate.dialect.function.CurrentFunction@6ad3fbe4] under local_time; prior registration was null
2024-10-07T00:27:06.067-03:00 DEBUG 18250 --- [hotel_reservas] [           main] o.h.q.sqm.function.SqmFunctionRegistry   : Registered SqmFunctionTemplate [org.hibernate.dialect.function.CurrentFunction@17189618] under local_datetime; prior registration was null
2024-10-07T00:27:06.067-03:00 DEBUG 18250 --- [hotel_reservas] [           main] o.h.q.sqm.function.SqmFunctionRegistry   : Registered SqmFunctionTemplate [org.hibernate.dialect.function.CurrentFunction@983050b] under offset_datetime; prior registration was null
2024-10-07T00:27:06.067-03:00 DEBUG 18250 --- [hotel_reservas] [           main] o.h.q.sqm.function.SqmFunctionRegistry   : Registering alternate key : local date -> local_date
2024-10-07T00:27:06.067-03:00 DEBUG 18250 --- [hotel_reservas] [           main] o.h.q.sqm.function.SqmFunctionRegistry   : Registering alternate key : local time -> local_time
2024-10-07T00:27:06.067-03:00 DEBUG 18250 --- [hotel_reservas] [           main] o.h.q.sqm.function.SqmFunctionRegistry   : Registering alternate key : local datetime -> local_datetime
2024-10-07T00:27:06.068-03:00 DEBUG 18250 --- [hotel_reservas] [           main] o.h.q.sqm.function.SqmFunctionRegistry   : Registering alternate key : offset datetime -> offset_datetime
2024-10-07T00:27:06.068-03:00 DEBUG 18250 --- [hotel_reservas] [           main] o.h.q.sqm.function.SqmFunctionRegistry   : Registered SqmFunctionTemplate [org.hibernate.dialect.function.CurrentFunction@6aadb092] under instant; prior registration was null
2024-10-07T00:27:06.068-03:00 DEBUG 18250 --- [hotel_reservas] [           main] o.h.q.sqm.function.SqmFunctionRegistry   : Registering alternate key : current_instant -> instant
2024-10-07T00:27:06.068-03:00 DEBUG 18250 --- [hotel_reservas] [           main] o.h.q.sqm.function.SqmFunctionRegistry   : Registered SqmFunctionTemplate [org.hibernate.dialect.function.SqlFunction@5abb7a8f] under sql; prior registration was null
2024-10-07T00:27:06.068-03:00 DEBUG 18250 --- [hotel_reservas] [           main] o.h.q.sqm.function.SqmFunctionRegistry   : Registered SqmFunctionTemplate [NamedSqmFunctionTemplate(ascii)] under ascii; prior registration was null
2024-10-07T00:27:06.068-03:00 DEBUG 18250 --- [hotel_reservas] [           main] o.h.q.sqm.function.SqmFunctionRegistry   : Registered SqmFunctionTemplate [NamedSqmFunctionTemplate(chr)] under chr; prior registration was null
2024-10-07T00:27:06.068-03:00 DEBUG 18250 --- [hotel_reservas] [           main] o.h.q.sqm.function.SqmFunctionRegistry   : Registering alternate key : char -> chr
2024-10-07T00:27:06.068-03:00 DEBUG 18250 --- [hotel_reservas] [           main] o.h.q.sqm.function.SqmFunctionRegistry   : Registered SqmFunctionTemplate [NamedSqmFunctionTemplate(cosh)] under cosh; prior registration was org.hibernate.query.sqm.function.PatternBasedSqmFunctionDescriptor@3292eff7
2024-10-07T00:27:06.068-03:00 DEBUG 18250 --- [hotel_reservas] [           main] o.h.q.sqm.function.SqmFunctionRegistry   : Registered SqmFunctionTemplate [NamedSqmFunctionTemplate(sinh)] under sinh; prior registration was org.hibernate.query.sqm.function.PatternBasedSqmFunctionDescriptor@25dad235
2024-10-07T00:27:06.068-03:00 DEBUG 18250 --- [hotel_reservas] [           main] o.h.q.sqm.function.SqmFunctionRegistry   : Registered SqmFunctionTemplate [NamedSqmFunctionTemplate(tanh)] under tanh; prior registration was org.hibernate.query.sqm.function.PatternBasedSqmFunctionDescriptor@29ea5e0
2024-10-07T00:27:06.068-03:00 DEBUG 18250 --- [hotel_reservas] [           main] o.h.q.sqm.function.SqmFunctionRegistry   : Registered SqmFunctionTemplate [NamedSqmFunctionTemplate(log)] under log; prior registration was org.hibernate.query.sqm.function.PatternBasedSqmFunctionDescriptor@6ffdbeef
2024-10-07T00:27:06.068-03:00 DEBUG 18250 --- [hotel_reservas] [           main] o.h.q.sqm.function.SqmFunctionRegistry   : Registered SqmFunctionTemplate [org.hibernate.query.sqm.function.PatternBasedSqmFunctionDescriptor@6684589a] under log10; prior registration was null
2024-10-07T00:27:06.068-03:00 DEBUG 18250 --- [hotel_reservas] [           main] o.h.q.sqm.function.SqmFunctionRegistry   : Registered SqmFunctionTemplate [NamedSqmFunctionTemplate(soundex)] under soundex; prior registration was null
2024-10-07T00:27:06.068-03:00 DEBUG 18250 --- [hotel_reservas] [           main] o.h.q.sqm.function.SqmFunctionRegistry   : Registered SqmFunctionTemplate [NamedSqmFunctionTemplate(ltrim)] under ltrim; prior registration was null
2024-10-07T00:27:06.068-03:00 DEBUG 18250 --- [hotel_reservas] [           main] o.h.q.sqm.function.SqmFunctionRegistry   : Registered SqmFunctionTemplate [NamedSqmFunctionTemplate(rtrim)] under rtrim; prior registration was null
2024-10-07T00:27:06.068-03:00 DEBUG 18250 --- [hotel_reservas] [           main] o.h.q.sqm.function.SqmFunctionRegistry   : Registered SqmFunctionTemplate [NamedSqmFunctionTemplate(initcap)] under initcap; prior registration was null
2024-10-07T00:27:06.068-03:00 DEBUG 18250 --- [hotel_reservas] [           main] o.h.q.sqm.function.SqmFunctionRegistry   : Registered SqmFunctionTemplate [NamedSqmFunctionTemplate(instr)] under instr; prior registration was null
2024-10-07T00:27:06.068-03:00 DEBUG 18250 --- [hotel_reservas] [           main] o.h.q.sqm.function.SqmFunctionRegistry   : Registered SqmFunctionTemplate [NamedSqmFunctionTemplate(substr)] under substr; prior registration was null
2024-10-07T00:27:06.068-03:00 DEBUG 18250 --- [hotel_reservas] [           main] o.h.q.sqm.function.SqmFunctionRegistry   : Registered SqmFunctionTemplate [NamedSqmFunctionTemplate(substr)] under substring; prior registration was NamedSqmFunctionTemplate(substring)
2024-10-07T00:27:06.068-03:00 DEBUG 18250 --- [hotel_reservas] [           main] o.h.q.sqm.function.SqmFunctionRegistry   : Registered SqmFunctionTemplate [org.hibernate.query.sqm.function.PatternBasedSqmFunctionDescriptor@5621a671] under left; prior registration was NamedSqmFunctionTemplate(left)
2024-10-07T00:27:06.068-03:00 DEBUG 18250 --- [hotel_reservas] [           main] o.h.q.sqm.function.SqmFunctionRegistry   : Registered SqmFunctionTemplate [org.hibernate.query.sqm.function.PatternBasedSqmFunctionDescriptor@2006fdaa] under right; prior registration was NamedSqmFunctionTemplate(right)
2024-10-07T00:27:06.068-03:00 DEBUG 18250 --- [hotel_reservas] [           main] o.h.q.sqm.function.SqmFunctionRegistry   : Registered SqmFunctionTemplate [NamedSqmFunctionTemplate(translate)] under translate; prior registration was null
2024-10-07T00:27:06.068-03:00 DEBUG 18250 --- [hotel_reservas] [           main] o.h.q.sqm.function.SqmFunctionRegistry   : Registered SqmFunctionTemplate [NamedSqmFunctionTemplate(bitand)] under bitand; prior registration was null
2024-10-07T00:27:06.068-03:00 DEBUG 18250 --- [hotel_reservas] [           main] o.h.q.sqm.function.SqmFunctionRegistry   : Registered SqmFunctionTemplate [NamedSqmFunctionTemplate(last_day)] under last_day; prior registration was null
2024-10-07T00:27:06.068-03:00 DEBUG 18250 --- [hotel_reservas] [           main] o.h.q.sqm.function.SqmFunctionRegistry   : Registered SqmFunctionTemplate [NamedSqmFunctionTemplate(to_number)] under to_number; prior registration was null
2024-10-07T00:27:06.068-03:00 DEBUG 18250 --- [hotel_reservas] [           main] o.h.q.sqm.function.SqmFunctionRegistry   : Registered SqmFunctionTemplate [NamedSqmFunctionTemplate(to_char)] under to_char; prior registration was null
2024-10-07T00:27:06.068-03:00 DEBUG 18250 --- [hotel_reservas] [           main] o.h.q.sqm.function.SqmFunctionRegistry   : Registered SqmFunctionTemplate [NamedSqmFunctionTemplate(to_date)] under to_date; prior registration was null
2024-10-07T00:27:06.068-03:00 DEBUG 18250 --- [hotel_reservas] [           main] o.h.q.sqm.function.SqmFunctionRegistry   : Registered SqmFunctionTemplate [NamedSqmFunctionTemplate(to_timestamp)] under to_timestamp; prior registration was null
2024-10-07T00:27:06.068-03:00 DEBUG 18250 --- [hotel_reservas] [           main] o.h.q.sqm.function.SqmFunctionRegistry   : Registered SqmFunctionTemplate [NamedSqmFunctionTemplate(ceil)] under ceil; prior registration was null
2024-10-07T00:27:06.068-03:00 DEBUG 18250 --- [hotel_reservas] [           main] o.h.q.sqm.function.SqmFunctionRegistry   : Registering alternate key : ceiling -> ceil
2024-10-07T00:27:06.068-03:00 DEBUG 18250 --- [hotel_reservas] [           main] o.h.q.sqm.function.SqmFunctionRegistry   : Registered SqmFunctionTemplate [org.hibernate.query.sqm.function.PatternBasedSqmFunctionDescriptor@21688427] under concat; prior registration was NamedSqmFunctionTemplate(concat)
2024-10-07T00:27:06.068-03:00 DEBUG 18250 --- [hotel_reservas] [           main] o.h.q.sqm.function.SqmFunctionRegistry   : Registered SqmFunctionTemplate [NamedSqmFunctionTemplate(rowid)] under rowid; prior registration was null
2024-10-07T00:27:06.068-03:00 DEBUG 18250 --- [hotel_reservas] [           main] o.h.q.sqm.function.SqmFunctionRegistry   : Registered SqmFunctionTemplate [NamedSqmFunctionTemplate(rownum)] under rownum; prior registration was null
2024-10-07T00:27:06.068-03:00 DEBUG 18250 --- [hotel_reservas] [           main] o.h.q.sqm.function.SqmFunctionRegistry   : Registered SqmFunctionTemplate [NamedSqmFunctionTemplate(sysdate)] under sysdate; prior registration was null
2024-10-07T00:27:06.068-03:00 DEBUG 18250 --- [hotel_reservas] [           main] o.h.q.sqm.function.SqmFunctionRegistry   : Registered SqmFunctionTemplate [NamedSqmFunctionTemplate(systimestamp)] under systimestamp; prior registration was null
2024-10-07T00:27:06.068-03:00 DEBUG 18250 --- [hotel_reservas] [           main] o.h.q.sqm.function.SqmFunctionRegistry   : Registered SqmFunctionTemplate [NamedSqmFunctionTemplate(add_months)] under add_months; prior registration was null
2024-10-07T00:27:06.068-03:00 DEBUG 18250 --- [hotel_reservas] [           main] o.h.q.sqm.function.SqmFunctionRegistry   : Registered SqmFunctionTemplate [NamedSqmFunctionTemplate(months_between)] under months_between; prior registration was null
2024-10-07T00:27:06.069-03:00 DEBUG 18250 --- [hotel_reservas] [           main] o.h.q.sqm.function.SqmFunctionRegistry   : Registered SqmFunctionTemplate [org.hibernate.dialect.function.MinMaxCaseEveryAnyEmulation@4cf5d999] under every; prior registration was org.hibernate.dialect.function.EveryAnyEmulation@322ab6ce
2024-10-07T00:27:06.069-03:00 DEBUG 18250 --- [hotel_reservas] [           main] o.h.q.sqm.function.SqmFunctionRegistry   : Registered SqmFunctionTemplate [org.hibernate.dialect.function.MinMaxCaseEveryAnyEmulation@4bdef487] under any; prior registration was org.hibernate.dialect.function.EveryAnyEmulation@5b74902c
2024-10-07T00:27:06.069-03:00 DEBUG 18250 --- [hotel_reservas] [           main] o.h.q.sqm.function.SqmFunctionRegistry   : Registered SqmFunctionTemplate [org.hibernate.query.sqm.function.PatternBasedSqmFunctionDescriptor@5ea9373e] under repeat; prior registration was null
2024-10-07T00:27:06.069-03:00 DEBUG 18250 --- [hotel_reservas] [           main] o.h.q.sqm.function.SqmFunctionRegistry   : Registered SqmFunctionTemplate [org.hibernate.query.sqm.function.PatternBasedSqmFunctionDescriptor@3e595da3] under radians; prior registration was null
2024-10-07T00:27:06.069-03:00 DEBUG 18250 --- [hotel_reservas] [           main] o.h.q.sqm.function.SqmFunctionRegistry   : Registered SqmFunctionTemplate [org.hibernate.query.sqm.function.PatternBasedSqmFunctionDescriptor@5c0272e0] under degrees; prior registration was null
2024-10-07T00:27:06.069-03:00 DEBUG 18250 --- [hotel_reservas] [           main] o.h.q.sqm.function.SqmFunctionRegistry   : Registered SqmFunctionTemplate [NamedSqmFunctionTemplate(median)] under median; prior registration was null
2024-10-07T00:27:06.069-03:00 DEBUG 18250 --- [hotel_reservas] [           main] o.h.q.sqm.function.SqmFunctionRegistry   : Registered SqmFunctionTemplate [NamedSqmFunctionTemplate(stddev)] under stddev; prior registration was null
2024-10-07T00:27:06.069-03:00 DEBUG 18250 --- [hotel_reservas] [           main] o.h.q.sqm.function.SqmFunctionRegistry   : Registered SqmFunctionTemplate [NamedSqmFunctionTemplate(stddev_pop)] under stddev_pop; prior registration was null
2024-10-07T00:27:06.069-03:00 DEBUG 18250 --- [hotel_reservas] [           main] o.h.q.sqm.function.SqmFunctionRegistry   : Registered SqmFunctionTemplate [NamedSqmFunctionTemplate(stddev_samp)] under stddev_samp; prior registration was null
2024-10-07T00:27:06.069-03:00 DEBUG 18250 --- [hotel_reservas] [           main] o.h.q.sqm.function.SqmFunctionRegistry   : Registered SqmFunctionTemplate [NamedSqmFunctionTemplate(variance)] under variance; prior registration was null
2024-10-07T00:27:06.069-03:00 DEBUG 18250 --- [hotel_reservas] [           main] o.h.q.sqm.function.SqmFunctionRegistry   : Registered SqmFunctionTemplate [NamedSqmFunctionTemplate(var_pop)] under var_pop; prior registration was null
2024-10-07T00:27:06.069-03:00 DEBUG 18250 --- [hotel_reservas] [           main] o.h.q.sqm.function.SqmFunctionRegistry   : Registered SqmFunctionTemplate [NamedSqmFunctionTemplate(var_samp)] under var_samp; prior registration was null
2024-10-07T00:27:06.069-03:00 DEBUG 18250 --- [hotel_reservas] [           main] o.h.q.sqm.function.SqmFunctionRegistry   : Registered SqmFunctionTemplate [NamedSqmFunctionTemplate(covar_pop)] under covar_pop; prior registration was null
2024-10-07T00:27:06.069-03:00 DEBUG 18250 --- [hotel_reservas] [           main] o.h.q.sqm.function.SqmFunctionRegistry   : Registered SqmFunctionTemplate [NamedSqmFunctionTemplate(covar_samp)] under covar_samp; prior registration was null
2024-10-07T00:27:06.069-03:00 DEBUG 18250 --- [hotel_reservas] [           main] o.h.q.sqm.function.SqmFunctionRegistry   : Registered SqmFunctionTemplate [NamedSqmFunctionTemplate(corr)] under corr; prior registration was null
2024-10-07T00:27:06.069-03:00 DEBUG 18250 --- [hotel_reservas] [           main] o.h.q.sqm.function.SqmFunctionRegistry   : Registered SqmFunctionTemplate [NamedSqmFunctionTemplate(regr_avgx)] under regr_avgx; prior registration was null
2024-10-07T00:27:06.069-03:00 DEBUG 18250 --- [hotel_reservas] [           main] o.h.q.sqm.function.SqmFunctionRegistry   : Registered SqmFunctionTemplate [NamedSqmFunctionTemplate(regr_avgy)] under regr_avgy; prior registration was null
2024-10-07T00:27:06.069-03:00 DEBUG 18250 --- [hotel_reservas] [           main] o.h.q.sqm.function.SqmFunctionRegistry   : Registered SqmFunctionTemplate [NamedSqmFunctionTemplate(regr_count)] under regr_count; prior registration was null
2024-10-07T00:27:06.069-03:00 DEBUG 18250 --- [hotel_reservas] [           main] o.h.q.sqm.function.SqmFunctionRegistry   : Registered SqmFunctionTemplate [NamedSqmFunctionTemplate(regr_intercept)] under regr_intercept; prior registration was null
2024-10-07T00:27:06.069-03:00 DEBUG 18250 --- [hotel_reservas] [           main] o.h.q.sqm.function.SqmFunctionRegistry   : Registered SqmFunctionTemplate [NamedSqmFunctionTemplate(regr_r2)] under regr_r2; prior registration was null
2024-10-07T00:27:06.069-03:00 DEBUG 18250 --- [hotel_reservas] [           main] o.h.q.sqm.function.SqmFunctionRegistry   : Registered SqmFunctionTemplate [NamedSqmFunctionTemplate(regr_slope)] under regr_slope; prior registration was null
2024-10-07T00:27:06.069-03:00 DEBUG 18250 --- [hotel_reservas] [           main] o.h.q.sqm.function.SqmFunctionRegistry   : Registered SqmFunctionTemplate [NamedSqmFunctionTemplate(regr_sxx)] under regr_sxx; prior registration was null
2024-10-07T00:27:06.070-03:00 DEBUG 18250 --- [hotel_reservas] [           main] o.h.q.sqm.function.SqmFunctionRegistry   : Registered SqmFunctionTemplate [NamedSqmFunctionTemplate(regr_sxy)] under regr_sxy; prior registration was null
2024-10-07T00:27:06.070-03:00 DEBUG 18250 --- [hotel_reservas] [           main] o.h.q.sqm.function.SqmFunctionRegistry   : Registered SqmFunctionTemplate [NamedSqmFunctionTemplate(regr_syy)] under regr_syy; prior registration was null
2024-10-07T00:27:06.070-03:00 DEBUG 18250 --- [hotel_reservas] [           main] o.h.q.sqm.function.SqmFunctionRegistry   : Registered SqmFunctionTemplate [org.hibernate.dialect.function.LengthFunction@aa23f11] under length; prior registration was null
2024-10-07T00:27:06.070-03:00 DEBUG 18250 --- [hotel_reservas] [           main] o.h.q.sqm.function.SqmFunctionRegistry   : Registering alternate key : character_length -> length
2024-10-07T00:27:06.070-03:00 DEBUG 18250 --- [hotel_reservas] [           main] o.h.q.sqm.function.SqmFunctionRegistry   : Registered SqmFunctionTemplate [org.hibernate.dialect.function.LengthFunction@65a80fdb] under octet_length; prior registration was null
2024-10-07T00:27:06.070-03:00 DEBUG 18250 --- [hotel_reservas] [           main] o.h.q.sqm.function.SqmFunctionRegistry   : Registered SqmFunctionTemplate [org.hibernate.dialect.function.LengthFunction@79e90571] under bit_length; prior registration was null
2024-10-07T00:27:06.070-03:00 DEBUG 18250 --- [hotel_reservas] [           main] o.h.q.sqm.function.SqmFunctionRegistry   : Registered SqmFunctionTemplate [NamedSqmFunctionTemplate(coalesce)] under coalesce; prior registration was NamedSqmFunctionTemplate(coalesce)
2024-10-07T00:27:06.070-03:00 DEBUG 18250 --- [hotel_reservas] [           main] o.h.q.sqm.function.SqmFunctionRegistry   : Registered SqmFunctionTemplate [org.hibernate.query.sqm.function.PatternBasedSqmFunctionDescriptor@7d551ec6] under bitor; prior registration was null
2024-10-07T00:27:06.070-03:00 DEBUG 18250 --- [hotel_reservas] [           main] o.h.q.sqm.function.SqmFunctionRegistry   : Registered SqmFunctionTemplate [org.hibernate.query.sqm.function.PatternBasedSqmFunctionDescriptor@6614ecca] under bitxor; prior registration was null
2024-10-07T00:27:06.070-03:00 DEBUG 18250 --- [hotel_reservas] [           main] o.h.q.sqm.function.SqmFunctionRegistry   : Registered SqmFunctionTemplate [org.hibernate.query.sqm.function.MultipatternSqmFunctionDescriptor@6651efa4] under locate; prior registration was NamedSqmFunctionTemplate(locate)
2024-10-07T00:27:06.070-03:00 DEBUG 18250 --- [hotel_reservas] [           main] o.h.q.sqm.function.SqmFunctionRegistry   : Registered SqmFunctionTemplate [org.hibernate.dialect.function.ListaggFunction@120d13ae] under listagg; prior registration was null
2024-10-07T00:27:06.070-03:00 DEBUG 18250 --- [hotel_reservas] [           main] o.h.q.sqm.function.SqmFunctionRegistry   : Registered SqmFunctionTemplate [NamedSqmFunctionTemplate(row_number)] under row_number; prior registration was null
2024-10-07T00:27:06.071-03:00 DEBUG 18250 --- [hotel_reservas] [           main] o.h.q.sqm.function.SqmFunctionRegistry   : Registered SqmFunctionTemplate [NamedSqmFunctionTemplate(lag)] under lag; prior registration was null
2024-10-07T00:27:06.071-03:00 DEBUG 18250 --- [hotel_reservas] [           main] o.h.q.sqm.function.SqmFunctionRegistry   : Registered SqmFunctionTemplate [NamedSqmFunctionTemplate(lead)] under lead; prior registration was null
2024-10-07T00:27:06.071-03:00 DEBUG 18250 --- [hotel_reservas] [           main] o.h.q.sqm.function.SqmFunctionRegistry   : Registered SqmFunctionTemplate [NamedSqmFunctionTemplate(first_value)] under first_value; prior registration was null
2024-10-07T00:27:06.071-03:00 DEBUG 18250 --- [hotel_reservas] [           main] o.h.q.sqm.function.SqmFunctionRegistry   : Registered SqmFunctionTemplate [NamedSqmFunctionTemplate(last_value)] under last_value; prior registration was null
2024-10-07T00:27:06.071-03:00 DEBUG 18250 --- [hotel_reservas] [           main] o.h.q.sqm.function.SqmFunctionRegistry   : Registered SqmFunctionTemplate [NamedSqmFunctionTemplate(nth_value)] under nth_value; prior registration was null
2024-10-07T00:27:06.071-03:00 DEBUG 18250 --- [hotel_reservas] [           main] o.h.q.sqm.function.SqmFunctionRegistry   : Registered SqmFunctionTemplate [org.hibernate.dialect.function.HypotheticalSetFunction@b3004e] under rank; prior registration was null
2024-10-07T00:27:06.071-03:00 DEBUG 18250 --- [hotel_reservas] [           main] o.h.q.sqm.function.SqmFunctionRegistry   : Registered SqmFunctionTemplate [org.hibernate.dialect.function.HypotheticalSetFunction@559c4e06] under dense_rank; prior registration was null
2024-10-07T00:27:06.071-03:00 DEBUG 18250 --- [hotel_reservas] [           main] o.h.q.sqm.function.SqmFunctionRegistry   : Registered SqmFunctionTemplate [org.hibernate.dialect.function.HypotheticalSetFunction@111cbcda] under percent_rank; prior registration was null
2024-10-07T00:27:06.071-03:00 DEBUG 18250 --- [hotel_reservas] [           main] o.h.q.sqm.function.SqmFunctionRegistry   : Registered SqmFunctionTemplate [org.hibernate.dialect.function.HypotheticalSetFunction@437c1a87] under cume_dist; prior registration was null
2024-10-07T00:27:06.071-03:00 DEBUG 18250 --- [hotel_reservas] [           main] o.h.q.sqm.function.SqmFunctionRegistry   : Registered SqmFunctionTemplate [org.hibernate.dialect.function.InverseDistributionFunction@50734cea] under mode; prior registration was null
2024-10-07T00:27:06.071-03:00 DEBUG 18250 --- [hotel_reservas] [           main] o.h.q.sqm.function.SqmFunctionRegistry   : Registered SqmFunctionTemplate [org.hibernate.dialect.function.InverseDistributionFunction@4e6280de] under percentile_cont; prior registration was null
2024-10-07T00:27:06.071-03:00 DEBUG 18250 --- [hotel_reservas] [           main] o.h.q.sqm.function.SqmFunctionRegistry   : Registered SqmFunctionTemplate [org.hibernate.dialect.function.InverseDistributionFunction@2fca282c] under percentile_disc; prior registration was null
2024-10-07T00:27:06.072-03:00 DEBUG 18250 --- [hotel_reservas] [           main] o.h.q.sqm.function.SqmFunctionRegistry   : Registered SqmFunctionTemplate [org.hibernate.dialect.function.ModeStatsModeEmulation@24b38e8f] under mode; prior registration was org.hibernate.dialect.function.InverseDistributionFunction@50734cea
2024-10-07T00:27:06.073-03:00 DEBUG 18250 --- [hotel_reservas] [           main] o.h.q.sqm.function.SqmFunctionRegistry   : Registered SqmFunctionTemplate [org.hibernate.dialect.function.OracleTruncFunction@1c98fe6f] under trunc; prior registration was null
2024-10-07T00:27:06.073-03:00 DEBUG 18250 --- [hotel_reservas] [           main] o.h.q.sqm.function.SqmFunctionRegistry   : Registering alternate key : truncate -> trunc
2024-10-07T00:27:06.074-03:00 DEBUG 18250 --- [hotel_reservas] [           main] o.h.q.sqm.function.SqmFunctionRegistry   : Registered SqmFunctionTemplate [org.hibernate.dialect.function.array.OracleArrayConstructorFunction@20155dae] under array; prior registration was null
2024-10-07T00:27:06.074-03:00 DEBUG 18250 --- [hotel_reservas] [           main] o.h.q.sqm.function.SqmFunctionRegistry   : Registered SqmFunctionTemplate [org.hibernate.dialect.function.array.OracleArrayConstructorFunction@6c49ea0c] under array_list; prior registration was null
2024-10-07T00:27:06.075-03:00 DEBUG 18250 --- [hotel_reservas] [           main] o.h.q.sqm.function.SqmFunctionRegistry   : Registered SqmFunctionTemplate [org.hibernate.dialect.function.array.OracleArrayAggEmulation@11c25846] under array_agg; prior registration was null
2024-10-07T00:27:06.076-03:00 DEBUG 18250 --- [hotel_reservas] [           main] o.h.q.sqm.function.SqmFunctionRegistry   : Registered SqmFunctionTemplate [org.hibernate.dialect.function.array.OracleArrayPositionFunction@7d80e1b3] under array_position; prior registration was null
2024-10-07T00:27:06.078-03:00 DEBUG 18250 --- [hotel_reservas] [           main] o.h.q.sqm.function.SqmFunctionRegistry   : Registered SqmFunctionTemplate [org.hibernate.dialect.function.array.OracleArrayPositionsFunction@2cacd55e] under array_positions; prior registration was null
2024-10-07T00:27:06.079-03:00 DEBUG 18250 --- [hotel_reservas] [           main] o.h.q.sqm.function.SqmFunctionRegistry   : Registered SqmFunctionTemplate [org.hibernate.dialect.function.array.OracleArrayPositionsFunction@2a16d393] under array_positions_list; prior registration was null
2024-10-07T00:27:06.079-03:00 DEBUG 18250 --- [hotel_reservas] [           main] o.h.q.sqm.function.SqmFunctionRegistry   : Registered SqmFunctionTemplate [org.hibernate.dialect.function.array.OracleArrayLengthFunction@1786150f] under array_length; prior registration was null
2024-10-07T00:27:06.079-03:00 DEBUG 18250 --- [hotel_reservas] [           main] o.h.q.sqm.function.SqmFunctionRegistry   : Registered SqmFunctionTemplate [org.hibernate.dialect.function.array.OracleArrayConcatFunction@44864ebe] under array_concat; prior registration was null
2024-10-07T00:27:06.080-03:00 DEBUG 18250 --- [hotel_reservas] [           main] o.h.q.sqm.function.SqmFunctionRegistry   : Registered SqmFunctionTemplate [org.hibernate.dialect.function.array.OracleArrayConcatElementFunction@2e4339c1] under array_prepend; prior registration was null
2024-10-07T00:27:06.080-03:00 DEBUG 18250 --- [hotel_reservas] [           main] o.h.q.sqm.function.SqmFunctionRegistry   : Registered SqmFunctionTemplate [org.hibernate.dialect.function.array.OracleArrayConcatElementFunction@62dc1203] under array_append; prior registration was null
2024-10-07T00:27:06.080-03:00 DEBUG 18250 --- [hotel_reservas] [           main] o.h.q.sqm.function.SqmFunctionRegistry   : Registered SqmFunctionTemplate [org.hibernate.dialect.function.array.OracleArrayContainsFunction@7d49a1a0] under array_contains; prior registration was null
2024-10-07T00:27:06.080-03:00 DEBUG 18250 --- [hotel_reservas] [           main] o.h.q.sqm.function.SqmFunctionRegistry   : Registered SqmFunctionTemplate [org.hibernate.dialect.function.array.OracleArrayContainsFunction@3a0baec0] under array_contains_nullable; prior registration was null
2024-10-07T00:27:06.081-03:00 DEBUG 18250 --- [hotel_reservas] [           main] o.h.q.sqm.function.SqmFunctionRegistry   : Registered SqmFunctionTemplate [org.hibernate.dialect.function.array.OracleArrayOverlapsFunction@2bf4fa1] under array_overlaps; prior registration was null
2024-10-07T00:27:06.081-03:00 DEBUG 18250 --- [hotel_reservas] [           main] o.h.q.sqm.function.SqmFunctionRegistry   : Registered SqmFunctionTemplate [org.hibernate.dialect.function.array.OracleArrayOverlapsFunction@27210a3b] under array_overlaps_nullable; prior registration was null
2024-10-07T00:27:06.081-03:00 DEBUG 18250 --- [hotel_reservas] [           main] o.h.q.sqm.function.SqmFunctionRegistry   : Registered SqmFunctionTemplate [org.hibernate.dialect.function.array.OracleArrayGetFunction@4895e8f6] under array_get; prior registration was null
2024-10-07T00:27:06.081-03:00 DEBUG 18250 --- [hotel_reservas] [           main] o.h.q.sqm.function.SqmFunctionRegistry   : Registered SqmFunctionTemplate [org.hibernate.dialect.function.array.OracleArraySetFunction@40aad17d] under array_set; prior registration was null
2024-10-07T00:27:06.082-03:00 DEBUG 18250 --- [hotel_reservas] [           main] o.h.q.sqm.function.SqmFunctionRegistry   : Registered SqmFunctionTemplate [org.hibernate.dialect.function.array.OracleArrayRemoveFunction@74f89bad] under array_remove; prior registration was null
2024-10-07T00:27:06.082-03:00 DEBUG 18250 --- [hotel_reservas] [           main] o.h.q.sqm.function.SqmFunctionRegistry   : Registered SqmFunctionTemplate [org.hibernate.dialect.function.array.OracleArrayRemoveIndexFunction@7aa63f50] under array_remove_index; prior registration was null
2024-10-07T00:27:06.082-03:00 DEBUG 18250 --- [hotel_reservas] [           main] o.h.q.sqm.function.SqmFunctionRegistry   : Registered SqmFunctionTemplate [org.hibernate.dialect.function.array.OracleArraySliceFunction@67396475] under array_slice; prior registration was null
2024-10-07T00:27:06.082-03:00 DEBUG 18250 --- [hotel_reservas] [           main] o.h.q.sqm.function.SqmFunctionRegistry   : Registered SqmFunctionTemplate [org.hibernate.dialect.function.array.OracleArrayReplaceFunction@6315bb4] under array_replace; prior registration was null
2024-10-07T00:27:06.083-03:00 DEBUG 18250 --- [hotel_reservas] [           main] o.h.q.sqm.function.SqmFunctionRegistry   : Registered SqmFunctionTemplate [org.hibernate.dialect.function.array.OracleArrayTrimFunction@1dcad16f] under array_trim; prior registration was null
2024-10-07T00:27:06.083-03:00 DEBUG 18250 --- [hotel_reservas] [           main] o.h.q.sqm.function.SqmFunctionRegistry   : Registered SqmFunctionTemplate [org.hibernate.dialect.function.array.OracleArrayFillFunction@44392e64] under array_fill; prior registration was null
2024-10-07T00:27:06.083-03:00 DEBUG 18250 --- [hotel_reservas] [           main] o.h.q.sqm.function.SqmFunctionRegistry   : Registered SqmFunctionTemplate [org.hibernate.dialect.function.array.OracleArrayFillFunction@e18d2a2] under array_fill_list; prior registration was null
2024-10-07T00:27:06.083-03:00 DEBUG 18250 --- [hotel_reservas] [           main] o.h.q.sqm.function.SqmFunctionRegistry   : Registered SqmFunctionTemplate [org.hibernate.dialect.function.array.OracleArrayToStringFunction@1ab28416] under array_to_string; prior registration was null
2024-10-07T00:27:06.084-03:00 DEBUG 18250 --- [hotel_reservas] [           main] org.hibernate.HQL_FUNCTIONS              : abs(NUMERIC arg)
2024-10-07T00:27:06.084-03:00 DEBUG 18250 --- [hotel_reservas] [           main] org.hibernate.HQL_FUNCTIONS              : Double acos(NUMERIC arg)
2024-10-07T00:27:06.084-03:00 DEBUG 18250 --- [hotel_reservas] [           main] org.hibernate.HQL_FUNCTIONS              : add_months(DATE datetime, INTEGER months)
2024-10-07T00:27:06.084-03:00 DEBUG 18250 --- [hotel_reservas] [           main] org.hibernate.HQL_FUNCTIONS              : Boolean any(BOOLEAN arg)
2024-10-07T00:27:06.084-03:00 DEBUG 18250 --- [hotel_reservas] [           main] org.hibernate.HQL_FUNCTIONS              : array( ... )
2024-10-07T00:27:06.084-03:00 DEBUG 18250 --- [hotel_reservas] [           main] org.hibernate.HQL_FUNCTIONS              : array_agg(arg)
2024-10-07T00:27:06.084-03:00 DEBUG 18250 --- [hotel_reservas] [           main] org.hibernate.HQL_FUNCTIONS              : array_append( ... )
2024-10-07T00:27:06.084-03:00 DEBUG 18250 --- [hotel_reservas] [           main] org.hibernate.HQL_FUNCTIONS              : array_concat( ... )
2024-10-07T00:27:06.084-03:00 DEBUG 18250 --- [hotel_reservas] [           main] org.hibernate.HQL_FUNCTIONS              : Boolean array_contains(ARRAY haystackArray, OBJECT needleElementOrArray)
2024-10-07T00:27:06.084-03:00 DEBUG 18250 --- [hotel_reservas] [           main] org.hibernate.HQL_FUNCTIONS              : Boolean array_contains_nullable(ARRAY haystackArray, OBJECT needleElementOrArray)
2024-10-07T00:27:06.084-03:00 DEBUG 18250 --- [hotel_reservas] [           main] org.hibernate.HQL_FUNCTIONS              : array_fill(OBJECT element, INTEGER elementCount)
2024-10-07T00:27:06.084-03:00 DEBUG 18250 --- [hotel_reservas] [           main] org.hibernate.HQL_FUNCTIONS              : array_fill_list(OBJECT element, INTEGER elementCount)
2024-10-07T00:27:06.084-03:00 DEBUG 18250 --- [hotel_reservas] [           main] org.hibernate.HQL_FUNCTIONS              : array_get( ... )
2024-10-07T00:27:06.084-03:00 DEBUG 18250 --- [hotel_reservas] [           main] org.hibernate.HQL_FUNCTIONS              : Integer array_length(ARRAY array)
2024-10-07T00:27:06.084-03:00 DEBUG 18250 --- [hotel_reservas] [           main] org.hibernate.HQL_FUNCTIONS              : array_list( ... )
2024-10-07T00:27:06.084-03:00 DEBUG 18250 --- [hotel_reservas] [           main] org.hibernate.HQL_FUNCTIONS              : Boolean array_overlaps(ARRAY array0, OBJECT array1)
2024-10-07T00:27:06.084-03:00 DEBUG 18250 --- [hotel_reservas] [           main] org.hibernate.HQL_FUNCTIONS              : Boolean array_overlaps_nullable(ARRAY array0, OBJECT array1)
2024-10-07T00:27:06.084-03:00 DEBUG 18250 --- [hotel_reservas] [           main] org.hibernate.HQL_FUNCTIONS              : Integer array_position(ARRAY array, OBJECT element[, INTEGER startPosition])
2024-10-07T00:27:06.084-03:00 DEBUG 18250 --- [hotel_reservas] [           main] org.hibernate.HQL_FUNCTIONS              : int[] array_positions(ARRAY array, OBJECT element)
2024-10-07T00:27:06.084-03:00 DEBUG 18250 --- [hotel_reservas] [           main] org.hibernate.HQL_FUNCTIONS              : List array_positions_list(ARRAY array, OBJECT element)
2024-10-07T00:27:06.084-03:00 DEBUG 18250 --- [hotel_reservas] [           main] org.hibernate.HQL_FUNCTIONS              : array_prepend( ... )
2024-10-07T00:27:06.084-03:00 DEBUG 18250 --- [hotel_reservas] [           main] org.hibernate.HQL_FUNCTIONS              : array_remove( ... )
2024-10-07T00:27:06.084-03:00 DEBUG 18250 --- [hotel_reservas] [           main] org.hibernate.HQL_FUNCTIONS              : array_remove_index( ... )
2024-10-07T00:27:06.084-03:00 DEBUG 18250 --- [hotel_reservas] [           main] org.hibernate.HQL_FUNCTIONS              : array_replace( ... )
2024-10-07T00:27:06.084-03:00 DEBUG 18250 --- [hotel_reservas] [           main] org.hibernate.HQL_FUNCTIONS              : array_set( ... )
2024-10-07T00:27:06.084-03:00 DEBUG 18250 --- [hotel_reservas] [           main] org.hibernate.HQL_FUNCTIONS              : array_slice( ... )
2024-10-07T00:27:06.084-03:00 DEBUG 18250 --- [hotel_reservas] [           main] org.hibernate.HQL_FUNCTIONS              : String array_to_string( ... )
2024-10-07T00:27:06.084-03:00 DEBUG 18250 --- [hotel_reservas] [           main] org.hibernate.HQL_FUNCTIONS              : array_trim( ... )
2024-10-07T00:27:06.085-03:00 DEBUG 18250 --- [hotel_reservas] [           main] org.hibernate.HQL_FUNCTIONS              : Integer ascii(STRING arg)
2024-10-07T00:27:06.085-03:00 DEBUG 18250 --- [hotel_reservas] [           main] org.hibernate.HQL_FUNCTIONS              : Double asin(NUMERIC arg)
2024-10-07T00:27:06.085-03:00 DEBUG 18250 --- [hotel_reservas] [           main] org.hibernate.HQL_FUNCTIONS              : Double atan(NUMERIC arg)
2024-10-07T00:27:06.085-03:00 DEBUG 18250 --- [hotel_reservas] [           main] org.hibernate.HQL_FUNCTIONS              : Double atan2(NUMERIC arg0, NUMERIC arg1)
2024-10-07T00:27:06.085-03:00 DEBUG 18250 --- [hotel_reservas] [           main] org.hibernate.HQL_FUNCTIONS              : avg(arg)
2024-10-07T00:27:06.085-03:00 DEBUG 18250 --- [hotel_reservas] [           main] org.hibernate.HQL_FUNCTIONS              : Integer bit_length(STRING_OR_CLOB arg)
2024-10-07T00:27:06.085-03:00 DEBUG 18250 --- [hotel_reservas] [           main] org.hibernate.HQL_FUNCTIONS              : bitand(arg0, arg1)
2024-10-07T00:27:06.085-03:00 DEBUG 18250 --- [hotel_reservas] [           main] org.hibernate.HQL_FUNCTIONS              : bitor(arg0, arg1)
2024-10-07T00:27:06.085-03:00 DEBUG 18250 --- [hotel_reservas] [           main] org.hibernate.HQL_FUNCTIONS              : bitxor(arg0, arg1)
2024-10-07T00:27:06.085-03:00 DEBUG 18250 --- [hotel_reservas] [           main] org.hibernate.HQL_FUNCTIONS              : cast(arg as Type)
2024-10-07T00:27:06.085-03:00 DEBUG 18250 --- [hotel_reservas] [           main] org.hibernate.HQL_FUNCTIONS              : ceil(NUMERIC arg)
2024-10-07T00:27:06.085-03:00 DEBUG 18250 --- [hotel_reservas] [           main] org.hibernate.HQL_FUNCTIONS              : ceiling(NUMERIC arg)
2024-10-07T00:27:06.085-03:00 DEBUG 18250 --- [hotel_reservas] [           main] org.hibernate.HQL_FUNCTIONS              : Character char(INTEGER arg)
2024-10-07T00:27:06.085-03:00 DEBUG 18250 --- [hotel_reservas] [           main] org.hibernate.HQL_FUNCTIONS              : Integer character_length(STRING_OR_CLOB arg)
2024-10-07T00:27:06.085-03:00 DEBUG 18250 --- [hotel_reservas] [           main] org.hibernate.HQL_FUNCTIONS              : Character chr(INTEGER arg)
2024-10-07T00:27:06.085-03:00 DEBUG 18250 --- [hotel_reservas] [           main] org.hibernate.HQL_FUNCTIONS              : coalesce(arg0[, arg1[, ...]])
2024-10-07T00:27:06.085-03:00 DEBUG 18250 --- [hotel_reservas] [           main] org.hibernate.HQL_FUNCTIONS              : String collate(STRING string as COLLATION collation)
2024-10-07T00:27:06.085-03:00 DEBUG 18250 --- [hotel_reservas] [           main] org.hibernate.HQL_FUNCTIONS              : String concat(STRING string0[, STRING string1[, ...]])
2024-10-07T00:27:06.085-03:00 DEBUG 18250 --- [hotel_reservas] [           main] org.hibernate.HQL_FUNCTIONS              : Double corr(NUMERIC arg0, NUMERIC arg1)
2024-10-07T00:27:06.085-03:00 DEBUG 18250 --- [hotel_reservas] [           main] org.hibernate.HQL_FUNCTIONS              : Double cos(NUMERIC arg)
2024-10-07T00:27:06.085-03:00 DEBUG 18250 --- [hotel_reservas] [           main] org.hibernate.HQL_FUNCTIONS              : Double cosh(NUMERIC arg)
2024-10-07T00:27:06.085-03:00 DEBUG 18250 --- [hotel_reservas] [           main] org.hibernate.HQL_FUNCTIONS              : Long count([distinct ]{arg|*})
2024-10-07T00:27:06.085-03:00 DEBUG 18250 --- [hotel_reservas] [           main] org.hibernate.HQL_FUNCTIONS              : Double covar_pop(NUMERIC arg0, NUMERIC arg1)
2024-10-07T00:27:06.085-03:00 DEBUG 18250 --- [hotel_reservas] [           main] org.hibernate.HQL_FUNCTIONS              : Double covar_samp(NUMERIC arg0, NUMERIC arg1)
2024-10-07T00:27:06.085-03:00 DEBUG 18250 --- [hotel_reservas] [           main] org.hibernate.HQL_FUNCTIONS              : Double cume_dist([arg0[, ...]])
2024-10-07T00:27:06.085-03:00 DEBUG 18250 --- [hotel_reservas] [           main] org.hibernate.HQL_FUNCTIONS              : Date current date
2024-10-07T00:27:06.085-03:00 DEBUG 18250 --- [hotel_reservas] [           main] org.hibernate.HQL_FUNCTIONS              : Time current time
2024-10-07T00:27:06.085-03:00 DEBUG 18250 --- [hotel_reservas] [           main] org.hibernate.HQL_FUNCTIONS              : Timestamp current timestamp
2024-10-07T00:27:06.085-03:00 DEBUG 18250 --- [hotel_reservas] [           main] org.hibernate.HQL_FUNCTIONS              : Date current_date
2024-10-07T00:27:06.085-03:00 DEBUG 18250 --- [hotel_reservas] [           main] org.hibernate.HQL_FUNCTIONS              : Instant current_instant
2024-10-07T00:27:06.085-03:00 DEBUG 18250 --- [hotel_reservas] [           main] org.hibernate.HQL_FUNCTIONS              : Time current_time
2024-10-07T00:27:06.085-03:00 DEBUG 18250 --- [hotel_reservas] [           main] org.hibernate.HQL_FUNCTIONS              : Timestamp current_timestamp
2024-10-07T00:27:06.085-03:00 DEBUG 18250 --- [hotel_reservas] [           main] org.hibernate.HQL_FUNCTIONS              : dateadd(TEMPORAL_UNIT field, INTEGER magnitude, TEMPORAL datetime)
2024-10-07T00:27:06.085-03:00 DEBUG 18250 --- [hotel_reservas] [           main] org.hibernate.HQL_FUNCTIONS              : Long|Double datediff(TEMPORAL_UNIT field, TEMPORAL start, TEMPORAL end)
2024-10-07T00:27:06.085-03:00 DEBUG 18250 --- [hotel_reservas] [           main] org.hibernate.HQL_FUNCTIONS              : Double degrees(NUMERIC arg)
2024-10-07T00:27:06.085-03:00 DEBUG 18250 --- [hotel_reservas] [           main] org.hibernate.HQL_FUNCTIONS              : Long dense_rank([arg0[, ...]])
2024-10-07T00:27:06.085-03:00 DEBUG 18250 --- [hotel_reservas] [           main] org.hibernate.HQL_FUNCTIONS              : Boolean every(BOOLEAN arg)
2024-10-07T00:27:06.085-03:00 DEBUG 18250 --- [hotel_reservas] [           main] org.hibernate.HQL_FUNCTIONS              : Double exp(NUMERIC arg)
2024-10-07T00:27:06.085-03:00 DEBUG 18250 --- [hotel_reservas] [           main] org.hibernate.HQL_FUNCTIONS              : extract(TEMPORAL_UNIT field from TEMPORAL arg)
2024-10-07T00:27:06.085-03:00 DEBUG 18250 --- [hotel_reservas] [           main] org.hibernate.HQL_FUNCTIONS              : first_valueANY value
2024-10-07T00:27:06.085-03:00 DEBUG 18250 --- [hotel_reservas] [           main] org.hibernate.HQL_FUNCTIONS              : floor(NUMERIC arg)
2024-10-07T00:27:06.085-03:00 DEBUG 18250 --- [hotel_reservas] [           main] org.hibernate.HQL_FUNCTIONS              : String format(TEMPORAL datetime as STRING pattern)
2024-10-07T00:27:06.085-03:00 DEBUG 18250 --- [hotel_reservas] [           main] org.hibernate.HQL_FUNCTIONS              : greatest(COMPARABLE arg0, COMPARABLE arg1[, arg2[, ...]])
2024-10-07T00:27:06.085-03:00 DEBUG 18250 --- [hotel_reservas] [           main] org.hibernate.HQL_FUNCTIONS              : ifnull(arg0, arg1)
2024-10-07T00:27:06.085-03:00 DEBUG 18250 --- [hotel_reservas] [           main] org.hibernate.HQL_FUNCTIONS              : String initcap(arg)
2024-10-07T00:27:06.085-03:00 DEBUG 18250 --- [hotel_reservas] [           main] org.hibernate.HQL_FUNCTIONS              : Instant instant
2024-10-07T00:27:06.085-03:00 DEBUG 18250 --- [hotel_reservas] [           main] org.hibernate.HQL_FUNCTIONS              : Integer instr(STRING string, STRING pattern[, INTEGER start[, INTEGER occurrence]])
2024-10-07T00:27:06.085-03:00 DEBUG 18250 --- [hotel_reservas] [           main] org.hibernate.HQL_FUNCTIONS              : lagANY value[, INTEGER offset[, ANY default]]
2024-10-07T00:27:06.085-03:00 DEBUG 18250 --- [hotel_reservas] [           main] org.hibernate.HQL_FUNCTIONS              : Date last_day(DATE arg)
2024-10-07T00:27:06.085-03:00 DEBUG 18250 --- [hotel_reservas] [           main] org.hibernate.HQL_FUNCTIONS              : last_valueANY value
2024-10-07T00:27:06.085-03:00 DEBUG 18250 --- [hotel_reservas] [           main] org.hibernate.HQL_FUNCTIONS              : leadANY value[, INTEGER offset[, ANY default]]
2024-10-07T00:27:06.085-03:00 DEBUG 18250 --- [hotel_reservas] [           main] org.hibernate.HQL_FUNCTIONS              : least(COMPARABLE arg0, COMPARABLE arg1[, arg2[, ...]])
2024-10-07T00:27:06.085-03:00 DEBUG 18250 --- [hotel_reservas] [           main] org.hibernate.HQL_FUNCTIONS              : String left(STRING string, INTEGER length)
2024-10-07T00:27:06.085-03:00 DEBUG 18250 --- [hotel_reservas] [           main] org.hibernate.HQL_FUNCTIONS              : Integer length(STRING_OR_CLOB arg)
2024-10-07T00:27:06.085-03:00 DEBUG 18250 --- [hotel_reservas] [           main] org.hibernate.HQL_FUNCTIONS              : String listagg(STRING arg0, STRING arg1)
2024-10-07T00:27:06.085-03:00 DEBUG 18250 --- [hotel_reservas] [           main] org.hibernate.HQL_FUNCTIONS              : Double ln(NUMERIC arg)
2024-10-07T00:27:06.085-03:00 DEBUG 18250 --- [hotel_reservas] [           main] org.hibernate.HQL_FUNCTIONS              : LocalDate local date
2024-10-07T00:27:06.085-03:00 DEBUG 18250 --- [hotel_reservas] [           main] org.hibernate.HQL_FUNCTIONS              : LocalDateTime local datetime
2024-10-07T00:27:06.085-03:00 DEBUG 18250 --- [hotel_reservas] [           main] org.hibernate.HQL_FUNCTIONS              : LocalTime local time
2024-10-07T00:27:06.086-03:00 DEBUG 18250 --- [hotel_reservas] [           main] org.hibernate.HQL_FUNCTIONS              : LocalDate local_date
2024-10-07T00:27:06.086-03:00 DEBUG 18250 --- [hotel_reservas] [           main] org.hibernate.HQL_FUNCTIONS              : LocalDateTime local_datetime
2024-10-07T00:27:06.086-03:00 DEBUG 18250 --- [hotel_reservas] [           main] org.hibernate.HQL_FUNCTIONS              : LocalTime local_time
2024-10-07T00:27:06.086-03:00 DEBUG 18250 --- [hotel_reservas] [           main] org.hibernate.HQL_FUNCTIONS              : Integer locate(pattern, string[, start])
2024-10-07T00:27:06.086-03:00 DEBUG 18250 --- [hotel_reservas] [           main] org.hibernate.HQL_FUNCTIONS              : Double log(NUMERIC arg0[, NUMERIC arg1])
2024-10-07T00:27:06.086-03:00 DEBUG 18250 --- [hotel_reservas] [           main] org.hibernate.HQL_FUNCTIONS              : Double log10(NUMERIC arg)
2024-10-07T00:27:06.086-03:00 DEBUG 18250 --- [hotel_reservas] [           main] org.hibernate.HQL_FUNCTIONS              : String lower(STRING string)
2024-10-07T00:27:06.086-03:00 DEBUG 18250 --- [hotel_reservas] [           main] org.hibernate.HQL_FUNCTIONS              : String lpad(STRING string, INTEGER length[, STRING padding])
2024-10-07T00:27:06.086-03:00 DEBUG 18250 --- [hotel_reservas] [           main] org.hibernate.HQL_FUNCTIONS              : String ltrim(STRING string[, STRING characters])
2024-10-07T00:27:06.086-03:00 DEBUG 18250 --- [hotel_reservas] [           main] org.hibernate.HQL_FUNCTIONS              : max(COMPARABLE arg)
2024-10-07T00:27:06.086-03:00 DEBUG 18250 --- [hotel_reservas] [           main] org.hibernate.HQL_FUNCTIONS              : Double median(NUMERIC arg)
2024-10-07T00:27:06.086-03:00 DEBUG 18250 --- [hotel_reservas] [           main] org.hibernate.HQL_FUNCTIONS              : min(COMPARABLE arg)
2024-10-07T00:27:06.086-03:00 DEBUG 18250 --- [hotel_reservas] [           main] org.hibernate.HQL_FUNCTIONS              : Integer mod(INTEGER arg0, INTEGER arg1)
2024-10-07T00:27:06.086-03:00 DEBUG 18250 --- [hotel_reservas] [           main] org.hibernate.HQL_FUNCTIONS              : mode()
2024-10-07T00:27:06.086-03:00 DEBUG 18250 --- [hotel_reservas] [           main] org.hibernate.HQL_FUNCTIONS              : Integer months_between(DATE end, DATE start)
2024-10-07T00:27:06.086-03:00 DEBUG 18250 --- [hotel_reservas] [           main] org.hibernate.HQL_FUNCTIONS              : nth_valueANY value, INTEGER nth
2024-10-07T00:27:06.086-03:00 DEBUG 18250 --- [hotel_reservas] [           main] org.hibernate.HQL_FUNCTIONS              : nullif(arg0, arg1)
2024-10-07T00:27:06.086-03:00 DEBUG 18250 --- [hotel_reservas] [           main] org.hibernate.HQL_FUNCTIONS              : Integer octet_length(STRING_OR_CLOB arg)
2024-10-07T00:27:06.086-03:00 DEBUG 18250 --- [hotel_reservas] [           main] org.hibernate.HQL_FUNCTIONS              : OffsetDateTime offset datetime
2024-10-07T00:27:06.086-03:00 DEBUG 18250 --- [hotel_reservas] [           main] org.hibernate.HQL_FUNCTIONS              : OffsetDateTime offset_datetime
2024-10-07T00:27:06.086-03:00 DEBUG 18250 --- [hotel_reservas] [           main] org.hibernate.HQL_FUNCTIONS              : String overlay(STRING string placing STRING replacement from INTEGER start[ for INTEGER length])
2024-10-07T00:27:06.086-03:00 DEBUG 18250 --- [hotel_reservas] [           main] org.hibernate.HQL_FUNCTIONS              : String pad(STRING string with INTEGER length {leading|trailing}[ STRING character])
2024-10-07T00:27:06.086-03:00 DEBUG 18250 --- [hotel_reservas] [           main] org.hibernate.HQL_FUNCTIONS              : Double percent_rank([arg0[, ...]])
2024-10-07T00:27:06.086-03:00 DEBUG 18250 --- [hotel_reservas] [           main] org.hibernate.HQL_FUNCTIONS              : percentile_cont(NUMERIC arg)
2024-10-07T00:27:06.086-03:00 DEBUG 18250 --- [hotel_reservas] [           main] org.hibernate.HQL_FUNCTIONS              : percentile_disc(NUMERIC arg)
2024-10-07T00:27:06.086-03:00 DEBUG 18250 --- [hotel_reservas] [           main] org.hibernate.HQL_FUNCTIONS              : Double pi
2024-10-07T00:27:06.086-03:00 DEBUG 18250 --- [hotel_reservas] [           main] org.hibernate.HQL_FUNCTIONS              : Integer position(STRING pattern in STRING string)
2024-10-07T00:27:06.086-03:00 DEBUG 18250 --- [hotel_reservas] [           main] org.hibernate.HQL_FUNCTIONS              : Double power(NUMERIC arg0, NUMERIC arg1)
2024-10-07T00:27:06.086-03:00 DEBUG 18250 --- [hotel_reservas] [           main] org.hibernate.HQL_FUNCTIONS              : Double radians(NUMERIC arg)
2024-10-07T00:27:06.086-03:00 DEBUG 18250 --- [hotel_reservas] [           main] org.hibernate.HQL_FUNCTIONS              : Long rank([arg0[, ...]])
2024-10-07T00:27:06.086-03:00 DEBUG 18250 --- [hotel_reservas] [           main] org.hibernate.HQL_FUNCTIONS              : Double regr_avgx(NUMERIC arg0, NUMERIC arg1)
2024-10-07T00:27:06.086-03:00 DEBUG 18250 --- [hotel_reservas] [           main] org.hibernate.HQL_FUNCTIONS              : Double regr_avgy(NUMERIC arg0, NUMERIC arg1)
2024-10-07T00:27:06.086-03:00 DEBUG 18250 --- [hotel_reservas] [           main] org.hibernate.HQL_FUNCTIONS              : Double regr_count(NUMERIC arg0, NUMERIC arg1)
2024-10-07T00:27:06.086-03:00 DEBUG 18250 --- [hotel_reservas] [           main] org.hibernate.HQL_FUNCTIONS              : Double regr_intercept(NUMERIC arg0, NUMERIC arg1)
2024-10-07T00:27:06.086-03:00 DEBUG 18250 --- [hotel_reservas] [           main] org.hibernate.HQL_FUNCTIONS              : Double regr_r2(NUMERIC arg0, NUMERIC arg1)
2024-10-07T00:27:06.086-03:00 DEBUG 18250 --- [hotel_reservas] [           main] org.hibernate.HQL_FUNCTIONS              : Double regr_slope(NUMERIC arg0, NUMERIC arg1)
2024-10-07T00:27:06.086-03:00 DEBUG 18250 --- [hotel_reservas] [           main] org.hibernate.HQL_FUNCTIONS              : Double regr_sxx(NUMERIC arg0, NUMERIC arg1)
2024-10-07T00:27:06.086-03:00 DEBUG 18250 --- [hotel_reservas] [           main] org.hibernate.HQL_FUNCTIONS              : Double regr_sxy(NUMERIC arg0, NUMERIC arg1)
2024-10-07T00:27:06.086-03:00 DEBUG 18250 --- [hotel_reservas] [           main] org.hibernate.HQL_FUNCTIONS              : Double regr_syy(NUMERIC arg0, NUMERIC arg1)
2024-10-07T00:27:06.086-03:00 DEBUG 18250 --- [hotel_reservas] [           main] org.hibernate.HQL_FUNCTIONS              : String repeat(STRING string, INTEGER times)
2024-10-07T00:27:06.086-03:00 DEBUG 18250 --- [hotel_reservas] [           main] org.hibernate.HQL_FUNCTIONS              : String replace(STRING string, STRING pattern, STRING replacement)
2024-10-07T00:27:06.086-03:00 DEBUG 18250 --- [hotel_reservas] [           main] org.hibernate.HQL_FUNCTIONS              : String right(STRING string, INTEGER length)
2024-10-07T00:27:06.086-03:00 DEBUG 18250 --- [hotel_reservas] [           main] org.hibernate.HQL_FUNCTIONS              : round(NUMERIC number[, INTEGER places])
2024-10-07T00:27:06.086-03:00 DEBUG 18250 --- [hotel_reservas] [           main] org.hibernate.HQL_FUNCTIONS              : Long row_number()
2024-10-07T00:27:06.086-03:00 DEBUG 18250 --- [hotel_reservas] [           main] org.hibernate.HQL_FUNCTIONS              : Long rowid
2024-10-07T00:27:06.086-03:00 DEBUG 18250 --- [hotel_reservas] [           main] org.hibernate.HQL_FUNCTIONS              : Long rownum
2024-10-07T00:27:06.086-03:00 DEBUG 18250 --- [hotel_reservas] [           main] org.hibernate.HQL_FUNCTIONS              : String rpad(STRING string, INTEGER length[, STRING padding])
2024-10-07T00:27:06.086-03:00 DEBUG 18250 --- [hotel_reservas] [           main] org.hibernate.HQL_FUNCTIONS              : String rtrim(STRING string[, STRING characters])
2024-10-07T00:27:06.086-03:00 DEBUG 18250 --- [hotel_reservas] [           main] org.hibernate.HQL_FUNCTIONS              : Integer sign(NUMERIC arg)
2024-10-07T00:27:06.086-03:00 DEBUG 18250 --- [hotel_reservas] [           main] org.hibernate.HQL_FUNCTIONS              : Double sin(NUMERIC arg)
2024-10-07T00:27:06.086-03:00 DEBUG 18250 --- [hotel_reservas] [           main] org.hibernate.HQL_FUNCTIONS              : Double sinh(NUMERIC arg)
2024-10-07T00:27:06.086-03:00 DEBUG 18250 --- [hotel_reservas] [           main] org.hibernate.HQL_FUNCTIONS              : String soundex(arg)
2024-10-07T00:27:06.086-03:00 DEBUG 18250 --- [hotel_reservas] [           main] org.hibernate.HQL_FUNCTIONS              : Object sql
2024-10-07T00:27:06.086-03:00 DEBUG 18250 --- [hotel_reservas] [           main] org.hibernate.HQL_FUNCTIONS              : Double sqrt(NUMERIC arg)
2024-10-07T00:27:06.086-03:00 DEBUG 18250 --- [hotel_reservas] [           main] org.hibernate.HQL_FUNCTIONS              : Double stddev(NUMERIC arg)
2024-10-07T00:27:06.086-03:00 DEBUG 18250 --- [hotel_reservas] [           main] org.hibernate.HQL_FUNCTIONS              : Double stddev_pop(NUMERIC arg)
2024-10-07T00:27:06.086-03:00 DEBUG 18250 --- [hotel_reservas] [           main] org.hibernate.HQL_FUNCTIONS              : Double stddev_samp(NUMERIC arg)
2024-10-07T00:27:06.086-03:00 DEBUG 18250 --- [hotel_reservas] [           main] org.hibernate.HQL_FUNCTIONS              : String str(arg)
2024-10-07T00:27:06.086-03:00 DEBUG 18250 --- [hotel_reservas] [           main] org.hibernate.HQL_FUNCTIONS              : String substr(STRING string, INTEGER start[, INTEGER length])
2024-10-07T00:27:06.086-03:00 DEBUG 18250 --- [hotel_reservas] [           main] org.hibernate.HQL_FUNCTIONS              : String substring(STRING string{ from|,} INTEGER start[{ for|,} INTEGER length])
2024-10-07T00:27:06.086-03:00 DEBUG 18250 --- [hotel_reservas] [           main] org.hibernate.HQL_FUNCTIONS              : sum(arg)
2024-10-07T00:27:06.086-03:00 DEBUG 18250 --- [hotel_reservas] [           main] org.hibernate.HQL_FUNCTIONS              : Timestamp sysdate
2024-10-07T00:27:06.086-03:00 DEBUG 18250 --- [hotel_reservas] [           main] org.hibernate.HQL_FUNCTIONS              : Timestamp systimestamp
2024-10-07T00:27:06.086-03:00 DEBUG 18250 --- [hotel_reservas] [           main] org.hibernate.HQL_FUNCTIONS              : Double tan(NUMERIC arg)
2024-10-07T00:27:06.086-03:00 DEBUG 18250 --- [hotel_reservas] [           main] org.hibernate.HQL_FUNCTIONS              : Double tanh(NUMERIC arg)
2024-10-07T00:27:06.086-03:00 DEBUG 18250 --- [hotel_reservas] [           main] org.hibernate.HQL_FUNCTIONS              : timestampadd(TEMPORAL_UNIT field, INTEGER magnitude, TEMPORAL datetime)
2024-10-07T00:27:06.086-03:00 DEBUG 18250 --- [hotel_reservas] [           main] org.hibernate.HQL_FUNCTIONS              : Long|Double timestampdiff(TEMPORAL_UNIT field, TEMPORAL start, TEMPORAL end)
2024-10-07T00:27:06.086-03:00 DEBUG 18250 --- [hotel_reservas] [           main] org.hibernate.HQL_FUNCTIONS              : String to_char(ANY arg0[, STRING arg1, STRING arg2])
2024-10-07T00:27:06.086-03:00 DEBUG 18250 --- [hotel_reservas] [           main] org.hibernate.HQL_FUNCTIONS              : Date to_date(STRING arg0[, STRING arg1, STRING arg2])
2024-10-07T00:27:06.086-03:00 DEBUG 18250 --- [hotel_reservas] [           main] org.hibernate.HQL_FUNCTIONS              : Double to_number(STRING arg0[, STRING arg1, STRING arg2])
2024-10-07T00:27:06.087-03:00 DEBUG 18250 --- [hotel_reservas] [           main] org.hibernate.HQL_FUNCTIONS              : Timestamp to_timestamp(STRING arg0[, STRING arg1, STRING arg2])
2024-10-07T00:27:06.087-03:00 DEBUG 18250 --- [hotel_reservas] [           main] org.hibernate.HQL_FUNCTIONS              : String translate(STRING arg0, STRING arg1, STRING arg2)
2024-10-07T00:27:06.087-03:00 DEBUG 18250 --- [hotel_reservas] [           main] org.hibernate.HQL_FUNCTIONS              : String trim([[{leading|trailing|both} ][STRING arg0 ]from] STRING arg1)
2024-10-07T00:27:06.087-03:00 DEBUG 18250 --- [hotel_reservas] [           main] org.hibernate.HQL_FUNCTIONS              : trunc( ... )
2024-10-07T00:27:06.087-03:00 DEBUG 18250 --- [hotel_reservas] [           main] org.hibernate.HQL_FUNCTIONS              : truncate( ... )
2024-10-07T00:27:06.087-03:00 DEBUG 18250 --- [hotel_reservas] [           main] org.hibernate.HQL_FUNCTIONS              : String upper(STRING string)
2024-10-07T00:27:06.087-03:00 DEBUG 18250 --- [hotel_reservas] [           main] org.hibernate.HQL_FUNCTIONS              : Double var_pop(NUMERIC arg)
2024-10-07T00:27:06.087-03:00 DEBUG 18250 --- [hotel_reservas] [           main] org.hibernate.HQL_FUNCTIONS              : Double var_samp(NUMERIC arg)
2024-10-07T00:27:06.087-03:00 DEBUG 18250 --- [hotel_reservas] [           main] org.hibernate.HQL_FUNCTIONS              : Double variance(NUMERIC arg)
2024-10-07T00:27:06.089-03:00 DEBUG 18250 --- [hotel_reservas] [           main] org.hibernate.orm.query.plan.cache       : Starting QueryInterpretationCache(2048)
2024-10-07T00:27:06.127-03:00 DEBUG 18250 --- [hotel_reservas] [           main] .h.s.i.SessionFactoryServiceRegistryImpl : EventListenerRegistry access via ServiceRegistry is deprecated.  Use `sessionFactory.getEventEngine().getListenerRegistry()` instead
2024-10-07T00:27:06.127-03:00 DEBUG 18250 --- [hotel_reservas] [           main] h.e.i.EntityCopyObserverFactoryInitiator : Configured EntityCopyObserver strategy: disallow
2024-10-07T00:27:06.164-03:00 DEBUG 18250 --- [hotel_reservas] [           main] o.h.boot.internal.ClassLoaderAccessImpl  : Not known whether passed class name [com.nathan.hotel_reservas.models.ReservaModel] is safe
2024-10-07T00:27:06.164-03:00 DEBUG 18250 --- [hotel_reservas] [           main] o.h.boot.internal.ClassLoaderAccessImpl  : No temp ClassLoader provided; using live ClassLoader for loading potentially unsafe class : com.nathan.hotel_reservas.models.ReservaModel
2024-10-07T00:27:06.289-03:00 DEBUG 18250 --- [hotel_reservas] [           main] o.h.b.i.bytebuddy.BytecodeProviderImpl   : HHH000513: Unable to create the ReflectionOptimizer for [com.nathan.hotel_reservas.models.ReservaModel]: private accessor [cliente]
2024-10-07T00:27:06.302-03:00 DEBUG 18250 --- [hotel_reservas] [           main] o.h.boot.internal.ClassLoaderAccessImpl  : Not known whether passed class name [com.nathan.hotel_reservas.models.HabitacionModel] is safe
2024-10-07T00:27:06.302-03:00 DEBUG 18250 --- [hotel_reservas] [           main] o.h.boot.internal.ClassLoaderAccessImpl  : No temp ClassLoader provided; using live ClassLoader for loading potentially unsafe class : com.nathan.hotel_reservas.models.HabitacionModel
2024-10-07T00:27:06.319-03:00 DEBUG 18250 --- [hotel_reservas] [           main] o.h.b.i.bytebuddy.BytecodeProviderImpl   : HHH000513: Unable to create the ReflectionOptimizer for [com.nathan.hotel_reservas.models.HabitacionModel]: private accessor [camas]
2024-10-07T00:27:06.327-03:00 DEBUG 18250 --- [hotel_reservas] [           main] o.hibernate.orm.model.mapping.creation   : Starting post-init callbacks
2024-10-07T00:27:06.327-03:00 DEBUG 18250 --- [hotel_reservas] [           main] o.hibernate.orm.model.mapping.creation   : Starting PostInitCallbackEntry : Entity(com.nathan.hotel_reservas.models.ReservaModel) `staticFetchableList` generator
2024-10-07T00:27:06.327-03:00 DEBUG 18250 --- [hotel_reservas] [           main] o.hibernate.orm.model.mapping.creation   : Starting PostInitCallbackEntry : Entity(com.nathan.hotel_reservas.models.HabitacionModel) `staticFetchableList` generator
2024-10-07T00:27:06.364-03:00 DEBUG 18250 --- [hotel_reservas] [           main] org.hibernate.orm.sql.ast.create         : Created new SQL alias : rm1_0
2024-10-07T00:27:06.365-03:00 DEBUG 18250 --- [hotel_reservas] [           main] org.hibernate.orm.sql.ast.create         : Registration of TableGroup [StandardTableGroup(com.nathan.hotel_reservas.models.ReservaModel)] with identifierForTableGroup [com.nathan.hotel_reservas.models.ReservaModel] for NavigablePath [com.nathan.hotel_reservas.models.ReservaModel] 
2024-10-07T00:27:06.370-03:00 DEBUG 18250 --- [hotel_reservas] [           main] org.hibernate.orm.results.graph.AST      : DomainResult Graph:
 \-EntityResultImpl [com.nathan.hotel_reservas.models.ReservaModel]
 |  +-BasicFetch [com.nathan.hotel_reservas.models.ReservaModel.cliente]
 |  +-BasicFetch [com.nathan.hotel_reservas.models.ReservaModel.habitacionId]
 |  +-BasicFetch [com.nathan.hotel_reservas.models.ReservaModel.inicio]
 |  +-BasicFetch [com.nathan.hotel_reservas.models.ReservaModel.reservaFlag]
 |  \-BasicFetch [com.nathan.hotel_reservas.models.ReservaModel.termino]

2024-10-07T00:27:06.371-03:00 DEBUG 18250 --- [hotel_reservas] [           main] org.hibernate.orm.sql.ast.tree           : SQL AST Tree:
    SelectStatement {
      FromClause {
        StandardTableGroup (rm1 : com.nathan.hotel_reservas.models.ReservaModel) {
          primaryTableReference : ho_reserva as rm1_0
        }
      }
    }

2024-10-07T00:27:06.374-03:00 DEBUG 18250 --- [hotel_reservas] [           main] o.h.p.entity.AbstractEntityPersister     : Static SQL for entity: com.nathan.hotel_reservas.models.ReservaModel
2024-10-07T00:27:06.375-03:00 DEBUG 18250 --- [hotel_reservas] [           main] o.h.p.entity.AbstractEntityPersister     :  Version select: select reserva_id from ho_reserva where reserva_id=?
2024-10-07T00:27:06.375-03:00 DEBUG 18250 --- [hotel_reservas] [           main] o.h.p.entity.AbstractEntityPersister     :  Insert (0): insert into ho_reserva (cliente,numero,inicio,reserva_flag,termino,reserva_id) values (?,?,?,?,?,?)
2024-10-07T00:27:06.375-03:00 DEBUG 18250 --- [hotel_reservas] [           main] o.h.p.entity.AbstractEntityPersister     :  Update (0): update ho_reserva set cliente=?,numero=?,inicio=?,reserva_flag=?,termino=? where reserva_id=?
2024-10-07T00:27:06.375-03:00 DEBUG 18250 --- [hotel_reservas] [           main] o.h.p.entity.AbstractEntityPersister     :  Delete (0): delete from ho_reserva where reserva_id=?
2024-10-07T00:27:06.375-03:00 DEBUG 18250 --- [hotel_reservas] [           main] org.hibernate.orm.sql.ast.create         : Created new SQL alias : hm1_0
2024-10-07T00:27:06.375-03:00 DEBUG 18250 --- [hotel_reservas] [           main] org.hibernate.orm.sql.ast.create         : Registration of TableGroup [StandardTableGroup(com.nathan.hotel_reservas.models.HabitacionModel)] with identifierForTableGroup [com.nathan.hotel_reservas.models.HabitacionModel] for NavigablePath [com.nathan.hotel_reservas.models.HabitacionModel] 
2024-10-07T00:27:06.375-03:00 DEBUG 18250 --- [hotel_reservas] [           main] org.hibernate.orm.results.graph.AST      : DomainResult Graph:
 \-EntityResultImpl [com.nathan.hotel_reservas.models.HabitacionModel]
 |  +-BasicFetch [com.nathan.hotel_reservas.models.HabitacionModel.camas]
 |  +-BasicFetch [com.nathan.hotel_reservas.models.HabitacionModel.habitacionNumero]
 |  +-BasicFetch [com.nathan.hotel_reservas.models.HabitacionModel.observacion]
 |  \-BasicFetch [com.nathan.hotel_reservas.models.HabitacionModel.piso]

2024-10-07T00:27:06.375-03:00 DEBUG 18250 --- [hotel_reservas] [           main] org.hibernate.orm.sql.ast.tree           : SQL AST Tree:
    SelectStatement {
      FromClause {
        StandardTableGroup (hm1 : com.nathan.hotel_reservas.models.HabitacionModel) {
          primaryTableReference : ho_habitacion as hm1_0
        }
      }
    }

2024-10-07T00:27:06.375-03:00 DEBUG 18250 --- [hotel_reservas] [           main] o.h.p.entity.AbstractEntityPersister     : Static SQL for entity: com.nathan.hotel_reservas.models.HabitacionModel
2024-10-07T00:27:06.375-03:00 DEBUG 18250 --- [hotel_reservas] [           main] o.h.p.entity.AbstractEntityPersister     :  Version select: select habitacion_id from ho_habitacion where habitacion_id=?
2024-10-07T00:27:06.375-03:00 DEBUG 18250 --- [hotel_reservas] [           main] o.h.p.entity.AbstractEntityPersister     :  Insert (0): insert into ho_habitacion (camas,numero,observacion,piso,habitacion_id) values (?,?,?,?,?)
2024-10-07T00:27:06.375-03:00 DEBUG 18250 --- [hotel_reservas] [           main] o.h.p.entity.AbstractEntityPersister     :  Update (0): update ho_habitacion set camas=?,numero=?,observacion=?,piso=? where habitacion_id=?
2024-10-07T00:27:06.375-03:00 DEBUG 18250 --- [hotel_reservas] [           main] o.h.p.entity.AbstractEntityPersister     :  Delete (0): delete from ho_habitacion where habitacion_id=?
2024-10-07T00:27:06.385-03:00  INFO 18250 --- [hotel_reservas] [           main] o.h.e.t.j.p.i.JtaPlatformInitiator       : HHH000489: No JTA platform available (set 'hibernate.transaction.jta.platform' to enable JTA platform integration)
2024-10-07T00:27:06.386-03:00 DEBUG 18250 --- [hotel_reservas] [           main] o.h.type.spi.TypeConfiguration$Scope     : Scoping TypeConfiguration [org.hibernate.type.spi.TypeConfiguration@4449a60b] to SessionFactoryImplementor [org.hibernate.internal.SessionFactoryImpl@72406594]
2024-10-07T00:27:06.386-03:00 DEBUG 18250 --- [hotel_reservas] [           main] o.h.query.named.NamedObjectRepository    : Checking 0 named HQL queries
2024-10-07T00:27:06.386-03:00 DEBUG 18250 --- [hotel_reservas] [           main] o.h.query.named.NamedObjectRepository    : Checking 0 named SQL queries
2024-10-07T00:27:06.386-03:00 DEBUG 18250 --- [hotel_reservas] [           main] .h.t.s.s.SchemaManagementToolCoordinator : No schema actions specified for contributor `orm`; doing nothing
2024-10-07T00:27:06.386-03:00 DEBUG 18250 --- [hotel_reservas] [           main] .h.t.s.s.SchemaManagementToolCoordinator : No actions found; doing nothing
2024-10-07T00:27:06.387-03:00 DEBUG 18250 --- [hotel_reservas] [           main] o.h.internal.SessionFactoryRegistry      : Initializing SessionFactoryRegistry : org.hibernate.internal.SessionFactoryRegistry@4e826fd4
2024-10-07T00:27:06.387-03:00 DEBUG 18250 --- [hotel_reservas] [           main] o.h.internal.SessionFactoryRegistry      : Registering SessionFactory: 7fc0f425-db99-4113-895c-4e4bdb15b1ea (<unnamed>)
2024-10-07T00:27:06.387-03:00 DEBUG 18250 --- [hotel_reservas] [           main] o.h.internal.SessionFactoryRegistry      : Not binding SessionFactory to JNDI, no JNDI name configured
2024-10-07T00:27:06.387-03:00 DEBUG 18250 --- [hotel_reservas] [           main] o.hibernate.internal.SessionFactoryImpl  : Instantiated SessionFactory
2024-10-07T00:27:06.387-03:00  INFO 18250 --- [hotel_reservas] [           main] j.LocalContainerEntityManagerFactoryBean : Initialized JPA EntityManagerFactory for persistence unit 'default'
2024-10-07T00:27:06.389-03:00 DEBUG 18250 --- [hotel_reservas] [           main] o.s.b.f.s.DefaultListableBeanFactory     : Creating shared instance of singleton bean 'hotelReservasApplication'
2024-10-07T00:27:06.390-03:00 DEBUG 18250 --- [hotel_reservas] [           main] o.s.b.f.s.DefaultListableBeanFactory     : Creating shared instance of singleton bean 'org.springframework.boot.test.autoconfigure.jdbc.TestDatabaseAutoConfiguration'
2024-10-07T00:27:06.391-03:00 DEBUG 18250 --- [hotel_reservas] [           main] o.s.b.f.s.DefaultListableBeanFactory     : Creating shared instance of singleton bean 'org.springframework.boot.autoconfigure.jdbc.metadata.DataSourcePoolMetadataProvidersConfiguration'
2024-10-07T00:27:06.392-03:00 DEBUG 18250 --- [hotel_reservas] [           main] o.s.b.f.s.DefaultListableBeanFactory     : Creating shared instance of singleton bean 'org.springframework.boot.autoconfigure.jdbc.DataSourceAutoConfiguration'
2024-10-07T00:27:06.392-03:00 DEBUG 18250 --- [hotel_reservas] [           main] o.s.b.f.s.DefaultListableBeanFactory     : Creating shared instance of singleton bean 'org.springframework.boot.context.properties.EnableConfigurationPropertiesRegistrar.methodValidationExcludeFilter'
2024-10-07T00:27:06.393-03:00 DEBUG 18250 --- [hotel_reservas] [           main] o.s.b.f.s.DefaultListableBeanFactory     : Creating shared instance of singleton bean 'org.springframework.boot.autoconfigure.orm.jpa.JpaBaseConfiguration$PersistenceManagedTypesConfiguration'
2024-10-07T00:27:06.393-03:00 DEBUG 18250 --- [hotel_reservas] [           main] o.s.b.f.s.DefaultListableBeanFactory     : Creating shared instance of singleton bean 'transactionManager'
2024-10-07T00:27:06.399-03:00 DEBUG 18250 --- [hotel_reservas] [           main] o.s.b.f.s.DefaultListableBeanFactory     : Creating shared instance of singleton bean 'org.springframework.boot.autoconfigure.orm.jpa.HibernateJpaAutoConfiguration'
2024-10-07T00:27:06.399-03:00 DEBUG 18250 --- [hotel_reservas] [           main] o.s.b.f.s.DefaultListableBeanFactory     : Creating shared instance of singleton bean 'org.springframework.boot.autoconfigure.data.jpa.JpaRepositoriesAutoConfiguration'
2024-10-07T00:27:06.400-03:00 DEBUG 18250 --- [hotel_reservas] [           main] o.s.b.f.s.DefaultListableBeanFactory     : Creating shared instance of singleton bean 'jpaSharedEM_entityManagerFactory'
2024-10-07T00:27:06.416-03:00 DEBUG 18250 --- [hotel_reservas] [           main] o.s.b.f.s.DefaultListableBeanFactory     : Creating shared instance of singleton bean 'org.springframework.data.jpa.util.JpaMetamodelCacheCleanup'
2024-10-07T00:27:06.417-03:00 DEBUG 18250 --- [hotel_reservas] [           main] o.s.b.f.s.DefaultListableBeanFactory     : Creating shared instance of singleton bean 'org.springframework.data.jpa.repository.support.JpaEvaluationContextExtension'
2024-10-07T00:27:06.417-03:00 DEBUG 18250 --- [hotel_reservas] [           main] o.s.b.f.s.DefaultListableBeanFactory     : Creating shared instance of singleton bean 'jpa.named-queries#0'
2024-10-07T00:27:06.419-03:00 DEBUG 18250 --- [hotel_reservas] [           main] o.s.b.f.s.DefaultListableBeanFactory     : Creating shared instance of singleton bean 'jpa.ReservaRepository.fragments#0'
2024-10-07T00:27:06.420-03:00 DEBUG 18250 --- [hotel_reservas] [           main] o.s.b.f.s.DefaultListableBeanFactory     : Creating shared instance of singleton bean 'reservaRepository'
2024-10-07T00:27:06.425-03:00 DEBUG 18250 --- [hotel_reservas] [           main] o.s.b.f.s.DefaultListableBeanFactory     : Creating shared instance of singleton bean 'jpaMappingContext'
2024-10-07T00:27:06.426-03:00 DEBUG 18250 --- [hotel_reservas] [           main] .c.JpaMetamodelMappingContextFactoryBean : Initializing JpaMetamodelMappingContext…
2024-10-07T00:27:06.432-03:00 DEBUG 18250 --- [hotel_reservas] [           main] .c.JpaMetamodelMappingContextFactoryBean : Finished initializing JpaMetamodelMappingContext
2024-10-07T00:27:06.444-03:00 DEBUG 18250 --- [hotel_reservas] [           main] tor$SharedEntityManagerInvocationHandler : Creating new EntityManager for shared EntityManager invocation
2024-10-07T00:27:06.459-03:00 DEBUG 18250 --- [hotel_reservas] [           main] o.h.stat.internal.StatisticsInitiator    : Statistics initialized [enabled=false]
2024-10-07T00:27:06.461-03:00 DEBUG 18250 --- [hotel_reservas] [           main] tor$SharedEntityManagerInvocationHandler : Creating new EntityManager for shared EntityManager invocation
2024-10-07T00:27:06.485-03:00 DEBUG 18250 --- [hotel_reservas] [           main] o.s.d.r.c.s.RepositoryFactorySupport     : Initializing repository instance for com.nathan.hotel_reservas.repository.ReservaRepository…
2024-10-07T00:27:06.495-03:00 DEBUG 18250 --- [hotel_reservas] [           main] tor$SharedEntityManagerInvocationHandler : Creating new EntityManager for shared EntityManager invocation
2024-10-07T00:27:06.516-03:00 DEBUG 18250 --- [hotel_reservas] [           main] o.s.d.r.c.s.RepositoryFactorySupport     : Finished creation of repository instance for com.nathan.hotel_reservas.repository.ReservaRepository.
2024-10-07T00:27:06.517-03:00 DEBUG 18250 --- [hotel_reservas] [           main] o.s.b.f.s.DefaultListableBeanFactory     : Creating shared instance of singleton bean 'jpa.named-queries#1'
2024-10-07T00:27:06.517-03:00 DEBUG 18250 --- [hotel_reservas] [           main] o.s.b.f.s.DefaultListableBeanFactory     : Creating shared instance of singleton bean 'jpa.HabitacionRepository.fragments#0'
2024-10-07T00:27:06.517-03:00 DEBUG 18250 --- [hotel_reservas] [           main] o.s.b.f.s.DefaultListableBeanFactory     : Creating shared instance of singleton bean 'habitacionRepository'
2024-10-07T00:27:06.518-03:00 DEBUG 18250 --- [hotel_reservas] [           main] tor$SharedEntityManagerInvocationHandler : Creating new EntityManager for shared EntityManager invocation
2024-10-07T00:27:06.521-03:00 DEBUG 18250 --- [hotel_reservas] [           main] o.s.d.r.c.s.RepositoryFactorySupport     : Initializing repository instance for com.nathan.hotel_reservas.repository.HabitacionRepository…
2024-10-07T00:27:06.522-03:00 DEBUG 18250 --- [hotel_reservas] [           main] tor$SharedEntityManagerInvocationHandler : Creating new EntityManager for shared EntityManager invocation
2024-10-07T00:27:06.524-03:00 DEBUG 18250 --- [hotel_reservas] [           main] o.s.d.r.c.s.RepositoryFactorySupport     : Finished creation of repository instance for com.nathan.hotel_reservas.repository.HabitacionRepository.
2024-10-07T00:27:06.524-03:00 DEBUG 18250 --- [hotel_reservas] [           main] o.s.b.f.s.DefaultListableBeanFactory     : Creating shared instance of singleton bean 'data-jpa.repository-aot-processor#0'
2024-10-07T00:27:06.527-03:00 DEBUG 18250 --- [hotel_reservas] [           main] o.s.b.f.s.DefaultListableBeanFactory     : Creating shared instance of singleton bean 'org.springframework.boot.autoconfigure.jdbc.JdbcTemplateConfiguration'
2024-10-07T00:27:06.527-03:00 DEBUG 18250 --- [hotel_reservas] [           main] o.s.b.f.s.DefaultListableBeanFactory     : Creating shared instance of singleton bean 'jdbcTemplate'
2024-10-07T00:27:06.527-03:00 DEBUG 18250 --- [hotel_reservas] [           main] o.s.b.f.s.DefaultListableBeanFactory     : Creating shared instance of singleton bean 'spring.jdbc-org.springframework.boot.autoconfigure.jdbc.JdbcProperties'
2024-10-07T00:27:06.528-03:00 DEBUG 18250 --- [hotel_reservas] [           main] o.s.b.f.s.DefaultListableBeanFactory     : Autowiring by type from bean name 'jdbcTemplate' via factory method to bean named 'dataSource'
2024-10-07T00:27:06.528-03:00 DEBUG 18250 --- [hotel_reservas] [           main] o.s.b.f.s.DefaultListableBeanFactory     : Autowiring by type from bean name 'jdbcTemplate' via factory method to bean named 'spring.jdbc-org.springframework.boot.autoconfigure.jdbc.JdbcProperties'
2024-10-07T00:27:06.533-03:00 DEBUG 18250 --- [hotel_reservas] [           main] o.s.b.f.s.DefaultListableBeanFactory     : Creating shared instance of singleton bean 'org.springframework.boot.autoconfigure.jdbc.NamedParameterJdbcTemplateConfiguration'
2024-10-07T00:27:06.534-03:00 DEBUG 18250 --- [hotel_reservas] [           main] o.s.b.f.s.DefaultListableBeanFactory     : Creating shared instance of singleton bean 'namedParameterJdbcTemplate'
2024-10-07T00:27:06.534-03:00 DEBUG 18250 --- [hotel_reservas] [           main] o.s.b.f.s.DefaultListableBeanFactory     : Autowiring by type from bean name 'namedParameterJdbcTemplate' via factory method to bean named 'jdbcTemplate'
2024-10-07T00:27:06.536-03:00 DEBUG 18250 --- [hotel_reservas] [           main] o.s.b.f.s.DefaultListableBeanFactory     : Creating shared instance of singleton bean 'org.springframework.boot.autoconfigure.jdbc.JdbcTemplateAutoConfiguration'
2024-10-07T00:27:06.536-03:00 DEBUG 18250 --- [hotel_reservas] [           main] o.s.b.f.s.DefaultListableBeanFactory     : Creating shared instance of singleton bean 'org.springframework.boot.autoconfigure.jdbc.JdbcClientAutoConfiguration'
2024-10-07T00:27:06.536-03:00 DEBUG 18250 --- [hotel_reservas] [           main] o.s.b.f.s.DefaultListableBeanFactory     : Creating shared instance of singleton bean 'jdbcClient'
2024-10-07T00:27:06.537-03:00 DEBUG 18250 --- [hotel_reservas] [           main] o.s.b.f.s.DefaultListableBeanFactory     : Autowiring by type from bean name 'jdbcClient' via factory method to bean named 'namedParameterJdbcTemplate'
2024-10-07T00:27:06.537-03:00 DEBUG 18250 --- [hotel_reservas] [           main] o.s.b.f.s.DefaultListableBeanFactory     : Creating shared instance of singleton bean 'org.springframework.boot.autoconfigure.sql.init.SqlInitializationAutoConfiguration'
2024-10-07T00:27:06.538-03:00 DEBUG 18250 --- [hotel_reservas] [           main] o.s.b.f.s.DefaultListableBeanFactory     : Creating shared instance of singleton bean 'org.springframework.boot.autoconfigure.jdbc.DataSourceTransactionManagerAutoConfiguration$JdbcTransactionManagerConfiguration'
2024-10-07T00:27:06.538-03:00 DEBUG 18250 --- [hotel_reservas] [           main] o.s.b.f.s.DefaultListableBeanFactory     : Creating shared instance of singleton bean 'org.springframework.boot.autoconfigure.jdbc.DataSourceTransactionManagerAutoConfiguration'
2024-10-07T00:27:06.538-03:00 DEBUG 18250 --- [hotel_reservas] [           main] o.s.b.f.s.DefaultListableBeanFactory     : Creating shared instance of singleton bean 'org.springframework.boot.autoconfigure.transaction.TransactionAutoConfiguration$EnableTransactionManagementConfiguration$CglibAutoProxyConfiguration'
2024-10-07T00:27:06.538-03:00 DEBUG 18250 --- [hotel_reservas] [           main] o.s.b.f.s.DefaultListableBeanFactory     : Creating shared instance of singleton bean 'org.springframework.boot.autoconfigure.transaction.TransactionAutoConfiguration$EnableTransactionManagementConfiguration'
2024-10-07T00:27:06.538-03:00 DEBUG 18250 --- [hotel_reservas] [           main] o.s.b.f.s.DefaultListableBeanFactory     : Creating shared instance of singleton bean 'org.springframework.boot.autoconfigure.transaction.TransactionAutoConfiguration$TransactionTemplateConfiguration'
2024-10-07T00:27:06.539-03:00 DEBUG 18250 --- [hotel_reservas] [           main] o.s.b.f.s.DefaultListableBeanFactory     : Creating shared instance of singleton bean 'transactionTemplate'
2024-10-07T00:27:06.539-03:00 DEBUG 18250 --- [hotel_reservas] [           main] o.s.b.f.s.DefaultListableBeanFactory     : Autowiring by type from bean name 'transactionTemplate' via factory method to bean named 'transactionManager'
2024-10-07T00:27:06.539-03:00 DEBUG 18250 --- [hotel_reservas] [           main] o.s.b.f.s.DefaultListableBeanFactory     : Creating shared instance of singleton bean 'org.springframework.boot.autoconfigure.transaction.TransactionAutoConfiguration'
2024-10-07T00:27:06.540-03:00 DEBUG 18250 --- [hotel_reservas] [           main] o.s.b.f.s.DefaultListableBeanFactory     : Creating shared instance of singleton bean 'org.springframework.boot.test.autoconfigure.orm.jpa.TestEntityManagerAutoConfiguration'
2024-10-07T00:27:06.540-03:00 DEBUG 18250 --- [hotel_reservas] [           main] o.s.b.f.s.DefaultListableBeanFactory     : Creating shared instance of singleton bean 'testEntityManager'
2024-10-07T00:27:06.540-03:00 DEBUG 18250 --- [hotel_reservas] [           main] o.s.b.f.s.DefaultListableBeanFactory     : Autowiring by type from bean name 'testEntityManager' via factory method to bean named 'entityManagerFactory'
2024-10-07T00:27:06.544-03:00 DEBUG 18250 --- [hotel_reservas] [           main] o.s.c.support.DefaultLifecycleProcessor  : Starting beans in phase -2147483647
2024-10-07T00:27:06.545-03:00 DEBUG 18250 --- [hotel_reservas] [           main] o.s.c.support.DefaultLifecycleProcessor  : Successfully started bean 'springBootLoggingLifecycle'
2024-10-07T00:27:06.547-03:00 DEBUG 18250 --- [hotel_reservas] [           main] .s.b.a.l.ConditionEvaluationReportLogger : 


============================
CONDITIONS EVALUATION REPORT
============================


Positive matches:
-----------------

   DataSourceAutoConfiguration matched:
      - @ConditionalOnClass found required classes 'javax.sql.DataSource', 'org.springframework.jdbc.datasource.embedded.EmbeddedDatabaseType' (OnClassCondition)
      - @ConditionalOnMissingBean (types: io.r2dbc.spi.ConnectionFactory; SearchStrategy: all) did not find any beans (OnBeanCondition)

   DataSourceAutoConfiguration.PooledDataSourceConfiguration matched:
      - AnyNestedCondition 1 matched 1 did not; NestedCondition on DataSourceAutoConfiguration.PooledDataSourceCondition.PooledDataSourceAvailable PooledDataSource found supported DataSource; NestedCondition on DataSourceAutoConfiguration.PooledDataSourceCondition.ExplicitType @ConditionalOnProperty (spring.datasource.type) did not find property 'type' (DataSourceAutoConfiguration.PooledDataSourceCondition)
      - @ConditionalOnMissingBean (types: javax.sql.DataSource,javax.sql.XADataSource; SearchStrategy: all) did not find any beans (OnBeanCondition)

   DataSourceAutoConfiguration.PooledDataSourceConfiguration#jdbcConnectionDetails matched:
      - @ConditionalOnMissingBean (types: org.springframework.boot.autoconfigure.jdbc.JdbcConnectionDetails; SearchStrategy: all) did not find any beans (OnBeanCondition)

   DataSourceConfiguration.Hikari matched:
      - @ConditionalOnClass found required class 'com.zaxxer.hikari.HikariDataSource' (OnClassCondition)
      - @ConditionalOnProperty (spring.datasource.type=com.zaxxer.hikari.HikariDataSource) matched (OnPropertyCondition)
      - @ConditionalOnMissingBean (types: javax.sql.DataSource; SearchStrategy: all) did not find any beans (OnBeanCondition)

   DataSourceInitializationConfiguration matched:
      - @ConditionalOnClass found required class 'org.springframework.jdbc.datasource.init.DatabasePopulator' (OnClassCondition)
      - @ConditionalOnSingleCandidate (types: javax.sql.DataSource; SearchStrategy: all) found a single bean 'dataSource'; @ConditionalOnMissingBean (types: org.springframework.boot.autoconfigure.sql.init.SqlDataSourceScriptDatabaseInitializer,org.springframework.boot.autoconfigure.sql.init.SqlR2dbcScriptDatabaseInitializer; SearchStrategy: all) did not find any beans (OnBeanCondition)

   DataSourcePoolMetadataProvidersConfiguration.HikariPoolDataSourceMetadataProviderConfiguration matched:
      - @ConditionalOnClass found required class 'com.zaxxer.hikari.HikariDataSource' (OnClassCondition)

   DataSourceTransactionManagerAutoConfiguration matched:
      - @ConditionalOnClass found required classes 'javax.sql.DataSource', 'org.springframework.jdbc.core.JdbcTemplate', 'org.springframework.transaction.TransactionManager' (OnClassCondition)

   DataSourceTransactionManagerAutoConfiguration.JdbcTransactionManagerConfiguration matched:
      - @ConditionalOnSingleCandidate (types: javax.sql.DataSource; SearchStrategy: all) found a single bean 'dataSource' (OnBeanCondition)

   HibernateJpaAutoConfiguration matched:
      - @ConditionalOnClass found required classes 'org.springframework.orm.jpa.LocalContainerEntityManagerFactoryBean', 'jakarta.persistence.EntityManager', 'org.hibernate.engine.spi.SessionImplementor' (OnClassCondition)

   HibernateJpaConfiguration matched:
      - @ConditionalOnSingleCandidate (types: javax.sql.DataSource; SearchStrategy: all) found a single bean 'dataSource' (OnBeanCondition)

   JdbcClientAutoConfiguration matched:
      - @ConditionalOnSingleCandidate (types: org.springframework.jdbc.core.namedparam.NamedParameterJdbcTemplate; SearchStrategy: all) found a single bean 'namedParameterJdbcTemplate'; @ConditionalOnMissingBean (types: org.springframework.jdbc.core.simple.JdbcClient; SearchStrategy: all) did not find any beans (OnBeanCondition)

   JdbcTemplateAutoConfiguration matched:
      - @ConditionalOnClass found required classes 'javax.sql.DataSource', 'org.springframework.jdbc.core.JdbcTemplate' (OnClassCondition)
      - @ConditionalOnSingleCandidate (types: javax.sql.DataSource; SearchStrategy: all) found a single bean 'dataSource' (OnBeanCondition)

   JdbcTemplateConfiguration matched:
      - @ConditionalOnMissingBean (types: org.springframework.jdbc.core.JdbcOperations; SearchStrategy: all) did not find any beans (OnBeanCondition)

   JpaBaseConfiguration#entityManagerFactory matched:
      - @ConditionalOnMissingBean (types: org.springframework.orm.jpa.LocalContainerEntityManagerFactoryBean,jakarta.persistence.EntityManagerFactory; SearchStrategy: all) did not find any beans (OnBeanCondition)

   JpaBaseConfiguration#entityManagerFactoryBuilder matched:
      - @ConditionalOnMissingBean (types: org.springframework.boot.orm.jpa.EntityManagerFactoryBuilder; SearchStrategy: all) did not find any beans (OnBeanCondition)

   JpaBaseConfiguration#jpaVendorAdapter matched:
      - @ConditionalOnMissingBean (types: org.springframework.orm.jpa.JpaVendorAdapter; SearchStrategy: all) did not find any beans (OnBeanCondition)

   JpaBaseConfiguration#transactionManager matched:
      - @ConditionalOnMissingBean (types: org.springframework.transaction.TransactionManager; SearchStrategy: all) did not find any beans (OnBeanCondition)

   JpaBaseConfiguration.PersistenceManagedTypesConfiguration matched:
      - @ConditionalOnMissingBean (types: org.springframework.orm.jpa.LocalContainerEntityManagerFactoryBean,jakarta.persistence.EntityManagerFactory; SearchStrategy: all) did not find any beans (OnBeanCondition)

   JpaBaseConfiguration.PersistenceManagedTypesConfiguration#persistenceManagedTypes matched:
      - @ConditionalOnMissingBean (types: org.springframework.orm.jpa.persistenceunit.PersistenceManagedTypes; SearchStrategy: all) did not find any beans (OnBeanCondition)

   JpaRepositoriesAutoConfiguration matched:
      - @ConditionalOnClass found required class 'org.springframework.data.jpa.repository.JpaRepository' (OnClassCondition)
      - @ConditionalOnProperty (spring.data.jpa.repositories.enabled=true) matched (OnPropertyCondition)
      - @ConditionalOnBean (types: javax.sql.DataSource; SearchStrategy: all) found bean 'dataSource'; @ConditionalOnMissingBean (types: org.springframework.data.jpa.repository.support.JpaRepositoryFactoryBean,org.springframework.data.jpa.repository.config.JpaRepositoryConfigExtension; SearchStrategy: all) did not find any beans (OnBeanCondition)

   NamedParameterJdbcTemplateConfiguration matched:
      - @ConditionalOnSingleCandidate (types: org.springframework.jdbc.core.JdbcTemplate; SearchStrategy: all) found a single bean 'jdbcTemplate'; @ConditionalOnMissingBean (types: org.springframework.jdbc.core.namedparam.NamedParameterJdbcOperations; SearchStrategy: all) did not find any beans (OnBeanCondition)

   NoOpCacheConfiguration matched:
      - Cache org.springframework.boot.autoconfigure.cache.NoOpCacheConfiguration NONE cache type (CacheCondition)

   SqlInitializationAutoConfiguration matched:
      - @ConditionalOnProperty (spring.sql.init.enabled) matched (OnPropertyCondition)
      - NoneNestedConditions 0 matched 1 did not; NestedCondition on SqlInitializationAutoConfiguration.SqlInitializationModeCondition.ModeIsNever @ConditionalOnProperty (spring.sql.init.mode=never) did not find property 'mode' (SqlInitializationAutoConfiguration.SqlInitializationModeCondition)

   TestEntityManagerAutoConfiguration matched:
      - @ConditionalOnClass found required class 'jakarta.persistence.EntityManagerFactory' (OnClassCondition)

   TestEntityManagerAutoConfiguration#testEntityManager matched:
      - @ConditionalOnMissingBean (types: org.springframework.boot.test.autoconfigure.orm.jpa.TestEntityManager; SearchStrategy: all) did not find any beans (OnBeanCondition)

   TransactionAutoConfiguration matched:
      - @ConditionalOnClass found required class 'org.springframework.transaction.PlatformTransactionManager' (OnClassCondition)

   TransactionAutoConfiguration.EnableTransactionManagementConfiguration matched:
      - @ConditionalOnBean (types: org.springframework.transaction.TransactionManager; SearchStrategy: all) found bean 'transactionManager'; @ConditionalOnMissingBean (types: org.springframework.transaction.annotation.AbstractTransactionManagementConfiguration; SearchStrategy: all) did not find any beans (OnBeanCondition)

   TransactionAutoConfiguration.EnableTransactionManagementConfiguration.CglibAutoProxyConfiguration matched:
      - @ConditionalOnProperty (spring.aop.proxy-target-class=true) matched (OnPropertyCondition)

   TransactionAutoConfiguration.TransactionTemplateConfiguration matched:
      - @ConditionalOnSingleCandidate (types: org.springframework.transaction.PlatformTransactionManager; SearchStrategy: all) found a single bean 'transactionManager' (OnBeanCondition)

   TransactionAutoConfiguration.TransactionTemplateConfiguration#transactionTemplate matched:
      - @ConditionalOnMissingBean (types: org.springframework.transaction.support.TransactionOperations; SearchStrategy: all) did not find any beans (OnBeanCondition)


Negative matches:
-----------------

   Cache2kCacheConfiguration:
      Did not match:
         - @ConditionalOnClass did not find required class 'org.cache2k.Cache2kBuilder' (OnClassCondition)

   CacheAutoConfiguration:
      Did not match:
         - @ConditionalOnBean (types: org.springframework.cache.interceptor.CacheAspectSupport; SearchStrategy: all) did not find any beans of type org.springframework.cache.interceptor.CacheAspectSupport (OnBeanCondition)
      Matched:
         - @ConditionalOnClass found required class 'org.springframework.cache.CacheManager' (OnClassCondition)

   CacheAutoConfiguration.CacheManagerEntityManagerFactoryDependsOnPostProcessor:
      Did not match:
         - Ancestor org.springframework.boot.autoconfigure.cache.CacheAutoConfiguration did not match (ConditionEvaluationReport.AncestorsMatchedCondition)
      Matched:
         - @ConditionalOnClass found required class 'org.springframework.orm.jpa.LocalContainerEntityManagerFactoryBean' (OnClassCondition)

   CaffeineCacheConfiguration:
      Did not match:
         - @ConditionalOnClass did not find required class 'com.github.benmanes.caffeine.cache.Caffeine' (OnClassCondition)

   CouchbaseCacheConfiguration:
      Did not match:
         - @ConditionalOnClass did not find required class 'com.couchbase.client.java.Cluster' (OnClassCondition)

   DataSourceAutoConfiguration.EmbeddedDatabaseConfiguration:
      Did not match:
         - EmbeddedDataSource spring.datasource.url is set (DataSourceAutoConfiguration.EmbeddedDatabaseCondition)

   DataSourceCheckpointRestoreConfiguration:
      Did not match:
         - @ConditionalOnClass did not find required class 'org.crac.Resource' (OnClassCondition)

   DataSourceConfiguration.Dbcp2:
      Did not match:
         - @ConditionalOnClass did not find required class 'org.apache.commons.dbcp2.BasicDataSource' (OnClassCondition)

   DataSourceConfiguration.Generic:
      Did not match:
         - @ConditionalOnProperty (spring.datasource.type) did not find property 'spring.datasource.type' (OnPropertyCondition)

   DataSourceConfiguration.OracleUcp:
      Did not match:
         - @ConditionalOnClass did not find required class 'oracle.ucp.jdbc.PoolDataSourceImpl' (OnClassCondition)

   DataSourceConfiguration.Tomcat:
      Did not match:
         - @ConditionalOnClass did not find required class 'org.apache.tomcat.jdbc.pool.DataSource' (OnClassCondition)

   DataSourceJmxConfiguration:
      Did not match:
         - @ConditionalOnProperty (spring.jmx.enabled=true) found different value in property 'enabled' (OnPropertyCondition)

   DataSourcePoolMetadataProvidersConfiguration.CommonsDbcp2PoolDataSourceMetadataProviderConfiguration:
      Did not match:
         - @ConditionalOnClass did not find required class 'org.apache.commons.dbcp2.BasicDataSource' (OnClassCondition)

   DataSourcePoolMetadataProvidersConfiguration.OracleUcpPoolDataSourceMetadataProviderConfiguration:
      Did not match:
         - @ConditionalOnClass did not find required class 'oracle.ucp.jdbc.PoolDataSource' (OnClassCondition)

   DataSourcePoolMetadataProvidersConfiguration.TomcatDataSourcePoolMetadataProviderConfiguration:
      Did not match:
         - @ConditionalOnClass did not find required class 'org.apache.tomcat.jdbc.pool.DataSource' (OnClassCondition)

   DataSourceTransactionManagerAutoConfiguration.JdbcTransactionManagerConfiguration#transactionManager:
      Did not match:
         - @ConditionalOnMissingBean (types: org.springframework.transaction.TransactionManager; SearchStrategy: all) found beans of type 'org.springframework.transaction.TransactionManager' transactionManager (OnBeanCondition)

   FlywayAutoConfiguration:
      Did not match:
         - @ConditionalOnClass did not find required class 'org.flywaydb.core.Flyway' (OnClassCondition)

   GenericCacheConfiguration:
      Did not match:
         - Cache org.springframework.boot.autoconfigure.cache.GenericCacheConfiguration unknown cache type (CacheCondition)

   HazelcastCacheConfiguration:
      Did not match:
         - @ConditionalOnClass did not find required class 'com.hazelcast.core.HazelcastInstance' (OnClassCondition)

   InfinispanCacheConfiguration:
      Did not match:
         - @ConditionalOnClass did not find required class 'org.infinispan.spring.embedded.provider.SpringEmbeddedCacheManager' (OnClassCondition)

   JCacheCacheConfiguration:
      Did not match:
         - @ConditionalOnClass did not find required class 'javax.cache.Caching' (OnClassCondition)

   JpaBaseConfiguration.JpaWebConfiguration:
      Did not match:
         - not a servlet web application (OnWebApplicationCondition)
      Matched:
         - @ConditionalOnClass found required class 'org.springframework.web.servlet.config.annotation.WebMvcConfigurer' (OnClassCondition)

   JpaRepositoriesAutoConfiguration#entityManagerFactoryBootstrapExecutorCustomizer:
      Did not match:
         - AnyNestedCondition 0 matched 2 did not; NestedCondition on JpaRepositoriesAutoConfiguration.BootstrapExecutorCondition.LazyBootstrapMode @ConditionalOnProperty (spring.data.jpa.repositories.bootstrap-mode=lazy) found different value in property 'bootstrap-mode'; NestedCondition on JpaRepositoriesAutoConfiguration.BootstrapExecutorCondition.DeferredBootstrapMode @ConditionalOnProperty (spring.data.jpa.repositories.bootstrap-mode=deferred) found different value in property 'bootstrap-mode' (JpaRepositoriesAutoConfiguration.BootstrapExecutorCondition)

   LiquibaseAutoConfiguration:
      Did not match:
         - @ConditionalOnClass did not find required class 'liquibase.change.DatabaseChange' (OnClassCondition)

   R2dbcInitializationConfiguration:
      Did not match:
         - @ConditionalOnClass did not find required classes 'io.r2dbc.spi.ConnectionFactory', 'org.springframework.r2dbc.connection.init.DatabasePopulator' (OnClassCondition)

   RedisCacheConfiguration:
      Did not match:
         - @ConditionalOnClass did not find required class 'org.springframework.data.redis.connection.RedisConnectionFactory' (OnClassCondition)

   SimpleCacheConfiguration:
      Did not match:
         - Cache org.springframework.boot.autoconfigure.cache.SimpleCacheConfiguration unknown cache type (CacheCondition)

   TestDatabaseAutoConfiguration#dataSource:
      Did not match:
         - @ConditionalOnProperty (spring.test.database.replace=AUTO_CONFIGURED) found different value in property 'replace' (OnPropertyCondition)

   TestDatabaseAutoConfiguration#embeddedDataSourceBeanFactoryPostProcessor:
      Did not match:
         - @ConditionalOnProperty (spring.test.database.replace=ANY) found different value in property 'replace' (OnPropertyCondition)

   TransactionAutoConfiguration#transactionalOperator:
      Did not match:
         - @ConditionalOnSingleCandidate (types: org.springframework.transaction.ReactiveTransactionManager; SearchStrategy: all) did not find any beans (OnBeanCondition)

   TransactionAutoConfiguration.AspectJTransactionManagementConfiguration:
      Did not match:
         - @ConditionalOnBean (types: org.springframework.transaction.aspectj.AbstractTransactionAspect; SearchStrategy: all) did not find any beans of type org.springframework.transaction.aspectj.AbstractTransactionAspect (OnBeanCondition)

   TransactionAutoConfiguration.EnableTransactionManagementConfiguration.JdkDynamicAutoProxyConfiguration:
      Did not match:
         - @ConditionalOnProperty (spring.aop.proxy-target-class=false) did not find property 'proxy-target-class' (OnPropertyCondition)


Exclusions:
-----------

    None


Unconditional classes:
----------------------

    org.springframework.boot.test.autoconfigure.jdbc.TestDatabaseAutoConfiguration



2024-10-07T00:27:06.548-03:00  INFO 18250 --- [hotel_reservas] [           main] c.n.h.r.HabitacionRepositoryTest         : Started HabitacionRepositoryTest in 2.623 seconds (process running for 3.172)
2024-10-07T00:27:06.549-03:00 DEBUG 18250 --- [hotel_reservas] [           main] o.s.boot.devtools.restart.Restarter      : Creating new Restarter for thread Thread[#1,main,5,main]
2024-10-07T00:27:06.550-03:00 DEBUG 18250 --- [hotel_reservas] [           main] org.springframework.test.context.cache   : Spring test ApplicationContext cache statistics: [DefaultContextCache@6464f017 size = 1, maxSize = 32, parentContextCount = 0, hitCount = 0, missCount = 1, failureCount = 0]
2024-10-07T00:27:06.552-03:00 DEBUG 18250 --- [hotel_reservas] [           main] org.springframework.test.context.cache   : Spring test ApplicationContext cache statistics: [DefaultContextCache@6464f017 size = 1, maxSize = 32, parentContextCount = 0, hitCount = 1, missCount = 1, failureCount = 0]
2024-10-07T00:27:06.556-03:00 DEBUG 18250 --- [hotel_reservas] [           main] sContextBeforeModesTestExecutionListener : Before test method: class [HabitacionRepositoryTest], method [guardarHabitacionTest], class annotated with @DirtiesContext [false] with mode [null], method annotated with @DirtiesContext [false] with mode [null]
2024-10-07T00:27:06.558-03:00 DEBUG 18250 --- [hotel_reservas] [           main] t.c.t.TransactionalTestExecutionListener : Explicit transaction definition [PROPAGATION_REQUIRED,ISOLATION_DEFAULT] found for test class [com.nathan.hotel_reservas.repository.HabitacionRepositoryTest] and test method [guardarHabitacionTest]
2024-10-07T00:27:06.558-03:00 DEBUG 18250 --- [hotel_reservas] [           main] org.springframework.test.context.cache   : Spring test ApplicationContext cache statistics: [DefaultContextCache@6464f017 size = 1, maxSize = 32, parentContextCount = 0, hitCount = 2, missCount = 1, failureCount = 0]
2024-10-07T00:27:06.559-03:00 DEBUG 18250 --- [hotel_reservas] [           main] t.c.t.TransactionalTestExecutionListener : No method-level @Rollback override: using default rollback [true] for test method [public void com.nathan.hotel_reservas.repository.HabitacionRepositoryTest.guardarHabitacionTest()]
2024-10-07T00:27:06.559-03:00 DEBUG 18250 --- [hotel_reservas] [           main] o.s.orm.jpa.JpaTransactionManager        : Creating new transaction with name [com.nathan.hotel_reservas.repository.HabitacionRepositoryTest.guardarHabitacionTest]: PROPAGATION_REQUIRED,ISOLATION_DEFAULT
2024-10-07T00:27:06.559-03:00 DEBUG 18250 --- [hotel_reservas] [           main] o.s.orm.jpa.JpaTransactionManager        : Opened new EntityManager [SessionImpl(721863560<open>)] for JPA transaction
2024-10-07T00:27:06.560-03:00 DEBUG 18250 --- [hotel_reservas] [           main] o.h.e.t.internal.TransactionImpl         : On TransactionImpl creation, JpaCompliance#isJpaTransactionComplianceEnabled == false
2024-10-07T00:27:06.560-03:00 DEBUG 18250 --- [hotel_reservas] [           main] o.h.e.t.internal.TransactionImpl         : begin
2024-10-07T00:27:06.573-03:00 DEBUG 18250 --- [hotel_reservas] [           main] o.s.orm.jpa.JpaTransactionManager        : Exposing JPA transaction as JDBC [org.springframework.orm.jpa.vendor.HibernateJpaDialect$HibernateConnectionHandle@49741e80]
2024-10-07T00:27:06.573-03:00 DEBUG 18250 --- [hotel_reservas] [           main] o.s.t.c.transaction.TransactionContext   : Began transaction (1) for test class [com.nathan.hotel_reservas.repository.HabitacionRepositoryTest]; test method [guardarHabitacionTest]; transaction manager [org.springframework.orm.jpa.JpaTransactionManager@7f53b345]; rollback [true]
2024-10-07T00:27:06.574-03:00 DEBUG 18250 --- [hotel_reservas] [           main] org.springframework.test.context.cache   : Spring test ApplicationContext cache statistics: [DefaultContextCache@6464f017 size = 1, maxSize = 32, parentContextCount = 0, hitCount = 3, missCount = 1, failureCount = 0]
2024-10-07T00:27:06.574-03:00 DEBUG 18250 --- [hotel_reservas] [           main] org.springframework.test.context.cache   : Spring test ApplicationContext cache statistics: [DefaultContextCache@6464f017 size = 1, maxSize = 32, parentContextCount = 0, hitCount = 4, missCount = 1, failureCount = 0]
2024-10-07T00:27:06.919-03:00 DEBUG 18250 --- [hotel_reservas] [           main] org.springframework.test.context.cache   : Spring test ApplicationContext cache statistics: [DefaultContextCache@6464f017 size = 1, maxSize = 32, parentContextCount = 0, hitCount = 5, missCount = 1, failureCount = 0]
2024-10-07T00:27:06.924-03:00 DEBUG 18250 --- [hotel_reservas] [           main] o.s.orm.jpa.JpaTransactionManager        : Found thread-bound EntityManager [SessionImpl(721863560<open>)] for JPA transaction
2024-10-07T00:27:06.924-03:00 DEBUG 18250 --- [hotel_reservas] [           main] o.s.orm.jpa.JpaTransactionManager        : Participating in existing transaction
2024-10-07T00:27:06.926-03:00 DEBUG 18250 --- [hotel_reservas] [           main] o.h.j.internal.PersistenceUnitUtilImpl   : jakarta.persistence.PersistenceUnitUtil.getIdentifier is only intended to work with enhanced entities (although Hibernate also adapts this support to its proxies); however the passed entity was not enhanced (nor a proxy).. may not be able to read identifier
2024-10-07T00:27:06.931-03:00 DEBUG 18250 --- [hotel_reservas] [           main] org.hibernate.SQL                        : select seq_habitacion_id.nextval from dual
Hibernate: select seq_habitacion_id.nextval from dual
2024-10-07T00:27:06.959-03:00 DEBUG 18250 --- [hotel_reservas] [           main] o.h.id.enhanced.SequenceStructure        : Sequence value obtained: 6
2024-10-07T00:27:06.959-03:00 DEBUG 18250 --- [hotel_reservas] [           main] o.h.e.i.AbstractSaveEventListener        : Generated identifier: 6, using strategy: org.hibernate.id.enhanced.SequenceStyleGenerator
2024-10-07T00:27:06.969-03:00 DEBUG 18250 --- [hotel_reservas] [           main] org.springframework.test.context.cache   : Spring test ApplicationContext cache statistics: [DefaultContextCache@6464f017 size = 1, maxSize = 32, parentContextCount = 0, hitCount = 6, missCount = 1, failureCount = 0]
2024-10-07T00:27:06.969-03:00 DEBUG 18250 --- [hotel_reservas] [           main] org.springframework.test.context.cache   : Spring test ApplicationContext cache statistics: [DefaultContextCache@6464f017 size = 1, maxSize = 32, parentContextCount = 0, hitCount = 7, missCount = 1, failureCount = 0]
2024-10-07T00:27:06.969-03:00 DEBUG 18250 --- [hotel_reservas] [           main] org.springframework.test.context.cache   : Spring test ApplicationContext cache statistics: [DefaultContextCache@6464f017 size = 1, maxSize = 32, parentContextCount = 0, hitCount = 8, missCount = 1, failureCount = 0]
2024-10-07T00:27:06.970-03:00 DEBUG 18250 --- [hotel_reservas] [           main] org.springframework.test.context.cache   : Spring test ApplicationContext cache statistics: [DefaultContextCache@6464f017 size = 1, maxSize = 32, parentContextCount = 0, hitCount = 9, missCount = 1, failureCount = 0]
2024-10-07T00:27:06.971-03:00 DEBUG 18250 --- [hotel_reservas] [           main] org.springframework.test.context.cache   : Spring test ApplicationContext cache statistics: [DefaultContextCache@6464f017 size = 1, maxSize = 32, parentContextCount = 0, hitCount = 10, missCount = 1, failureCount = 0]
2024-10-07T00:27:06.971-03:00 DEBUG 18250 --- [hotel_reservas] [           main] org.springframework.test.context.cache   : Spring test ApplicationContext cache statistics: [DefaultContextCache@6464f017 size = 1, maxSize = 32, parentContextCount = 0, hitCount = 11, missCount = 1, failureCount = 0]
2024-10-07T00:27:06.971-03:00 DEBUG 18250 --- [hotel_reservas] [           main] o.s.orm.jpa.JpaTransactionManager        : Initiating transaction rollback
2024-10-07T00:27:06.972-03:00 DEBUG 18250 --- [hotel_reservas] [           main] o.s.orm.jpa.JpaTransactionManager        : Rolling back JPA transaction on EntityManager [SessionImpl(721863560<open>)]
2024-10-07T00:27:06.972-03:00 DEBUG 18250 --- [hotel_reservas] [           main] o.h.e.t.internal.TransactionImpl         : rolling back
2024-10-07T00:27:06.984-03:00 DEBUG 18250 --- [hotel_reservas] [           main] o.s.orm.jpa.JpaTransactionManager        : Closing JPA EntityManager [SessionImpl(721863560<open>)] after transaction
2024-10-07T00:27:06.985-03:00 DEBUG 18250 --- [hotel_reservas] [           main] o.s.t.c.transaction.TransactionContext   : Rolled back transaction (1) for test class [com.nathan.hotel_reservas.repository.HabitacionRepositoryTest]; test method [guardarHabitacionTest]
2024-10-07T00:27:06.985-03:00 DEBUG 18250 --- [hotel_reservas] [           main] .c.s.DirtiesContextTestExecutionListener : After test method: class [HabitacionRepositoryTest], method [guardarHabitacionTest], class annotated with @DirtiesContext [false] with mode [null], method annotated with @DirtiesContext [false] with mode [null]
]]></system-out>
    <system-err><![CDATA[WARNING: A Java agent has been loaded dynamically (/Users/jonathanbernal/.m2/repository/net/bytebuddy/byte-buddy-agent/1.14.19/byte-buddy-agent-1.14.19.jar)
WARNING: If a serviceability tool is in use, please run with -XX:+EnableDynamicAgentLoading to hide this warning
WARNING: If a serviceability tool is not in use, please run with -Djdk.instrument.traceUsage for more information
WARNING: Dynamic loading of agents will be disallowed by default in a future release
]]></system-err>
  </testcase>
</testsuite>