<?xml version="1.0" encoding="UTF-8"?>
<testsuite xmlns:xsi="http://www.w3.org/2001/XMLSchema-instance" xsi:noNamespaceSchemaLocation="https://maven.apache.org/surefire/maven-surefire-plugin/xsd/surefire-test-report-3.0.xsd" version="3.0" name="com.nathan.hotel_reservas.HotelReservasApplicationTests" time="1.026" tests="1" errors="0" skipped="0" failures="0">
  <properties>
    <property name="java.specification.version" value="22"/>
    <property name="sun.jnu.encoding" value="UTF-8"/>
    <property name="java.class.path" value="/Users/jonathanbernal/Documents/Duoc/FullStack/Week9/hotel_reservas/target/test-classes:/Users/jonathanbernal/Documents/Duoc/FullStack/Week9/hotel_reservas/target/classes:/Users/jonathanbernal/.m2/repository/org/springframework/boot/spring-boot-starter-web/3.3.4/spring-boot-starter-web-3.3.4.jar:/Users/jonathanbernal/.m2/repository/org/springframework/boot/spring-boot-starter/3.3.4/spring-boot-starter-3.3.4.jar:/Users/jonathanbernal/.m2/repository/org/springframework/boot/spring-boot-starter-logging/3.3.4/spring-boot-starter-logging-3.3.4.jar:/Users/jonathanbernal/.m2/repository/ch/qos/logback/logback-classic/1.5.8/logback-classic-1.5.8.jar:/Users/jonathanbernal/.m2/repository/ch/qos/logback/logback-core/1.5.8/logback-core-1.5.8.jar:/Users/jonathanbernal/.m2/repository/org/apache/logging/log4j/log4j-to-slf4j/2.23.1/log4j-to-slf4j-2.23.1.jar:/Users/jonathanbernal/.m2/repository/org/apache/logging/log4j/log4j-api/2.23.1/log4j-api-2.23.1.jar:/Users/jonathanbernal/.m2/repository/org/slf4j/jul-to-slf4j/2.0.16/jul-to-slf4j-2.0.16.jar:/Users/jonathanbernal/.m2/repository/jakarta/annotation/jakarta.annotation-api/2.1.1/jakarta.annotation-api-2.1.1.jar:/Users/jonathanbernal/.m2/repository/org/yaml/snakeyaml/2.2/snakeyaml-2.2.jar:/Users/jonathanbernal/.m2/repository/org/springframework/boot/spring-boot-starter-json/3.3.4/spring-boot-starter-json-3.3.4.jar:/Users/jonathanbernal/.m2/repository/com/fasterxml/jackson/core/jackson-databind/2.17.2/jackson-databind-2.17.2.jar:/Users/jonathanbernal/.m2/repository/com/fasterxml/jackson/core/jackson-annotations/2.17.2/jackson-annotations-2.17.2.jar:/Users/jonathanbernal/.m2/repository/com/fasterxml/jackson/core/jackson-core/2.17.2/jackson-core-2.17.2.jar:/Users/jonathanbernal/.m2/repository/com/fasterxml/jackson/datatype/jackson-datatype-jdk8/2.17.2/jackson-datatype-jdk8-2.17.2.jar:/Users/jonathanbernal/.m2/repository/com/fasterxml/jackson/datatype/jackson-datatype-jsr310/2.17.2/jackson-datatype-jsr310-2.17.2.jar:/Users/jonathanbernal/.m2/repository/com/fasterxml/jackson/module/jackson-module-parameter-names/2.17.2/jackson-module-parameter-names-2.17.2.jar:/Users/jonathanbernal/.m2/repository/org/springframework/boot/spring-boot-starter-tomcat/3.3.4/spring-boot-starter-tomcat-3.3.4.jar:/Users/jonathanbernal/.m2/repository/org/apache/tomcat/embed/tomcat-embed-core/10.1.30/tomcat-embed-core-10.1.30.jar:/Users/jonathanbernal/.m2/repository/org/apache/tomcat/embed/tomcat-embed-el/10.1.30/tomcat-embed-el-10.1.30.jar:/Users/jonathanbernal/.m2/repository/org/apache/tomcat/embed/tomcat-embed-websocket/10.1.30/tomcat-embed-websocket-10.1.30.jar:/Users/jonathanbernal/.m2/repository/org/springframework/spring-web/6.1.13/spring-web-6.1.13.jar:/Users/jonathanbernal/.m2/repository/org/springframework/spring-beans/6.1.13/spring-beans-6.1.13.jar:/Users/jonathanbernal/.m2/repository/io/micrometer/micrometer-observation/1.13.4/micrometer-observation-1.13.4.jar:/Users/jonathanbernal/.m2/repository/io/micrometer/micrometer-commons/1.13.4/micrometer-commons-1.13.4.jar:/Users/jonathanbernal/.m2/repository/org/springframework/spring-webmvc/6.1.13/spring-webmvc-6.1.13.jar:/Users/jonathanbernal/.m2/repository/org/springframework/spring-aop/6.1.13/spring-aop-6.1.13.jar:/Users/jonathanbernal/.m2/repository/org/springframework/spring-context/6.1.13/spring-context-6.1.13.jar:/Users/jonathanbernal/.m2/repository/org/springframework/spring-expression/6.1.13/spring-expression-6.1.13.jar:/Users/jonathanbernal/.m2/repository/org/springframework/boot/spring-boot-devtools/3.3.4/spring-boot-devtools-3.3.4.jar:/Users/jonathanbernal/.m2/repository/org/springframework/boot/spring-boot/3.3.4/spring-boot-3.3.4.jar:/Users/jonathanbernal/.m2/repository/org/springframework/boot/spring-boot-autoconfigure/3.3.4/spring-boot-autoconfigure-3.3.4.jar:/Users/jonathanbernal/.m2/repository/org/projectlombok/lombok/1.18.34/lombok-1.18.34.jar:/Users/jonathanbernal/.m2/repository/org/springframework/boot/spring-boot-starter-test/3.3.4/spring-boot-starter-test-3.3.4.jar:/Users/jonathanbernal/.m2/repository/org/springframework/boot/spring-boot-test/3.3.4/spring-boot-test-3.3.4.jar:/Users/jonathanbernal/.m2/repository/org/springframework/boot/spring-boot-test-autoconfigure/3.3.4/spring-boot-test-autoconfigure-3.3.4.jar:/Users/jonathanbernal/.m2/repository/com/jayway/jsonpath/json-path/2.9.0/json-path-2.9.0.jar:/Users/jonathanbernal/.m2/repository/org/slf4j/slf4j-api/2.0.16/slf4j-api-2.0.16.jar:/Users/jonathanbernal/.m2/repository/jakarta/xml/bind/jakarta.xml.bind-api/4.0.2/jakarta.xml.bind-api-4.0.2.jar:/Users/jonathanbernal/.m2/repository/jakarta/activation/jakarta.activation-api/2.1.3/jakarta.activation-api-2.1.3.jar:/Users/jonathanbernal/.m2/repository/net/minidev/json-smart/2.5.1/json-smart-2.5.1.jar:/Users/jonathanbernal/.m2/repository/net/minidev/accessors-smart/2.5.1/accessors-smart-2.5.1.jar:/Users/jonathanbernal/.m2/repository/org/ow2/asm/asm/9.6/asm-9.6.jar:/Users/jonathanbernal/.m2/repository/org/assertj/assertj-core/3.25.3/assertj-core-3.25.3.jar:/Users/jonathanbernal/.m2/repository/net/bytebuddy/byte-buddy/1.14.19/byte-buddy-1.14.19.jar:/Users/jonathanbernal/.m2/repository/org/awaitility/awaitility/4.2.2/awaitility-4.2.2.jar:/Users/jonathanbernal/.m2/repository/org/hamcrest/hamcrest/2.2/hamcrest-2.2.jar:/Users/jonathanbernal/.m2/repository/org/junit/jupiter/junit-jupiter/5.10.3/junit-jupiter-5.10.3.jar:/Users/jonathanbernal/.m2/repository/org/junit/jupiter/junit-jupiter-api/5.10.3/junit-jupiter-api-5.10.3.jar:/Users/jonathanbernal/.m2/repository/org/opentest4j/opentest4j/1.3.0/opentest4j-1.3.0.jar:/Users/jonathanbernal/.m2/repository/org/junit/platform/junit-platform-commons/1.10.3/junit-platform-commons-1.10.3.jar:/Users/jonathanbernal/.m2/repository/org/apiguardian/apiguardian-api/1.1.2/apiguardian-api-1.1.2.jar:/Users/jonathanbernal/.m2/repository/org/junit/jupiter/junit-jupiter-params/5.10.3/junit-jupiter-params-5.10.3.jar:/Users/jonathanbernal/.m2/repository/org/junit/jupiter/junit-jupiter-engine/5.10.3/junit-jupiter-engine-5.10.3.jar:/Users/jonathanbernal/.m2/repository/org/junit/platform/junit-platform-engine/1.10.3/junit-platform-engine-1.10.3.jar:/Users/jonathanbernal/.m2/repository/org/mockito/mockito-core/5.11.0/mockito-core-5.11.0.jar:/Users/jonathanbernal/.m2/repository/net/bytebuddy/byte-buddy-agent/1.14.19/byte-buddy-agent-1.14.19.jar:/Users/jonathanbernal/.m2/repository/org/objenesis/objenesis/3.3/objenesis-3.3.jar:/Users/jonathanbernal/.m2/repository/org/mockito/mockito-junit-jupiter/5.11.0/mockito-junit-jupiter-5.11.0.jar:/Users/jonathanbernal/.m2/repository/org/skyscreamer/jsonassert/1.5.3/jsonassert-1.5.3.jar:/Users/jonathanbernal/.m2/repository/com/vaadin/external/google/android-json/0.0.20131108.vaadin1/android-json-0.0.20131108.vaadin1.jar:/Users/jonathanbernal/.m2/repository/org/springframework/spring-core/6.1.13/spring-core-6.1.13.jar:/Users/jonathanbernal/.m2/repository/org/springframework/spring-jcl/6.1.13/spring-jcl-6.1.13.jar:/Users/jonathanbernal/.m2/repository/org/springframework/spring-test/6.1.13/spring-test-6.1.13.jar:/Users/jonathanbernal/.m2/repository/org/xmlunit/xmlunit-core/2.9.1/xmlunit-core-2.9.1.jar:/Users/jonathanbernal/.m2/repository/org/springframework/boot/spring-boot-starter-data-jpa/3.3.4/spring-boot-starter-data-jpa-3.3.4.jar:/Users/jonathanbernal/.m2/repository/org/springframework/boot/spring-boot-starter-aop/3.3.4/spring-boot-starter-aop-3.3.4.jar:/Users/jonathanbernal/.m2/repository/org/aspectj/aspectjweaver/1.9.22.1/aspectjweaver-1.9.22.1.jar:/Users/jonathanbernal/.m2/repository/org/springframework/boot/spring-boot-starter-jdbc/3.3.4/spring-boot-starter-jdbc-3.3.4.jar:/Users/jonathanbernal/.m2/repository/com/zaxxer/HikariCP/5.1.0/HikariCP-5.1.0.jar:/Users/jonathanbernal/.m2/repository/org/springframework/spring-jdbc/6.1.13/spring-jdbc-6.1.13.jar:/Users/jonathanbernal/.m2/repository/org/hibernate/orm/hibernate-core/6.5.3.Final/hibernate-core-6.5.3.Final.jar:/Users/jonathanbernal/.m2/repository/jakarta/persistence/jakarta.persistence-api/3.1.0/jakarta.persistence-api-3.1.0.jar:/Users/jonathanbernal/.m2/repository/jakarta/transaction/jakarta.transaction-api/2.0.1/jakarta.transaction-api-2.0.1.jar:/Users/jonathanbernal/.m2/repository/org/jboss/logging/jboss-logging/3.5.3.Final/jboss-logging-3.5.3.Final.jar:/Users/jonathanbernal/.m2/repository/org/hibernate/common/hibernate-commons-annotations/6.0.6.Final/hibernate-commons-annotations-6.0.6.Final.jar:/Users/jonathanbernal/.m2/repository/io/smallrye/jandex/3.1.2/jandex-3.1.2.jar:/Users/jonathanbernal/.m2/repository/com/fasterxml/classmate/1.7.0/classmate-1.7.0.jar:/Users/jonathanbernal/.m2/repository/org/glassfish/jaxb/jaxb-runtime/4.0.5/jaxb-runtime-4.0.5.jar:/Users/jonathanbernal/.m2/repository/org/glassfish/jaxb/jaxb-core/4.0.5/jaxb-core-4.0.5.jar:/Users/jonathanbernal/.m2/repository/org/eclipse/angus/angus-activation/2.0.2/angus-activation-2.0.2.jar:/Users/jonathanbernal/.m2/repository/org/glassfish/jaxb/txw2/4.0.5/txw2-4.0.5.jar:/Users/jonathanbernal/.m2/repository/com/sun/istack/istack-commons-runtime/4.1.2/istack-commons-runtime-4.1.2.jar:/Users/jonathanbernal/.m2/repository/jakarta/inject/jakarta.inject-api/2.0.1/jakarta.inject-api-2.0.1.jar:/Users/jonathanbernal/.m2/repository/org/antlr/antlr4-runtime/4.13.0/antlr4-runtime-4.13.0.jar:/Users/jonathanbernal/.m2/repository/org/springframework/data/spring-data-jpa/3.3.4/spring-data-jpa-3.3.4.jar:/Users/jonathanbernal/.m2/repository/org/springframework/data/spring-data-commons/3.3.4/spring-data-commons-3.3.4.jar:/Users/jonathanbernal/.m2/repository/org/springframework/spring-orm/6.1.13/spring-orm-6.1.13.jar:/Users/jonathanbernal/.m2/repository/org/springframework/spring-tx/6.1.13/spring-tx-6.1.13.jar:/Users/jonathanbernal/.m2/repository/org/springframework/spring-aspects/6.1.13/spring-aspects-6.1.13.jar:/Users/jonathanbernal/.m2/repository/com/oracle/database/jdbc/ojdbc11/21.9.0.0/ojdbc11-21.9.0.0.jar:/Users/jonathanbernal/.m2/repository/com/oracle/database/security/oraclepki/21.5.0.0/oraclepki-21.5.0.0.jar:/Users/jonathanbernal/.m2/repository/com/oracle/database/security/osdt_cert/21.5.0.0/osdt_cert-21.5.0.0.jar:/Users/jonathanbernal/.m2/repository/com/oracle/database/security/osdt_core/21.5.0.0/osdt_core-21.5.0.0.jar:/Users/jonathanbernal/.m2/repository/org/springframework/boot/spring-boot-starter-hateoas/3.3.4/spring-boot-starter-hateoas-3.3.4.jar:/Users/jonathanbernal/.m2/repository/org/springframework/hateoas/spring-hateoas/2.3.3/spring-hateoas-2.3.3.jar:/Users/jonathanbernal/.m2/repository/org/springframework/plugin/spring-plugin-core/3.0.0/spring-plugin-core-3.0.0.jar:"/>
    <property name="java.vm.vendor" value="Homebrew"/>
    <property name="sun.arch.data.model" value="64"/>
    <property name="java.vendor.url" value="https://github.com/Homebrew/homebrew-core/issues"/>
    <property name="user.timezone" value="America/Santiago"/>
    <property name="org.jboss.logging.provider" value="slf4j"/>
    <property name="os.name" value="Mac OS X"/>
    <property name="java.vm.specification.version" value="22"/>
    <property name="sun.java.launcher" value="SUN_STANDARD"/>
    <property name="user.country" value="419"/>
    <property name="sun.boot.library.path" value="/opt/homebrew/Cellar/openjdk/22.0.2/libexec/openjdk.jdk/Contents/Home/lib"/>
    <property name="sun.java.command" value="/Users/jonathanbernal/Documents/Duoc/FullStack/Week9/hotel_reservas/target/surefire/surefirebooter-20241007002703313_3.jar /Users/jonathanbernal/Documents/Duoc/FullStack/Week9/hotel_reservas/target/surefire 2024-10-07T00-27-03_187-jvmRun1 surefire-20241007002703313_1tmp surefire_0-20241007002703313_2tmp"/>
    <property name="http.nonProxyHosts" value="local|*.local|169.254/16|*.169.254/16"/>
    <property name="jdk.debug" value="release"/>
    <property name="surefire.test.class.path" value="/Users/jonathanbernal/Documents/Duoc/FullStack/Week9/hotel_reservas/target/test-classes:/Users/jonathanbernal/Documents/Duoc/FullStack/Week9/hotel_reservas/target/classes:/Users/jonathanbernal/.m2/repository/org/springframework/boot/spring-boot-starter-web/3.3.4/spring-boot-starter-web-3.3.4.jar:/Users/jonathanbernal/.m2/repository/org/springframework/boot/spring-boot-starter/3.3.4/spring-boot-starter-3.3.4.jar:/Users/jonathanbernal/.m2/repository/org/springframework/boot/spring-boot-starter-logging/3.3.4/spring-boot-starter-logging-3.3.4.jar:/Users/jonathanbernal/.m2/repository/ch/qos/logback/logback-classic/1.5.8/logback-classic-1.5.8.jar:/Users/jonathanbernal/.m2/repository/ch/qos/logback/logback-core/1.5.8/logback-core-1.5.8.jar:/Users/jonathanbernal/.m2/repository/org/apache/logging/log4j/log4j-to-slf4j/2.23.1/log4j-to-slf4j-2.23.1.jar:/Users/jonathanbernal/.m2/repository/org/apache/logging/log4j/log4j-api/2.23.1/log4j-api-2.23.1.jar:/Users/jonathanbernal/.m2/repository/org/slf4j/jul-to-slf4j/2.0.16/jul-to-slf4j-2.0.16.jar:/Users/jonathanbernal/.m2/repository/jakarta/annotation/jakarta.annotation-api/2.1.1/jakarta.annotation-api-2.1.1.jar:/Users/jonathanbernal/.m2/repository/org/yaml/snakeyaml/2.2/snakeyaml-2.2.jar:/Users/jonathanbernal/.m2/repository/org/springframework/boot/spring-boot-starter-json/3.3.4/spring-boot-starter-json-3.3.4.jar:/Users/jonathanbernal/.m2/repository/com/fasterxml/jackson/core/jackson-databind/2.17.2/jackson-databind-2.17.2.jar:/Users/jonathanbernal/.m2/repository/com/fasterxml/jackson/core/jackson-annotations/2.17.2/jackson-annotations-2.17.2.jar:/Users/jonathanbernal/.m2/repository/com/fasterxml/jackson/core/jackson-core/2.17.2/jackson-core-2.17.2.jar:/Users/jonathanbernal/.m2/repository/com/fasterxml/jackson/datatype/jackson-datatype-jdk8/2.17.2/jackson-datatype-jdk8-2.17.2.jar:/Users/jonathanbernal/.m2/repository/com/fasterxml/jackson/datatype/jackson-datatype-jsr310/2.17.2/jackson-datatype-jsr310-2.17.2.jar:/Users/jonathanbernal/.m2/repository/com/fasterxml/jackson/module/jackson-module-parameter-names/2.17.2/jackson-module-parameter-names-2.17.2.jar:/Users/jonathanbernal/.m2/repository/org/springframework/boot/spring-boot-starter-tomcat/3.3.4/spring-boot-starter-tomcat-3.3.4.jar:/Users/jonathanbernal/.m2/repository/org/apache/tomcat/embed/tomcat-embed-core/10.1.30/tomcat-embed-core-10.1.30.jar:/Users/jonathanbernal/.m2/repository/org/apache/tomcat/embed/tomcat-embed-el/10.1.30/tomcat-embed-el-10.1.30.jar:/Users/jonathanbernal/.m2/repository/org/apache/tomcat/embed/tomcat-embed-websocket/10.1.30/tomcat-embed-websocket-10.1.30.jar:/Users/jonathanbernal/.m2/repository/org/springframework/spring-web/6.1.13/spring-web-6.1.13.jar:/Users/jonathanbernal/.m2/repository/org/springframework/spring-beans/6.1.13/spring-beans-6.1.13.jar:/Users/jonathanbernal/.m2/repository/io/micrometer/micrometer-observation/1.13.4/micrometer-observation-1.13.4.jar:/Users/jonathanbernal/.m2/repository/io/micrometer/micrometer-commons/1.13.4/micrometer-commons-1.13.4.jar:/Users/jonathanbernal/.m2/repository/org/springframework/spring-webmvc/6.1.13/spring-webmvc-6.1.13.jar:/Users/jonathanbernal/.m2/repository/org/springframework/spring-aop/6.1.13/spring-aop-6.1.13.jar:/Users/jonathanbernal/.m2/repository/org/springframework/spring-context/6.1.13/spring-context-6.1.13.jar:/Users/jonathanbernal/.m2/repository/org/springframework/spring-expression/6.1.13/spring-expression-6.1.13.jar:/Users/jonathanbernal/.m2/repository/org/springframework/boot/spring-boot-devtools/3.3.4/spring-boot-devtools-3.3.4.jar:/Users/jonathanbernal/.m2/repository/org/springframework/boot/spring-boot/3.3.4/spring-boot-3.3.4.jar:/Users/jonathanbernal/.m2/repository/org/springframework/boot/spring-boot-autoconfigure/3.3.4/spring-boot-autoconfigure-3.3.4.jar:/Users/jonathanbernal/.m2/repository/org/projectlombok/lombok/1.18.34/lombok-1.18.34.jar:/Users/jonathanbernal/.m2/repository/org/springframework/boot/spring-boot-starter-test/3.3.4/spring-boot-starter-test-3.3.4.jar:/Users/jonathanbernal/.m2/repository/org/springframework/boot/spring-boot-test/3.3.4/spring-boot-test-3.3.4.jar:/Users/jonathanbernal/.m2/repository/org/springframework/boot/spring-boot-test-autoconfigure/3.3.4/spring-boot-test-autoconfigure-3.3.4.jar:/Users/jonathanbernal/.m2/repository/com/jayway/jsonpath/json-path/2.9.0/json-path-2.9.0.jar:/Users/jonathanbernal/.m2/repository/org/slf4j/slf4j-api/2.0.16/slf4j-api-2.0.16.jar:/Users/jonathanbernal/.m2/repository/jakarta/xml/bind/jakarta.xml.bind-api/4.0.2/jakarta.xml.bind-api-4.0.2.jar:/Users/jonathanbernal/.m2/repository/jakarta/activation/jakarta.activation-api/2.1.3/jakarta.activation-api-2.1.3.jar:/Users/jonathanbernal/.m2/repository/net/minidev/json-smart/2.5.1/json-smart-2.5.1.jar:/Users/jonathanbernal/.m2/repository/net/minidev/accessors-smart/2.5.1/accessors-smart-2.5.1.jar:/Users/jonathanbernal/.m2/repository/org/ow2/asm/asm/9.6/asm-9.6.jar:/Users/jonathanbernal/.m2/repository/org/assertj/assertj-core/3.25.3/assertj-core-3.25.3.jar:/Users/jonathanbernal/.m2/repository/net/bytebuddy/byte-buddy/1.14.19/byte-buddy-1.14.19.jar:/Users/jonathanbernal/.m2/repository/org/awaitility/awaitility/4.2.2/awaitility-4.2.2.jar:/Users/jonathanbernal/.m2/repository/org/hamcrest/hamcrest/2.2/hamcrest-2.2.jar:/Users/jonathanbernal/.m2/repository/org/junit/jupiter/junit-jupiter/5.10.3/junit-jupiter-5.10.3.jar:/Users/jonathanbernal/.m2/repository/org/junit/jupiter/junit-jupiter-api/5.10.3/junit-jupiter-api-5.10.3.jar:/Users/jonathanbernal/.m2/repository/org/opentest4j/opentest4j/1.3.0/opentest4j-1.3.0.jar:/Users/jonathanbernal/.m2/repository/org/junit/platform/junit-platform-commons/1.10.3/junit-platform-commons-1.10.3.jar:/Users/jonathanbernal/.m2/repository/org/apiguardian/apiguardian-api/1.1.2/apiguardian-api-1.1.2.jar:/Users/jonathanbernal/.m2/repository/org/junit/jupiter/junit-jupiter-params/5.10.3/junit-jupiter-params-5.10.3.jar:/Users/jonathanbernal/.m2/repository/org/junit/jupiter/junit-jupiter-engine/5.10.3/junit-jupiter-engine-5.10.3.jar:/Users/jonathanbernal/.m2/repository/org/junit/platform/junit-platform-engine/1.10.3/junit-platform-engine-1.10.3.jar:/Users/jonathanbernal/.m2/repository/org/mockito/mockito-core/5.11.0/mockito-core-5.11.0.jar:/Users/jonathanbernal/.m2/repository/net/bytebuddy/byte-buddy-agent/1.14.19/byte-buddy-agent-1.14.19.jar:/Users/jonathanbernal/.m2/repository/org/objenesis/objenesis/3.3/objenesis-3.3.jar:/Users/jonathanbernal/.m2/repository/org/mockito/mockito-junit-jupiter/5.11.0/mockito-junit-jupiter-5.11.0.jar:/Users/jonathanbernal/.m2/repository/org/skyscreamer/jsonassert/1.5.3/jsonassert-1.5.3.jar:/Users/jonathanbernal/.m2/repository/com/vaadin/external/google/android-json/0.0.20131108.vaadin1/android-json-0.0.20131108.vaadin1.jar:/Users/jonathanbernal/.m2/repository/org/springframework/spring-core/6.1.13/spring-core-6.1.13.jar:/Users/jonathanbernal/.m2/repository/org/springframework/spring-jcl/6.1.13/spring-jcl-6.1.13.jar:/Users/jonathanbernal/.m2/repository/org/springframework/spring-test/6.1.13/spring-test-6.1.13.jar:/Users/jonathanbernal/.m2/repository/org/xmlunit/xmlunit-core/2.9.1/xmlunit-core-2.9.1.jar:/Users/jonathanbernal/.m2/repository/org/springframework/boot/spring-boot-starter-data-jpa/3.3.4/spring-boot-starter-data-jpa-3.3.4.jar:/Users/jonathanbernal/.m2/repository/org/springframework/boot/spring-boot-starter-aop/3.3.4/spring-boot-starter-aop-3.3.4.jar:/Users/jonathanbernal/.m2/repository/org/aspectj/aspectjweaver/1.9.22.1/aspectjweaver-1.9.22.1.jar:/Users/jonathanbernal/.m2/repository/org/springframework/boot/spring-boot-starter-jdbc/3.3.4/spring-boot-starter-jdbc-3.3.4.jar:/Users/jonathanbernal/.m2/repository/com/zaxxer/HikariCP/5.1.0/HikariCP-5.1.0.jar:/Users/jonathanbernal/.m2/repository/org/springframework/spring-jdbc/6.1.13/spring-jdbc-6.1.13.jar:/Users/jonathanbernal/.m2/repository/org/hibernate/orm/hibernate-core/6.5.3.Final/hibernate-core-6.5.3.Final.jar:/Users/jonathanbernal/.m2/repository/jakarta/persistence/jakarta.persistence-api/3.1.0/jakarta.persistence-api-3.1.0.jar:/Users/jonathanbernal/.m2/repository/jakarta/transaction/jakarta.transaction-api/2.0.1/jakarta.transaction-api-2.0.1.jar:/Users/jonathanbernal/.m2/repository/org/jboss/logging/jboss-logging/3.5.3.Final/jboss-logging-3.5.3.Final.jar:/Users/jonathanbernal/.m2/repository/org/hibernate/common/hibernate-commons-annotations/6.0.6.Final/hibernate-commons-annotations-6.0.6.Final.jar:/Users/jonathanbernal/.m2/repository/io/smallrye/jandex/3.1.2/jandex-3.1.2.jar:/Users/jonathanbernal/.m2/repository/com/fasterxml/classmate/1.7.0/classmate-1.7.0.jar:/Users/jonathanbernal/.m2/repository/org/glassfish/jaxb/jaxb-runtime/4.0.5/jaxb-runtime-4.0.5.jar:/Users/jonathanbernal/.m2/repository/org/glassfish/jaxb/jaxb-core/4.0.5/jaxb-core-4.0.5.jar:/Users/jonathanbernal/.m2/repository/org/eclipse/angus/angus-activation/2.0.2/angus-activation-2.0.2.jar:/Users/jonathanbernal/.m2/repository/org/glassfish/jaxb/txw2/4.0.5/txw2-4.0.5.jar:/Users/jonathanbernal/.m2/repository/com/sun/istack/istack-commons-runtime/4.1.2/istack-commons-runtime-4.1.2.jar:/Users/jonathanbernal/.m2/repository/jakarta/inject/jakarta.inject-api/2.0.1/jakarta.inject-api-2.0.1.jar:/Users/jonathanbernal/.m2/repository/org/antlr/antlr4-runtime/4.13.0/antlr4-runtime-4.13.0.jar:/Users/jonathanbernal/.m2/repository/org/springframework/data/spring-data-jpa/3.3.4/spring-data-jpa-3.3.4.jar:/Users/jonathanbernal/.m2/repository/org/springframework/data/spring-data-commons/3.3.4/spring-data-commons-3.3.4.jar:/Users/jonathanbernal/.m2/repository/org/springframework/spring-orm/6.1.13/spring-orm-6.1.13.jar:/Users/jonathanbernal/.m2/repository/org/springframework/spring-tx/6.1.13/spring-tx-6.1.13.jar:/Users/jonathanbernal/.m2/repository/org/springframework/spring-aspects/6.1.13/spring-aspects-6.1.13.jar:/Users/jonathanbernal/.m2/repository/com/oracle/database/jdbc/ojdbc11/21.9.0.0/ojdbc11-21.9.0.0.jar:/Users/jonathanbernal/.m2/repository/com/oracle/database/security/oraclepki/21.5.0.0/oraclepki-21.5.0.0.jar:/Users/jonathanbernal/.m2/repository/com/oracle/database/security/osdt_cert/21.5.0.0/osdt_cert-21.5.0.0.jar:/Users/jonathanbernal/.m2/repository/com/oracle/database/security/osdt_core/21.5.0.0/osdt_core-21.5.0.0.jar:/Users/jonathanbernal/.m2/repository/org/springframework/boot/spring-boot-starter-hateoas/3.3.4/spring-boot-starter-hateoas-3.3.4.jar:/Users/jonathanbernal/.m2/repository/org/springframework/hateoas/spring-hateoas/2.3.3/spring-hateoas-2.3.3.jar:/Users/jonathanbernal/.m2/repository/org/springframework/plugin/spring-plugin-core/3.0.0/spring-plugin-core-3.0.0.jar:"/>
    <property name="sun.cpu.endian" value="little"/>
    <property name="user.home" value="/Users/jonathanbernal"/>
    <property name="user.language" value="es"/>
    <property name="java.specification.vendor" value="Oracle Corporation"/>
    <property name="java.version.date" value="2024-07-16"/>
    <property name="java.home" value="/opt/homebrew/Cellar/openjdk/22.0.2/libexec/openjdk.jdk/Contents/Home"/>
    <property name="file.separator" value="/"/>
    <property name="basedir" value="/Users/jonathanbernal/Documents/Duoc/FullStack/Week9/hotel_reservas"/>
    <property name="java.vm.compressedOopsMode" value="Zero based"/>
    <property name="line.separator" value="&#10;"/>
    <property name="java.vm.specification.vendor" value="Oracle Corporation"/>
    <property name="java.specification.name" value="Java Platform API Specification"/>
    <property name="FILE_LOG_CHARSET" value="UTF-8"/>
    <property name="java.awt.headless" value="true"/>
    <property name="apple.awt.application.name" value="ForkedBooter"/>
    <property name="surefire.real.class.path" value="/Users/jonathanbernal/Documents/Duoc/FullStack/Week9/hotel_reservas/target/surefire/surefirebooter-20241007002703313_3.jar"/>
    <property name="sun.management.compiler" value="HotSpot 64-Bit Tiered Compilers"/>
    <property name="ftp.nonProxyHosts" value="local|*.local|169.254/16|*.169.254/16"/>
    <property name="java.runtime.version" value="22.0.2"/>
    <property name="user.name" value="jonathanbernal"/>
    <property name="stdout.encoding" value="UTF-8"/>
    <property name="path.separator" value=":"/>
    <property name="os.version" value="14.5"/>
    <property name="java.runtime.name" value="OpenJDK Runtime Environment"/>
    <property name="skipTest" value="true"/>
    <property name="file.encoding" value="UTF-8"/>
    <property name="java.vm.name" value="OpenJDK 64-Bit Server VM"/>
    <property name="java.vendor.version" value="Homebrew"/>
    <property name="localRepository" value="/Users/jonathanbernal/.m2/repository"/>
    <property name="java.vendor.url.bug" value="https://github.com/Homebrew/homebrew-core/issues"/>
    <property name="java.io.tmpdir" value="/var/folders/nr/9gzlnt1s6xz7qdh8dxxx6c_00000gp/T/"/>
    <property name="com.zaxxer.hikari.pool_number" value="2"/>
    <property name="java.version" value="22.0.2"/>
    <property name="user.dir" value="/Users/jonathanbernal/Documents/Duoc/FullStack/Week9/hotel_reservas"/>
    <property name="os.arch" value="aarch64"/>
    <property name="java.vm.specification.name" value="Java Virtual Machine Specification"/>
    <property name="PID" value="18250"/>
    <property name="CONSOLE_LOG_CHARSET" value="UTF-8"/>
    <property name="native.encoding" value="UTF-8"/>
    <property name="java.library.path" value="/Users/jonathanbernal/Library/Java/Extensions:/Library/Java/Extensions:/Network/Library/Java/Extensions:/System/Library/Java/Extensions:/usr/lib/java:."/>
    <property name="java.vm.info" value="mixed mode, sharing"/>
    <property name="stderr.encoding" value="UTF-8"/>
    <property name="java.vendor" value="Homebrew"/>
    <property name="java.vm.version" value="22.0.2"/>
    <property name="sun.io.unicode.encoding" value="UnicodeBig"/>
    <property name="socksNonProxyHosts" value="local|*.local|169.254/16|*.169.254/16"/>
    <property name="java.class.version" value="66.0"/>
    <property name="LOGGED_APPLICATION_NAME" value="[hotel_reservas] "/>
  </properties>
  <testcase name="contextLoads" classname="com.nathan.hotel_reservas.HotelReservasApplicationTests" time="0.003">
    <system-out><![CDATA[2024-10-07T00:27:07.038-03:00 DEBUG 18250 --- [hotel_reservas] [           main] .b.t.c.SpringBootTestContextBootstrapper : Neither @ContextConfiguration nor @ContextHierarchy found for test class [HotelReservasApplicationTests]: using SpringBootContextLoader
2024-10-07T00:27:07.038-03:00 DEBUG 18250 --- [hotel_reservas] [           main] o.s.t.c.support.AbstractContextLoader    : Could not detect default resource locations for test class [com.nathan.hotel_reservas.HotelReservasApplicationTests]: no resource found for suffixes {-context.xml, Context.groovy}.
2024-10-07T00:27:07.038-03:00  INFO 18250 --- [hotel_reservas] [           main] t.c.s.AnnotationConfigContextLoaderUtils : Could not detect default configuration classes for test class [com.nathan.hotel_reservas.HotelReservasApplicationTests]: HotelReservasApplicationTests does not declare any static, non-private, non-final, nested classes annotated with @Configuration.
2024-10-07T00:27:07.038-03:00 DEBUG 18250 --- [hotel_reservas] [           main] .b.t.c.SpringBootTestContextBootstrapper : Using ContextCustomizerFactory implementations for test class [HotelReservasApplicationTests]: [ImportsContextCustomizerFactory, ExcludeFilterContextCustomizerFactory, HttpGraphQlTesterContextCustomizerFactory, DuplicateJsonObjectContextCustomizerFactory, MockitoContextCustomizerFactory, TestRestTemplateContextCustomizerFactory, WebTestClientContextCustomizerFactory, DisableReactorResourceFactoryGlobalResourcesContextCustomizerFactory, OverrideAutoConfigurationContextCustomizerFactory, ObservabilityContextCustomizerFactory, TypeExcludeFiltersContextCustomizerFactory, PropertyMappingContextCustomizerFactory, WebDriverContextCustomizerFactory, MockServerContainerContextCustomizerFactory, DynamicPropertiesContextCustomizerFactory]
2024-10-07T00:27:07.039-03:00 DEBUG 18250 --- [hotel_reservas] [           main] .b.t.c.SpringBootTestContextBootstrapper : Using ContextCustomizers for test class [HotelReservasApplicationTests]: [ExcludeFilterContextCustomizer, DuplicateJsonObjectContextCustomizer, MockitoContextCustomizer, TestRestTemplateContextCustomizer, DisableReactorResourceFactoryGlobalResourcesContextCustomizerCustomizer, DisableObservabilityContextCustomizer, PropertyMappingContextCustomizer, WebDriverContextCustomizer]
2024-10-07T00:27:07.042-03:00 DEBUG 18250 --- [hotel_reservas] [           main] ssPathScanningCandidateComponentProvider : Identified candidate component class: file [/Users/jonathanbernal/Documents/Duoc/FullStack/Week9/hotel_reservas/target/classes/com/nathan/hotel_reservas/HotelReservasApplication.class]
2024-10-07T00:27:07.042-03:00  INFO 18250 --- [hotel_reservas] [           main] .b.t.c.SpringBootTestContextBootstrapper : Found @SpringBootConfiguration com.nathan.hotel_reservas.HotelReservasApplication for test class com.nathan.hotel_reservas.HotelReservasApplicationTests
2024-10-07T00:27:07.044-03:00 DEBUG 18250 --- [hotel_reservas] [           main] .s.t.c.u.TestContextSpringFactoriesUtils : Skipping candidate TestExecutionListener [org.springframework.test.context.observation.MicrometerObservationRegistryTestExecutionListener] due to a missing dependency. Specify custom TestExecutionListener classes or make the default TestExecutionListener classes and their required dependencies available. Offending class: io.micrometer.context.ThreadLocalAccessor. MicrometerObservationRegistryTestExecutionListener requires io.micrometer:micrometer-observation:1.10.8 or higher and io.micrometer:context-propagation:1.0.3 or higher.
2024-10-07T00:27:07.044-03:00 DEBUG 18250 --- [hotel_reservas] [           main] .b.t.c.SpringBootTestContextBootstrapper : Using TestExecutionListeners for test class [HotelReservasApplicationTests]: [ServletTestExecutionListener, DirtiesContextBeforeModesTestExecutionListener, ApplicationEventsTestExecutionListener, MockitoTestExecutionListener, DependencyInjectionTestExecutionListener, DirtiesContextTestExecutionListener, TransactionalTestExecutionListener, SqlScriptsTestExecutionListener, EventPublishingTestExecutionListener, ResetMocksTestExecutionListener, RestDocsTestExecutionListener, MockRestServiceServerResetTestExecutionListener, MockMvcPrintOnlyOnFailureTestExecutionListener, WebDriverTestExecutionListener, MockWebServiceServerTestExecutionListener]
2024-10-07T00:27:07.044-03:00 DEBUG 18250 --- [hotel_reservas] [           main] sContextBeforeModesTestExecutionListener : Before test class: class [HotelReservasApplicationTests], class annotated with @DirtiesContext [false] with mode [null]
2024-10-07T00:27:07.050-03:00  INFO 18250 --- [hotel_reservas] [           main] o.s.b.d.r.RestartApplicationListener     : Restart disabled due to context in which it is running
2024-10-07T00:27:07.063-03:00 DEBUG 18250 --- [hotel_reservas] [           main] .s.b.w.s.c.ApplicationServletEnvironment : Activating profiles []
2024-10-07T00:27:07.064-03:00 DEBUG 18250 --- [hotel_reservas] [           main] o.s.c.e.PropertySourcesPropertyResolver  : Found key 'spring.application.name' in PropertySource 'configurationProperties' with value of type String

  .   ____          _            __ _ _
 /\\ / ___'_ __ _ _(_)_ __  __ _ \ \ \ \
( ( )\___ | '_ | '_| | '_ \/ _` | \ \ \ \
 \\/  ___)| |_)| | | | | || (_| |  ) ) ) )
  '  |____| .__|_| |_|_| |_\__, | / / / /
 =========|_|==============|___/=/_/_/_/

 :: Spring Boot ::                (v3.3.4)

2024-10-07T00:27:07.067-03:00  INFO 18250 --- [hotel_reservas] [           main] c.n.h.HotelReservasApplicationTests      : Starting HotelReservasApplicationTests using Java 22.0.2 with PID 18250 (started by jonathanbernal in /Users/jonathanbernal/Documents/Duoc/FullStack/Week9/hotel_reservas)
2024-10-07T00:27:07.068-03:00  INFO 18250 --- [hotel_reservas] [           main] c.n.h.HotelReservasApplicationTests      : No active profile set, falling back to 1 default profile: "default"
2024-10-07T00:27:07.068-03:00 DEBUG 18250 --- [hotel_reservas] [           main] o.s.boot.SpringApplication               : Loading source class com.nathan.hotel_reservas.HotelReservasApplication
2024-10-07T00:27:07.069-03:00 DEBUG 18250 --- [hotel_reservas] [           main] o.s.w.c.s.GenericWebApplicationContext   : Refreshing org.springframework.web.context.support.GenericWebApplicationContext@5bed8b91
2024-10-07T00:27:07.071-03:00 DEBUG 18250 --- [hotel_reservas] [           main] o.s.b.f.s.DefaultListableBeanFactory     : Creating shared instance of singleton bean 'org.springframework.context.annotation.internalConfigurationAnnotationProcessor'
2024-10-07T00:27:07.071-03:00 DEBUG 18250 --- [hotel_reservas] [           main] o.s.b.f.s.DefaultListableBeanFactory     : Creating shared instance of singleton bean 'org.springframework.boot.autoconfigure.internalCachingMetadataReaderFactory'
2024-10-07T00:27:07.077-03:00 DEBUG 18250 --- [hotel_reservas] [           main] o.s.c.a.ClassPathBeanDefinitionScanner   : Identified candidate component class: file [/Users/jonathanbernal/Documents/Duoc/FullStack/Week9/hotel_reservas/target/classes/com/nathan/hotel_reservas/controllers/ReservaController.class]
2024-10-07T00:27:07.078-03:00 DEBUG 18250 --- [hotel_reservas] [           main] o.s.c.a.ClassPathBeanDefinitionScanner   : Identified candidate component class: file [/Users/jonathanbernal/Documents/Duoc/FullStack/Week9/hotel_reservas/target/classes/com/nathan/hotel_reservas/service/HabitacionServicelmpl.class]
2024-10-07T00:27:07.078-03:00 DEBUG 18250 --- [hotel_reservas] [           main] o.s.c.a.ClassPathBeanDefinitionScanner   : Identified candidate component class: file [/Users/jonathanbernal/Documents/Duoc/FullStack/Week9/hotel_reservas/target/classes/com/nathan/hotel_reservas/service/ReservaServicelmpl.class]
2024-10-07T00:27:07.227-03:00  INFO 18250 --- [hotel_reservas] [           main] .s.d.r.c.RepositoryConfigurationDelegate : Bootstrapping Spring Data JPA repositories in DEFAULT mode.
2024-10-07T00:27:07.227-03:00 DEBUG 18250 --- [hotel_reservas] [           main] o.s.b.f.s.DefaultListableBeanFactory     : Creating shared instance of singleton bean 'org.springframework.boot.autoconfigure.AutoConfigurationPackages'
2024-10-07T00:27:07.227-03:00 DEBUG 18250 --- [hotel_reservas] [           main] o.s.b.a.AutoConfigurationPackages        : @EnableAutoConfiguration was declared on a class in the package 'com.nathan.hotel_reservas'. Automatic @Repository and @Entity scanning is enabled.
2024-10-07T00:27:07.227-03:00 DEBUG 18250 --- [hotel_reservas] [           main] .s.d.r.c.RepositoryConfigurationDelegate : Scanning for JPA repositories in packages com.nathan.hotel_reservas.
2024-10-07T00:27:07.230-03:00 DEBUG 18250 --- [hotel_reservas] [           main] o.s.d.r.c.RepositoryComponentProvider    : Identified candidate component class: file [/Users/jonathanbernal/Documents/Duoc/FullStack/Week9/hotel_reservas/target/classes/com/nathan/hotel_reservas/repository/HabitacionRepository.class]
2024-10-07T00:27:07.230-03:00 DEBUG 18250 --- [hotel_reservas] [           main] o.s.d.r.c.RepositoryComponentProvider    : Identified candidate component class: file [/Users/jonathanbernal/Documents/Duoc/FullStack/Week9/hotel_reservas/target/classes/com/nathan/hotel_reservas/repository/ReservaRepository.class]
2024-10-07T00:27:07.234-03:00  INFO 18250 --- [hotel_reservas] [           main] .s.d.r.c.RepositoryConfigurationDelegate : Finished Spring Data repository scanning in 6 ms. Found 2 JPA repository interfaces.
2024-10-07T00:27:07.281-03:00 DEBUG 18250 --- [hotel_reservas] [           main] o.s.b.f.s.DefaultListableBeanFactory     : Creating shared instance of singleton bean 'propertySourcesPlaceholderConfigurer'
2024-10-07T00:27:07.283-03:00 DEBUG 18250 --- [hotel_reservas] [           main] o.s.b.f.s.DefaultListableBeanFactory     : Creating shared instance of singleton bean 'org.springframework.boot.test.mock.mockito.MockitoPostProcessor'
2024-10-07T00:27:07.284-03:00 DEBUG 18250 --- [hotel_reservas] [           main] o.s.b.f.s.DefaultListableBeanFactory     : Creating shared instance of singleton bean 'emBeanDefinitionRegistrarPostProcessor'
2024-10-07T00:27:07.284-03:00 DEBUG 18250 --- [hotel_reservas] [           main] o.s.b.f.s.DefaultListableBeanFactory     : Creating shared instance of singleton bean 'org.springframework.boot.sql.init.dependency.DatabaseInitializationDependencyConfigurer$DependsOnDatabaseInitializationPostProcessor'
2024-10-07T00:27:07.293-03:00 DEBUG 18250 --- [hotel_reservas] [           main] o.s.b.f.s.DefaultListableBeanFactory     : Creating shared instance of singleton bean 'org.springframework.context.event.internalEventListenerProcessor'
2024-10-07T00:27:07.293-03:00 DEBUG 18250 --- [hotel_reservas] [           main] o.s.b.f.s.DefaultListableBeanFactory     : Creating shared instance of singleton bean 'preserveErrorControllerTargetClassPostProcessor'
2024-10-07T00:27:07.293-03:00 DEBUG 18250 --- [hotel_reservas] [           main] o.s.b.f.s.DefaultListableBeanFactory     : Creating shared instance of singleton bean 'org.springframework.context.event.internalEventListenerFactory'
2024-10-07T00:27:07.293-03:00 DEBUG 18250 --- [hotel_reservas] [           main] o.s.b.f.s.DefaultListableBeanFactory     : Creating shared instance of singleton bean 'org.springframework.transaction.config.internalTransactionalEventListenerFactory'
2024-10-07T00:27:07.294-03:00 DEBUG 18250 --- [hotel_reservas] [           main] o.s.b.f.s.DefaultListableBeanFactory     : Creating shared instance of singleton bean 'org.springframework.boot.test.mock.mockito.MockitoPostProcessor$SpyPostProcessor'
2024-10-07T00:27:07.294-03:00 DEBUG 18250 --- [hotel_reservas] [           main] o.s.b.f.s.DefaultListableBeanFactory     : Creating shared instance of singleton bean 'org.springframework.context.annotation.internalAutowiredAnnotationProcessor'
2024-10-07T00:27:07.294-03:00 DEBUG 18250 --- [hotel_reservas] [           main] o.s.b.f.s.DefaultListableBeanFactory     : Creating shared instance of singleton bean 'org.springframework.context.annotation.internalCommonAnnotationProcessor'
2024-10-07T00:27:07.294-03:00 DEBUG 18250 --- [hotel_reservas] [           main] o.s.b.f.s.DefaultListableBeanFactory     : Creating shared instance of singleton bean 'org.springframework.context.annotation.internalPersistenceAnnotationProcessor'
2024-10-07T00:27:07.294-03:00 DEBUG 18250 --- [hotel_reservas] [           main] o.s.b.f.s.DefaultListableBeanFactory     : Creating shared instance of singleton bean 'org.springframework.boot.context.properties.ConfigurationPropertiesBindingPostProcessor'
2024-10-07T00:27:07.294-03:00 DEBUG 18250 --- [hotel_reservas] [           main] o.s.b.f.s.DefaultListableBeanFactory     : Creating shared instance of singleton bean 'org.springframework.boot.context.internalConfigurationPropertiesBinder'
2024-10-07T00:27:07.295-03:00 DEBUG 18250 --- [hotel_reservas] [           main] o.s.b.f.s.DefaultListableBeanFactory     : Creating shared instance of singleton bean 'jdbcConnectionDetailsHikariBeanPostProcessor'
2024-10-07T00:27:07.295-03:00 DEBUG 18250 --- [hotel_reservas] [           main] o.s.b.f.s.DefaultListableBeanFactory     : Creating shared instance of singleton bean 'org.springframework.aop.config.internalAutoProxyCreator'
2024-10-07T00:27:07.298-03:00 DEBUG 18250 --- [hotel_reservas] [           main] o.s.b.f.s.DefaultListableBeanFactory     : Creating shared instance of singleton bean 'persistenceExceptionTranslationPostProcessor'
2024-10-07T00:27:07.299-03:00 DEBUG 18250 --- [hotel_reservas] [           main] o.s.b.f.s.DefaultListableBeanFactory     : Autowiring by type from bean name 'persistenceExceptionTranslationPostProcessor' via factory method to bean named 'environment'
2024-10-07T00:27:07.300-03:00 DEBUG 18250 --- [hotel_reservas] [           main] o.s.b.f.s.DefaultListableBeanFactory     : Creating shared instance of singleton bean 'webServerFactoryCustomizerBeanPostProcessor'
2024-10-07T00:27:07.300-03:00 DEBUG 18250 --- [hotel_reservas] [           main] o.s.b.f.s.DefaultListableBeanFactory     : Creating shared instance of singleton bean 'errorPageRegistrarBeanPostProcessor'
2024-10-07T00:27:07.300-03:00 DEBUG 18250 --- [hotel_reservas] [           main] o.s.b.f.s.DefaultListableBeanFactory     : Creating shared instance of singleton bean 'projectingArgumentResolverBeanPostProcessor'
2024-10-07T00:27:07.301-03:00 DEBUG 18250 --- [hotel_reservas] [           main] o.s.b.f.s.DefaultListableBeanFactory     : Creating shared instance of singleton bean 'org.springframework.transaction.config.internalTransactionAdvisor'
2024-10-07T00:27:07.301-03:00 DEBUG 18250 --- [hotel_reservas] [           main] o.s.b.f.s.DefaultListableBeanFactory     : Creating shared instance of singleton bean 'org.springframework.transaction.annotation.ProxyTransactionManagementConfiguration'
2024-10-07T00:27:07.303-03:00 DEBUG 18250 --- [hotel_reservas] [           main] o.s.b.f.s.DefaultListableBeanFactory     : Creating shared instance of singleton bean 'transactionAttributeSource'
2024-10-07T00:27:07.304-03:00 DEBUG 18250 --- [hotel_reservas] [           main] o.s.b.f.s.DefaultListableBeanFactory     : Creating shared instance of singleton bean 'transactionInterceptor'
2024-10-07T00:27:07.304-03:00 DEBUG 18250 --- [hotel_reservas] [           main] o.s.b.f.s.DefaultListableBeanFactory     : Autowiring by type from bean name 'transactionInterceptor' via factory method to bean named 'transactionAttributeSource'
2024-10-07T00:27:07.304-03:00 DEBUG 18250 --- [hotel_reservas] [           main] o.s.b.f.s.DefaultListableBeanFactory     : Autowiring by type from bean name 'org.springframework.transaction.config.internalTransactionAdvisor' via factory method to bean named 'transactionAttributeSource'
2024-10-07T00:27:07.304-03:00 DEBUG 18250 --- [hotel_reservas] [           main] o.s.b.f.s.DefaultListableBeanFactory     : Autowiring by type from bean name 'org.springframework.transaction.config.internalTransactionAdvisor' via factory method to bean named 'transactionInterceptor'
2024-10-07T00:27:07.306-03:00 DEBUG 18250 --- [hotel_reservas] [           main] o.s.b.f.s.DefaultListableBeanFactory     : Creating shared instance of singleton bean 'hypermediaRepresentionModelProcessorConfigurator'
2024-10-07T00:27:07.306-03:00 DEBUG 18250 --- [hotel_reservas] [           main] o.s.b.f.s.DefaultListableBeanFactory     : Creating shared instance of singleton bean 'hypermediaRestTemplateBeanPostProcessor'
2024-10-07T00:27:07.307-03:00 DEBUG 18250 --- [hotel_reservas] [           main] o.s.u.c.s.UiApplicationContextUtils      : Unable to locate ThemeSource with name 'themeSource': using default [org.springframework.ui.context.support.ResourceBundleThemeSource@674b9b85]
2024-10-07T00:27:07.308-03:00 DEBUG 18250 --- [hotel_reservas] [           main] o.s.b.f.s.DefaultListableBeanFactory     : Creating shared instance of singleton bean 'dataSourceScriptDatabaseInitializer'
2024-10-07T00:27:07.308-03:00 DEBUG 18250 --- [hotel_reservas] [           main] o.s.b.f.s.DefaultListableBeanFactory     : Creating shared instance of singleton bean 'org.springframework.boot.autoconfigure.sql.init.DataSourceInitializationConfiguration'
2024-10-07T00:27:07.308-03:00 DEBUG 18250 --- [hotel_reservas] [           main] o.s.b.f.s.DefaultListableBeanFactory     : Creating shared instance of singleton bean 'dataSource'
2024-10-07T00:27:07.308-03:00 DEBUG 18250 --- [hotel_reservas] [           main] o.s.b.f.s.DefaultListableBeanFactory     : Creating shared instance of singleton bean 'org.springframework.boot.autoconfigure.jdbc.DataSourceConfiguration$Hikari'
2024-10-07T00:27:07.308-03:00 DEBUG 18250 --- [hotel_reservas] [           main] o.s.b.f.s.DefaultListableBeanFactory     : Creating shared instance of singleton bean 'spring.datasource-org.springframework.boot.autoconfigure.jdbc.DataSourceProperties'
2024-10-07T00:27:07.308-03:00 DEBUG 18250 --- [hotel_reservas] [           main] o.s.b.f.s.DefaultListableBeanFactory     : Creating shared instance of singleton bean 'org.springframework.boot.context.properties.BoundConfigurationProperties'
2024-10-07T00:27:07.311-03:00 DEBUG 18250 --- [hotel_reservas] [           main] o.s.b.f.s.DefaultListableBeanFactory     : Creating shared instance of singleton bean 'jdbcConnectionDetails'
2024-10-07T00:27:07.311-03:00 DEBUG 18250 --- [hotel_reservas] [           main] o.s.b.f.s.DefaultListableBeanFactory     : Creating shared instance of singleton bean 'org.springframework.boot.autoconfigure.jdbc.DataSourceAutoConfiguration$PooledDataSourceConfiguration'
2024-10-07T00:27:07.311-03:00 DEBUG 18250 --- [hotel_reservas] [           main] o.s.b.f.s.DefaultListableBeanFactory     : Autowiring by type from bean name 'jdbcConnectionDetails' via factory method to bean named 'spring.datasource-org.springframework.boot.autoconfigure.jdbc.DataSourceProperties'
2024-10-07T00:27:07.311-03:00 DEBUG 18250 --- [hotel_reservas] [           main] o.s.b.f.s.DefaultListableBeanFactory     : Autowiring by type from bean name 'dataSource' via factory method to bean named 'spring.datasource-org.springframework.boot.autoconfigure.jdbc.DataSourceProperties'
2024-10-07T00:27:07.311-03:00 DEBUG 18250 --- [hotel_reservas] [           main] o.s.b.f.s.DefaultListableBeanFactory     : Autowiring by type from bean name 'dataSource' via factory method to bean named 'jdbcConnectionDetails'
2024-10-07T00:27:07.315-03:00 DEBUG 18250 --- [hotel_reservas] [           main] o.s.b.f.s.DefaultListableBeanFactory     : Creating shared instance of singleton bean 'spring.sql.init-org.springframework.boot.autoconfigure.sql.init.SqlInitializationProperties'
2024-10-07T00:27:07.316-03:00 DEBUG 18250 --- [hotel_reservas] [           main] o.s.b.f.s.DefaultListableBeanFactory     : Autowiring by type from bean name 'dataSourceScriptDatabaseInitializer' via factory method to bean named 'dataSource'
2024-10-07T00:27:07.316-03:00 DEBUG 18250 --- [hotel_reservas] [           main] o.s.b.f.s.DefaultListableBeanFactory     : Autowiring by type from bean name 'dataSourceScriptDatabaseInitializer' via factory method to bean named 'spring.sql.init-org.springframework.boot.autoconfigure.sql.init.SqlInitializationProperties'
2024-10-07T00:27:07.317-03:00 DEBUG 18250 --- [hotel_reservas] [           main] o.s.b.f.s.DefaultListableBeanFactory     : Creating shared instance of singleton bean 'entityManagerFactory'
2024-10-07T00:27:07.317-03:00 DEBUG 18250 --- [hotel_reservas] [           main] o.s.b.f.s.DefaultListableBeanFactory     : Creating shared instance of singleton bean 'org.springframework.boot.autoconfigure.orm.jpa.HibernateJpaConfiguration'
2024-10-07T00:27:07.317-03:00 DEBUG 18250 --- [hotel_reservas] [           main] o.s.b.f.s.DefaultListableBeanFactory     : Creating shared instance of singleton bean 'spring.jpa-org.springframework.boot.autoconfigure.orm.jpa.JpaProperties'
2024-10-07T00:27:07.319-03:00 DEBUG 18250 --- [hotel_reservas] [           main] o.s.b.f.s.DefaultListableBeanFactory     : Creating shared instance of singleton bean 'spring.jpa.hibernate-org.springframework.boot.autoconfigure.orm.jpa.HibernateProperties'
2024-10-07T00:27:07.319-03:00 DEBUG 18250 --- [hotel_reservas] [           main] o.s.b.f.s.DefaultListableBeanFactory     : Autowiring by type from bean name 'org.springframework.boot.autoconfigure.orm.jpa.HibernateJpaConfiguration' via constructor to bean named 'dataSource'
2024-10-07T00:27:07.319-03:00 DEBUG 18250 --- [hotel_reservas] [           main] o.s.b.f.s.DefaultListableBeanFactory     : Autowiring by type from bean name 'org.springframework.boot.autoconfigure.orm.jpa.HibernateJpaConfiguration' via constructor to bean named 'spring.jpa-org.springframework.boot.autoconfigure.orm.jpa.JpaProperties'
2024-10-07T00:27:07.319-03:00 DEBUG 18250 --- [hotel_reservas] [           main] o.s.b.f.s.DefaultListableBeanFactory     : Autowiring by type from bean name 'org.springframework.boot.autoconfigure.orm.jpa.HibernateJpaConfiguration' via constructor to bean named 'org.springframework.beans.factory.support.DefaultListableBeanFactory@157267db'
2024-10-07T00:27:07.319-03:00 DEBUG 18250 --- [hotel_reservas] [           main] o.s.b.f.s.DefaultListableBeanFactory     : Autowiring by type from bean name 'org.springframework.boot.autoconfigure.orm.jpa.HibernateJpaConfiguration' via constructor to bean named 'spring.jpa.hibernate-org.springframework.boot.autoconfigure.orm.jpa.HibernateProperties'
2024-10-07T00:27:07.319-03:00 DEBUG 18250 --- [hotel_reservas] [           main] o.s.b.f.s.DefaultListableBeanFactory     : Creating shared instance of singleton bean 'hikariPoolDataSourceMetadataProvider'
2024-10-07T00:27:07.320-03:00 DEBUG 18250 --- [hotel_reservas] [           main] o.s.b.f.s.DefaultListableBeanFactory     : Creating shared instance of singleton bean 'org.springframework.boot.autoconfigure.jdbc.metadata.DataSourcePoolMetadataProvidersConfiguration$HikariPoolDataSourceMetadataProviderConfiguration'
2024-10-07T00:27:07.321-03:00 DEBUG 18250 --- [hotel_reservas] [           main] o.s.b.f.s.DefaultListableBeanFactory     : Creating shared instance of singleton bean 'entityManagerFactoryBuilder'
2024-10-07T00:27:07.321-03:00 DEBUG 18250 --- [hotel_reservas] [           main] o.s.b.f.s.DefaultListableBeanFactory     : Creating shared instance of singleton bean 'jpaVendorAdapter'
2024-10-07T00:27:07.321-03:00 DEBUG 18250 --- [hotel_reservas] [           main] o.s.b.f.s.DefaultListableBeanFactory     : Autowiring by type from bean name 'entityManagerFactoryBuilder' via factory method to bean named 'jpaVendorAdapter'
2024-10-07T00:27:07.322-03:00 DEBUG 18250 --- [hotel_reservas] [           main] o.s.b.f.s.DefaultListableBeanFactory     : Creating shared instance of singleton bean 'persistenceManagedTypes'
2024-10-07T00:27:07.322-03:00 DEBUG 18250 --- [hotel_reservas] [           main] o.s.b.f.s.DefaultListableBeanFactory     : Autowiring by type from bean name 'persistenceManagedTypes' via factory method to bean named 'org.springframework.beans.factory.support.DefaultListableBeanFactory@157267db'
2024-10-07T00:27:07.322-03:00 DEBUG 18250 --- [hotel_reservas] [           main] o.s.b.f.s.DefaultListableBeanFactory     : Autowiring by type from bean name 'persistenceManagedTypes' via factory method to bean named 'org.springframework.web.context.support.GenericWebApplicationContext@5bed8b91'
2024-10-07T00:27:07.325-03:00 DEBUG 18250 --- [hotel_reservas] [           main] o.s.b.f.s.DefaultListableBeanFactory     : Autowiring by type from bean name 'entityManagerFactory' via factory method to bean named 'entityManagerFactoryBuilder'
2024-10-07T00:27:07.325-03:00 DEBUG 18250 --- [hotel_reservas] [           main] o.s.b.f.s.DefaultListableBeanFactory     : Autowiring by type from bean name 'entityManagerFactory' via factory method to bean named 'persistenceManagedTypes'
2024-10-07T00:27:07.326-03:00 DEBUG 18250 --- [hotel_reservas] [           main] j.LocalContainerEntityManagerFactoryBean : Building JPA container EntityManagerFactory for persistence unit 'default'
2024-10-07T00:27:07.326-03:00 DEBUG 18250 --- [hotel_reservas] [           main] o.hibernate.jpa.internal.util.LogHelper  : PersistenceUnitInfo [
	name: default
	persistence provider classname: null
	classloader: jdk.internal.loader.ClassLoaders$AppClassLoader@43e45247
	excludeUnlistedClasses: true
	JTA datasource: null
	Non JTA datasource: HikariDataSource (null)
	Transaction type: RESOURCE_LOCAL
	PU root URL: file:/Users/jonathanbernal/Documents/Duoc/FullStack/Week9/hotel_reservas/target/test-classes/
	Shared Cache Mode: UNSPECIFIED
	Validation Mode: AUTO
	Jar files URLs []
	Managed classes names [
		com.nathan.hotel_reservas.models.HabitacionModel
		com.nathan.hotel_reservas.models.ReservaModel]
	Mapping files names []
	Properties []
2024-10-07T00:27:07.326-03:00 DEBUG 18250 --- [hotel_reservas] [           main] o.h.i.internal.IntegratorServiceImpl     : Adding Integrator [org.hibernate.boot.beanvalidation.BeanValidationIntegrator].
2024-10-07T00:27:07.326-03:00 DEBUG 18250 --- [hotel_reservas] [           main] o.h.i.internal.IntegratorServiceImpl     : Adding Integrator [org.hibernate.cache.internal.CollectionCacheInvalidator].
2024-10-07T00:27:07.327-03:00 DEBUG 18250 --- [hotel_reservas] [           main] org.hibernate.orm.idgen.factory          : Registering IdentifierGenerator strategy [uuid2] -> [org.hibernate.id.UUIDGenerator]
2024-10-07T00:27:07.327-03:00 DEBUG 18250 --- [hotel_reservas] [           main] org.hibernate.orm.idgen.factory          : Registering IdentifierGenerator strategy [guid] -> [org.hibernate.id.GUIDGenerator]
2024-10-07T00:27:07.327-03:00 DEBUG 18250 --- [hotel_reservas] [           main] org.hibernate.orm.idgen.factory          : Registering IdentifierGenerator strategy [uuid] -> [org.hibernate.id.UUIDHexGenerator]
2024-10-07T00:27:07.327-03:00 DEBUG 18250 --- [hotel_reservas] [           main] org.hibernate.orm.idgen.factory          : Registering IdentifierGenerator strategy [uuid.hex] -> [org.hibernate.id.UUIDHexGenerator]
2024-10-07T00:27:07.327-03:00 DEBUG 18250 --- [hotel_reservas] [           main] org.hibernate.orm.idgen.factory          : Registering IdentifierGenerator strategy [assigned] -> [org.hibernate.id.Assigned]
2024-10-07T00:27:07.327-03:00 DEBUG 18250 --- [hotel_reservas] [           main] org.hibernate.orm.idgen.factory          : Registering IdentifierGenerator strategy [identity] -> [org.hibernate.id.IdentityGenerator]
2024-10-07T00:27:07.327-03:00 DEBUG 18250 --- [hotel_reservas] [           main] org.hibernate.orm.idgen.factory          : Registering IdentifierGenerator strategy [select] -> [org.hibernate.id.SelectGenerator]
2024-10-07T00:27:07.327-03:00 DEBUG 18250 --- [hotel_reservas] [           main] org.hibernate.orm.idgen.factory          : Registering IdentifierGenerator strategy [sequence] -> [org.hibernate.id.enhanced.SequenceStyleGenerator]
2024-10-07T00:27:07.327-03:00 DEBUG 18250 --- [hotel_reservas] [           main] org.hibernate.orm.idgen.factory          : Registering IdentifierGenerator strategy [increment] -> [org.hibernate.id.IncrementGenerator]
2024-10-07T00:27:07.327-03:00 DEBUG 18250 --- [hotel_reservas] [           main] org.hibernate.orm.idgen.factory          : Registering IdentifierGenerator strategy [foreign] -> [org.hibernate.id.ForeignGenerator]
2024-10-07T00:27:07.327-03:00 DEBUG 18250 --- [hotel_reservas] [           main] org.hibernate.orm.idgen.factory          : Registering IdentifierGenerator strategy [enhanced-sequence] -> [org.hibernate.id.enhanced.SequenceStyleGenerator]
2024-10-07T00:27:07.327-03:00 DEBUG 18250 --- [hotel_reservas] [           main] org.hibernate.orm.idgen.factory          : Registering IdentifierGenerator strategy [enhanced-table] -> [org.hibernate.id.enhanced.TableGenerator]
2024-10-07T00:27:07.327-03:00 DEBUG 18250 --- [hotel_reservas] [           main] o.h.c.internal.RegionFactoryInitiator    : Cannot default RegionFactory based on registered strategies as `[]` RegionFactory strategies were registered
2024-10-07T00:27:07.327-03:00  INFO 18250 --- [hotel_reservas] [           main] o.h.c.internal.RegionFactoryInitiator    : HHH000026: Second-level cache disabled
2024-10-07T00:27:07.327-03:00 DEBUG 18250 --- [hotel_reservas] [           main] org.hibernate.type.BasicTypeRegistry     : Adding type registration boolean -> org.hibernate.type.BasicTypeReference@738d37fc
2024-10-07T00:27:07.327-03:00 DEBUG 18250 --- [hotel_reservas] [           main] org.hibernate.type.BasicTypeRegistry     : Adding type registration boolean -> org.hibernate.type.BasicTypeReference@738d37fc
2024-10-07T00:27:07.327-03:00 DEBUG 18250 --- [hotel_reservas] [           main] org.hibernate.type.BasicTypeRegistry     : Adding type registration java.lang.Boolean -> org.hibernate.type.BasicTypeReference@738d37fc
2024-10-07T00:27:07.327-03:00 DEBUG 18250 --- [hotel_reservas] [           main] org.hibernate.type.BasicTypeRegistry     : Adding type registration numeric_boolean -> org.hibernate.type.BasicTypeReference@6fa2448b
2024-10-07T00:27:07.327-03:00 DEBUG 18250 --- [hotel_reservas] [           main] org.hibernate.type.BasicTypeRegistry     : Adding type registration org.hibernate.type.NumericBooleanConverter -> org.hibernate.type.BasicTypeReference@6fa2448b
2024-10-07T00:27:07.327-03:00 DEBUG 18250 --- [hotel_reservas] [           main] org.hibernate.type.BasicTypeRegistry     : Adding type registration true_false -> org.hibernate.type.BasicTypeReference@61bb1e4d
2024-10-07T00:27:07.327-03:00 DEBUG 18250 --- [hotel_reservas] [           main] org.hibernate.type.BasicTypeRegistry     : Adding type registration org.hibernate.type.TrueFalseConverter -> org.hibernate.type.BasicTypeReference@61bb1e4d
2024-10-07T00:27:07.327-03:00 DEBUG 18250 --- [hotel_reservas] [           main] org.hibernate.type.BasicTypeRegistry     : Adding type registration yes_no -> org.hibernate.type.BasicTypeReference@5c53f292
2024-10-07T00:27:07.327-03:00 DEBUG 18250 --- [hotel_reservas] [           main] org.hibernate.type.BasicTypeRegistry     : Adding type registration org.hibernate.type.YesNoConverter -> org.hibernate.type.BasicTypeReference@5c53f292
2024-10-07T00:27:07.327-03:00 DEBUG 18250 --- [hotel_reservas] [           main] org.hibernate.type.BasicTypeRegistry     : Adding type registration byte -> org.hibernate.type.BasicTypeReference@46fb0c33
2024-10-07T00:27:07.327-03:00 DEBUG 18250 --- [hotel_reservas] [           main] org.hibernate.type.BasicTypeRegistry     : Adding type registration byte -> org.hibernate.type.BasicTypeReference@46fb0c33
2024-10-07T00:27:07.327-03:00 DEBUG 18250 --- [hotel_reservas] [           main] org.hibernate.type.BasicTypeRegistry     : Adding type registration java.lang.Byte -> org.hibernate.type.BasicTypeReference@46fb0c33
2024-10-07T00:27:07.327-03:00 DEBUG 18250 --- [hotel_reservas] [           main] org.hibernate.type.BasicTypeRegistry     : Adding type registration binary -> org.hibernate.type.BasicTypeReference@3b009e7b
2024-10-07T00:27:07.327-03:00 DEBUG 18250 --- [hotel_reservas] [           main] org.hibernate.type.BasicTypeRegistry     : Adding type registration byte[] -> org.hibernate.type.BasicTypeReference@3b009e7b
2024-10-07T00:27:07.327-03:00 DEBUG 18250 --- [hotel_reservas] [           main] org.hibernate.type.BasicTypeRegistry     : Adding type registration [B -> org.hibernate.type.BasicTypeReference@3b009e7b
2024-10-07T00:27:07.327-03:00 DEBUG 18250 --- [hotel_reservas] [           main] org.hibernate.type.BasicTypeRegistry     : Adding type registration binary_wrapper -> org.hibernate.type.BasicTypeReference@270a620
2024-10-07T00:27:07.327-03:00 DEBUG 18250 --- [hotel_reservas] [           main] org.hibernate.type.BasicTypeRegistry     : Adding type registration wrapper-binary -> org.hibernate.type.BasicTypeReference@270a620
2024-10-07T00:27:07.327-03:00 DEBUG 18250 --- [hotel_reservas] [           main] org.hibernate.type.BasicTypeRegistry     : Adding type registration image -> org.hibernate.type.BasicTypeReference@41f4039e
2024-10-07T00:27:07.327-03:00 DEBUG 18250 --- [hotel_reservas] [           main] org.hibernate.type.BasicTypeRegistry     : Adding type registration blob -> org.hibernate.type.BasicTypeReference@5ff00507
2024-10-07T00:27:07.327-03:00 DEBUG 18250 --- [hotel_reservas] [           main] org.hibernate.type.BasicTypeRegistry     : Adding type registration java.sql.Blob -> org.hibernate.type.BasicTypeReference@5ff00507
2024-10-07T00:27:07.327-03:00 DEBUG 18250 --- [hotel_reservas] [           main] org.hibernate.type.BasicTypeRegistry     : Adding type registration materialized_blob -> org.hibernate.type.BasicTypeReference@603cabc4
2024-10-07T00:27:07.327-03:00 DEBUG 18250 --- [hotel_reservas] [           main] org.hibernate.type.BasicTypeRegistry     : Adding type registration materialized_blob_wrapper -> org.hibernate.type.BasicTypeReference@67fa5045
2024-10-07T00:27:07.327-03:00 DEBUG 18250 --- [hotel_reservas] [           main] org.hibernate.type.BasicTypeRegistry     : Adding type registration short -> org.hibernate.type.BasicTypeReference@6f347d7
2024-10-07T00:27:07.327-03:00 DEBUG 18250 --- [hotel_reservas] [           main] org.hibernate.type.BasicTypeRegistry     : Adding type registration short -> org.hibernate.type.BasicTypeReference@6f347d7
2024-10-07T00:27:07.327-03:00 DEBUG 18250 --- [hotel_reservas] [           main] org.hibernate.type.BasicTypeRegistry     : Adding type registration java.lang.Short -> org.hibernate.type.BasicTypeReference@6f347d7
2024-10-07T00:27:07.327-03:00 DEBUG 18250 --- [hotel_reservas] [           main] org.hibernate.type.BasicTypeRegistry     : Adding type registration integer -> org.hibernate.type.BasicTypeReference@5974b233
2024-10-07T00:27:07.327-03:00 DEBUG 18250 --- [hotel_reservas] [           main] org.hibernate.type.BasicTypeRegistry     : Adding type registration int -> org.hibernate.type.BasicTypeReference@5974b233
2024-10-07T00:27:07.327-03:00 DEBUG 18250 --- [hotel_reservas] [           main] org.hibernate.type.BasicTypeRegistry     : Adding type registration java.lang.Integer -> org.hibernate.type.BasicTypeReference@5974b233
2024-10-07T00:27:07.327-03:00 DEBUG 18250 --- [hotel_reservas] [           main] org.hibernate.type.BasicTypeRegistry     : Adding type registration long -> org.hibernate.type.BasicTypeReference@5c134052
2024-10-07T00:27:07.327-03:00 DEBUG 18250 --- [hotel_reservas] [           main] org.hibernate.type.BasicTypeRegistry     : Adding type registration long -> org.hibernate.type.BasicTypeReference@5c134052
2024-10-07T00:27:07.327-03:00 DEBUG 18250 --- [hotel_reservas] [           main] org.hibernate.type.BasicTypeRegistry     : Adding type registration java.lang.Long -> org.hibernate.type.BasicTypeReference@5c134052
2024-10-07T00:27:07.327-03:00 DEBUG 18250 --- [hotel_reservas] [           main] org.hibernate.type.BasicTypeRegistry     : Adding type registration float -> org.hibernate.type.BasicTypeReference@69de5bed
2024-10-07T00:27:07.327-03:00 DEBUG 18250 --- [hotel_reservas] [           main] org.hibernate.type.BasicTypeRegistry     : Adding type registration float -> org.hibernate.type.BasicTypeReference@69de5bed
2024-10-07T00:27:07.327-03:00 DEBUG 18250 --- [hotel_reservas] [           main] org.hibernate.type.BasicTypeRegistry     : Adding type registration java.lang.Float -> org.hibernate.type.BasicTypeReference@69de5bed
2024-10-07T00:27:07.327-03:00 DEBUG 18250 --- [hotel_reservas] [           main] org.hibernate.type.BasicTypeRegistry     : Adding type registration double -> org.hibernate.type.BasicTypeReference@750f64fe
2024-10-07T00:27:07.327-03:00 DEBUG 18250 --- [hotel_reservas] [           main] org.hibernate.type.BasicTypeRegistry     : Adding type registration double -> org.hibernate.type.BasicTypeReference@750f64fe
2024-10-07T00:27:07.327-03:00 DEBUG 18250 --- [hotel_reservas] [           main] org.hibernate.type.BasicTypeRegistry     : Adding type registration java.lang.Double -> org.hibernate.type.BasicTypeReference@750f64fe
2024-10-07T00:27:07.327-03:00 DEBUG 18250 --- [hotel_reservas] [           main] org.hibernate.type.BasicTypeRegistry     : Adding type registration big_integer -> org.hibernate.type.BasicTypeReference@996a546
2024-10-07T00:27:07.327-03:00 DEBUG 18250 --- [hotel_reservas] [           main] org.hibernate.type.BasicTypeRegistry     : Adding type registration java.math.BigInteger -> org.hibernate.type.BasicTypeReference@996a546
2024-10-07T00:27:07.327-03:00 DEBUG 18250 --- [hotel_reservas] [           main] org.hibernate.type.BasicTypeRegistry     : Adding type registration big_decimal -> org.hibernate.type.BasicTypeReference@4fc165f6
2024-10-07T00:27:07.327-03:00 DEBUG 18250 --- [hotel_reservas] [           main] org.hibernate.type.BasicTypeRegistry     : Adding type registration java.math.BigDecimal -> org.hibernate.type.BasicTypeReference@4fc165f6
2024-10-07T00:27:07.327-03:00 DEBUG 18250 --- [hotel_reservas] [           main] org.hibernate.type.BasicTypeRegistry     : Adding type registration character -> org.hibernate.type.BasicTypeReference@545b5ed0
2024-10-07T00:27:07.328-03:00 DEBUG 18250 --- [hotel_reservas] [           main] org.hibernate.type.BasicTypeRegistry     : Adding type registration char -> org.hibernate.type.BasicTypeReference@545b5ed0
2024-10-07T00:27:07.328-03:00 DEBUG 18250 --- [hotel_reservas] [           main] org.hibernate.type.BasicTypeRegistry     : Adding type registration java.lang.Character -> org.hibernate.type.BasicTypeReference@545b5ed0
2024-10-07T00:27:07.328-03:00 DEBUG 18250 --- [hotel_reservas] [           main] org.hibernate.type.BasicTypeRegistry     : Adding type registration character_nchar -> org.hibernate.type.BasicTypeReference@5a7df831
2024-10-07T00:27:07.328-03:00 DEBUG 18250 --- [hotel_reservas] [           main] org.hibernate.type.BasicTypeRegistry     : Adding type registration string -> org.hibernate.type.BasicTypeReference@667dcaad
2024-10-07T00:27:07.328-03:00 DEBUG 18250 --- [hotel_reservas] [           main] org.hibernate.type.BasicTypeRegistry     : Adding type registration java.lang.String -> org.hibernate.type.BasicTypeReference@667dcaad
2024-10-07T00:27:07.328-03:00 DEBUG 18250 --- [hotel_reservas] [           main] org.hibernate.type.BasicTypeRegistry     : Adding type registration nstring -> org.hibernate.type.BasicTypeReference@22d7fd41
2024-10-07T00:27:07.328-03:00 DEBUG 18250 --- [hotel_reservas] [           main] org.hibernate.type.BasicTypeRegistry     : Adding type registration characters -> org.hibernate.type.BasicTypeReference@2c748a15
2024-10-07T00:27:07.328-03:00 DEBUG 18250 --- [hotel_reservas] [           main] org.hibernate.type.BasicTypeRegistry     : Adding type registration char[] -> org.hibernate.type.BasicTypeReference@2c748a15
2024-10-07T00:27:07.328-03:00 DEBUG 18250 --- [hotel_reservas] [           main] org.hibernate.type.BasicTypeRegistry     : Adding type registration [C -> org.hibernate.type.BasicTypeReference@2c748a15
2024-10-07T00:27:07.328-03:00 DEBUG 18250 --- [hotel_reservas] [           main] org.hibernate.type.BasicTypeRegistry     : Adding type registration wrapper-characters -> org.hibernate.type.BasicTypeReference@19fd43da
2024-10-07T00:27:07.328-03:00 DEBUG 18250 --- [hotel_reservas] [           main] org.hibernate.type.BasicTypeRegistry     : Adding type registration text -> org.hibernate.type.BasicTypeReference@115dcaea
2024-10-07T00:27:07.328-03:00 DEBUG 18250 --- [hotel_reservas] [           main] org.hibernate.type.BasicTypeRegistry     : Adding type registration ntext -> org.hibernate.type.BasicTypeReference@cfd1075
2024-10-07T00:27:07.328-03:00 DEBUG 18250 --- [hotel_reservas] [           main] org.hibernate.type.BasicTypeRegistry     : Adding type registration clob -> org.hibernate.type.BasicTypeReference@45117dd
2024-10-07T00:27:07.328-03:00 DEBUG 18250 --- [hotel_reservas] [           main] org.hibernate.type.BasicTypeRegistry     : Adding type registration java.sql.Clob -> org.hibernate.type.BasicTypeReference@45117dd
2024-10-07T00:27:07.328-03:00 DEBUG 18250 --- [hotel_reservas] [           main] org.hibernate.type.BasicTypeRegistry     : Adding type registration nclob -> org.hibernate.type.BasicTypeReference@7741771e
2024-10-07T00:27:07.328-03:00 DEBUG 18250 --- [hotel_reservas] [           main] org.hibernate.type.BasicTypeRegistry     : Adding type registration java.sql.NClob -> org.hibernate.type.BasicTypeReference@7741771e
2024-10-07T00:27:07.328-03:00 DEBUG 18250 --- [hotel_reservas] [           main] org.hibernate.type.BasicTypeRegistry     : Adding type registration materialized_clob -> org.hibernate.type.BasicTypeReference@834e986
2024-10-07T00:27:07.328-03:00 DEBUG 18250 --- [hotel_reservas] [           main] org.hibernate.type.BasicTypeRegistry     : Adding type registration materialized_clob_char_array -> org.hibernate.type.BasicTypeReference@6cae2e4d
2024-10-07T00:27:07.328-03:00 DEBUG 18250 --- [hotel_reservas] [           main] org.hibernate.type.BasicTypeRegistry     : Adding type registration materialized_clob_character_array -> org.hibernate.type.BasicTypeReference@604d23fa
2024-10-07T00:27:07.328-03:00 DEBUG 18250 --- [hotel_reservas] [           main] org.hibernate.type.BasicTypeRegistry     : Adding type registration materialized_nclob -> org.hibernate.type.BasicTypeReference@1cc8416a
2024-10-07T00:27:07.328-03:00 DEBUG 18250 --- [hotel_reservas] [           main] org.hibernate.type.BasicTypeRegistry     : Adding type registration materialized_nclob_character_array -> org.hibernate.type.BasicTypeReference@331ff3ac
2024-10-07T00:27:07.328-03:00 DEBUG 18250 --- [hotel_reservas] [           main] org.hibernate.type.BasicTypeRegistry     : Adding type registration materialized_nclob_char_array -> org.hibernate.type.BasicTypeReference@2e5e6fc4
2024-10-07T00:27:07.328-03:00 DEBUG 18250 --- [hotel_reservas] [           main] org.hibernate.type.BasicTypeRegistry     : Adding type registration Duration -> org.hibernate.type.BasicTypeReference@2785db06
2024-10-07T00:27:07.328-03:00 DEBUG 18250 --- [hotel_reservas] [           main] org.hibernate.type.BasicTypeRegistry     : Adding type registration java.time.Duration -> org.hibernate.type.BasicTypeReference@2785db06
2024-10-07T00:27:07.328-03:00 DEBUG 18250 --- [hotel_reservas] [           main] org.hibernate.type.BasicTypeRegistry     : Adding type registration LocalDateTime -> org.hibernate.type.BasicTypeReference@79980d8d
2024-10-07T00:27:07.328-03:00 DEBUG 18250 --- [hotel_reservas] [           main] org.hibernate.type.BasicTypeRegistry     : Adding type registration java.time.LocalDateTime -> org.hibernate.type.BasicTypeReference@79980d8d
2024-10-07T00:27:07.328-03:00 DEBUG 18250 --- [hotel_reservas] [           main] org.hibernate.type.BasicTypeRegistry     : Adding type registration LocalDate -> org.hibernate.type.BasicTypeReference@35d60381
2024-10-07T00:27:07.328-03:00 DEBUG 18250 --- [hotel_reservas] [           main] org.hibernate.type.BasicTypeRegistry     : Adding type registration java.time.LocalDate -> org.hibernate.type.BasicTypeReference@35d60381
2024-10-07T00:27:07.328-03:00 DEBUG 18250 --- [hotel_reservas] [           main] org.hibernate.type.BasicTypeRegistry     : Adding type registration LocalTime -> org.hibernate.type.BasicTypeReference@68ab6ab0
2024-10-07T00:27:07.328-03:00 DEBUG 18250 --- [hotel_reservas] [           main] org.hibernate.type.BasicTypeRegistry     : Adding type registration java.time.LocalTime -> org.hibernate.type.BasicTypeReference@68ab6ab0
2024-10-07T00:27:07.328-03:00 DEBUG 18250 --- [hotel_reservas] [           main] org.hibernate.type.BasicTypeRegistry     : Adding type registration OffsetDateTime -> org.hibernate.type.BasicTypeReference@61ffd148
2024-10-07T00:27:07.328-03:00 DEBUG 18250 --- [hotel_reservas] [           main] org.hibernate.type.BasicTypeRegistry     : Adding type registration java.time.OffsetDateTime -> org.hibernate.type.BasicTypeReference@61ffd148
2024-10-07T00:27:07.328-03:00 DEBUG 18250 --- [hotel_reservas] [           main] org.hibernate.type.BasicTypeRegistry     : Adding type registration OffsetDateTimeWithTimezone -> org.hibernate.type.BasicTypeReference@58324c9f
2024-10-07T00:27:07.328-03:00 DEBUG 18250 --- [hotel_reservas] [           main] org.hibernate.type.BasicTypeRegistry     : Adding type registration OffsetDateTimeWithoutTimezone -> org.hibernate.type.BasicTypeReference@5d7d8613
2024-10-07T00:27:07.328-03:00 DEBUG 18250 --- [hotel_reservas] [           main] org.hibernate.type.BasicTypeRegistry     : Adding type registration OffsetTime -> org.hibernate.type.BasicTypeReference@6eb089e6
2024-10-07T00:27:07.328-03:00 DEBUG 18250 --- [hotel_reservas] [           main] org.hibernate.type.BasicTypeRegistry     : Adding type registration java.time.OffsetTime -> org.hibernate.type.BasicTypeReference@6eb089e6
2024-10-07T00:27:07.328-03:00 DEBUG 18250 --- [hotel_reservas] [           main] org.hibernate.type.BasicTypeRegistry     : Adding type registration OffsetTimeUtc -> org.hibernate.type.BasicTypeReference@715a70e9
2024-10-07T00:27:07.328-03:00 DEBUG 18250 --- [hotel_reservas] [           main] org.hibernate.type.BasicTypeRegistry     : Adding type registration OffsetTimeWithTimezone -> org.hibernate.type.BasicTypeReference@3bc69ce9
2024-10-07T00:27:07.328-03:00 DEBUG 18250 --- [hotel_reservas] [           main] org.hibernate.type.BasicTypeRegistry     : Adding type registration OffsetTimeWithoutTimezone -> org.hibernate.type.BasicTypeReference@abad89c
2024-10-07T00:27:07.328-03:00 DEBUG 18250 --- [hotel_reservas] [           main] org.hibernate.type.BasicTypeRegistry     : Adding type registration ZonedDateTime -> org.hibernate.type.BasicTypeReference@602f8f94
2024-10-07T00:27:07.328-03:00 DEBUG 18250 --- [hotel_reservas] [           main] org.hibernate.type.BasicTypeRegistry     : Adding type registration java.time.ZonedDateTime -> org.hibernate.type.BasicTypeReference@602f8f94
2024-10-07T00:27:07.328-03:00 DEBUG 18250 --- [hotel_reservas] [           main] org.hibernate.type.BasicTypeRegistry     : Adding type registration ZonedDateTimeWithTimezone -> org.hibernate.type.BasicTypeReference@42507640
2024-10-07T00:27:07.328-03:00 DEBUG 18250 --- [hotel_reservas] [           main] org.hibernate.type.BasicTypeRegistry     : Adding type registration ZonedDateTimeWithoutTimezone -> org.hibernate.type.BasicTypeReference@4dfe8b37
2024-10-07T00:27:07.328-03:00 DEBUG 18250 --- [hotel_reservas] [           main] org.hibernate.type.BasicTypeRegistry     : Adding type registration date -> org.hibernate.type.BasicTypeReference@11dcd42c
2024-10-07T00:27:07.328-03:00 DEBUG 18250 --- [hotel_reservas] [           main] org.hibernate.type.BasicTypeRegistry     : Adding type registration java.sql.Date -> org.hibernate.type.BasicTypeReference@11dcd42c
2024-10-07T00:27:07.328-03:00 DEBUG 18250 --- [hotel_reservas] [           main] org.hibernate.type.BasicTypeRegistry     : Adding type registration time -> org.hibernate.type.BasicTypeReference@d13baac
2024-10-07T00:27:07.328-03:00 DEBUG 18250 --- [hotel_reservas] [           main] org.hibernate.type.BasicTypeRegistry     : Adding type registration java.sql.Time -> org.hibernate.type.BasicTypeReference@d13baac
2024-10-07T00:27:07.328-03:00 DEBUG 18250 --- [hotel_reservas] [           main] org.hibernate.type.BasicTypeRegistry     : Adding type registration timestamp -> org.hibernate.type.BasicTypeReference@4c302f38
2024-10-07T00:27:07.328-03:00 DEBUG 18250 --- [hotel_reservas] [           main] org.hibernate.type.BasicTypeRegistry     : Adding type registration java.sql.Timestamp -> org.hibernate.type.BasicTypeReference@4c302f38
2024-10-07T00:27:07.328-03:00 DEBUG 18250 --- [hotel_reservas] [           main] org.hibernate.type.BasicTypeRegistry     : Adding type registration java.util.Date -> org.hibernate.type.BasicTypeReference@4c302f38
2024-10-07T00:27:07.328-03:00 DEBUG 18250 --- [hotel_reservas] [           main] org.hibernate.type.BasicTypeRegistry     : Adding type registration calendar -> org.hibernate.type.BasicTypeReference@75aea2ba
2024-10-07T00:27:07.328-03:00 DEBUG 18250 --- [hotel_reservas] [           main] org.hibernate.type.BasicTypeRegistry     : Adding type registration java.util.Calendar -> org.hibernate.type.BasicTypeReference@75aea2ba
2024-10-07T00:27:07.328-03:00 DEBUG 18250 --- [hotel_reservas] [           main] org.hibernate.type.BasicTypeRegistry     : Adding type registration java.util.GregorianCalendar -> org.hibernate.type.BasicTypeReference@75aea2ba
2024-10-07T00:27:07.328-03:00 DEBUG 18250 --- [hotel_reservas] [           main] org.hibernate.type.BasicTypeRegistry     : Adding type registration calendar_date -> org.hibernate.type.BasicTypeReference@2a47597
2024-10-07T00:27:07.328-03:00 DEBUG 18250 --- [hotel_reservas] [           main] org.hibernate.type.BasicTypeRegistry     : Adding type registration calendar_time -> org.hibernate.type.BasicTypeReference@12f279b5
2024-10-07T00:27:07.328-03:00 DEBUG 18250 --- [hotel_reservas] [           main] org.hibernate.type.BasicTypeRegistry     : Adding type registration instant -> org.hibernate.type.BasicTypeReference@5ff6dd3c
2024-10-07T00:27:07.328-03:00 DEBUG 18250 --- [hotel_reservas] [           main] org.hibernate.type.BasicTypeRegistry     : Adding type registration java.time.Instant -> org.hibernate.type.BasicTypeReference@5ff6dd3c
2024-10-07T00:27:07.328-03:00 DEBUG 18250 --- [hotel_reservas] [           main] org.hibernate.type.BasicTypeRegistry     : Adding type registration uuid -> org.hibernate.type.BasicTypeReference@5fcd1f0a
2024-10-07T00:27:07.328-03:00 DEBUG 18250 --- [hotel_reservas] [           main] org.hibernate.type.BasicTypeRegistry     : Adding type registration java.util.UUID -> org.hibernate.type.BasicTypeReference@5fcd1f0a
2024-10-07T00:27:07.328-03:00 DEBUG 18250 --- [hotel_reservas] [           main] org.hibernate.type.BasicTypeRegistry     : Adding type registration pg-uuid -> org.hibernate.type.BasicTypeReference@5fcd1f0a
2024-10-07T00:27:07.328-03:00 DEBUG 18250 --- [hotel_reservas] [           main] org.hibernate.type.BasicTypeRegistry     : Adding type registration uuid-binary -> org.hibernate.type.BasicTypeReference@7e64c1a9
2024-10-07T00:27:07.328-03:00 DEBUG 18250 --- [hotel_reservas] [           main] org.hibernate.type.BasicTypeRegistry     : Adding type registration uuid-char -> org.hibernate.type.BasicTypeReference@7fda2001
2024-10-07T00:27:07.328-03:00 DEBUG 18250 --- [hotel_reservas] [           main] org.hibernate.type.BasicTypeRegistry     : Adding type registration class -> org.hibernate.type.BasicTypeReference@162c1dfb
2024-10-07T00:27:07.328-03:00 DEBUG 18250 --- [hotel_reservas] [           main] org.hibernate.type.BasicTypeRegistry     : Adding type registration java.lang.Class -> org.hibernate.type.BasicTypeReference@162c1dfb
2024-10-07T00:27:07.328-03:00 DEBUG 18250 --- [hotel_reservas] [           main] org.hibernate.type.BasicTypeRegistry     : Adding type registration currency -> org.hibernate.type.BasicTypeReference@21ae657b
2024-10-07T00:27:07.328-03:00 DEBUG 18250 --- [hotel_reservas] [           main] org.hibernate.type.BasicTypeRegistry     : Adding type registration Currency -> org.hibernate.type.BasicTypeReference@21ae657b
2024-10-07T00:27:07.328-03:00 DEBUG 18250 --- [hotel_reservas] [           main] org.hibernate.type.BasicTypeRegistry     : Adding type registration java.util.Currency -> org.hibernate.type.BasicTypeReference@21ae657b
2024-10-07T00:27:07.328-03:00 DEBUG 18250 --- [hotel_reservas] [           main] org.hibernate.type.BasicTypeRegistry     : Adding type registration locale -> org.hibernate.type.BasicTypeReference@576b7c74
2024-10-07T00:27:07.328-03:00 DEBUG 18250 --- [hotel_reservas] [           main] org.hibernate.type.BasicTypeRegistry     : Adding type registration java.util.Locale -> org.hibernate.type.BasicTypeReference@576b7c74
2024-10-07T00:27:07.328-03:00 DEBUG 18250 --- [hotel_reservas] [           main] org.hibernate.type.BasicTypeRegistry     : Adding type registration serializable -> org.hibernate.type.BasicTypeReference@21de60a7
2024-10-07T00:27:07.328-03:00 DEBUG 18250 --- [hotel_reservas] [           main] org.hibernate.type.BasicTypeRegistry     : Adding type registration java.io.Serializable -> org.hibernate.type.BasicTypeReference@21de60a7
2024-10-07T00:27:07.328-03:00 DEBUG 18250 --- [hotel_reservas] [           main] org.hibernate.type.BasicTypeRegistry     : Adding type registration timezone -> org.hibernate.type.BasicTypeReference@73894c5a
2024-10-07T00:27:07.328-03:00 DEBUG 18250 --- [hotel_reservas] [           main] org.hibernate.type.BasicTypeRegistry     : Adding type registration java.util.TimeZone -> org.hibernate.type.BasicTypeReference@73894c5a
2024-10-07T00:27:07.328-03:00 DEBUG 18250 --- [hotel_reservas] [           main] org.hibernate.type.BasicTypeRegistry     : Adding type registration ZoneOffset -> org.hibernate.type.BasicTypeReference@7698b7a4
2024-10-07T00:27:07.328-03:00 DEBUG 18250 --- [hotel_reservas] [           main] org.hibernate.type.BasicTypeRegistry     : Adding type registration java.time.ZoneOffset -> org.hibernate.type.BasicTypeReference@7698b7a4
2024-10-07T00:27:07.328-03:00 DEBUG 18250 --- [hotel_reservas] [           main] org.hibernate.type.BasicTypeRegistry     : Adding type registration url -> org.hibernate.type.BasicTypeReference@7a9ceddf
2024-10-07T00:27:07.328-03:00 DEBUG 18250 --- [hotel_reservas] [           main] org.hibernate.type.BasicTypeRegistry     : Adding type registration java.net.URL -> org.hibernate.type.BasicTypeReference@7a9ceddf
2024-10-07T00:27:07.328-03:00 DEBUG 18250 --- [hotel_reservas] [           main] org.hibernate.type.BasicTypeRegistry     : Adding type registration vector -> org.hibernate.type.BasicTypeReference@28157173
2024-10-07T00:27:07.328-03:00 DEBUG 18250 --- [hotel_reservas] [           main] org.hibernate.type.BasicTypeRegistry     : Adding type registration row_version -> org.hibernate.type.BasicTypeReference@11c713b7
2024-10-07T00:27:07.328-03:00 DEBUG 18250 --- [hotel_reservas] [           main] org.hibernate.type.BasicTypeRegistry     : Adding type registration object -> org.hibernate.type.JavaObjectType@78307a56
2024-10-07T00:27:07.328-03:00 DEBUG 18250 --- [hotel_reservas] [           main] org.hibernate.type.BasicTypeRegistry     : Adding type registration java.lang.Object -> org.hibernate.type.JavaObjectType@78307a56
2024-10-07T00:27:07.328-03:00 DEBUG 18250 --- [hotel_reservas] [           main] org.hibernate.type.BasicTypeRegistry     : Adding type registration null -> org.hibernate.type.NullType@286855ea
2024-10-07T00:27:07.328-03:00 DEBUG 18250 --- [hotel_reservas] [           main] org.hibernate.type.BasicTypeRegistry     : Adding type registration imm_date -> org.hibernate.type.BasicTypeReference@264340f0
2024-10-07T00:27:07.328-03:00 DEBUG 18250 --- [hotel_reservas] [           main] org.hibernate.type.BasicTypeRegistry     : Adding type registration imm_time -> org.hibernate.type.BasicTypeReference@7640a191
2024-10-07T00:27:07.328-03:00 DEBUG 18250 --- [hotel_reservas] [           main] org.hibernate.type.BasicTypeRegistry     : Adding type registration imm_timestamp -> org.hibernate.type.BasicTypeReference@504a9352
2024-10-07T00:27:07.328-03:00 DEBUG 18250 --- [hotel_reservas] [           main] org.hibernate.type.BasicTypeRegistry     : Adding type registration imm_calendar -> org.hibernate.type.BasicTypeReference@48e1e18a
2024-10-07T00:27:07.328-03:00 DEBUG 18250 --- [hotel_reservas] [           main] org.hibernate.type.BasicTypeRegistry     : Adding type registration imm_calendar_date -> org.hibernate.type.BasicTypeReference@74997ca6
2024-10-07T00:27:07.328-03:00 DEBUG 18250 --- [hotel_reservas] [           main] org.hibernate.type.BasicTypeRegistry     : Adding type registration imm_calendar_time -> org.hibernate.type.BasicTypeReference@7a6078d
2024-10-07T00:27:07.328-03:00 DEBUG 18250 --- [hotel_reservas] [           main] org.hibernate.type.BasicTypeRegistry     : Adding type registration imm_binary -> org.hibernate.type.BasicTypeReference@372c428
2024-10-07T00:27:07.328-03:00 DEBUG 18250 --- [hotel_reservas] [           main] org.hibernate.type.BasicTypeRegistry     : Adding type registration imm_serializable -> org.hibernate.type.BasicTypeReference@4458887d
2024-10-07T00:27:07.329-03:00 DEBUG 18250 --- [hotel_reservas] [           main] o.h.boot.internal.BootstrapContextImpl   : Injecting JPA temp ClassLoader [org.springframework.instrument.classloading.SimpleThrowawayClassLoader@4c364a9d] into BootstrapContext; was [null]
2024-10-07T00:27:07.329-03:00 DEBUG 18250 --- [hotel_reservas] [           main] o.h.boot.internal.ClassLoaderAccessImpl  : ClassLoaderAccessImpl#injectTempClassLoader(org.springframework.instrument.classloading.SimpleThrowawayClassLoader@4c364a9d) [was null]
2024-10-07T00:27:07.329-03:00 DEBUG 18250 --- [hotel_reservas] [           main] o.h.boot.internal.BootstrapContextImpl   : Injecting ScanEnvironment [org.hibernate.jpa.boot.internal.StandardJpaScanEnvironmentImpl@597084b7] into BootstrapContext; was [null]
2024-10-07T00:27:07.329-03:00 DEBUG 18250 --- [hotel_reservas] [           main] o.h.boot.internal.BootstrapContextImpl   : Injecting ScanOptions [org.hibernate.boot.archive.scan.internal.StandardScanOptions@59ebe484] into BootstrapContext; was [org.hibernate.boot.archive.scan.internal.StandardScanOptions@7fd624f5]
2024-10-07T00:27:07.332-03:00  INFO 18250 --- [hotel_reservas] [           main] o.s.o.j.p.SpringPersistenceUnitInfo      : No LoadTimeWeaver setup: ignoring JPA class transformer
2024-10-07T00:27:07.332-03:00 DEBUG 18250 --- [hotel_reservas] [           main] o.h.boot.internal.BootstrapContextImpl   : Injecting JPA temp ClassLoader [null] into BootstrapContext; was [org.springframework.instrument.classloading.SimpleThrowawayClassLoader@4c364a9d]
2024-10-07T00:27:07.332-03:00 DEBUG 18250 --- [hotel_reservas] [           main] o.h.boot.internal.ClassLoaderAccessImpl  : ClassLoaderAccessImpl#injectTempClassLoader(null) [was org.springframework.instrument.classloading.SimpleThrowawayClassLoader@4c364a9d]
2024-10-07T00:27:07.332-03:00  INFO 18250 --- [hotel_reservas] [           main] com.zaxxer.hikari.HikariDataSource       : HikariPool-2 - Starting...
2024-10-07T00:27:07.332-03:00  WARN 18250 --- [hotel_reservas] [           main] c.zaxxer.hikari.util.DriverDataSource    : Registered driver with driverClassName=oracle.jdbc.driver.OracleDriver was not found, trying direct instantiation.
2024-10-07T00:27:07.669-03:00  INFO 18250 --- [hotel_reservas] [           main] com.zaxxer.hikari.pool.HikariPool        : HikariPool-2 - Added connection oracle.jdbc.driver.T4CConnection@5f113867
2024-10-07T00:27:07.669-03:00  INFO 18250 --- [hotel_reservas] [           main] com.zaxxer.hikari.HikariDataSource       : HikariPool-2 - Start completed.
2024-10-07T00:27:07.669-03:00 DEBUG 18250 --- [hotel_reservas] [           main] o.h.e.j.e.i.JdbcEnvironmentInitiator     : Database ->
	   name : Oracle
	version : Oracle Database 23ai Enterprise Edition Release 23.0.0.0.0 - Production
Version 23.6.0.24.07
	  major : 23
	  minor : 0
2024-10-07T00:27:07.669-03:00 DEBUG 18250 --- [hotel_reservas] [           main] o.h.e.j.e.i.JdbcEnvironmentInitiator     : Driver ->
	   name : Oracle JDBC driver
	version : 21.9.0.0.0
	  major : 21
	  minor : 9
2024-10-07T00:27:07.669-03:00 DEBUG 18250 --- [hotel_reservas] [           main] o.h.e.j.e.i.JdbcEnvironmentInitiator     : JDBC version : 4.3
2024-10-07T00:27:07.680-03:00  WARN 18250 --- [hotel_reservas] [           main] org.hibernate.orm.deprecation            : HHH90000025: OracleDialect does not need to be specified explicitly using 'hibernate.dialect' (remove the property setting and it will be selected by default)
2024-10-07T00:27:07.680-03:00 DEBUG 18250 --- [hotel_reservas] [           main] org.hibernate.orm.dialect                : HHH035001: Using dialect: org.hibernate.dialect.OracleDialect, version: 23.0
2024-10-07T00:27:07.716-03:00 DEBUG 18250 --- [hotel_reservas] [           main] o.h.t.d.jdbc.spi.JdbcTypeRegistry        : addDescriptor(NCharTypeDescriptor) replaced previous registration(CharTypeDescriptor)
2024-10-07T00:27:07.716-03:00 DEBUG 18250 --- [hotel_reservas] [           main] o.h.t.d.jdbc.spi.JdbcTypeRegistry        : addDescriptor(NVarcharTypeDescriptor) replaced previous registration(VarcharTypeDescriptor)
2024-10-07T00:27:07.716-03:00 DEBUG 18250 --- [hotel_reservas] [           main] o.h.t.d.jdbc.spi.JdbcTypeRegistry        : addDescriptor(LongNVarcharTypeDescriptor) replaced previous registration(LongVarcharTypeDescriptor)
2024-10-07T00:27:07.717-03:00 DEBUG 18250 --- [hotel_reservas] [           main] o.h.t.d.jdbc.spi.JdbcTypeRegistry        : addDescriptor(NClobTypeDescriptor(DEFAULT)) replaced previous registration(ClobTypeDescriptor(DEFAULT))
2024-10-07T00:27:07.717-03:00 DEBUG 18250 --- [hotel_reservas] [           main] o.h.t.d.jdbc.spi.JdbcTypeRegistry        : addDescriptor(2005, ClobTypeDescriptor(STREAM_BINDING)) replaced previous registration(ClobTypeDescriptor(DEFAULT))
2024-10-07T00:27:07.717-03:00 DEBUG 18250 --- [hotel_reservas] [           main] o.h.t.d.jdbc.spi.JdbcTypeRegistry        : addDescriptor(BooleanTypeDescriptor) replaced previous registration(BooleanTypeDescriptor)
2024-10-07T00:27:07.717-03:00 DEBUG 18250 --- [hotel_reservas] [           main] org.hibernate.type.BasicTypeRegistry     : Adding type registration null -> org.hibernate.type.NullType@4848681d
2024-10-07T00:27:07.717-03:00 DEBUG 18250 --- [hotel_reservas] [           main] org.hibernate.type.BasicTypeRegistry     : Type registration key [null] overrode previous entry : `org.hibernate.type.NullType@286855ea`
2024-10-07T00:27:07.717-03:00 DEBUG 18250 --- [hotel_reservas] [           main] org.hibernate.type.BasicTypeRegistry     : Adding type registration JAVA_OBJECT -> org.hibernate.type.JavaObjectType@7712c315
2024-10-07T00:27:07.717-03:00 DEBUG 18250 --- [hotel_reservas] [           main] org.hibernate.type.BasicTypeRegistry     : Adding type registration java.lang.Object -> org.hibernate.type.JavaObjectType@7712c315
2024-10-07T00:27:07.717-03:00 DEBUG 18250 --- [hotel_reservas] [           main] org.hibernate.type.BasicTypeRegistry     : Type registration key [java.lang.Object] overrode previous entry : `org.hibernate.type.JavaObjectType@78307a56`
2024-10-07T00:27:07.717-03:00 DEBUG 18250 --- [hotel_reservas] [           main] org.hibernate.type.BasicTypeRegistry     : Adding type registration org.hibernate.type.DurationType -> basicType@22(java.time.Duration,3015)
2024-10-07T00:27:07.717-03:00 DEBUG 18250 --- [hotel_reservas] [           main] org.hibernate.type.BasicTypeRegistry     : Adding type registration Duration -> basicType@22(java.time.Duration,3015)
2024-10-07T00:27:07.717-03:00 DEBUG 18250 --- [hotel_reservas] [           main] org.hibernate.type.BasicTypeRegistry     : Adding type registration java.time.Duration -> basicType@22(java.time.Duration,3015)
2024-10-07T00:27:07.717-03:00 DEBUG 18250 --- [hotel_reservas] [           main] o.h.type.spi.TypeConfiguration$Scope     : Scoping TypeConfiguration [org.hibernate.type.spi.TypeConfiguration@5a9a187b] to MetadataBuildingContext [org.hibernate.boot.internal.MetadataBuildingContextRootImpl@5529fd4e]
2024-10-07T00:27:07.717-03:00 DEBUG 18250 --- [hotel_reservas] [           main] o.h.boot.model.relational.Namespace      : Created database namespace [logicalName=Name{catalog=null, schema=null}, physicalName=Name{catalog=null, schema=null}]
2024-10-07T00:27:07.717-03:00 DEBUG 18250 --- [hotel_reservas] [           main] o.h.boot.model.internal.EntityBinder     : Binding entity from annotated class: com.nathan.hotel_reservas.models.HabitacionModel
2024-10-07T00:27:07.717-03:00 DEBUG 18250 --- [hotel_reservas] [           main] o.h.boot.model.internal.EntityBinder     : Import with entity name HabitacionModel
2024-10-07T00:27:07.717-03:00 DEBUG 18250 --- [hotel_reservas] [           main] o.h.boot.model.internal.EntityBinder     : Bind entity com.nathan.hotel_reservas.models.HabitacionModel on table ho_habitacion
2024-10-07T00:27:07.717-03:00 DEBUG 18250 --- [hotel_reservas] [           main] o.h.boot.model.internal.AnnotatedColumn  : Binding column: AnnotatedDiscriminatorColumn(column='DTYPE')
2024-10-07T00:27:07.718-03:00 DEBUG 18250 --- [hotel_reservas] [           main] o.h.boot.model.internal.AnnotatedColumn  : Binding column: AnnotatedColumn(column='habitacion_id')
2024-10-07T00:27:07.718-03:00 DEBUG 18250 --- [hotel_reservas] [           main] o.h.boot.internal.ClassLoaderAccessImpl  : Not known whether passed class name [com.nathan.hotel_reservas.models.HabitacionModel] is safe
2024-10-07T00:27:07.718-03:00 DEBUG 18250 --- [hotel_reservas] [           main] o.h.boot.internal.ClassLoaderAccessImpl  : No temp ClassLoader provided; using live ClassLoader for loading potentially unsafe class : com.nathan.hotel_reservas.models.HabitacionModel
2024-10-07T00:27:07.718-03:00 DEBUG 18250 --- [hotel_reservas] [           main] o.h.boot.model.internal.PropertyBinder   : MetadataSourceProcessor property id with lazy=false
2024-10-07T00:27:07.718-03:00 DEBUG 18250 --- [hotel_reservas] [           main] o.h.b.m.internal.AbstractPropertyHolder  : Attempting to locate auto-apply AttributeConverter for property [com.nathan.hotel_reservas.models.HabitacionModel:id]
2024-10-07T00:27:07.718-03:00 DEBUG 18250 --- [hotel_reservas] [           main] o.h.b.model.internal.BasicValueBinder    : building BasicValue for id
2024-10-07T00:27:07.718-03:00 DEBUG 18250 --- [hotel_reservas] [           main] org.hibernate.mapping.BasicValue         : Skipping column re-registration: ho_habitacion.habitacion_id
2024-10-07T00:27:07.718-03:00 DEBUG 18250 --- [hotel_reservas] [           main] o.h.boot.model.internal.PropertyBinder   : Building property id
2024-10-07T00:27:07.718-03:00 DEBUG 18250 --- [hotel_reservas] [           main] o.h.boot.model.internal.BinderHelper     : #makeIdGenerator(BasicValue([Column(habitacion_id)]), id, org.hibernate.id.enhanced.SequenceStyleGenerator, habitacion_sequence, ...)
2024-10-07T00:27:07.718-03:00 DEBUG 18250 --- [hotel_reservas] [           main] o.h.boot.model.internal.AnnotatedColumn  : Binding column: AnnotatedColumn(column='camas')
2024-10-07T00:27:07.718-03:00 DEBUG 18250 --- [hotel_reservas] [           main] o.h.boot.model.internal.PropertyBinder   : MetadataSourceProcessor property camas with lazy=false
2024-10-07T00:27:07.718-03:00 DEBUG 18250 --- [hotel_reservas] [           main] o.h.b.m.internal.AbstractPropertyHolder  : Attempting to locate auto-apply AttributeConverter for property [com.nathan.hotel_reservas.models.HabitacionModel:camas]
2024-10-07T00:27:07.718-03:00 DEBUG 18250 --- [hotel_reservas] [           main] o.h.b.model.internal.BasicValueBinder    : building BasicValue for camas
2024-10-07T00:27:07.718-03:00 DEBUG 18250 --- [hotel_reservas] [           main] org.hibernate.mapping.BasicValue         : Skipping column re-registration: ho_habitacion.camas
2024-10-07T00:27:07.718-03:00 DEBUG 18250 --- [hotel_reservas] [           main] o.h.boot.model.internal.PropertyBinder   : Building property camas
2024-10-07T00:27:07.718-03:00 DEBUG 18250 --- [hotel_reservas] [           main] o.h.boot.model.internal.AnnotatedColumn  : Binding column: AnnotatedColumn(column='numero')
2024-10-07T00:27:07.718-03:00 DEBUG 18250 --- [hotel_reservas] [           main] o.h.boot.model.internal.PropertyBinder   : MetadataSourceProcessor property habitacionNumero with lazy=false
2024-10-07T00:27:07.718-03:00 DEBUG 18250 --- [hotel_reservas] [           main] o.h.b.m.internal.AbstractPropertyHolder  : Attempting to locate auto-apply AttributeConverter for property [com.nathan.hotel_reservas.models.HabitacionModel:habitacionNumero]
2024-10-07T00:27:07.718-03:00 DEBUG 18250 --- [hotel_reservas] [           main] o.h.b.model.internal.BasicValueBinder    : building BasicValue for habitacionNumero
2024-10-07T00:27:07.718-03:00 DEBUG 18250 --- [hotel_reservas] [           main] org.hibernate.mapping.BasicValue         : Skipping column re-registration: ho_habitacion.numero
2024-10-07T00:27:07.718-03:00 DEBUG 18250 --- [hotel_reservas] [           main] o.h.boot.model.internal.PropertyBinder   : Building property habitacionNumero
2024-10-07T00:27:07.718-03:00 DEBUG 18250 --- [hotel_reservas] [           main] o.h.boot.model.internal.AnnotatedColumn  : Binding column: AnnotatedColumn(column='observacion')
2024-10-07T00:27:07.718-03:00 DEBUG 18250 --- [hotel_reservas] [           main] o.h.boot.model.internal.PropertyBinder   : MetadataSourceProcessor property observacion with lazy=false
2024-10-07T00:27:07.718-03:00 DEBUG 18250 --- [hotel_reservas] [           main] o.h.b.m.internal.AbstractPropertyHolder  : Attempting to locate auto-apply AttributeConverter for property [com.nathan.hotel_reservas.models.HabitacionModel:observacion]
2024-10-07T00:27:07.718-03:00 DEBUG 18250 --- [hotel_reservas] [           main] o.h.b.model.internal.BasicValueBinder    : building BasicValue for observacion
2024-10-07T00:27:07.718-03:00 DEBUG 18250 --- [hotel_reservas] [           main] org.hibernate.mapping.BasicValue         : Skipping column re-registration: ho_habitacion.observacion
2024-10-07T00:27:07.718-03:00 DEBUG 18250 --- [hotel_reservas] [           main] o.h.boot.model.internal.PropertyBinder   : Building property observacion
2024-10-07T00:27:07.718-03:00 DEBUG 18250 --- [hotel_reservas] [           main] o.h.boot.model.internal.AnnotatedColumn  : Binding column: AnnotatedColumn(column='piso')
2024-10-07T00:27:07.718-03:00 DEBUG 18250 --- [hotel_reservas] [           main] o.h.boot.model.internal.PropertyBinder   : MetadataSourceProcessor property piso with lazy=false
2024-10-07T00:27:07.718-03:00 DEBUG 18250 --- [hotel_reservas] [           main] o.h.b.m.internal.AbstractPropertyHolder  : Attempting to locate auto-apply AttributeConverter for property [com.nathan.hotel_reservas.models.HabitacionModel:piso]
2024-10-07T00:27:07.718-03:00 DEBUG 18250 --- [hotel_reservas] [           main] o.h.b.model.internal.BasicValueBinder    : building BasicValue for piso
2024-10-07T00:27:07.718-03:00 DEBUG 18250 --- [hotel_reservas] [           main] org.hibernate.mapping.BasicValue         : Skipping column re-registration: ho_habitacion.piso
2024-10-07T00:27:07.718-03:00 DEBUG 18250 --- [hotel_reservas] [           main] o.h.boot.model.internal.PropertyBinder   : Building property piso
2024-10-07T00:27:07.719-03:00 DEBUG 18250 --- [hotel_reservas] [           main] o.h.b.r.c.i.ClassLoaderServiceImpl       : HHH000194: Package not found or no package-info.java: com.nathan.hotel_reservas.models
2024-10-07T00:27:07.719-03:00 DEBUG 18250 --- [hotel_reservas] [           main] o.h.boot.model.internal.EntityBinder     : Binding entity from annotated class: com.nathan.hotel_reservas.models.ReservaModel
2024-10-07T00:27:07.719-03:00 DEBUG 18250 --- [hotel_reservas] [           main] o.h.boot.model.internal.EntityBinder     : Import with entity name ReservaModel
2024-10-07T00:27:07.719-03:00 DEBUG 18250 --- [hotel_reservas] [           main] o.h.boot.model.internal.EntityBinder     : Bind entity com.nathan.hotel_reservas.models.ReservaModel on table ho_reserva
2024-10-07T00:27:07.719-03:00 DEBUG 18250 --- [hotel_reservas] [           main] o.h.boot.model.internal.AnnotatedColumn  : Binding column: AnnotatedDiscriminatorColumn(column='DTYPE')
2024-10-07T00:27:07.719-03:00 DEBUG 18250 --- [hotel_reservas] [           main] o.h.boot.model.internal.AnnotatedColumn  : Binding column: AnnotatedColumn(column='reserva_id')
2024-10-07T00:27:07.719-03:00 DEBUG 18250 --- [hotel_reservas] [           main] o.h.boot.internal.ClassLoaderAccessImpl  : Not known whether passed class name [com.nathan.hotel_reservas.models.ReservaModel] is safe
2024-10-07T00:27:07.719-03:00 DEBUG 18250 --- [hotel_reservas] [           main] o.h.boot.internal.ClassLoaderAccessImpl  : No temp ClassLoader provided; using live ClassLoader for loading potentially unsafe class : com.nathan.hotel_reservas.models.ReservaModel
2024-10-07T00:27:07.719-03:00 DEBUG 18250 --- [hotel_reservas] [           main] o.h.boot.model.internal.PropertyBinder   : MetadataSourceProcessor property reservaId with lazy=false
2024-10-07T00:27:07.719-03:00 DEBUG 18250 --- [hotel_reservas] [           main] o.h.b.m.internal.AbstractPropertyHolder  : Attempting to locate auto-apply AttributeConverter for property [com.nathan.hotel_reservas.models.ReservaModel:reservaId]
2024-10-07T00:27:07.719-03:00 DEBUG 18250 --- [hotel_reservas] [           main] o.h.b.model.internal.BasicValueBinder    : building BasicValue for reservaId
2024-10-07T00:27:07.719-03:00 DEBUG 18250 --- [hotel_reservas] [           main] org.hibernate.mapping.BasicValue         : Skipping column re-registration: ho_reserva.reserva_id
2024-10-07T00:27:07.719-03:00 DEBUG 18250 --- [hotel_reservas] [           main] o.h.boot.model.internal.PropertyBinder   : Building property reservaId
2024-10-07T00:27:07.719-03:00 DEBUG 18250 --- [hotel_reservas] [           main] o.h.boot.model.internal.BinderHelper     : #makeIdGenerator(BasicValue([Column(reserva_id)]), reservaId, org.hibernate.id.enhanced.SequenceStyleGenerator, reserva_sequence, ...)
2024-10-07T00:27:07.719-03:00 DEBUG 18250 --- [hotel_reservas] [           main] o.h.boot.model.internal.AnnotatedColumn  : Binding column: AnnotatedColumn(column='cliente')
2024-10-07T00:27:07.719-03:00 DEBUG 18250 --- [hotel_reservas] [           main] o.h.boot.model.internal.PropertyBinder   : MetadataSourceProcessor property cliente with lazy=false
2024-10-07T00:27:07.719-03:00 DEBUG 18250 --- [hotel_reservas] [           main] o.h.b.m.internal.AbstractPropertyHolder  : Attempting to locate auto-apply AttributeConverter for property [com.nathan.hotel_reservas.models.ReservaModel:cliente]
2024-10-07T00:27:07.719-03:00 DEBUG 18250 --- [hotel_reservas] [           main] o.h.b.model.internal.BasicValueBinder    : building BasicValue for cliente
2024-10-07T00:27:07.719-03:00 DEBUG 18250 --- [hotel_reservas] [           main] org.hibernate.mapping.BasicValue         : Skipping column re-registration: ho_reserva.cliente
2024-10-07T00:27:07.719-03:00 DEBUG 18250 --- [hotel_reservas] [           main] o.h.boot.model.internal.PropertyBinder   : Building property cliente
2024-10-07T00:27:07.720-03:00 DEBUG 18250 --- [hotel_reservas] [           main] o.h.boot.model.internal.AnnotatedColumn  : Binding column: AnnotatedColumn(column='numero')
2024-10-07T00:27:07.720-03:00 DEBUG 18250 --- [hotel_reservas] [           main] o.h.boot.model.internal.PropertyBinder   : MetadataSourceProcessor property habitacionId with lazy=false
2024-10-07T00:27:07.720-03:00 DEBUG 18250 --- [hotel_reservas] [           main] o.h.b.m.internal.AbstractPropertyHolder  : Attempting to locate auto-apply AttributeConverter for property [com.nathan.hotel_reservas.models.ReservaModel:habitacionId]
2024-10-07T00:27:07.720-03:00 DEBUG 18250 --- [hotel_reservas] [           main] o.h.b.model.internal.BasicValueBinder    : building BasicValue for habitacionId
2024-10-07T00:27:07.720-03:00 DEBUG 18250 --- [hotel_reservas] [           main] org.hibernate.mapping.BasicValue         : Skipping column re-registration: ho_reserva.numero
2024-10-07T00:27:07.720-03:00 DEBUG 18250 --- [hotel_reservas] [           main] o.h.boot.model.internal.PropertyBinder   : Building property habitacionId
2024-10-07T00:27:07.720-03:00 DEBUG 18250 --- [hotel_reservas] [           main] o.h.boot.model.internal.AnnotatedColumn  : Binding column: AnnotatedColumn(column='inicio')
2024-10-07T00:27:07.720-03:00 DEBUG 18250 --- [hotel_reservas] [           main] o.h.boot.model.internal.PropertyBinder   : MetadataSourceProcessor property inicio with lazy=false
2024-10-07T00:27:07.720-03:00 DEBUG 18250 --- [hotel_reservas] [           main] o.h.b.m.internal.AbstractPropertyHolder  : Attempting to locate auto-apply AttributeConverter for property [com.nathan.hotel_reservas.models.ReservaModel:inicio]
2024-10-07T00:27:07.720-03:00 DEBUG 18250 --- [hotel_reservas] [           main] o.h.b.model.internal.BasicValueBinder    : building BasicValue for inicio
2024-10-07T00:27:07.720-03:00 DEBUG 18250 --- [hotel_reservas] [           main] org.hibernate.mapping.BasicValue         : Skipping column re-registration: ho_reserva.inicio
2024-10-07T00:27:07.720-03:00 DEBUG 18250 --- [hotel_reservas] [           main] o.h.boot.model.internal.PropertyBinder   : Building property inicio
2024-10-07T00:27:07.720-03:00 DEBUG 18250 --- [hotel_reservas] [           main] o.h.boot.model.internal.AnnotatedColumn  : Binding column: AnnotatedColumn(column='reserva_flag')
2024-10-07T00:27:07.720-03:00 DEBUG 18250 --- [hotel_reservas] [           main] o.h.boot.model.internal.PropertyBinder   : MetadataSourceProcessor property reservaFlag with lazy=false
2024-10-07T00:27:07.720-03:00 DEBUG 18250 --- [hotel_reservas] [           main] o.h.b.m.internal.AbstractPropertyHolder  : Attempting to locate auto-apply AttributeConverter for property [com.nathan.hotel_reservas.models.ReservaModel:reservaFlag]
2024-10-07T00:27:07.720-03:00 DEBUG 18250 --- [hotel_reservas] [           main] o.h.b.model.internal.BasicValueBinder    : building BasicValue for reservaFlag
2024-10-07T00:27:07.720-03:00 DEBUG 18250 --- [hotel_reservas] [           main] org.hibernate.mapping.BasicValue         : Skipping column re-registration: ho_reserva.reserva_flag
2024-10-07T00:27:07.720-03:00 DEBUG 18250 --- [hotel_reservas] [           main] o.h.boot.model.internal.PropertyBinder   : Building property reservaFlag
2024-10-07T00:27:07.720-03:00 DEBUG 18250 --- [hotel_reservas] [           main] o.h.boot.model.internal.AnnotatedColumn  : Binding column: AnnotatedColumn(column='termino')
2024-10-07T00:27:07.720-03:00 DEBUG 18250 --- [hotel_reservas] [           main] o.h.boot.model.internal.PropertyBinder   : MetadataSourceProcessor property termino with lazy=false
2024-10-07T00:27:07.720-03:00 DEBUG 18250 --- [hotel_reservas] [           main] o.h.b.m.internal.AbstractPropertyHolder  : Attempting to locate auto-apply AttributeConverter for property [com.nathan.hotel_reservas.models.ReservaModel:termino]
2024-10-07T00:27:07.720-03:00 DEBUG 18250 --- [hotel_reservas] [           main] o.h.b.model.internal.BasicValueBinder    : building BasicValue for termino
2024-10-07T00:27:07.720-03:00 DEBUG 18250 --- [hotel_reservas] [           main] org.hibernate.mapping.BasicValue         : Skipping column re-registration: ho_reserva.termino
2024-10-07T00:27:07.720-03:00 DEBUG 18250 --- [hotel_reservas] [           main] o.h.boot.model.internal.PropertyBinder   : Building property termino
2024-10-07T00:27:07.720-03:00 DEBUG 18250 --- [hotel_reservas] [           main] o.h.b.r.c.i.ClassLoaderServiceImpl       : HHH000194: Package not found or no package-info.java: com.nathan.hotel_reservas.models
2024-10-07T00:27:07.720-03:00 DEBUG 18250 --- [hotel_reservas] [           main] o.h.b.model.internal.BasicValueBinder    : Starting `BasicValueBinder#fillSimpleValue` for id
2024-10-07T00:27:07.720-03:00 DEBUG 18250 --- [hotel_reservas] [           main] o.h.b.model.internal.BasicValueBinder    : Starting `BasicValueBinder#fillSimpleValue` for camas
2024-10-07T00:27:07.721-03:00 DEBUG 18250 --- [hotel_reservas] [           main] o.h.b.model.internal.BasicValueBinder    : Starting `BasicValueBinder#fillSimpleValue` for habitacionNumero
2024-10-07T00:27:07.721-03:00 DEBUG 18250 --- [hotel_reservas] [           main] o.h.b.model.internal.BasicValueBinder    : Starting `BasicValueBinder#fillSimpleValue` for observacion
2024-10-07T00:27:07.721-03:00 DEBUG 18250 --- [hotel_reservas] [           main] o.h.b.model.internal.BasicValueBinder    : Starting `BasicValueBinder#fillSimpleValue` for piso
2024-10-07T00:27:07.721-03:00 DEBUG 18250 --- [hotel_reservas] [           main] o.h.b.model.internal.BasicValueBinder    : Starting `BasicValueBinder#fillSimpleValue` for reservaId
2024-10-07T00:27:07.721-03:00 DEBUG 18250 --- [hotel_reservas] [           main] o.h.b.model.internal.BasicValueBinder    : Starting `BasicValueBinder#fillSimpleValue` for cliente
2024-10-07T00:27:07.721-03:00 DEBUG 18250 --- [hotel_reservas] [           main] o.h.b.model.internal.BasicValueBinder    : Starting `BasicValueBinder#fillSimpleValue` for habitacionId
2024-10-07T00:27:07.721-03:00 DEBUG 18250 --- [hotel_reservas] [           main] o.h.b.model.internal.BasicValueBinder    : Starting `BasicValueBinder#fillSimpleValue` for inicio
2024-10-07T00:27:07.721-03:00 DEBUG 18250 --- [hotel_reservas] [           main] o.h.b.model.internal.BasicValueBinder    : Starting `BasicValueBinder#fillSimpleValue` for reservaFlag
2024-10-07T00:27:07.721-03:00 DEBUG 18250 --- [hotel_reservas] [           main] o.h.b.model.internal.BasicValueBinder    : Starting `BasicValueBinder#fillSimpleValue` for termino
2024-10-07T00:27:07.721-03:00 DEBUG 18250 --- [hotel_reservas] [           main] org.hibernate.mapping.PrimaryKey         : Forcing column [habitacion_id] to be non-null as it is part of the primary key for table [ho_habitacion]
2024-10-07T00:27:07.721-03:00 DEBUG 18250 --- [hotel_reservas] [           main] org.hibernate.mapping.PrimaryKey         : Forcing column [reserva_id] to be non-null as it is part of the primary key for table [ho_reserva]
2024-10-07T00:27:07.725-03:00 DEBUG 18250 --- [hotel_reservas] [           main] o.hibernate.internal.SessionFactoryImpl  : Building session factory
2024-10-07T00:27:07.726-03:00 DEBUG 18250 --- [hotel_reservas] [           main] .h.s.i.SessionFactoryServiceRegistryImpl : EventListenerRegistry access via ServiceRegistry is deprecated.  Use `sessionFactory.getEventEngine().getListenerRegistry()` instead
2024-10-07T00:27:07.726-03:00 DEBUG 18250 --- [hotel_reservas] [           main] o.hibernate.internal.SessionFactoryImpl  : Instantiating SessionFactory with settings: {java.specification.version=22, hibernate.resource.beans.container=org.springframework.orm.hibernate5.SpringBeanContainer@5c85ed05, hibernate.connection.handling_mode=DELAYED_ACQUISITION_AND_HOLD, sun.jnu.encoding=UTF-8, hibernate.dialect=org.hibernate.dialect.OracleDialect, hibernate.implicit_naming_strategy=org.springframework.boot.orm.jpa.hibernate.SpringImplicitNamingStrategy, java.class.path=/Users/jonathanbernal/Documents/Duoc/FullStack/Week9/hotel_reservas/target/test-classes:/Users/jonathanbernal/Documents/Duoc/FullStack/Week9/hotel_reservas/target/classes:/Users/jonathanbernal/.m2/repository/org/springframework/boot/spring-boot-starter-web/3.3.4/spring-boot-starter-web-3.3.4.jar:/Users/jonathanbernal/.m2/repository/org/springframework/boot/spring-boot-starter/3.3.4/spring-boot-starter-3.3.4.jar:/Users/jonathanbernal/.m2/repository/org/springframework/boot/spring-boot-starter-logging/3.3.4/spring-boot-starter-logging-3.3.4.jar:/Users/jonathanbernal/.m2/repository/ch/qos/logback/logback-classic/1.5.8/logback-classic-1.5.8.jar:/Users/jonathanbernal/.m2/repository/ch/qos/logback/logback-core/1.5.8/logback-core-1.5.8.jar:/Users/jonathanbernal/.m2/repository/org/apache/logging/log4j/log4j-to-slf4j/2.23.1/log4j-to-slf4j-2.23.1.jar:/Users/jonathanbernal/.m2/repository/org/apache/logging/log4j/log4j-api/2.23.1/log4j-api-2.23.1.jar:/Users/jonathanbernal/.m2/repository/org/slf4j/jul-to-slf4j/2.0.16/jul-to-slf4j-2.0.16.jar:/Users/jonathanbernal/.m2/repository/jakarta/annotation/jakarta.annotation-api/2.1.1/jakarta.annotation-api-2.1.1.jar:/Users/jonathanbernal/.m2/repository/org/yaml/snakeyaml/2.2/snakeyaml-2.2.jar:/Users/jonathanbernal/.m2/repository/org/springframework/boot/spring-boot-starter-json/3.3.4/spring-boot-starter-json-3.3.4.jar:/Users/jonathanbernal/.m2/repository/com/fasterxml/jackson/core/jackson-databind/2.17.2/jackson-databind-2.17.2.jar:/Users/jonathanbernal/.m2/repository/com/fasterxml/jackson/core/jackson-annotations/2.17.2/jackson-annotations-2.17.2.jar:/Users/jonathanbernal/.m2/repository/com/fasterxml/jackson/core/jackson-core/2.17.2/jackson-core-2.17.2.jar:/Users/jonathanbernal/.m2/repository/com/fasterxml/jackson/datatype/jackson-datatype-jdk8/2.17.2/jackson-datatype-jdk8-2.17.2.jar:/Users/jonathanbernal/.m2/repository/com/fasterxml/jackson/datatype/jackson-datatype-jsr310/2.17.2/jackson-datatype-jsr310-2.17.2.jar:/Users/jonathanbernal/.m2/repository/com/fasterxml/jackson/module/jackson-module-parameter-names/2.17.2/jackson-module-parameter-names-2.17.2.jar:/Users/jonathanbernal/.m2/repository/org/springframework/boot/spring-boot-starter-tomcat/3.3.4/spring-boot-starter-tomcat-3.3.4.jar:/Users/jonathanbernal/.m2/repository/org/apache/tomcat/embed/tomcat-embed-core/10.1.30/tomcat-embed-core-10.1.30.jar:/Users/jonathanbernal/.m2/repository/org/apache/tomcat/embed/tomcat-embed-el/10.1.30/tomcat-embed-el-10.1.30.jar:/Users/jonathanbernal/.m2/repository/org/apache/tomcat/embed/tomcat-embed-websocket/10.1.30/tomcat-embed-websocket-10.1.30.jar:/Users/jonathanbernal/.m2/repository/org/springframework/spring-web/6.1.13/spring-web-6.1.13.jar:/Users/jonathanbernal/.m2/repository/org/springframework/spring-beans/6.1.13/spring-beans-6.1.13.jar:/Users/jonathanbernal/.m2/repository/io/micrometer/micrometer-observation/1.13.4/micrometer-observation-1.13.4.jar:/Users/jonathanbernal/.m2/repository/io/micrometer/micrometer-commons/1.13.4/micrometer-commons-1.13.4.jar:/Users/jonathanbernal/.m2/repository/org/springframework/spring-webmvc/6.1.13/spring-webmvc-6.1.13.jar:/Users/jonathanbernal/.m2/repository/org/springframework/spring-aop/6.1.13/spring-aop-6.1.13.jar:/Users/jonathanbernal/.m2/repository/org/springframework/spring-context/6.1.13/spring-context-6.1.13.jar:/Users/jonathanbernal/.m2/repository/org/springframework/spring-expression/6.1.13/spring-expression-6.1.13.jar:/Users/jonathanbernal/.m2/repository/org/springframework/boot/spring-boot-devtools/3.3.4/spring-boot-devtools-3.3.4.jar:/Users/jonathanbernal/.m2/repository/org/springframework/boot/spring-boot/3.3.4/spring-boot-3.3.4.jar:/Users/jonathanbernal/.m2/repository/org/springframework/boot/spring-boot-autoconfigure/3.3.4/spring-boot-autoconfigure-3.3.4.jar:/Users/jonathanbernal/.m2/repository/org/projectlombok/lombok/1.18.34/lombok-1.18.34.jar:/Users/jonathanbernal/.m2/repository/org/springframework/boot/spring-boot-starter-test/3.3.4/spring-boot-starter-test-3.3.4.jar:/Users/jonathanbernal/.m2/repository/org/springframework/boot/spring-boot-test/3.3.4/spring-boot-test-3.3.4.jar:/Users/jonathanbernal/.m2/repository/org/springframework/boot/spring-boot-test-autoconfigure/3.3.4/spring-boot-test-autoconfigure-3.3.4.jar:/Users/jonathanbernal/.m2/repository/com/jayway/jsonpath/json-path/2.9.0/json-path-2.9.0.jar:/Users/jonathanbernal/.m2/repository/org/slf4j/slf4j-api/2.0.16/slf4j-api-2.0.16.jar:/Users/jonathanbernal/.m2/repository/jakarta/xml/bind/jakarta.xml.bind-api/4.0.2/jakarta.xml.bind-api-4.0.2.jar:/Users/jonathanbernal/.m2/repository/jakarta/activation/jakarta.activation-api/2.1.3/jakarta.activation-api-2.1.3.jar:/Users/jonathanbernal/.m2/repository/net/minidev/json-smart/2.5.1/json-smart-2.5.1.jar:/Users/jonathanbernal/.m2/repository/net/minidev/accessors-smart/2.5.1/accessors-smart-2.5.1.jar:/Users/jonathanbernal/.m2/repository/org/ow2/asm/asm/9.6/asm-9.6.jar:/Users/jonathanbernal/.m2/repository/org/assertj/assertj-core/3.25.3/assertj-core-3.25.3.jar:/Users/jonathanbernal/.m2/repository/net/bytebuddy/byte-buddy/1.14.19/byte-buddy-1.14.19.jar:/Users/jonathanbernal/.m2/repository/org/awaitility/awaitility/4.2.2/awaitility-4.2.2.jar:/Users/jonathanbernal/.m2/repository/org/hamcrest/hamcrest/2.2/hamcrest-2.2.jar:/Users/jonathanbernal/.m2/repository/org/junit/jupiter/junit-jupiter/5.10.3/junit-jupiter-5.10.3.jar:/Users/jonathanbernal/.m2/repository/org/junit/jupiter/junit-jupiter-api/5.10.3/junit-jupiter-api-5.10.3.jar:/Users/jonathanbernal/.m2/repository/org/opentest4j/opentest4j/1.3.0/opentest4j-1.3.0.jar:/Users/jonathanbernal/.m2/repository/org/junit/platform/junit-platform-commons/1.10.3/junit-platform-commons-1.10.3.jar:/Users/jonathanbernal/.m2/repository/org/apiguardian/apiguardian-api/1.1.2/apiguardian-api-1.1.2.jar:/Users/jonathanbernal/.m2/repository/org/junit/jupiter/junit-jupiter-params/5.10.3/junit-jupiter-params-5.10.3.jar:/Users/jonathanbernal/.m2/repository/org/junit/jupiter/junit-jupiter-engine/5.10.3/junit-jupiter-engine-5.10.3.jar:/Users/jonathanbernal/.m2/repository/org/junit/platform/junit-platform-engine/1.10.3/junit-platform-engine-1.10.3.jar:/Users/jonathanbernal/.m2/repository/org/mockito/mockito-core/5.11.0/mockito-core-5.11.0.jar:/Users/jonathanbernal/.m2/repository/net/bytebuddy/byte-buddy-agent/1.14.19/byte-buddy-agent-1.14.19.jar:/Users/jonathanbernal/.m2/repository/org/objenesis/objenesis/3.3/objenesis-3.3.jar:/Users/jonathanbernal/.m2/repository/org/mockito/mockito-junit-jupiter/5.11.0/mockito-junit-jupiter-5.11.0.jar:/Users/jonathanbernal/.m2/repository/org/skyscreamer/jsonassert/1.5.3/jsonassert-1.5.3.jar:/Users/jonathanbernal/.m2/repository/com/vaadin/external/google/android-json/0.0.20131108.vaadin1/android-json-0.0.20131108.vaadin1.jar:/Users/jonathanbernal/.m2/repository/org/springframework/spring-core/6.1.13/spring-core-6.1.13.jar:/Users/jonathanbernal/.m2/repository/org/springframework/spring-jcl/6.1.13/spring-jcl-6.1.13.jar:/Users/jonathanbernal/.m2/repository/org/springframework/spring-test/6.1.13/spring-test-6.1.13.jar:/Users/jonathanbernal/.m2/repository/org/xmlunit/xmlunit-core/2.9.1/xmlunit-core-2.9.1.jar:/Users/jonathanbernal/.m2/repository/org/springframework/boot/spring-boot-starter-data-jpa/3.3.4/spring-boot-starter-data-jpa-3.3.4.jar:/Users/jonathanbernal/.m2/repository/org/springframework/boot/spring-boot-starter-aop/3.3.4/spring-boot-starter-aop-3.3.4.jar:/Users/jonathanbernal/.m2/repository/org/aspectj/aspectjweaver/1.9.22.1/aspectjweaver-1.9.22.1.jar:/Users/jonathanbernal/.m2/repository/org/springframework/boot/spring-boot-starter-jdbc/3.3.4/spring-boot-starter-jdbc-3.3.4.jar:/Users/jonathanbernal/.m2/repository/com/zaxxer/HikariCP/5.1.0/HikariCP-5.1.0.jar:/Users/jonathanbernal/.m2/repository/org/springframework/spring-jdbc/6.1.13/spring-jdbc-6.1.13.jar:/Users/jonathanbernal/.m2/repository/org/hibernate/orm/hibernate-core/6.5.3.Final/hibernate-core-6.5.3.Final.jar:/Users/jonathanbernal/.m2/repository/jakarta/persistence/jakarta.persistence-api/3.1.0/jakarta.persistence-api-3.1.0.jar:/Users/jonathanbernal/.m2/repository/jakarta/transaction/jakarta.transaction-api/2.0.1/jakarta.transaction-api-2.0.1.jar:/Users/jonathanbernal/.m2/repository/org/jboss/logging/jboss-logging/3.5.3.Final/jboss-logging-3.5.3.Final.jar:/Users/jonathanbernal/.m2/repository/org/hibernate/common/hibernate-commons-annotations/6.0.6.Final/hibernate-commons-annotations-6.0.6.Final.jar:/Users/jonathanbernal/.m2/repository/io/smallrye/jandex/3.1.2/jandex-3.1.2.jar:/Users/jonathanbernal/.m2/repository/com/fasterxml/classmate/1.7.0/classmate-1.7.0.jar:/Users/jonathanbernal/.m2/repository/org/glassfish/jaxb/jaxb-runtime/4.0.5/jaxb-runtime-4.0.5.jar:/Users/jonathanbernal/.m2/repository/org/glassfish/jaxb/jaxb-core/4.0.5/jaxb-core-4.0.5.jar:/Users/jonathanbernal/.m2/repository/org/eclipse/angus/angus-activation/2.0.2/angus-activation-2.0.2.jar:/Users/jonathanbernal/.m2/repository/org/glassfish/jaxb/txw2/4.0.5/txw2-4.0.5.jar:/Users/jonathanbernal/.m2/repository/com/sun/istack/istack-commons-runtime/4.1.2/istack-commons-runtime-4.1.2.jar:/Users/jonathanbernal/.m2/repository/jakarta/inject/jakarta.inject-api/2.0.1/jakarta.inject-api-2.0.1.jar:/Users/jonathanbernal/.m2/repository/org/antlr/antlr4-runtime/4.13.0/antlr4-runtime-4.13.0.jar:/Users/jonathanbernal/.m2/repository/org/springframework/data/spring-data-jpa/3.3.4/spring-data-jpa-3.3.4.jar:/Users/jonathanbernal/.m2/repository/org/springframework/data/spring-data-commons/3.3.4/spring-data-commons-3.3.4.jar:/Users/jonathanbernal/.m2/repository/org/springframework/spring-orm/6.1.13/spring-orm-6.1.13.jar:/Users/jonathanbernal/.m2/repository/org/springframework/spring-tx/6.1.13/spring-tx-6.1.13.jar:/Users/jonathanbernal/.m2/repository/org/springframework/spring-aspects/6.1.13/spring-aspects-6.1.13.jar:/Users/jonathanbernal/.m2/repository/com/oracle/database/jdbc/ojdbc11/21.9.0.0/ojdbc11-21.9.0.0.jar:/Users/jonathanbernal/.m2/repository/com/oracle/database/security/oraclepki/21.5.0.0/oraclepki-21.5.0.0.jar:/Users/jonathanbernal/.m2/repository/com/oracle/database/security/osdt_cert/21.5.0.0/osdt_cert-21.5.0.0.jar:/Users/jonathanbernal/.m2/repository/com/oracle/database/security/osdt_core/21.5.0.0/osdt_core-21.5.0.0.jar:/Users/jonathanbernal/.m2/repository/org/springframework/boot/spring-boot-starter-hateoas/3.3.4/spring-boot-starter-hateoas-3.3.4.jar:/Users/jonathanbernal/.m2/repository/org/springframework/hateoas/spring-hateoas/2.3.3/spring-hateoas-2.3.3.jar:/Users/jonathanbernal/.m2/repository/org/springframework/plugin/spring-plugin-core/3.0.0/spring-plugin-core-3.0.0.jar:, java.vm.vendor=Homebrew, sun.arch.data.model=64, java.vendor.url=https://github.com/Homebrew/homebrew-core/issues, user.timezone=America/Santiago, jakarta.persistence.sharedCache.mode=UNSPECIFIED, org.jboss.logging.provider=slf4j, java.vm.specification.version=22, os.name=Mac OS X, jakarta.persistence.nonJtaDataSource=HikariDataSource (HikariPool-2), sun.java.launcher=SUN_STANDARD, user.country=419, sun.boot.library.path=/opt/homebrew/Cellar/openjdk/22.0.2/libexec/openjdk.jdk/Contents/Home/lib, sun.java.command=/Users/jonathanbernal/Documents/Duoc/FullStack/Week9/hotel_reservas/target/surefire/surefirebooter-20241007002703313_3.jar /Users/jonathanbernal/Documents/Duoc/FullStack/Week9/hotel_reservas/target/surefire 2024-10-07T00-27-03_187-jvmRun1 surefire-20241007002703313_1tmp surefire_0-20241007002703313_2tmp, javax.persistence.nonJtaDataSource=HikariDataSource (HikariPool-2), hibernate.transaction.jta.platform=org.hibernate.engine.transaction.jta.platform.internal.NoJtaPlatform@23657729, http.nonProxyHosts=local|*.local|169.254/16|*.169.254/16, jdk.debug=release, surefire.test.class.path=/Users/jonathanbernal/Documents/Duoc/FullStack/Week9/hotel_reservas/target/test-classes:/Users/jonathanbernal/Documents/Duoc/FullStack/Week9/hotel_reservas/target/classes:/Users/jonathanbernal/.m2/repository/org/springframework/boot/spring-boot-starter-web/3.3.4/spring-boot-starter-web-3.3.4.jar:/Users/jonathanbernal/.m2/repository/org/springframework/boot/spring-boot-starter/3.3.4/spring-boot-starter-3.3.4.jar:/Users/jonathanbernal/.m2/repository/org/springframework/boot/spring-boot-starter-logging/3.3.4/spring-boot-starter-logging-3.3.4.jar:/Users/jonathanbernal/.m2/repository/ch/qos/logback/logback-classic/1.5.8/logback-classic-1.5.8.jar:/Users/jonathanbernal/.m2/repository/ch/qos/logback/logback-core/1.5.8/logback-core-1.5.8.jar:/Users/jonathanbernal/.m2/repository/org/apache/logging/log4j/log4j-to-slf4j/2.23.1/log4j-to-slf4j-2.23.1.jar:/Users/jonathanbernal/.m2/repository/org/apache/logging/log4j/log4j-api/2.23.1/log4j-api-2.23.1.jar:/Users/jonathanbernal/.m2/repository/org/slf4j/jul-to-slf4j/2.0.16/jul-to-slf4j-2.0.16.jar:/Users/jonathanbernal/.m2/repository/jakarta/annotation/jakarta.annotation-api/2.1.1/jakarta.annotation-api-2.1.1.jar:/Users/jonathanbernal/.m2/repository/org/yaml/snakeyaml/2.2/snakeyaml-2.2.jar:/Users/jonathanbernal/.m2/repository/org/springframework/boot/spring-boot-starter-json/3.3.4/spring-boot-starter-json-3.3.4.jar:/Users/jonathanbernal/.m2/repository/com/fasterxml/jackson/core/jackson-databind/2.17.2/jackson-databind-2.17.2.jar:/Users/jonathanbernal/.m2/repository/com/fasterxml/jackson/core/jackson-annotations/2.17.2/jackson-annotations-2.17.2.jar:/Users/jonathanbernal/.m2/repository/com/fasterxml/jackson/core/jackson-core/2.17.2/jackson-core-2.17.2.jar:/Users/jonathanbernal/.m2/repository/com/fasterxml/jackson/datatype/jackson-datatype-jdk8/2.17.2/jackson-datatype-jdk8-2.17.2.jar:/Users/jonathanbernal/.m2/repository/com/fasterxml/jackson/datatype/jackson-datatype-jsr310/2.17.2/jackson-datatype-jsr310-2.17.2.jar:/Users/jonathanbernal/.m2/repository/com/fasterxml/jackson/module/jackson-module-parameter-names/2.17.2/jackson-module-parameter-names-2.17.2.jar:/Users/jonathanbernal/.m2/repository/org/springframework/boot/spring-boot-starter-tomcat/3.3.4/spring-boot-starter-tomcat-3.3.4.jar:/Users/jonathanbernal/.m2/repository/org/apache/tomcat/embed/tomcat-embed-core/10.1.30/tomcat-embed-core-10.1.30.jar:/Users/jonathanbernal/.m2/repository/org/apache/tomcat/embed/tomcat-embed-el/10.1.30/tomcat-embed-el-10.1.30.jar:/Users/jonathanbernal/.m2/repository/org/apache/tomcat/embed/tomcat-embed-websocket/10.1.30/tomcat-embed-websocket-10.1.30.jar:/Users/jonathanbernal/.m2/repository/org/springframework/spring-web/6.1.13/spring-web-6.1.13.jar:/Users/jonathanbernal/.m2/repository/org/springframework/spring-beans/6.1.13/spring-beans-6.1.13.jar:/Users/jonathanbernal/.m2/repository/io/micrometer/micrometer-observation/1.13.4/micrometer-observation-1.13.4.jar:/Users/jonathanbernal/.m2/repository/io/micrometer/micrometer-commons/1.13.4/micrometer-commons-1.13.4.jar:/Users/jonathanbernal/.m2/repository/org/springframework/spring-webmvc/6.1.13/spring-webmvc-6.1.13.jar:/Users/jonathanbernal/.m2/repository/org/springframework/spring-aop/6.1.13/spring-aop-6.1.13.jar:/Users/jonathanbernal/.m2/repository/org/springframework/spring-context/6.1.13/spring-context-6.1.13.jar:/Users/jonathanbernal/.m2/repository/org/springframework/spring-expression/6.1.13/spring-expression-6.1.13.jar:/Users/jonathanbernal/.m2/repository/org/springframework/boot/spring-boot-devtools/3.3.4/spring-boot-devtools-3.3.4.jar:/Users/jonathanbernal/.m2/repository/org/springframework/boot/spring-boot/3.3.4/spring-boot-3.3.4.jar:/Users/jonathanbernal/.m2/repository/org/springframework/boot/spring-boot-autoconfigure/3.3.4/spring-boot-autoconfigure-3.3.4.jar:/Users/jonathanbernal/.m2/repository/org/projectlombok/lombok/1.18.34/lombok-1.18.34.jar:/Users/jonathanbernal/.m2/repository/org/springframework/boot/spring-boot-starter-test/3.3.4/spring-boot-starter-test-3.3.4.jar:/Users/jonathanbernal/.m2/repository/org/springframework/boot/spring-boot-test/3.3.4/spring-boot-test-3.3.4.jar:/Users/jonathanbernal/.m2/repository/org/springframework/boot/spring-boot-test-autoconfigure/3.3.4/spring-boot-test-autoconfigure-3.3.4.jar:/Users/jonathanbernal/.m2/repository/com/jayway/jsonpath/json-path/2.9.0/json-path-2.9.0.jar:/Users/jonathanbernal/.m2/repository/org/slf4j/slf4j-api/2.0.16/slf4j-api-2.0.16.jar:/Users/jonathanbernal/.m2/repository/jakarta/xml/bind/jakarta.xml.bind-api/4.0.2/jakarta.xml.bind-api-4.0.2.jar:/Users/jonathanbernal/.m2/repository/jakarta/activation/jakarta.activation-api/2.1.3/jakarta.activation-api-2.1.3.jar:/Users/jonathanbernal/.m2/repository/net/minidev/json-smart/2.5.1/json-smart-2.5.1.jar:/Users/jonathanbernal/.m2/repository/net/minidev/accessors-smart/2.5.1/accessors-smart-2.5.1.jar:/Users/jonathanbernal/.m2/repository/org/ow2/asm/asm/9.6/asm-9.6.jar:/Users/jonathanbernal/.m2/repository/org/assertj/assertj-core/3.25.3/assertj-core-3.25.3.jar:/Users/jonathanbernal/.m2/repository/net/bytebuddy/byte-buddy/1.14.19/byte-buddy-1.14.19.jar:/Users/jonathanbernal/.m2/repository/org/awaitility/awaitility/4.2.2/awaitility-4.2.2.jar:/Users/jonathanbernal/.m2/repository/org/hamcrest/hamcrest/2.2/hamcrest-2.2.jar:/Users/jonathanbernal/.m2/repository/org/junit/jupiter/junit-jupiter/5.10.3/junit-jupiter-5.10.3.jar:/Users/jonathanbernal/.m2/repository/org/junit/jupiter/junit-jupiter-api/5.10.3/junit-jupiter-api-5.10.3.jar:/Users/jonathanbernal/.m2/repository/org/opentest4j/opentest4j/1.3.0/opentest4j-1.3.0.jar:/Users/jonathanbernal/.m2/repository/org/junit/platform/junit-platform-commons/1.10.3/junit-platform-commons-1.10.3.jar:/Users/jonathanbernal/.m2/repository/org/apiguardian/apiguardian-api/1.1.2/apiguardian-api-1.1.2.jar:/Users/jonathanbernal/.m2/repository/org/junit/jupiter/junit-jupiter-params/5.10.3/junit-jupiter-params-5.10.3.jar:/Users/jonathanbernal/.m2/repository/org/junit/jupiter/junit-jupiter-engine/5.10.3/junit-jupiter-engine-5.10.3.jar:/Users/jonathanbernal/.m2/repository/org/junit/platform/junit-platform-engine/1.10.3/junit-platform-engine-1.10.3.jar:/Users/jonathanbernal/.m2/repository/org/mockito/mockito-core/5.11.0/mockito-core-5.11.0.jar:/Users/jonathanbernal/.m2/repository/net/bytebuddy/byte-buddy-agent/1.14.19/byte-buddy-agent-1.14.19.jar:/Users/jonathanbernal/.m2/repository/org/objenesis/objenesis/3.3/objenesis-3.3.jar:/Users/jonathanbernal/.m2/repository/org/mockito/mockito-junit-jupiter/5.11.0/mockito-junit-jupiter-5.11.0.jar:/Users/jonathanbernal/.m2/repository/org/skyscreamer/jsonassert/1.5.3/jsonassert-1.5.3.jar:/Users/jonathanbernal/.m2/repository/com/vaadin/external/google/android-json/0.0.20131108.vaadin1/android-json-0.0.20131108.vaadin1.jar:/Users/jonathanbernal/.m2/repository/org/springframework/spring-core/6.1.13/spring-core-6.1.13.jar:/Users/jonathanbernal/.m2/repository/org/springframework/spring-jcl/6.1.13/spring-jcl-6.1.13.jar:/Users/jonathanbernal/.m2/repository/org/springframework/spring-test/6.1.13/spring-test-6.1.13.jar:/Users/jonathanbernal/.m2/repository/org/xmlunit/xmlunit-core/2.9.1/xmlunit-core-2.9.1.jar:/Users/jonathanbernal/.m2/repository/org/springframework/boot/spring-boot-starter-data-jpa/3.3.4/spring-boot-starter-data-jpa-3.3.4.jar:/Users/jonathanbernal/.m2/repository/org/springframework/boot/spring-boot-starter-aop/3.3.4/spring-boot-starter-aop-3.3.4.jar:/Users/jonathanbernal/.m2/repository/org/aspectj/aspectjweaver/1.9.22.1/aspectjweaver-1.9.22.1.jar:/Users/jonathanbernal/.m2/repository/org/springframework/boot/spring-boot-starter-jdbc/3.3.4/spring-boot-starter-jdbc-3.3.4.jar:/Users/jonathanbernal/.m2/repository/com/zaxxer/HikariCP/5.1.0/HikariCP-5.1.0.jar:/Users/jonathanbernal/.m2/repository/org/springframework/spring-jdbc/6.1.13/spring-jdbc-6.1.13.jar:/Users/jonathanbernal/.m2/repository/org/hibernate/orm/hibernate-core/6.5.3.Final/hibernate-core-6.5.3.Final.jar:/Users/jonathanbernal/.m2/repository/jakarta/persistence/jakarta.persistence-api/3.1.0/jakarta.persistence-api-3.1.0.jar:/Users/jonathanbernal/.m2/repository/jakarta/transaction/jakarta.transaction-api/2.0.1/jakarta.transaction-api-2.0.1.jar:/Users/jonathanbernal/.m2/repository/org/jboss/logging/jboss-logging/3.5.3.Final/jboss-logging-3.5.3.Final.jar:/Users/jonathanbernal/.m2/repository/org/hibernate/common/hibernate-commons-annotations/6.0.6.Final/hibernate-commons-annotations-6.0.6.Final.jar:/Users/jonathanbernal/.m2/repository/io/smallrye/jandex/3.1.2/jandex-3.1.2.jar:/Users/jonathanbernal/.m2/repository/com/fasterxml/classmate/1.7.0/classmate-1.7.0.jar:/Users/jonathanbernal/.m2/repository/org/glassfish/jaxb/jaxb-runtime/4.0.5/jaxb-runtime-4.0.5.jar:/Users/jonathanbernal/.m2/repository/org/glassfish/jaxb/jaxb-core/4.0.5/jaxb-core-4.0.5.jar:/Users/jonathanbernal/.m2/repository/org/eclipse/angus/angus-activation/2.0.2/angus-activation-2.0.2.jar:/Users/jonathanbernal/.m2/repository/org/glassfish/jaxb/txw2/4.0.5/txw2-4.0.5.jar:/Users/jonathanbernal/.m2/repository/com/sun/istack/istack-commons-runtime/4.1.2/istack-commons-runtime-4.1.2.jar:/Users/jonathanbernal/.m2/repository/jakarta/inject/jakarta.inject-api/2.0.1/jakarta.inject-api-2.0.1.jar:/Users/jonathanbernal/.m2/repository/org/antlr/antlr4-runtime/4.13.0/antlr4-runtime-4.13.0.jar:/Users/jonathanbernal/.m2/repository/org/springframework/data/spring-data-jpa/3.3.4/spring-data-jpa-3.3.4.jar:/Users/jonathanbernal/.m2/repository/org/springframework/data/spring-data-commons/3.3.4/spring-data-commons-3.3.4.jar:/Users/jonathanbernal/.m2/repository/org/springframework/spring-orm/6.1.13/spring-orm-6.1.13.jar:/Users/jonathanbernal/.m2/repository/org/springframework/spring-tx/6.1.13/spring-tx-6.1.13.jar:/Users/jonathanbernal/.m2/repository/org/springframework/spring-aspects/6.1.13/spring-aspects-6.1.13.jar:/Users/jonathanbernal/.m2/repository/com/oracle/database/jdbc/ojdbc11/21.9.0.0/ojdbc11-21.9.0.0.jar:/Users/jonathanbernal/.m2/repository/com/oracle/database/security/oraclepki/21.5.0.0/oraclepki-21.5.0.0.jar:/Users/jonathanbernal/.m2/repository/com/oracle/database/security/osdt_cert/21.5.0.0/osdt_cert-21.5.0.0.jar:/Users/jonathanbernal/.m2/repository/com/oracle/database/security/osdt_core/21.5.0.0/osdt_core-21.5.0.0.jar:/Users/jonathanbernal/.m2/repository/org/springframework/boot/spring-boot-starter-hateoas/3.3.4/spring-boot-starter-hateoas-3.3.4.jar:/Users/jonathanbernal/.m2/repository/org/springframework/hateoas/spring-hateoas/2.3.3/spring-hateoas-2.3.3.jar:/Users/jonathanbernal/.m2/repository/org/springframework/plugin/spring-plugin-core/3.0.0/spring-plugin-core-3.0.0.jar:, sun.cpu.endian=little, hibernate.cdi.extensions=true, user.home=/Users/jonathanbernal, user.language=es, java.specification.vendor=Oracle Corporation, java.version.date=2024-07-16, java.home=/opt/homebrew/Cellar/openjdk/22.0.2/libexec/openjdk.jdk/Contents/Home, file.separator=/, basedir=/Users/jonathanbernal/Documents/Duoc/FullStack/Week9/hotel_reservas, java.vm.compressedOopsMode=Zero based, line.separator=
, hibernate.persistenceUnitName=default, java.vm.specification.vendor=Oracle Corporation, java.specification.name=Java Platform API Specification, FILE_LOG_CHARSET=UTF-8, hibernate.transaction.coordinator_class=class org.hibernate.resource.transaction.backend.jdbc.internal.JdbcResourceLocalTransactionCoordinatorBuilderImpl, java.awt.headless=true, apple.awt.application.name=ForkedBooter, surefire.real.class.path=/Users/jonathanbernal/Documents/Duoc/FullStack/Week9/hotel_reservas/target/surefire/surefirebooter-20241007002703313_3.jar, jakarta.persistence.validation.mode=AUTO, sun.management.compiler=HotSpot 64-Bit Tiered Compilers, ftp.nonProxyHosts=local|*.local|169.254/16|*.169.254/16, java.runtime.version=22.0.2, user.name=jonathanbernal, stdout.encoding=UTF-8, path.separator=:, os.version=14.5, skipTest=true, java.runtime.name=OpenJDK Runtime Environment, file.encoding=UTF-8, java.vm.name=OpenJDK 64-Bit Server VM, java.vendor.version=Homebrew, localRepository=/Users/jonathanbernal/.m2/repository, java.vendor.url.bug=https://github.com/Homebrew/homebrew-core/issues, java.io.tmpdir=/var/folders/nr/9gzlnt1s6xz7qdh8dxxx6c_00000gp/T/, java.version=22.0.2, hibernate.physical_naming_strategy=org.hibernate.boot.model.naming.CamelCaseToUnderscoresNamingStrategy, user.dir=/Users/jonathanbernal/Documents/Duoc/FullStack/Week9/hotel_reservas, os.arch=aarch64, java.vm.specification.name=Java Virtual Machine Specification, PID=18250, CONSOLE_LOG_CHARSET=UTF-8, hibernate.boot.CfgXmlAccessService.key=org.hibernate.boot.registry.StandardServiceRegistryBuilder$1@365291bd, native.encoding=UTF-8, java.library.path=/Users/jonathanbernal/Library/Java/Extensions:/Library/Java/Extensions:/Network/Library/Java/Extensions:/System/Library/Java/Extensions:/usr/lib/java:., stderr.encoding=UTF-8, java.vendor=Homebrew, java.vm.info=mixed mode, sharing, java.vm.version=22.0.2, sun.io.unicode.encoding=UnicodeBig, hibernate.archive.scanner=org.hibernate.boot.archive.scan.internal.DisabledScanner, hibernate.connection.datasource=HikariDataSource (HikariPool-2), socksNonProxyHosts=local|*.local|169.254/16|*.169.254/16, java.class.version=66.0, LOGGED_APPLICATION_NAME=[hotel_reservas] }
2024-10-07T00:27:07.726-03:00 DEBUG 18250 --- [hotel_reservas] [           main] o.hibernate.internal.SessionFactoryImpl  : Session factory constructed with filter configurations : {}
2024-10-07T00:27:07.726-03:00 DEBUG 18250 --- [hotel_reservas] [           main] .h.t.s.s.SchemaManagementToolCoordinator : No schema actions specified for contributor `orm`; doing nothing
2024-10-07T00:27:07.727-03:00 DEBUG 18250 --- [hotel_reservas] [           main] o.h.q.sqm.function.SqmFunctionRegistry   : Registered SqmFunctionTemplate [NamedSqmFunctionTemplate(max)] under max; prior registration was null
2024-10-07T00:27:07.727-03:00 DEBUG 18250 --- [hotel_reservas] [           main] o.h.q.sqm.function.SqmFunctionRegistry   : Registered SqmFunctionTemplate [NamedSqmFunctionTemplate(min)] under min; prior registration was null
2024-10-07T00:27:07.727-03:00 DEBUG 18250 --- [hotel_reservas] [           main] o.h.q.sqm.function.SqmFunctionRegistry   : Registered SqmFunctionTemplate [NamedSqmFunctionTemplate(sum)] under sum; prior registration was null
2024-10-07T00:27:07.727-03:00 DEBUG 18250 --- [hotel_reservas] [           main] o.h.q.sqm.function.SqmFunctionRegistry   : Registered SqmFunctionTemplate [NamedSqmFunctionTemplate(avg)] under avg; prior registration was null
2024-10-07T00:27:07.727-03:00 DEBUG 18250 --- [hotel_reservas] [           main] o.h.q.sqm.function.SqmFunctionRegistry   : Registered SqmFunctionTemplate [org.hibernate.dialect.function.CountFunction@68c05c5b] under count; prior registration was null
2024-10-07T00:27:07.727-03:00 DEBUG 18250 --- [hotel_reservas] [           main] o.h.q.sqm.function.SqmFunctionRegistry   : Registered SqmFunctionTemplate [org.hibernate.dialect.function.EveryAnyEmulation@1b5e6983] under every; prior registration was null
2024-10-07T00:27:07.727-03:00 DEBUG 18250 --- [hotel_reservas] [           main] o.h.q.sqm.function.SqmFunctionRegistry   : Registered SqmFunctionTemplate [org.hibernate.dialect.function.EveryAnyEmulation@130a99fe] under any; prior registration was null
2024-10-07T00:27:07.727-03:00 DEBUG 18250 --- [hotel_reservas] [           main] o.h.q.sqm.function.SqmFunctionRegistry   : Registered SqmFunctionTemplate [NamedSqmFunctionTemplate(floor)] under floor; prior registration was null
2024-10-07T00:27:07.727-03:00 DEBUG 18250 --- [hotel_reservas] [           main] o.h.q.sqm.function.SqmFunctionRegistry   : Registered SqmFunctionTemplate [NamedSqmFunctionTemplate(ceiling)] under ceiling; prior registration was null
2024-10-07T00:27:07.727-03:00 DEBUG 18250 --- [hotel_reservas] [           main] o.h.q.sqm.function.SqmFunctionRegistry   : Registered SqmFunctionTemplate [NamedSqmFunctionTemplate(mod)] under mod; prior registration was null
2024-10-07T00:27:07.727-03:00 DEBUG 18250 --- [hotel_reservas] [           main] o.h.q.sqm.function.SqmFunctionRegistry   : Registered SqmFunctionTemplate [NamedSqmFunctionTemplate(abs)] under abs; prior registration was null
2024-10-07T00:27:07.727-03:00 DEBUG 18250 --- [hotel_reservas] [           main] o.h.q.sqm.function.SqmFunctionRegistry   : Registered SqmFunctionTemplate [NamedSqmFunctionTemplate(sign)] under sign; prior registration was null
2024-10-07T00:27:07.727-03:00 DEBUG 18250 --- [hotel_reservas] [           main] o.h.q.sqm.function.SqmFunctionRegistry   : Registered SqmFunctionTemplate [NamedSqmFunctionTemplate(sqrt)] under sqrt; prior registration was null
2024-10-07T00:27:07.727-03:00 DEBUG 18250 --- [hotel_reservas] [           main] o.h.q.sqm.function.SqmFunctionRegistry   : Registered SqmFunctionTemplate [NamedSqmFunctionTemplate(ln)] under ln; prior registration was null
2024-10-07T00:27:07.727-03:00 DEBUG 18250 --- [hotel_reservas] [           main] o.h.q.sqm.function.SqmFunctionRegistry   : Registered SqmFunctionTemplate [NamedSqmFunctionTemplate(exp)] under exp; prior registration was null
2024-10-07T00:27:07.727-03:00 DEBUG 18250 --- [hotel_reservas] [           main] o.h.q.sqm.function.SqmFunctionRegistry   : Registered SqmFunctionTemplate [NamedSqmFunctionTemplate(power)] under power; prior registration was null
2024-10-07T00:27:07.727-03:00 DEBUG 18250 --- [hotel_reservas] [           main] o.h.q.sqm.function.SqmFunctionRegistry   : Registered SqmFunctionTemplate [NamedSqmFunctionTemplate(round)] under round; prior registration was null
2024-10-07T00:27:07.727-03:00 DEBUG 18250 --- [hotel_reservas] [           main] o.h.q.sqm.function.SqmFunctionRegistry   : Registered SqmFunctionTemplate [NamedSqmFunctionTemplate(sin)] under sin; prior registration was null
2024-10-07T00:27:07.727-03:00 DEBUG 18250 --- [hotel_reservas] [           main] o.h.q.sqm.function.SqmFunctionRegistry   : Registered SqmFunctionTemplate [NamedSqmFunctionTemplate(cos)] under cos; prior registration was null
2024-10-07T00:27:07.727-03:00 DEBUG 18250 --- [hotel_reservas] [           main] o.h.q.sqm.function.SqmFunctionRegistry   : Registered SqmFunctionTemplate [NamedSqmFunctionTemplate(tan)] under tan; prior registration was null
2024-10-07T00:27:07.727-03:00 DEBUG 18250 --- [hotel_reservas] [           main] o.h.q.sqm.function.SqmFunctionRegistry   : Registered SqmFunctionTemplate [NamedSqmFunctionTemplate(asin)] under asin; prior registration was null
2024-10-07T00:27:07.727-03:00 DEBUG 18250 --- [hotel_reservas] [           main] o.h.q.sqm.function.SqmFunctionRegistry   : Registered SqmFunctionTemplate [NamedSqmFunctionTemplate(acos)] under acos; prior registration was null
2024-10-07T00:27:07.727-03:00 DEBUG 18250 --- [hotel_reservas] [           main] o.h.q.sqm.function.SqmFunctionRegistry   : Registered SqmFunctionTemplate [NamedSqmFunctionTemplate(atan)] under atan; prior registration was null
2024-10-07T00:27:07.727-03:00 DEBUG 18250 --- [hotel_reservas] [           main] o.h.q.sqm.function.SqmFunctionRegistry   : Registered SqmFunctionTemplate [NamedSqmFunctionTemplate(atan2)] under atan2; prior registration was null
2024-10-07T00:27:07.727-03:00 DEBUG 18250 --- [hotel_reservas] [           main] o.h.q.sqm.function.SqmFunctionRegistry   : Registered SqmFunctionTemplate [org.hibernate.query.sqm.function.PatternBasedSqmFunctionDescriptor@31773d5b] under sinh; prior registration was null
2024-10-07T00:27:07.727-03:00 DEBUG 18250 --- [hotel_reservas] [           main] o.h.q.sqm.function.SqmFunctionRegistry   : Registered SqmFunctionTemplate [org.hibernate.query.sqm.function.PatternBasedSqmFunctionDescriptor@5bbf8daa] under cosh; prior registration was null
2024-10-07T00:27:07.727-03:00 DEBUG 18250 --- [hotel_reservas] [           main] o.h.q.sqm.function.SqmFunctionRegistry   : Registered SqmFunctionTemplate [org.hibernate.query.sqm.function.PatternBasedSqmFunctionDescriptor@33c5e52f] under tanh; prior registration was null
2024-10-07T00:27:07.727-03:00 DEBUG 18250 --- [hotel_reservas] [           main] o.h.q.sqm.function.SqmFunctionRegistry   : Registered SqmFunctionTemplate [org.hibernate.query.sqm.function.PatternBasedSqmFunctionDescriptor@74474fc0] under pi; prior registration was null
2024-10-07T00:27:07.727-03:00 DEBUG 18250 --- [hotel_reservas] [           main] o.h.q.sqm.function.SqmFunctionRegistry   : Registered SqmFunctionTemplate [org.hibernate.query.sqm.function.PatternBasedSqmFunctionDescriptor@7cd239f6] under log; prior registration was null
2024-10-07T00:27:07.727-03:00 DEBUG 18250 --- [hotel_reservas] [           main] o.h.q.sqm.function.SqmFunctionRegistry   : Registered SqmFunctionTemplate [NamedSqmFunctionTemplate(coalesce)] under coalesce; prior registration was null
2024-10-07T00:27:07.727-03:00 DEBUG 18250 --- [hotel_reservas] [           main] o.h.q.sqm.function.SqmFunctionRegistry   : Registered SqmFunctionTemplate [NamedSqmFunctionTemplate(nullif)] under nullif; prior registration was null
2024-10-07T00:27:07.727-03:00 DEBUG 18250 --- [hotel_reservas] [           main] o.h.q.sqm.function.SqmFunctionRegistry   : Registered SqmFunctionTemplate [NamedSqmFunctionTemplate(left)] under left; prior registration was null
2024-10-07T00:27:07.727-03:00 DEBUG 18250 --- [hotel_reservas] [           main] o.h.q.sqm.function.SqmFunctionRegistry   : Registered SqmFunctionTemplate [NamedSqmFunctionTemplate(right)] under right; prior registration was null
2024-10-07T00:27:07.727-03:00 DEBUG 18250 --- [hotel_reservas] [           main] o.h.q.sqm.function.SqmFunctionRegistry   : Registered SqmFunctionTemplate [NamedSqmFunctionTemplate(replace)] under replace; prior registration was null
2024-10-07T00:27:07.727-03:00 DEBUG 18250 --- [hotel_reservas] [           main] o.h.q.sqm.function.SqmFunctionRegistry   : Registered SqmFunctionTemplate [NamedSqmFunctionTemplate(concat)] under concat; prior registration was null
2024-10-07T00:27:07.727-03:00 DEBUG 18250 --- [hotel_reservas] [           main] o.h.q.sqm.function.SqmFunctionRegistry   : Registered SqmFunctionTemplate [NamedSqmFunctionTemplate(lower)] under lower; prior registration was null
2024-10-07T00:27:07.727-03:00 DEBUG 18250 --- [hotel_reservas] [           main] o.h.q.sqm.function.SqmFunctionRegistry   : Registered SqmFunctionTemplate [NamedSqmFunctionTemplate(upper)] under upper; prior registration was null
2024-10-07T00:27:07.727-03:00 DEBUG 18250 --- [hotel_reservas] [           main] o.h.q.sqm.function.SqmFunctionRegistry   : Registered SqmFunctionTemplate [NamedSqmFunctionTemplate(substring)] under substring; prior registration was null
2024-10-07T00:27:07.727-03:00 DEBUG 18250 --- [hotel_reservas] [           main] o.h.q.sqm.function.SqmFunctionRegistry   : Registered SqmFunctionTemplate [NamedSqmFunctionTemplate(locate)] under locate; prior registration was null
2024-10-07T00:27:07.727-03:00 DEBUG 18250 --- [hotel_reservas] [           main] o.h.q.sqm.function.SqmFunctionRegistry   : Registered SqmFunctionTemplate [NamedSqmFunctionTemplate(character_length)] under character_length; prior registration was null
2024-10-07T00:27:07.727-03:00 DEBUG 18250 --- [hotel_reservas] [           main] o.h.q.sqm.function.SqmFunctionRegistry   : Registering alternate key : length -> character_length
2024-10-07T00:27:07.727-03:00 DEBUG 18250 --- [hotel_reservas] [           main] o.h.q.sqm.function.SqmFunctionRegistry   : Registered SqmFunctionTemplate [org.hibernate.dialect.function.LocatePositionEmulation@5ba7391b] under position; prior registration was null
2024-10-07T00:27:07.727-03:00 DEBUG 18250 --- [hotel_reservas] [           main] o.h.q.sqm.function.SqmFunctionRegistry   : Registered SqmFunctionTemplate [org.hibernate.dialect.function.InsertSubstringOverlayEmulation@475753dd] under overlay; prior registration was null
2024-10-07T00:27:07.727-03:00 DEBUG 18250 --- [hotel_reservas] [           main] o.h.q.sqm.function.SqmFunctionRegistry   : Registered SqmFunctionTemplate [org.hibernate.dialect.function.TrimFunction@9203db8] under trim; prior registration was null
2024-10-07T00:27:07.727-03:00 DEBUG 18250 --- [hotel_reservas] [           main] o.h.q.sqm.function.SqmFunctionRegistry   : Registered SqmFunctionTemplate [org.hibernate.dialect.function.CastFunction@64d0b8e3] under cast; prior registration was null
2024-10-07T00:27:07.727-03:00 DEBUG 18250 --- [hotel_reservas] [           main] o.h.q.sqm.function.SqmFunctionRegistry   : Registered SqmFunctionTemplate [org.hibernate.query.sqm.function.PatternBasedSqmFunctionDescriptor@65d3a83] under collate; prior registration was null
2024-10-07T00:27:07.727-03:00 DEBUG 18250 --- [hotel_reservas] [           main] o.h.q.sqm.function.SqmFunctionRegistry   : Registered SqmFunctionTemplate [org.hibernate.dialect.function.ExtractFunction@7be9582e] under extract; prior registration was null
2024-10-07T00:27:07.727-03:00 DEBUG 18250 --- [hotel_reservas] [           main] o.h.q.sqm.function.SqmFunctionRegistry   : Registered SqmFunctionTemplate [NamedSqmFunctionTemplate(least)] under least; prior registration was null
2024-10-07T00:27:07.727-03:00 DEBUG 18250 --- [hotel_reservas] [           main] o.h.q.sqm.function.SqmFunctionRegistry   : Registered SqmFunctionTemplate [NamedSqmFunctionTemplate(greatest)] under greatest; prior registration was null
2024-10-07T00:27:07.727-03:00 DEBUG 18250 --- [hotel_reservas] [           main] o.h.q.sqm.function.SqmFunctionRegistry   : Registered SqmFunctionTemplate [org.hibernate.dialect.function.CoalesceIfnullEmulation@73ac7716] under ifnull; prior registration was null
2024-10-07T00:27:07.727-03:00 DEBUG 18250 --- [hotel_reservas] [           main] o.h.q.sqm.function.SqmFunctionRegistry   : Registered SqmFunctionTemplate [NamedSqmFunctionTemplate(lpad)] under lpad; prior registration was null
2024-10-07T00:27:07.727-03:00 DEBUG 18250 --- [hotel_reservas] [           main] o.h.q.sqm.function.SqmFunctionRegistry   : Registered SqmFunctionTemplate [NamedSqmFunctionTemplate(rpad)] under rpad; prior registration was null
2024-10-07T00:27:07.727-03:00 DEBUG 18250 --- [hotel_reservas] [           main] o.h.q.sqm.function.SqmFunctionRegistry   : Registered SqmFunctionTemplate [org.hibernate.dialect.function.LpadRpadPadEmulation@125ace20] under pad; prior registration was null
2024-10-07T00:27:07.727-03:00 DEBUG 18250 --- [hotel_reservas] [           main] o.h.q.sqm.function.SqmFunctionRegistry   : Registered SqmFunctionTemplate [org.hibernate.dialect.function.CastStrEmulation@7dbc77ca] under str; prior registration was null
2024-10-07T00:27:07.727-03:00 DEBUG 18250 --- [hotel_reservas] [           main] o.h.q.sqm.function.SqmFunctionRegistry   : Registered SqmFunctionTemplate [org.hibernate.dialect.function.FormatFunction@4c25687b] under format; prior registration was null
2024-10-07T00:27:07.727-03:00 DEBUG 18250 --- [hotel_reservas] [           main] o.h.q.sqm.function.SqmFunctionRegistry   : Registered SqmFunctionTemplate [org.hibernate.dialect.function.TimestampaddFunction@5c21b22e] under timestampadd; prior registration was null
2024-10-07T00:27:07.727-03:00 DEBUG 18250 --- [hotel_reservas] [           main] o.h.q.sqm.function.SqmFunctionRegistry   : Registered SqmFunctionTemplate [org.hibernate.dialect.function.TimestampdiffFunction@184e5c44] under timestampdiff; prior registration was null
2024-10-07T00:27:07.727-03:00 DEBUG 18250 --- [hotel_reservas] [           main] o.h.q.sqm.function.SqmFunctionRegistry   : Registering alternate key : dateadd -> timestampadd
2024-10-07T00:27:07.727-03:00 DEBUG 18250 --- [hotel_reservas] [           main] o.h.q.sqm.function.SqmFunctionRegistry   : Registering alternate key : datediff -> timestampdiff
2024-10-07T00:27:07.727-03:00 DEBUG 18250 --- [hotel_reservas] [           main] o.h.q.sqm.function.SqmFunctionRegistry   : Registered SqmFunctionTemplate [org.hibernate.dialect.function.CurrentFunction@6527aa0] under current_date; prior registration was null
2024-10-07T00:27:07.727-03:00 DEBUG 18250 --- [hotel_reservas] [           main] o.h.q.sqm.function.SqmFunctionRegistry   : Registered SqmFunctionTemplate [org.hibernate.dialect.function.CurrentFunction@6153aca1] under current_time; prior registration was null
2024-10-07T00:27:07.727-03:00 DEBUG 18250 --- [hotel_reservas] [           main] o.h.q.sqm.function.SqmFunctionRegistry   : Registered SqmFunctionTemplate [org.hibernate.dialect.function.CurrentFunction@30b2d267] under current_timestamp; prior registration was null
2024-10-07T00:27:07.727-03:00 DEBUG 18250 --- [hotel_reservas] [           main] o.h.q.sqm.function.SqmFunctionRegistry   : Registering alternate key : current date -> current_date
2024-10-07T00:27:07.727-03:00 DEBUG 18250 --- [hotel_reservas] [           main] o.h.q.sqm.function.SqmFunctionRegistry   : Registering alternate key : current time -> current_time
2024-10-07T00:27:07.727-03:00 DEBUG 18250 --- [hotel_reservas] [           main] o.h.q.sqm.function.SqmFunctionRegistry   : Registering alternate key : current timestamp -> current_timestamp
2024-10-07T00:27:07.727-03:00 DEBUG 18250 --- [hotel_reservas] [           main] o.h.q.sqm.function.SqmFunctionRegistry   : Registered SqmFunctionTemplate [org.hibernate.dialect.function.CurrentFunction@5a740449] under local_date; prior registration was null
2024-10-07T00:27:07.727-03:00 DEBUG 18250 --- [hotel_reservas] [           main] o.h.q.sqm.function.SqmFunctionRegistry   : Registered SqmFunctionTemplate [org.hibernate.dialect.function.CurrentFunction@4f66f2dd] under local_time; prior registration was null
2024-10-07T00:27:07.727-03:00 DEBUG 18250 --- [hotel_reservas] [           main] o.h.q.sqm.function.SqmFunctionRegistry   : Registered SqmFunctionTemplate [org.hibernate.dialect.function.CurrentFunction@33ac7934] under local_datetime; prior registration was null
2024-10-07T00:27:07.727-03:00 DEBUG 18250 --- [hotel_reservas] [           main] o.h.q.sqm.function.SqmFunctionRegistry   : Registered SqmFunctionTemplate [org.hibernate.dialect.function.CurrentFunction@152bb4cc] under offset_datetime; prior registration was null
2024-10-07T00:27:07.727-03:00 DEBUG 18250 --- [hotel_reservas] [           main] o.h.q.sqm.function.SqmFunctionRegistry   : Registering alternate key : local date -> local_date
2024-10-07T00:27:07.727-03:00 DEBUG 18250 --- [hotel_reservas] [           main] o.h.q.sqm.function.SqmFunctionRegistry   : Registering alternate key : local time -> local_time
2024-10-07T00:27:07.727-03:00 DEBUG 18250 --- [hotel_reservas] [           main] o.h.q.sqm.function.SqmFunctionRegistry   : Registering alternate key : local datetime -> local_datetime
2024-10-07T00:27:07.727-03:00 DEBUG 18250 --- [hotel_reservas] [           main] o.h.q.sqm.function.SqmFunctionRegistry   : Registering alternate key : offset datetime -> offset_datetime
2024-10-07T00:27:07.727-03:00 DEBUG 18250 --- [hotel_reservas] [           main] o.h.q.sqm.function.SqmFunctionRegistry   : Registered SqmFunctionTemplate [org.hibernate.dialect.function.CurrentFunction@6f87bc6c] under instant; prior registration was null
2024-10-07T00:27:07.727-03:00 DEBUG 18250 --- [hotel_reservas] [           main] o.h.q.sqm.function.SqmFunctionRegistry   : Registering alternate key : current_instant -> instant
2024-10-07T00:27:07.727-03:00 DEBUG 18250 --- [hotel_reservas] [           main] o.h.q.sqm.function.SqmFunctionRegistry   : Registered SqmFunctionTemplate [org.hibernate.dialect.function.SqlFunction@178f5b5b] under sql; prior registration was null
2024-10-07T00:27:07.727-03:00 DEBUG 18250 --- [hotel_reservas] [           main] o.h.q.sqm.function.SqmFunctionRegistry   : Registered SqmFunctionTemplate [NamedSqmFunctionTemplate(ascii)] under ascii; prior registration was null
2024-10-07T00:27:07.727-03:00 DEBUG 18250 --- [hotel_reservas] [           main] o.h.q.sqm.function.SqmFunctionRegistry   : Registered SqmFunctionTemplate [NamedSqmFunctionTemplate(chr)] under chr; prior registration was null
2024-10-07T00:27:07.727-03:00 DEBUG 18250 --- [hotel_reservas] [           main] o.h.q.sqm.function.SqmFunctionRegistry   : Registering alternate key : char -> chr
2024-10-07T00:27:07.727-03:00 DEBUG 18250 --- [hotel_reservas] [           main] o.h.q.sqm.function.SqmFunctionRegistry   : Registered SqmFunctionTemplate [NamedSqmFunctionTemplate(cosh)] under cosh; prior registration was org.hibernate.query.sqm.function.PatternBasedSqmFunctionDescriptor@5bbf8daa
2024-10-07T00:27:07.727-03:00 DEBUG 18250 --- [hotel_reservas] [           main] o.h.q.sqm.function.SqmFunctionRegistry   : Registered SqmFunctionTemplate [NamedSqmFunctionTemplate(sinh)] under sinh; prior registration was org.hibernate.query.sqm.function.PatternBasedSqmFunctionDescriptor@31773d5b
2024-10-07T00:27:07.727-03:00 DEBUG 18250 --- [hotel_reservas] [           main] o.h.q.sqm.function.SqmFunctionRegistry   : Registered SqmFunctionTemplate [NamedSqmFunctionTemplate(tanh)] under tanh; prior registration was org.hibernate.query.sqm.function.PatternBasedSqmFunctionDescriptor@33c5e52f
2024-10-07T00:27:07.727-03:00 DEBUG 18250 --- [hotel_reservas] [           main] o.h.q.sqm.function.SqmFunctionRegistry   : Registered SqmFunctionTemplate [NamedSqmFunctionTemplate(log)] under log; prior registration was org.hibernate.query.sqm.function.PatternBasedSqmFunctionDescriptor@7cd239f6
2024-10-07T00:27:07.727-03:00 DEBUG 18250 --- [hotel_reservas] [           main] o.h.q.sqm.function.SqmFunctionRegistry   : Registered SqmFunctionTemplate [org.hibernate.query.sqm.function.PatternBasedSqmFunctionDescriptor@47baf547] under log10; prior registration was null
2024-10-07T00:27:07.727-03:00 DEBUG 18250 --- [hotel_reservas] [           main] o.h.q.sqm.function.SqmFunctionRegistry   : Registered SqmFunctionTemplate [NamedSqmFunctionTemplate(soundex)] under soundex; prior registration was null
2024-10-07T00:27:07.727-03:00 DEBUG 18250 --- [hotel_reservas] [           main] o.h.q.sqm.function.SqmFunctionRegistry   : Registered SqmFunctionTemplate [NamedSqmFunctionTemplate(ltrim)] under ltrim; prior registration was null
2024-10-07T00:27:07.727-03:00 DEBUG 18250 --- [hotel_reservas] [           main] o.h.q.sqm.function.SqmFunctionRegistry   : Registered SqmFunctionTemplate [NamedSqmFunctionTemplate(rtrim)] under rtrim; prior registration was null
2024-10-07T00:27:07.727-03:00 DEBUG 18250 --- [hotel_reservas] [           main] o.h.q.sqm.function.SqmFunctionRegistry   : Registered SqmFunctionTemplate [NamedSqmFunctionTemplate(initcap)] under initcap; prior registration was null
2024-10-07T00:27:07.727-03:00 DEBUG 18250 --- [hotel_reservas] [           main] o.h.q.sqm.function.SqmFunctionRegistry   : Registered SqmFunctionTemplate [NamedSqmFunctionTemplate(instr)] under instr; prior registration was null
2024-10-07T00:27:07.727-03:00 DEBUG 18250 --- [hotel_reservas] [           main] o.h.q.sqm.function.SqmFunctionRegistry   : Registered SqmFunctionTemplate [NamedSqmFunctionTemplate(substr)] under substr; prior registration was null
2024-10-07T00:27:07.727-03:00 DEBUG 18250 --- [hotel_reservas] [           main] o.h.q.sqm.function.SqmFunctionRegistry   : Registered SqmFunctionTemplate [NamedSqmFunctionTemplate(substr)] under substring; prior registration was NamedSqmFunctionTemplate(substring)
2024-10-07T00:27:07.727-03:00 DEBUG 18250 --- [hotel_reservas] [           main] o.h.q.sqm.function.SqmFunctionRegistry   : Registered SqmFunctionTemplate [org.hibernate.query.sqm.function.PatternBasedSqmFunctionDescriptor@fffb4a8] under left; prior registration was NamedSqmFunctionTemplate(left)
2024-10-07T00:27:07.727-03:00 DEBUG 18250 --- [hotel_reservas] [           main] o.h.q.sqm.function.SqmFunctionRegistry   : Registered SqmFunctionTemplate [org.hibernate.query.sqm.function.PatternBasedSqmFunctionDescriptor@5dc90de7] under right; prior registration was NamedSqmFunctionTemplate(right)
2024-10-07T00:27:07.727-03:00 DEBUG 18250 --- [hotel_reservas] [           main] o.h.q.sqm.function.SqmFunctionRegistry   : Registered SqmFunctionTemplate [NamedSqmFunctionTemplate(translate)] under translate; prior registration was null
2024-10-07T00:27:07.727-03:00 DEBUG 18250 --- [hotel_reservas] [           main] o.h.q.sqm.function.SqmFunctionRegistry   : Registered SqmFunctionTemplate [NamedSqmFunctionTemplate(bitand)] under bitand; prior registration was null
2024-10-07T00:27:07.727-03:00 DEBUG 18250 --- [hotel_reservas] [           main] o.h.q.sqm.function.SqmFunctionRegistry   : Registered SqmFunctionTemplate [NamedSqmFunctionTemplate(last_day)] under last_day; prior registration was null
2024-10-07T00:27:07.727-03:00 DEBUG 18250 --- [hotel_reservas] [           main] o.h.q.sqm.function.SqmFunctionRegistry   : Registered SqmFunctionTemplate [NamedSqmFunctionTemplate(to_number)] under to_number; prior registration was null
2024-10-07T00:27:07.728-03:00 DEBUG 18250 --- [hotel_reservas] [           main] o.h.q.sqm.function.SqmFunctionRegistry   : Registered SqmFunctionTemplate [NamedSqmFunctionTemplate(to_char)] under to_char; prior registration was null
2024-10-07T00:27:07.728-03:00 DEBUG 18250 --- [hotel_reservas] [           main] o.h.q.sqm.function.SqmFunctionRegistry   : Registered SqmFunctionTemplate [NamedSqmFunctionTemplate(to_date)] under to_date; prior registration was null
2024-10-07T00:27:07.728-03:00 DEBUG 18250 --- [hotel_reservas] [           main] o.h.q.sqm.function.SqmFunctionRegistry   : Registered SqmFunctionTemplate [NamedSqmFunctionTemplate(to_timestamp)] under to_timestamp; prior registration was null
2024-10-07T00:27:07.728-03:00 DEBUG 18250 --- [hotel_reservas] [           main] o.h.q.sqm.function.SqmFunctionRegistry   : Registered SqmFunctionTemplate [NamedSqmFunctionTemplate(ceil)] under ceil; prior registration was null
2024-10-07T00:27:07.728-03:00 DEBUG 18250 --- [hotel_reservas] [           main] o.h.q.sqm.function.SqmFunctionRegistry   : Registering alternate key : ceiling -> ceil
2024-10-07T00:27:07.728-03:00 DEBUG 18250 --- [hotel_reservas] [           main] o.h.q.sqm.function.SqmFunctionRegistry   : Registered SqmFunctionTemplate [org.hibernate.query.sqm.function.PatternBasedSqmFunctionDescriptor@3071d086] under concat; prior registration was NamedSqmFunctionTemplate(concat)
2024-10-07T00:27:07.728-03:00 DEBUG 18250 --- [hotel_reservas] [           main] o.h.q.sqm.function.SqmFunctionRegistry   : Registered SqmFunctionTemplate [NamedSqmFunctionTemplate(rowid)] under rowid; prior registration was null
2024-10-07T00:27:07.728-03:00 DEBUG 18250 --- [hotel_reservas] [           main] o.h.q.sqm.function.SqmFunctionRegistry   : Registered SqmFunctionTemplate [NamedSqmFunctionTemplate(rownum)] under rownum; prior registration was null
2024-10-07T00:27:07.728-03:00 DEBUG 18250 --- [hotel_reservas] [           main] o.h.q.sqm.function.SqmFunctionRegistry   : Registered SqmFunctionTemplate [NamedSqmFunctionTemplate(sysdate)] under sysdate; prior registration was null
2024-10-07T00:27:07.728-03:00 DEBUG 18250 --- [hotel_reservas] [           main] o.h.q.sqm.function.SqmFunctionRegistry   : Registered SqmFunctionTemplate [NamedSqmFunctionTemplate(systimestamp)] under systimestamp; prior registration was null
2024-10-07T00:27:07.728-03:00 DEBUG 18250 --- [hotel_reservas] [           main] o.h.q.sqm.function.SqmFunctionRegistry   : Registered SqmFunctionTemplate [NamedSqmFunctionTemplate(add_months)] under add_months; prior registration was null
2024-10-07T00:27:07.728-03:00 DEBUG 18250 --- [hotel_reservas] [           main] o.h.q.sqm.function.SqmFunctionRegistry   : Registered SqmFunctionTemplate [NamedSqmFunctionTemplate(months_between)] under months_between; prior registration was null
2024-10-07T00:27:07.728-03:00 DEBUG 18250 --- [hotel_reservas] [           main] o.h.q.sqm.function.SqmFunctionRegistry   : Registered SqmFunctionTemplate [org.hibernate.dialect.function.MinMaxCaseEveryAnyEmulation@20711b02] under every; prior registration was org.hibernate.dialect.function.EveryAnyEmulation@1b5e6983
2024-10-07T00:27:07.728-03:00 DEBUG 18250 --- [hotel_reservas] [           main] o.h.q.sqm.function.SqmFunctionRegistry   : Registered SqmFunctionTemplate [org.hibernate.dialect.function.MinMaxCaseEveryAnyEmulation@52d9a150] under any; prior registration was org.hibernate.dialect.function.EveryAnyEmulation@130a99fe
2024-10-07T00:27:07.728-03:00 DEBUG 18250 --- [hotel_reservas] [           main] o.h.q.sqm.function.SqmFunctionRegistry   : Registered SqmFunctionTemplate [org.hibernate.query.sqm.function.PatternBasedSqmFunctionDescriptor@476a38d9] under repeat; prior registration was null
2024-10-07T00:27:07.728-03:00 DEBUG 18250 --- [hotel_reservas] [           main] o.h.q.sqm.function.SqmFunctionRegistry   : Registered SqmFunctionTemplate [org.hibernate.query.sqm.function.PatternBasedSqmFunctionDescriptor@79a12552] under radians; prior registration was null
2024-10-07T00:27:07.728-03:00 DEBUG 18250 --- [hotel_reservas] [           main] o.h.q.sqm.function.SqmFunctionRegistry   : Registered SqmFunctionTemplate [org.hibernate.query.sqm.function.PatternBasedSqmFunctionDescriptor@5120886f] under degrees; prior registration was null
2024-10-07T00:27:07.728-03:00 DEBUG 18250 --- [hotel_reservas] [           main] o.h.q.sqm.function.SqmFunctionRegistry   : Registered SqmFunctionTemplate [NamedSqmFunctionTemplate(median)] under median; prior registration was null
2024-10-07T00:27:07.728-03:00 DEBUG 18250 --- [hotel_reservas] [           main] o.h.q.sqm.function.SqmFunctionRegistry   : Registered SqmFunctionTemplate [NamedSqmFunctionTemplate(stddev)] under stddev; prior registration was null
2024-10-07T00:27:07.728-03:00 DEBUG 18250 --- [hotel_reservas] [           main] o.h.q.sqm.function.SqmFunctionRegistry   : Registered SqmFunctionTemplate [NamedSqmFunctionTemplate(stddev_pop)] under stddev_pop; prior registration was null
2024-10-07T00:27:07.728-03:00 DEBUG 18250 --- [hotel_reservas] [           main] o.h.q.sqm.function.SqmFunctionRegistry   : Registered SqmFunctionTemplate [NamedSqmFunctionTemplate(stddev_samp)] under stddev_samp; prior registration was null
2024-10-07T00:27:07.728-03:00 DEBUG 18250 --- [hotel_reservas] [           main] o.h.q.sqm.function.SqmFunctionRegistry   : Registered SqmFunctionTemplate [NamedSqmFunctionTemplate(variance)] under variance; prior registration was null
2024-10-07T00:27:07.728-03:00 DEBUG 18250 --- [hotel_reservas] [           main] o.h.q.sqm.function.SqmFunctionRegistry   : Registered SqmFunctionTemplate [NamedSqmFunctionTemplate(var_pop)] under var_pop; prior registration was null
2024-10-07T00:27:07.728-03:00 DEBUG 18250 --- [hotel_reservas] [           main] o.h.q.sqm.function.SqmFunctionRegistry   : Registered SqmFunctionTemplate [NamedSqmFunctionTemplate(var_samp)] under var_samp; prior registration was null
2024-10-07T00:27:07.728-03:00 DEBUG 18250 --- [hotel_reservas] [           main] o.h.q.sqm.function.SqmFunctionRegistry   : Registered SqmFunctionTemplate [NamedSqmFunctionTemplate(covar_pop)] under covar_pop; prior registration was null
2024-10-07T00:27:07.728-03:00 DEBUG 18250 --- [hotel_reservas] [           main] o.h.q.sqm.function.SqmFunctionRegistry   : Registered SqmFunctionTemplate [NamedSqmFunctionTemplate(covar_samp)] under covar_samp; prior registration was null
2024-10-07T00:27:07.728-03:00 DEBUG 18250 --- [hotel_reservas] [           main] o.h.q.sqm.function.SqmFunctionRegistry   : Registered SqmFunctionTemplate [NamedSqmFunctionTemplate(corr)] under corr; prior registration was null
2024-10-07T00:27:07.728-03:00 DEBUG 18250 --- [hotel_reservas] [           main] o.h.q.sqm.function.SqmFunctionRegistry   : Registered SqmFunctionTemplate [NamedSqmFunctionTemplate(regr_avgx)] under regr_avgx; prior registration was null
2024-10-07T00:27:07.728-03:00 DEBUG 18250 --- [hotel_reservas] [           main] o.h.q.sqm.function.SqmFunctionRegistry   : Registered SqmFunctionTemplate [NamedSqmFunctionTemplate(regr_avgy)] under regr_avgy; prior registration was null
2024-10-07T00:27:07.728-03:00 DEBUG 18250 --- [hotel_reservas] [           main] o.h.q.sqm.function.SqmFunctionRegistry   : Registered SqmFunctionTemplate [NamedSqmFunctionTemplate(regr_count)] under regr_count; prior registration was null
2024-10-07T00:27:07.728-03:00 DEBUG 18250 --- [hotel_reservas] [           main] o.h.q.sqm.function.SqmFunctionRegistry   : Registered SqmFunctionTemplate [NamedSqmFunctionTemplate(regr_intercept)] under regr_intercept; prior registration was null
2024-10-07T00:27:07.728-03:00 DEBUG 18250 --- [hotel_reservas] [           main] o.h.q.sqm.function.SqmFunctionRegistry   : Registered SqmFunctionTemplate [NamedSqmFunctionTemplate(regr_r2)] under regr_r2; prior registration was null
2024-10-07T00:27:07.728-03:00 DEBUG 18250 --- [hotel_reservas] [           main] o.h.q.sqm.function.SqmFunctionRegistry   : Registered SqmFunctionTemplate [NamedSqmFunctionTemplate(regr_slope)] under regr_slope; prior registration was null
2024-10-07T00:27:07.728-03:00 DEBUG 18250 --- [hotel_reservas] [           main] o.h.q.sqm.function.SqmFunctionRegistry   : Registered SqmFunctionTemplate [NamedSqmFunctionTemplate(regr_sxx)] under regr_sxx; prior registration was null
2024-10-07T00:27:07.728-03:00 DEBUG 18250 --- [hotel_reservas] [           main] o.h.q.sqm.function.SqmFunctionRegistry   : Registered SqmFunctionTemplate [NamedSqmFunctionTemplate(regr_sxy)] under regr_sxy; prior registration was null
2024-10-07T00:27:07.728-03:00 DEBUG 18250 --- [hotel_reservas] [           main] o.h.q.sqm.function.SqmFunctionRegistry   : Registered SqmFunctionTemplate [NamedSqmFunctionTemplate(regr_syy)] under regr_syy; prior registration was null
2024-10-07T00:27:07.728-03:00 DEBUG 18250 --- [hotel_reservas] [           main] o.h.q.sqm.function.SqmFunctionRegistry   : Registered SqmFunctionTemplate [org.hibernate.dialect.function.LengthFunction@4e6c703a] under length; prior registration was null
2024-10-07T00:27:07.728-03:00 DEBUG 18250 --- [hotel_reservas] [           main] o.h.q.sqm.function.SqmFunctionRegistry   : Registering alternate key : character_length -> length
2024-10-07T00:27:07.728-03:00 DEBUG 18250 --- [hotel_reservas] [           main] o.h.q.sqm.function.SqmFunctionRegistry   : Registered SqmFunctionTemplate [org.hibernate.dialect.function.LengthFunction@58d635de] under octet_length; prior registration was null
2024-10-07T00:27:07.728-03:00 DEBUG 18250 --- [hotel_reservas] [           main] o.h.q.sqm.function.SqmFunctionRegistry   : Registered SqmFunctionTemplate [org.hibernate.dialect.function.LengthFunction@282d1023] under bit_length; prior registration was null
2024-10-07T00:27:07.728-03:00 DEBUG 18250 --- [hotel_reservas] [           main] o.h.q.sqm.function.SqmFunctionRegistry   : Registered SqmFunctionTemplate [NamedSqmFunctionTemplate(coalesce)] under coalesce; prior registration was NamedSqmFunctionTemplate(coalesce)
2024-10-07T00:27:07.728-03:00 DEBUG 18250 --- [hotel_reservas] [           main] o.h.q.sqm.function.SqmFunctionRegistry   : Registered SqmFunctionTemplate [org.hibernate.query.sqm.function.PatternBasedSqmFunctionDescriptor@7d1b96b9] under bitor; prior registration was null
2024-10-07T00:27:07.728-03:00 DEBUG 18250 --- [hotel_reservas] [           main] o.h.q.sqm.function.SqmFunctionRegistry   : Registered SqmFunctionTemplate [org.hibernate.query.sqm.function.PatternBasedSqmFunctionDescriptor@505bc480] under bitxor; prior registration was null
2024-10-07T00:27:07.728-03:00 DEBUG 18250 --- [hotel_reservas] [           main] o.h.q.sqm.function.SqmFunctionRegistry   : Registered SqmFunctionTemplate [org.hibernate.query.sqm.function.MultipatternSqmFunctionDescriptor@394a7390] under locate; prior registration was NamedSqmFunctionTemplate(locate)
2024-10-07T00:27:07.728-03:00 DEBUG 18250 --- [hotel_reservas] [           main] o.h.q.sqm.function.SqmFunctionRegistry   : Registered SqmFunctionTemplate [org.hibernate.dialect.function.ListaggFunction@7926d092] under listagg; prior registration was null
2024-10-07T00:27:07.728-03:00 DEBUG 18250 --- [hotel_reservas] [           main] o.h.q.sqm.function.SqmFunctionRegistry   : Registered SqmFunctionTemplate [NamedSqmFunctionTemplate(row_number)] under row_number; prior registration was null
2024-10-07T00:27:07.728-03:00 DEBUG 18250 --- [hotel_reservas] [           main] o.h.q.sqm.function.SqmFunctionRegistry   : Registered SqmFunctionTemplate [NamedSqmFunctionTemplate(lag)] under lag; prior registration was null
2024-10-07T00:27:07.728-03:00 DEBUG 18250 --- [hotel_reservas] [           main] o.h.q.sqm.function.SqmFunctionRegistry   : Registered SqmFunctionTemplate [NamedSqmFunctionTemplate(lead)] under lead; prior registration was null
2024-10-07T00:27:07.728-03:00 DEBUG 18250 --- [hotel_reservas] [           main] o.h.q.sqm.function.SqmFunctionRegistry   : Registered SqmFunctionTemplate [NamedSqmFunctionTemplate(first_value)] under first_value; prior registration was null
2024-10-07T00:27:07.728-03:00 DEBUG 18250 --- [hotel_reservas] [           main] o.h.q.sqm.function.SqmFunctionRegistry   : Registered SqmFunctionTemplate [NamedSqmFunctionTemplate(last_value)] under last_value; prior registration was null
2024-10-07T00:27:07.728-03:00 DEBUG 18250 --- [hotel_reservas] [           main] o.h.q.sqm.function.SqmFunctionRegistry   : Registered SqmFunctionTemplate [NamedSqmFunctionTemplate(nth_value)] under nth_value; prior registration was null
2024-10-07T00:27:07.728-03:00 DEBUG 18250 --- [hotel_reservas] [           main] o.h.q.sqm.function.SqmFunctionRegistry   : Registered SqmFunctionTemplate [org.hibernate.dialect.function.HypotheticalSetFunction@58a93f51] under rank; prior registration was null
2024-10-07T00:27:07.728-03:00 DEBUG 18250 --- [hotel_reservas] [           main] o.h.q.sqm.function.SqmFunctionRegistry   : Registered SqmFunctionTemplate [org.hibernate.dialect.function.HypotheticalSetFunction@56589f00] under dense_rank; prior registration was null
2024-10-07T00:27:07.728-03:00 DEBUG 18250 --- [hotel_reservas] [           main] o.h.q.sqm.function.SqmFunctionRegistry   : Registered SqmFunctionTemplate [org.hibernate.dialect.function.HypotheticalSetFunction@3ce4b0a8] under percent_rank; prior registration was null
2024-10-07T00:27:07.728-03:00 DEBUG 18250 --- [hotel_reservas] [           main] o.h.q.sqm.function.SqmFunctionRegistry   : Registered SqmFunctionTemplate [org.hibernate.dialect.function.HypotheticalSetFunction@738955e6] under cume_dist; prior registration was null
2024-10-07T00:27:07.728-03:00 DEBUG 18250 --- [hotel_reservas] [           main] o.h.q.sqm.function.SqmFunctionRegistry   : Registered SqmFunctionTemplate [org.hibernate.dialect.function.InverseDistributionFunction@624baf71] under mode; prior registration was null
2024-10-07T00:27:07.728-03:00 DEBUG 18250 --- [hotel_reservas] [           main] o.h.q.sqm.function.SqmFunctionRegistry   : Registered SqmFunctionTemplate [org.hibernate.dialect.function.InverseDistributionFunction@70799ca7] under percentile_cont; prior registration was null
2024-10-07T00:27:07.728-03:00 DEBUG 18250 --- [hotel_reservas] [           main] o.h.q.sqm.function.SqmFunctionRegistry   : Registered SqmFunctionTemplate [org.hibernate.dialect.function.InverseDistributionFunction@690113f0] under percentile_disc; prior registration was null
2024-10-07T00:27:07.728-03:00 DEBUG 18250 --- [hotel_reservas] [           main] o.h.q.sqm.function.SqmFunctionRegistry   : Registered SqmFunctionTemplate [org.hibernate.dialect.function.ModeStatsModeEmulation@509e4d53] under mode; prior registration was org.hibernate.dialect.function.InverseDistributionFunction@624baf71
2024-10-07T00:27:07.728-03:00 DEBUG 18250 --- [hotel_reservas] [           main] o.h.q.sqm.function.SqmFunctionRegistry   : Registered SqmFunctionTemplate [org.hibernate.dialect.function.OracleTruncFunction@6f915016] under trunc; prior registration was null
2024-10-07T00:27:07.728-03:00 DEBUG 18250 --- [hotel_reservas] [           main] o.h.q.sqm.function.SqmFunctionRegistry   : Registering alternate key : truncate -> trunc
2024-10-07T00:27:07.728-03:00 DEBUG 18250 --- [hotel_reservas] [           main] o.h.q.sqm.function.SqmFunctionRegistry   : Registered SqmFunctionTemplate [org.hibernate.dialect.function.array.OracleArrayConstructorFunction@533165e7] under array; prior registration was null
2024-10-07T00:27:07.728-03:00 DEBUG 18250 --- [hotel_reservas] [           main] o.h.q.sqm.function.SqmFunctionRegistry   : Registered SqmFunctionTemplate [org.hibernate.dialect.function.array.OracleArrayConstructorFunction@324e62e2] under array_list; prior registration was null
2024-10-07T00:27:07.728-03:00 DEBUG 18250 --- [hotel_reservas] [           main] o.h.q.sqm.function.SqmFunctionRegistry   : Registered SqmFunctionTemplate [org.hibernate.dialect.function.array.OracleArrayAggEmulation@1018552d] under array_agg; prior registration was null
2024-10-07T00:27:07.728-03:00 DEBUG 18250 --- [hotel_reservas] [           main] o.h.q.sqm.function.SqmFunctionRegistry   : Registered SqmFunctionTemplate [org.hibernate.dialect.function.array.OracleArrayPositionFunction@75eca6d8] under array_position; prior registration was null
2024-10-07T00:27:07.728-03:00 DEBUG 18250 --- [hotel_reservas] [           main] o.h.q.sqm.function.SqmFunctionRegistry   : Registered SqmFunctionTemplate [org.hibernate.dialect.function.array.OracleArrayPositionsFunction@6cb2d5ea] under array_positions; prior registration was null
2024-10-07T00:27:07.728-03:00 DEBUG 18250 --- [hotel_reservas] [           main] o.h.q.sqm.function.SqmFunctionRegistry   : Registered SqmFunctionTemplate [org.hibernate.dialect.function.array.OracleArrayPositionsFunction@2e9bff08] under array_positions_list; prior registration was null
2024-10-07T00:27:07.728-03:00 DEBUG 18250 --- [hotel_reservas] [           main] o.h.q.sqm.function.SqmFunctionRegistry   : Registered SqmFunctionTemplate [org.hibernate.dialect.function.array.OracleArrayLengthFunction@54151d07] under array_length; prior registration was null
2024-10-07T00:27:07.728-03:00 DEBUG 18250 --- [hotel_reservas] [           main] o.h.q.sqm.function.SqmFunctionRegistry   : Registered SqmFunctionTemplate [org.hibernate.dialect.function.array.OracleArrayConcatFunction@2e729fea] under array_concat; prior registration was null
2024-10-07T00:27:07.728-03:00 DEBUG 18250 --- [hotel_reservas] [           main] o.h.q.sqm.function.SqmFunctionRegistry   : Registered SqmFunctionTemplate [org.hibernate.dialect.function.array.OracleArrayConcatElementFunction@1a345c6c] under array_prepend; prior registration was null
2024-10-07T00:27:07.728-03:00 DEBUG 18250 --- [hotel_reservas] [           main] o.h.q.sqm.function.SqmFunctionRegistry   : Registered SqmFunctionTemplate [org.hibernate.dialect.function.array.OracleArrayConcatElementFunction@6b26839d] under array_append; prior registration was null
2024-10-07T00:27:07.728-03:00 DEBUG 18250 --- [hotel_reservas] [           main] o.h.q.sqm.function.SqmFunctionRegistry   : Registered SqmFunctionTemplate [org.hibernate.dialect.function.array.OracleArrayContainsFunction@17a756db] under array_contains; prior registration was null
2024-10-07T00:27:07.728-03:00 DEBUG 18250 --- [hotel_reservas] [           main] o.h.q.sqm.function.SqmFunctionRegistry   : Registered SqmFunctionTemplate [org.hibernate.dialect.function.array.OracleArrayContainsFunction@2d10160a] under array_contains_nullable; prior registration was null
2024-10-07T00:27:07.728-03:00 DEBUG 18250 --- [hotel_reservas] [           main] o.h.q.sqm.function.SqmFunctionRegistry   : Registered SqmFunctionTemplate [org.hibernate.dialect.function.array.OracleArrayOverlapsFunction@157ff8f8] under array_overlaps; prior registration was null
2024-10-07T00:27:07.728-03:00 DEBUG 18250 --- [hotel_reservas] [           main] o.h.q.sqm.function.SqmFunctionRegistry   : Registered SqmFunctionTemplate [org.hibernate.dialect.function.array.OracleArrayOverlapsFunction@4a1abba1] under array_overlaps_nullable; prior registration was null
2024-10-07T00:27:07.728-03:00 DEBUG 18250 --- [hotel_reservas] [           main] o.h.q.sqm.function.SqmFunctionRegistry   : Registered SqmFunctionTemplate [org.hibernate.dialect.function.array.OracleArrayGetFunction@67263db7] under array_get; prior registration was null
2024-10-07T00:27:07.728-03:00 DEBUG 18250 --- [hotel_reservas] [           main] o.h.q.sqm.function.SqmFunctionRegistry   : Registered SqmFunctionTemplate [org.hibernate.dialect.function.array.OracleArraySetFunction@4a2bc71f] under array_set; prior registration was null
2024-10-07T00:27:07.728-03:00 DEBUG 18250 --- [hotel_reservas] [           main] o.h.q.sqm.function.SqmFunctionRegistry   : Registered SqmFunctionTemplate [org.hibernate.dialect.function.array.OracleArrayRemoveFunction@20f94e9a] under array_remove; prior registration was null
2024-10-07T00:27:07.728-03:00 DEBUG 18250 --- [hotel_reservas] [           main] o.h.q.sqm.function.SqmFunctionRegistry   : Registered SqmFunctionTemplate [org.hibernate.dialect.function.array.OracleArrayRemoveIndexFunction@3f213e97] under array_remove_index; prior registration was null
2024-10-07T00:27:07.728-03:00 DEBUG 18250 --- [hotel_reservas] [           main] o.h.q.sqm.function.SqmFunctionRegistry   : Registered SqmFunctionTemplate [org.hibernate.dialect.function.array.OracleArraySliceFunction@693c7741] under array_slice; prior registration was null
2024-10-07T00:27:07.728-03:00 DEBUG 18250 --- [hotel_reservas] [           main] o.h.q.sqm.function.SqmFunctionRegistry   : Registered SqmFunctionTemplate [org.hibernate.dialect.function.array.OracleArrayReplaceFunction@7d3b4646] under array_replace; prior registration was null
2024-10-07T00:27:07.728-03:00 DEBUG 18250 --- [hotel_reservas] [           main] o.h.q.sqm.function.SqmFunctionRegistry   : Registered SqmFunctionTemplate [org.hibernate.dialect.function.array.OracleArrayTrimFunction@175c4ae5] under array_trim; prior registration was null
2024-10-07T00:27:07.728-03:00 DEBUG 18250 --- [hotel_reservas] [           main] o.h.q.sqm.function.SqmFunctionRegistry   : Registered SqmFunctionTemplate [org.hibernate.dialect.function.array.OracleArrayFillFunction@21bf1b1f] under array_fill; prior registration was null
2024-10-07T00:27:07.728-03:00 DEBUG 18250 --- [hotel_reservas] [           main] o.h.q.sqm.function.SqmFunctionRegistry   : Registered SqmFunctionTemplate [org.hibernate.dialect.function.array.OracleArrayFillFunction@2b33e616] under array_fill_list; prior registration was null
2024-10-07T00:27:07.728-03:00 DEBUG 18250 --- [hotel_reservas] [           main] o.h.q.sqm.function.SqmFunctionRegistry   : Registered SqmFunctionTemplate [org.hibernate.dialect.function.array.OracleArrayToStringFunction@c1d9c40] under array_to_string; prior registration was null
2024-10-07T00:27:07.729-03:00 DEBUG 18250 --- [hotel_reservas] [           main] org.hibernate.HQL_FUNCTIONS              : abs(NUMERIC arg)
2024-10-07T00:27:07.729-03:00 DEBUG 18250 --- [hotel_reservas] [           main] org.hibernate.HQL_FUNCTIONS              : Double acos(NUMERIC arg)
2024-10-07T00:27:07.729-03:00 DEBUG 18250 --- [hotel_reservas] [           main] org.hibernate.HQL_FUNCTIONS              : add_months(DATE datetime, INTEGER months)
2024-10-07T00:27:07.729-03:00 DEBUG 18250 --- [hotel_reservas] [           main] org.hibernate.HQL_FUNCTIONS              : Boolean any(BOOLEAN arg)
2024-10-07T00:27:07.729-03:00 DEBUG 18250 --- [hotel_reservas] [           main] org.hibernate.HQL_FUNCTIONS              : array( ... )
2024-10-07T00:27:07.729-03:00 DEBUG 18250 --- [hotel_reservas] [           main] org.hibernate.HQL_FUNCTIONS              : array_agg(arg)
2024-10-07T00:27:07.729-03:00 DEBUG 18250 --- [hotel_reservas] [           main] org.hibernate.HQL_FUNCTIONS              : array_append( ... )
2024-10-07T00:27:07.729-03:00 DEBUG 18250 --- [hotel_reservas] [           main] org.hibernate.HQL_FUNCTIONS              : array_concat( ... )
2024-10-07T00:27:07.729-03:00 DEBUG 18250 --- [hotel_reservas] [           main] org.hibernate.HQL_FUNCTIONS              : Boolean array_contains(ARRAY haystackArray, OBJECT needleElementOrArray)
2024-10-07T00:27:07.729-03:00 DEBUG 18250 --- [hotel_reservas] [           main] org.hibernate.HQL_FUNCTIONS              : Boolean array_contains_nullable(ARRAY haystackArray, OBJECT needleElementOrArray)
2024-10-07T00:27:07.729-03:00 DEBUG 18250 --- [hotel_reservas] [           main] org.hibernate.HQL_FUNCTIONS              : array_fill(OBJECT element, INTEGER elementCount)
2024-10-07T00:27:07.729-03:00 DEBUG 18250 --- [hotel_reservas] [           main] org.hibernate.HQL_FUNCTIONS              : array_fill_list(OBJECT element, INTEGER elementCount)
2024-10-07T00:27:07.729-03:00 DEBUG 18250 --- [hotel_reservas] [           main] org.hibernate.HQL_FUNCTIONS              : array_get( ... )
2024-10-07T00:27:07.729-03:00 DEBUG 18250 --- [hotel_reservas] [           main] org.hibernate.HQL_FUNCTIONS              : Integer array_length(ARRAY array)
2024-10-07T00:27:07.729-03:00 DEBUG 18250 --- [hotel_reservas] [           main] org.hibernate.HQL_FUNCTIONS              : array_list( ... )
2024-10-07T00:27:07.729-03:00 DEBUG 18250 --- [hotel_reservas] [           main] org.hibernate.HQL_FUNCTIONS              : Boolean array_overlaps(ARRAY array0, OBJECT array1)
2024-10-07T00:27:07.729-03:00 DEBUG 18250 --- [hotel_reservas] [           main] org.hibernate.HQL_FUNCTIONS              : Boolean array_overlaps_nullable(ARRAY array0, OBJECT array1)
2024-10-07T00:27:07.729-03:00 DEBUG 18250 --- [hotel_reservas] [           main] org.hibernate.HQL_FUNCTIONS              : Integer array_position(ARRAY array, OBJECT element[, INTEGER startPosition])
2024-10-07T00:27:07.729-03:00 DEBUG 18250 --- [hotel_reservas] [           main] org.hibernate.HQL_FUNCTIONS              : int[] array_positions(ARRAY array, OBJECT element)
2024-10-07T00:27:07.729-03:00 DEBUG 18250 --- [hotel_reservas] [           main] org.hibernate.HQL_FUNCTIONS              : List array_positions_list(ARRAY array, OBJECT element)
2024-10-07T00:27:07.729-03:00 DEBUG 18250 --- [hotel_reservas] [           main] org.hibernate.HQL_FUNCTIONS              : array_prepend( ... )
2024-10-07T00:27:07.729-03:00 DEBUG 18250 --- [hotel_reservas] [           main] org.hibernate.HQL_FUNCTIONS              : array_remove( ... )
2024-10-07T00:27:07.729-03:00 DEBUG 18250 --- [hotel_reservas] [           main] org.hibernate.HQL_FUNCTIONS              : array_remove_index( ... )
2024-10-07T00:27:07.729-03:00 DEBUG 18250 --- [hotel_reservas] [           main] org.hibernate.HQL_FUNCTIONS              : array_replace( ... )
2024-10-07T00:27:07.729-03:00 DEBUG 18250 --- [hotel_reservas] [           main] org.hibernate.HQL_FUNCTIONS              : array_set( ... )
2024-10-07T00:27:07.729-03:00 DEBUG 18250 --- [hotel_reservas] [           main] org.hibernate.HQL_FUNCTIONS              : array_slice( ... )
2024-10-07T00:27:07.729-03:00 DEBUG 18250 --- [hotel_reservas] [           main] org.hibernate.HQL_FUNCTIONS              : String array_to_string( ... )
2024-10-07T00:27:07.729-03:00 DEBUG 18250 --- [hotel_reservas] [           main] org.hibernate.HQL_FUNCTIONS              : array_trim( ... )
2024-10-07T00:27:07.729-03:00 DEBUG 18250 --- [hotel_reservas] [           main] org.hibernate.HQL_FUNCTIONS              : Integer ascii(STRING arg)
2024-10-07T00:27:07.729-03:00 DEBUG 18250 --- [hotel_reservas] [           main] org.hibernate.HQL_FUNCTIONS              : Double asin(NUMERIC arg)
2024-10-07T00:27:07.729-03:00 DEBUG 18250 --- [hotel_reservas] [           main] org.hibernate.HQL_FUNCTIONS              : Double atan(NUMERIC arg)
2024-10-07T00:27:07.729-03:00 DEBUG 18250 --- [hotel_reservas] [           main] org.hibernate.HQL_FUNCTIONS              : Double atan2(NUMERIC arg0, NUMERIC arg1)
2024-10-07T00:27:07.729-03:00 DEBUG 18250 --- [hotel_reservas] [           main] org.hibernate.HQL_FUNCTIONS              : avg(arg)
2024-10-07T00:27:07.729-03:00 DEBUG 18250 --- [hotel_reservas] [           main] org.hibernate.HQL_FUNCTIONS              : Integer bit_length(STRING_OR_CLOB arg)
2024-10-07T00:27:07.729-03:00 DEBUG 18250 --- [hotel_reservas] [           main] org.hibernate.HQL_FUNCTIONS              : bitand(arg0, arg1)
2024-10-07T00:27:07.729-03:00 DEBUG 18250 --- [hotel_reservas] [           main] org.hibernate.HQL_FUNCTIONS              : bitor(arg0, arg1)
2024-10-07T00:27:07.729-03:00 DEBUG 18250 --- [hotel_reservas] [           main] org.hibernate.HQL_FUNCTIONS              : bitxor(arg0, arg1)
2024-10-07T00:27:07.729-03:00 DEBUG 18250 --- [hotel_reservas] [           main] org.hibernate.HQL_FUNCTIONS              : cast(arg as Type)
2024-10-07T00:27:07.729-03:00 DEBUG 18250 --- [hotel_reservas] [           main] org.hibernate.HQL_FUNCTIONS              : ceil(NUMERIC arg)
2024-10-07T00:27:07.729-03:00 DEBUG 18250 --- [hotel_reservas] [           main] org.hibernate.HQL_FUNCTIONS              : ceiling(NUMERIC arg)
2024-10-07T00:27:07.729-03:00 DEBUG 18250 --- [hotel_reservas] [           main] org.hibernate.HQL_FUNCTIONS              : Character char(INTEGER arg)
2024-10-07T00:27:07.729-03:00 DEBUG 18250 --- [hotel_reservas] [           main] org.hibernate.HQL_FUNCTIONS              : Integer character_length(STRING_OR_CLOB arg)
2024-10-07T00:27:07.729-03:00 DEBUG 18250 --- [hotel_reservas] [           main] org.hibernate.HQL_FUNCTIONS              : Character chr(INTEGER arg)
2024-10-07T00:27:07.729-03:00 DEBUG 18250 --- [hotel_reservas] [           main] org.hibernate.HQL_FUNCTIONS              : coalesce(arg0[, arg1[, ...]])
2024-10-07T00:27:07.729-03:00 DEBUG 18250 --- [hotel_reservas] [           main] org.hibernate.HQL_FUNCTIONS              : String collate(STRING string as COLLATION collation)
2024-10-07T00:27:07.729-03:00 DEBUG 18250 --- [hotel_reservas] [           main] org.hibernate.HQL_FUNCTIONS              : String concat(STRING string0[, STRING string1[, ...]])
2024-10-07T00:27:07.729-03:00 DEBUG 18250 --- [hotel_reservas] [           main] org.hibernate.HQL_FUNCTIONS              : Double corr(NUMERIC arg0, NUMERIC arg1)
2024-10-07T00:27:07.729-03:00 DEBUG 18250 --- [hotel_reservas] [           main] org.hibernate.HQL_FUNCTIONS              : Double cos(NUMERIC arg)
2024-10-07T00:27:07.729-03:00 DEBUG 18250 --- [hotel_reservas] [           main] org.hibernate.HQL_FUNCTIONS              : Double cosh(NUMERIC arg)
2024-10-07T00:27:07.729-03:00 DEBUG 18250 --- [hotel_reservas] [           main] org.hibernate.HQL_FUNCTIONS              : Long count([distinct ]{arg|*})
2024-10-07T00:27:07.729-03:00 DEBUG 18250 --- [hotel_reservas] [           main] org.hibernate.HQL_FUNCTIONS              : Double covar_pop(NUMERIC arg0, NUMERIC arg1)
2024-10-07T00:27:07.729-03:00 DEBUG 18250 --- [hotel_reservas] [           main] org.hibernate.HQL_FUNCTIONS              : Double covar_samp(NUMERIC arg0, NUMERIC arg1)
2024-10-07T00:27:07.729-03:00 DEBUG 18250 --- [hotel_reservas] [           main] org.hibernate.HQL_FUNCTIONS              : Double cume_dist([arg0[, ...]])
2024-10-07T00:27:07.729-03:00 DEBUG 18250 --- [hotel_reservas] [           main] org.hibernate.HQL_FUNCTIONS              : Date current date
2024-10-07T00:27:07.729-03:00 DEBUG 18250 --- [hotel_reservas] [           main] org.hibernate.HQL_FUNCTIONS              : Time current time
2024-10-07T00:27:07.729-03:00 DEBUG 18250 --- [hotel_reservas] [           main] org.hibernate.HQL_FUNCTIONS              : Timestamp current timestamp
2024-10-07T00:27:07.729-03:00 DEBUG 18250 --- [hotel_reservas] [           main] org.hibernate.HQL_FUNCTIONS              : Date current_date
2024-10-07T00:27:07.729-03:00 DEBUG 18250 --- [hotel_reservas] [           main] org.hibernate.HQL_FUNCTIONS              : Instant current_instant
2024-10-07T00:27:07.729-03:00 DEBUG 18250 --- [hotel_reservas] [           main] org.hibernate.HQL_FUNCTIONS              : Time current_time
2024-10-07T00:27:07.729-03:00 DEBUG 18250 --- [hotel_reservas] [           main] org.hibernate.HQL_FUNCTIONS              : Timestamp current_timestamp
2024-10-07T00:27:07.729-03:00 DEBUG 18250 --- [hotel_reservas] [           main] org.hibernate.HQL_FUNCTIONS              : dateadd(TEMPORAL_UNIT field, INTEGER magnitude, TEMPORAL datetime)
2024-10-07T00:27:07.729-03:00 DEBUG 18250 --- [hotel_reservas] [           main] org.hibernate.HQL_FUNCTIONS              : Long|Double datediff(TEMPORAL_UNIT field, TEMPORAL start, TEMPORAL end)
2024-10-07T00:27:07.729-03:00 DEBUG 18250 --- [hotel_reservas] [           main] org.hibernate.HQL_FUNCTIONS              : Double degrees(NUMERIC arg)
2024-10-07T00:27:07.729-03:00 DEBUG 18250 --- [hotel_reservas] [           main] org.hibernate.HQL_FUNCTIONS              : Long dense_rank([arg0[, ...]])
2024-10-07T00:27:07.729-03:00 DEBUG 18250 --- [hotel_reservas] [           main] org.hibernate.HQL_FUNCTIONS              : Boolean every(BOOLEAN arg)
2024-10-07T00:27:07.729-03:00 DEBUG 18250 --- [hotel_reservas] [           main] org.hibernate.HQL_FUNCTIONS              : Double exp(NUMERIC arg)
2024-10-07T00:27:07.729-03:00 DEBUG 18250 --- [hotel_reservas] [           main] org.hibernate.HQL_FUNCTIONS              : extract(TEMPORAL_UNIT field from TEMPORAL arg)
2024-10-07T00:27:07.729-03:00 DEBUG 18250 --- [hotel_reservas] [           main] org.hibernate.HQL_FUNCTIONS              : first_valueANY value
2024-10-07T00:27:07.729-03:00 DEBUG 18250 --- [hotel_reservas] [           main] org.hibernate.HQL_FUNCTIONS              : floor(NUMERIC arg)
2024-10-07T00:27:07.729-03:00 DEBUG 18250 --- [hotel_reservas] [           main] org.hibernate.HQL_FUNCTIONS              : String format(TEMPORAL datetime as STRING pattern)
2024-10-07T00:27:07.729-03:00 DEBUG 18250 --- [hotel_reservas] [           main] org.hibernate.HQL_FUNCTIONS              : greatest(COMPARABLE arg0, COMPARABLE arg1[, arg2[, ...]])
2024-10-07T00:27:07.729-03:00 DEBUG 18250 --- [hotel_reservas] [           main] org.hibernate.HQL_FUNCTIONS              : ifnull(arg0, arg1)
2024-10-07T00:27:07.729-03:00 DEBUG 18250 --- [hotel_reservas] [           main] org.hibernate.HQL_FUNCTIONS              : String initcap(arg)
2024-10-07T00:27:07.729-03:00 DEBUG 18250 --- [hotel_reservas] [           main] org.hibernate.HQL_FUNCTIONS              : Instant instant
2024-10-07T00:27:07.729-03:00 DEBUG 18250 --- [hotel_reservas] [           main] org.hibernate.HQL_FUNCTIONS              : Integer instr(STRING string, STRING pattern[, INTEGER start[, INTEGER occurrence]])
2024-10-07T00:27:07.729-03:00 DEBUG 18250 --- [hotel_reservas] [           main] org.hibernate.HQL_FUNCTIONS              : lagANY value[, INTEGER offset[, ANY default]]
2024-10-07T00:27:07.729-03:00 DEBUG 18250 --- [hotel_reservas] [           main] org.hibernate.HQL_FUNCTIONS              : Date last_day(DATE arg)
2024-10-07T00:27:07.729-03:00 DEBUG 18250 --- [hotel_reservas] [           main] org.hibernate.HQL_FUNCTIONS              : last_valueANY value
2024-10-07T00:27:07.729-03:00 DEBUG 18250 --- [hotel_reservas] [           main] org.hibernate.HQL_FUNCTIONS              : leadANY value[, INTEGER offset[, ANY default]]
2024-10-07T00:27:07.729-03:00 DEBUG 18250 --- [hotel_reservas] [           main] org.hibernate.HQL_FUNCTIONS              : least(COMPARABLE arg0, COMPARABLE arg1[, arg2[, ...]])
2024-10-07T00:27:07.729-03:00 DEBUG 18250 --- [hotel_reservas] [           main] org.hibernate.HQL_FUNCTIONS              : String left(STRING string, INTEGER length)
2024-10-07T00:27:07.729-03:00 DEBUG 18250 --- [hotel_reservas] [           main] org.hibernate.HQL_FUNCTIONS              : Integer length(STRING_OR_CLOB arg)
2024-10-07T00:27:07.729-03:00 DEBUG 18250 --- [hotel_reservas] [           main] org.hibernate.HQL_FUNCTIONS              : String listagg(STRING arg0, STRING arg1)
2024-10-07T00:27:07.729-03:00 DEBUG 18250 --- [hotel_reservas] [           main] org.hibernate.HQL_FUNCTIONS              : Double ln(NUMERIC arg)
2024-10-07T00:27:07.729-03:00 DEBUG 18250 --- [hotel_reservas] [           main] org.hibernate.HQL_FUNCTIONS              : LocalDate local date
2024-10-07T00:27:07.729-03:00 DEBUG 18250 --- [hotel_reservas] [           main] org.hibernate.HQL_FUNCTIONS              : LocalDateTime local datetime
2024-10-07T00:27:07.729-03:00 DEBUG 18250 --- [hotel_reservas] [           main] org.hibernate.HQL_FUNCTIONS              : LocalTime local time
2024-10-07T00:27:07.729-03:00 DEBUG 18250 --- [hotel_reservas] [           main] org.hibernate.HQL_FUNCTIONS              : LocalDate local_date
2024-10-07T00:27:07.729-03:00 DEBUG 18250 --- [hotel_reservas] [           main] org.hibernate.HQL_FUNCTIONS              : LocalDateTime local_datetime
2024-10-07T00:27:07.729-03:00 DEBUG 18250 --- [hotel_reservas] [           main] org.hibernate.HQL_FUNCTIONS              : LocalTime local_time
2024-10-07T00:27:07.729-03:00 DEBUG 18250 --- [hotel_reservas] [           main] org.hibernate.HQL_FUNCTIONS              : Integer locate(pattern, string[, start])
2024-10-07T00:27:07.729-03:00 DEBUG 18250 --- [hotel_reservas] [           main] org.hibernate.HQL_FUNCTIONS              : Double log(NUMERIC arg0[, NUMERIC arg1])
2024-10-07T00:27:07.729-03:00 DEBUG 18250 --- [hotel_reservas] [           main] org.hibernate.HQL_FUNCTIONS              : Double log10(NUMERIC arg)
2024-10-07T00:27:07.729-03:00 DEBUG 18250 --- [hotel_reservas] [           main] org.hibernate.HQL_FUNCTIONS              : String lower(STRING string)
2024-10-07T00:27:07.729-03:00 DEBUG 18250 --- [hotel_reservas] [           main] org.hibernate.HQL_FUNCTIONS              : String lpad(STRING string, INTEGER length[, STRING padding])
2024-10-07T00:27:07.729-03:00 DEBUG 18250 --- [hotel_reservas] [           main] org.hibernate.HQL_FUNCTIONS              : String ltrim(STRING string[, STRING characters])
2024-10-07T00:27:07.730-03:00 DEBUG 18250 --- [hotel_reservas] [           main] org.hibernate.HQL_FUNCTIONS              : max(COMPARABLE arg)
2024-10-07T00:27:07.730-03:00 DEBUG 18250 --- [hotel_reservas] [           main] org.hibernate.HQL_FUNCTIONS              : Double median(NUMERIC arg)
2024-10-07T00:27:07.730-03:00 DEBUG 18250 --- [hotel_reservas] [           main] org.hibernate.HQL_FUNCTIONS              : min(COMPARABLE arg)
2024-10-07T00:27:07.730-03:00 DEBUG 18250 --- [hotel_reservas] [           main] org.hibernate.HQL_FUNCTIONS              : Integer mod(INTEGER arg0, INTEGER arg1)
2024-10-07T00:27:07.730-03:00 DEBUG 18250 --- [hotel_reservas] [           main] org.hibernate.HQL_FUNCTIONS              : mode()
2024-10-07T00:27:07.730-03:00 DEBUG 18250 --- [hotel_reservas] [           main] org.hibernate.HQL_FUNCTIONS              : Integer months_between(DATE end, DATE start)
2024-10-07T00:27:07.730-03:00 DEBUG 18250 --- [hotel_reservas] [           main] org.hibernate.HQL_FUNCTIONS              : nth_valueANY value, INTEGER nth
2024-10-07T00:27:07.730-03:00 DEBUG 18250 --- [hotel_reservas] [           main] org.hibernate.HQL_FUNCTIONS              : nullif(arg0, arg1)
2024-10-07T00:27:07.730-03:00 DEBUG 18250 --- [hotel_reservas] [           main] org.hibernate.HQL_FUNCTIONS              : Integer octet_length(STRING_OR_CLOB arg)
2024-10-07T00:27:07.730-03:00 DEBUG 18250 --- [hotel_reservas] [           main] org.hibernate.HQL_FUNCTIONS              : OffsetDateTime offset datetime
2024-10-07T00:27:07.730-03:00 DEBUG 18250 --- [hotel_reservas] [           main] org.hibernate.HQL_FUNCTIONS              : OffsetDateTime offset_datetime
2024-10-07T00:27:07.730-03:00 DEBUG 18250 --- [hotel_reservas] [           main] org.hibernate.HQL_FUNCTIONS              : String overlay(STRING string placing STRING replacement from INTEGER start[ for INTEGER length])
2024-10-07T00:27:07.730-03:00 DEBUG 18250 --- [hotel_reservas] [           main] org.hibernate.HQL_FUNCTIONS              : String pad(STRING string with INTEGER length {leading|trailing}[ STRING character])
2024-10-07T00:27:07.730-03:00 DEBUG 18250 --- [hotel_reservas] [           main] org.hibernate.HQL_FUNCTIONS              : Double percent_rank([arg0[, ...]])
2024-10-07T00:27:07.730-03:00 DEBUG 18250 --- [hotel_reservas] [           main] org.hibernate.HQL_FUNCTIONS              : percentile_cont(NUMERIC arg)
2024-10-07T00:27:07.730-03:00 DEBUG 18250 --- [hotel_reservas] [           main] org.hibernate.HQL_FUNCTIONS              : percentile_disc(NUMERIC arg)
2024-10-07T00:27:07.730-03:00 DEBUG 18250 --- [hotel_reservas] [           main] org.hibernate.HQL_FUNCTIONS              : Double pi
2024-10-07T00:27:07.730-03:00 DEBUG 18250 --- [hotel_reservas] [           main] org.hibernate.HQL_FUNCTIONS              : Integer position(STRING pattern in STRING string)
2024-10-07T00:27:07.730-03:00 DEBUG 18250 --- [hotel_reservas] [           main] org.hibernate.HQL_FUNCTIONS              : Double power(NUMERIC arg0, NUMERIC arg1)
2024-10-07T00:27:07.730-03:00 DEBUG 18250 --- [hotel_reservas] [           main] org.hibernate.HQL_FUNCTIONS              : Double radians(NUMERIC arg)
2024-10-07T00:27:07.730-03:00 DEBUG 18250 --- [hotel_reservas] [           main] org.hibernate.HQL_FUNCTIONS              : Long rank([arg0[, ...]])
2024-10-07T00:27:07.730-03:00 DEBUG 18250 --- [hotel_reservas] [           main] org.hibernate.HQL_FUNCTIONS              : Double regr_avgx(NUMERIC arg0, NUMERIC arg1)
2024-10-07T00:27:07.730-03:00 DEBUG 18250 --- [hotel_reservas] [           main] org.hibernate.HQL_FUNCTIONS              : Double regr_avgy(NUMERIC arg0, NUMERIC arg1)
2024-10-07T00:27:07.730-03:00 DEBUG 18250 --- [hotel_reservas] [           main] org.hibernate.HQL_FUNCTIONS              : Double regr_count(NUMERIC arg0, NUMERIC arg1)
2024-10-07T00:27:07.730-03:00 DEBUG 18250 --- [hotel_reservas] [           main] org.hibernate.HQL_FUNCTIONS              : Double regr_intercept(NUMERIC arg0, NUMERIC arg1)
2024-10-07T00:27:07.730-03:00 DEBUG 18250 --- [hotel_reservas] [           main] org.hibernate.HQL_FUNCTIONS              : Double regr_r2(NUMERIC arg0, NUMERIC arg1)
2024-10-07T00:27:07.730-03:00 DEBUG 18250 --- [hotel_reservas] [           main] org.hibernate.HQL_FUNCTIONS              : Double regr_slope(NUMERIC arg0, NUMERIC arg1)
2024-10-07T00:27:07.730-03:00 DEBUG 18250 --- [hotel_reservas] [           main] org.hibernate.HQL_FUNCTIONS              : Double regr_sxx(NUMERIC arg0, NUMERIC arg1)
2024-10-07T00:27:07.730-03:00 DEBUG 18250 --- [hotel_reservas] [           main] org.hibernate.HQL_FUNCTIONS              : Double regr_sxy(NUMERIC arg0, NUMERIC arg1)
2024-10-07T00:27:07.730-03:00 DEBUG 18250 --- [hotel_reservas] [           main] org.hibernate.HQL_FUNCTIONS              : Double regr_syy(NUMERIC arg0, NUMERIC arg1)
2024-10-07T00:27:07.730-03:00 DEBUG 18250 --- [hotel_reservas] [           main] org.hibernate.HQL_FUNCTIONS              : String repeat(STRING string, INTEGER times)
2024-10-07T00:27:07.730-03:00 DEBUG 18250 --- [hotel_reservas] [           main] org.hibernate.HQL_FUNCTIONS              : String replace(STRING string, STRING pattern, STRING replacement)
2024-10-07T00:27:07.730-03:00 DEBUG 18250 --- [hotel_reservas] [           main] org.hibernate.HQL_FUNCTIONS              : String right(STRING string, INTEGER length)
2024-10-07T00:27:07.730-03:00 DEBUG 18250 --- [hotel_reservas] [           main] org.hibernate.HQL_FUNCTIONS              : round(NUMERIC number[, INTEGER places])
2024-10-07T00:27:07.730-03:00 DEBUG 18250 --- [hotel_reservas] [           main] org.hibernate.HQL_FUNCTIONS              : Long row_number()
2024-10-07T00:27:07.730-03:00 DEBUG 18250 --- [hotel_reservas] [           main] org.hibernate.HQL_FUNCTIONS              : Long rowid
2024-10-07T00:27:07.730-03:00 DEBUG 18250 --- [hotel_reservas] [           main] org.hibernate.HQL_FUNCTIONS              : Long rownum
2024-10-07T00:27:07.730-03:00 DEBUG 18250 --- [hotel_reservas] [           main] org.hibernate.HQL_FUNCTIONS              : String rpad(STRING string, INTEGER length[, STRING padding])
2024-10-07T00:27:07.730-03:00 DEBUG 18250 --- [hotel_reservas] [           main] org.hibernate.HQL_FUNCTIONS              : String rtrim(STRING string[, STRING characters])
2024-10-07T00:27:07.730-03:00 DEBUG 18250 --- [hotel_reservas] [           main] org.hibernate.HQL_FUNCTIONS              : Integer sign(NUMERIC arg)
2024-10-07T00:27:07.730-03:00 DEBUG 18250 --- [hotel_reservas] [           main] org.hibernate.HQL_FUNCTIONS              : Double sin(NUMERIC arg)
2024-10-07T00:27:07.730-03:00 DEBUG 18250 --- [hotel_reservas] [           main] org.hibernate.HQL_FUNCTIONS              : Double sinh(NUMERIC arg)
2024-10-07T00:27:07.730-03:00 DEBUG 18250 --- [hotel_reservas] [           main] org.hibernate.HQL_FUNCTIONS              : String soundex(arg)
2024-10-07T00:27:07.730-03:00 DEBUG 18250 --- [hotel_reservas] [           main] org.hibernate.HQL_FUNCTIONS              : Object sql
2024-10-07T00:27:07.730-03:00 DEBUG 18250 --- [hotel_reservas] [           main] org.hibernate.HQL_FUNCTIONS              : Double sqrt(NUMERIC arg)
2024-10-07T00:27:07.730-03:00 DEBUG 18250 --- [hotel_reservas] [           main] org.hibernate.HQL_FUNCTIONS              : Double stddev(NUMERIC arg)
2024-10-07T00:27:07.730-03:00 DEBUG 18250 --- [hotel_reservas] [           main] org.hibernate.HQL_FUNCTIONS              : Double stddev_pop(NUMERIC arg)
2024-10-07T00:27:07.730-03:00 DEBUG 18250 --- [hotel_reservas] [           main] org.hibernate.HQL_FUNCTIONS              : Double stddev_samp(NUMERIC arg)
2024-10-07T00:27:07.730-03:00 DEBUG 18250 --- [hotel_reservas] [           main] org.hibernate.HQL_FUNCTIONS              : String str(arg)
2024-10-07T00:27:07.730-03:00 DEBUG 18250 --- [hotel_reservas] [           main] org.hibernate.HQL_FUNCTIONS              : String substr(STRING string, INTEGER start[, INTEGER length])
2024-10-07T00:27:07.730-03:00 DEBUG 18250 --- [hotel_reservas] [           main] org.hibernate.HQL_FUNCTIONS              : String substring(STRING string{ from|,} INTEGER start[{ for|,} INTEGER length])
2024-10-07T00:27:07.730-03:00 DEBUG 18250 --- [hotel_reservas] [           main] org.hibernate.HQL_FUNCTIONS              : sum(arg)
2024-10-07T00:27:07.730-03:00 DEBUG 18250 --- [hotel_reservas] [           main] org.hibernate.HQL_FUNCTIONS              : Timestamp sysdate
2024-10-07T00:27:07.730-03:00 DEBUG 18250 --- [hotel_reservas] [           main] org.hibernate.HQL_FUNCTIONS              : Timestamp systimestamp
2024-10-07T00:27:07.730-03:00 DEBUG 18250 --- [hotel_reservas] [           main] org.hibernate.HQL_FUNCTIONS              : Double tan(NUMERIC arg)
2024-10-07T00:27:07.730-03:00 DEBUG 18250 --- [hotel_reservas] [           main] org.hibernate.HQL_FUNCTIONS              : Double tanh(NUMERIC arg)
2024-10-07T00:27:07.730-03:00 DEBUG 18250 --- [hotel_reservas] [           main] org.hibernate.HQL_FUNCTIONS              : timestampadd(TEMPORAL_UNIT field, INTEGER magnitude, TEMPORAL datetime)
2024-10-07T00:27:07.730-03:00 DEBUG 18250 --- [hotel_reservas] [           main] org.hibernate.HQL_FUNCTIONS              : Long|Double timestampdiff(TEMPORAL_UNIT field, TEMPORAL start, TEMPORAL end)
2024-10-07T00:27:07.730-03:00 DEBUG 18250 --- [hotel_reservas] [           main] org.hibernate.HQL_FUNCTIONS              : String to_char(ANY arg0[, STRING arg1, STRING arg2])
2024-10-07T00:27:07.730-03:00 DEBUG 18250 --- [hotel_reservas] [           main] org.hibernate.HQL_FUNCTIONS              : Date to_date(STRING arg0[, STRING arg1, STRING arg2])
2024-10-07T00:27:07.730-03:00 DEBUG 18250 --- [hotel_reservas] [           main] org.hibernate.HQL_FUNCTIONS              : Double to_number(STRING arg0[, STRING arg1, STRING arg2])
2024-10-07T00:27:07.730-03:00 DEBUG 18250 --- [hotel_reservas] [           main] org.hibernate.HQL_FUNCTIONS              : Timestamp to_timestamp(STRING arg0[, STRING arg1, STRING arg2])
2024-10-07T00:27:07.730-03:00 DEBUG 18250 --- [hotel_reservas] [           main] org.hibernate.HQL_FUNCTIONS              : String translate(STRING arg0, STRING arg1, STRING arg2)
2024-10-07T00:27:07.730-03:00 DEBUG 18250 --- [hotel_reservas] [           main] org.hibernate.HQL_FUNCTIONS              : String trim([[{leading|trailing|both} ][STRING arg0 ]from] STRING arg1)
2024-10-07T00:27:07.730-03:00 DEBUG 18250 --- [hotel_reservas] [           main] org.hibernate.HQL_FUNCTIONS              : trunc( ... )
2024-10-07T00:27:07.730-03:00 DEBUG 18250 --- [hotel_reservas] [           main] org.hibernate.HQL_FUNCTIONS              : truncate( ... )
2024-10-07T00:27:07.730-03:00 DEBUG 18250 --- [hotel_reservas] [           main] org.hibernate.HQL_FUNCTIONS              : String upper(STRING string)
2024-10-07T00:27:07.730-03:00 DEBUG 18250 --- [hotel_reservas] [           main] org.hibernate.HQL_FUNCTIONS              : Double var_pop(NUMERIC arg)
2024-10-07T00:27:07.730-03:00 DEBUG 18250 --- [hotel_reservas] [           main] org.hibernate.HQL_FUNCTIONS              : Double var_samp(NUMERIC arg)
2024-10-07T00:27:07.730-03:00 DEBUG 18250 --- [hotel_reservas] [           main] org.hibernate.HQL_FUNCTIONS              : Double variance(NUMERIC arg)
2024-10-07T00:27:07.730-03:00 DEBUG 18250 --- [hotel_reservas] [           main] org.hibernate.orm.query.plan.cache       : Starting QueryInterpretationCache(2048)
2024-10-07T00:27:07.730-03:00 DEBUG 18250 --- [hotel_reservas] [           main] .h.s.i.SessionFactoryServiceRegistryImpl : EventListenerRegistry access via ServiceRegistry is deprecated.  Use `sessionFactory.getEventEngine().getListenerRegistry()` instead
2024-10-07T00:27:07.730-03:00 DEBUG 18250 --- [hotel_reservas] [           main] h.e.i.EntityCopyObserverFactoryInitiator : Configured EntityCopyObserver strategy: disallow
2024-10-07T00:27:07.731-03:00 DEBUG 18250 --- [hotel_reservas] [           main] o.h.boot.internal.ClassLoaderAccessImpl  : Not known whether passed class name [com.nathan.hotel_reservas.models.ReservaModel] is safe
2024-10-07T00:27:07.731-03:00 DEBUG 18250 --- [hotel_reservas] [           main] o.h.boot.internal.ClassLoaderAccessImpl  : No temp ClassLoader provided; using live ClassLoader for loading potentially unsafe class : com.nathan.hotel_reservas.models.ReservaModel
2024-10-07T00:27:07.742-03:00 DEBUG 18250 --- [hotel_reservas] [           main] o.h.b.i.bytebuddy.BytecodeProviderImpl   : HHH000513: Unable to create the ReflectionOptimizer for [com.nathan.hotel_reservas.models.ReservaModel]: private accessor [cliente]
2024-10-07T00:27:07.743-03:00 DEBUG 18250 --- [hotel_reservas] [           main] o.h.boot.internal.ClassLoaderAccessImpl  : Not known whether passed class name [com.nathan.hotel_reservas.models.HabitacionModel] is safe
2024-10-07T00:27:07.743-03:00 DEBUG 18250 --- [hotel_reservas] [           main] o.h.boot.internal.ClassLoaderAccessImpl  : No temp ClassLoader provided; using live ClassLoader for loading potentially unsafe class : com.nathan.hotel_reservas.models.HabitacionModel
2024-10-07T00:27:07.753-03:00 DEBUG 18250 --- [hotel_reservas] [           main] o.h.b.i.bytebuddy.BytecodeProviderImpl   : HHH000513: Unable to create the ReflectionOptimizer for [com.nathan.hotel_reservas.models.HabitacionModel]: private accessor [camas]
2024-10-07T00:27:07.754-03:00 DEBUG 18250 --- [hotel_reservas] [           main] o.hibernate.orm.model.mapping.creation   : Starting post-init callbacks
2024-10-07T00:27:07.754-03:00 DEBUG 18250 --- [hotel_reservas] [           main] o.hibernate.orm.model.mapping.creation   : Starting PostInitCallbackEntry : Entity(com.nathan.hotel_reservas.models.ReservaModel) `staticFetchableList` generator
2024-10-07T00:27:07.754-03:00 DEBUG 18250 --- [hotel_reservas] [           main] o.hibernate.orm.model.mapping.creation   : Starting PostInitCallbackEntry : Entity(com.nathan.hotel_reservas.models.HabitacionModel) `staticFetchableList` generator
2024-10-07T00:27:07.755-03:00 DEBUG 18250 --- [hotel_reservas] [           main] org.hibernate.orm.sql.ast.create         : Created new SQL alias : rm1_0
2024-10-07T00:27:07.755-03:00 DEBUG 18250 --- [hotel_reservas] [           main] org.hibernate.orm.sql.ast.create         : Registration of TableGroup [StandardTableGroup(com.nathan.hotel_reservas.models.ReservaModel)] with identifierForTableGroup [com.nathan.hotel_reservas.models.ReservaModel] for NavigablePath [com.nathan.hotel_reservas.models.ReservaModel] 
2024-10-07T00:27:07.755-03:00 DEBUG 18250 --- [hotel_reservas] [           main] org.hibernate.orm.results.graph.AST      : DomainResult Graph:
 \-EntityResultImpl [com.nathan.hotel_reservas.models.ReservaModel]
 |  +-BasicFetch [com.nathan.hotel_reservas.models.ReservaModel.cliente]
 |  +-BasicFetch [com.nathan.hotel_reservas.models.ReservaModel.habitacionId]
 |  +-BasicFetch [com.nathan.hotel_reservas.models.ReservaModel.inicio]
 |  +-BasicFetch [com.nathan.hotel_reservas.models.ReservaModel.reservaFlag]
 |  \-BasicFetch [com.nathan.hotel_reservas.models.ReservaModel.termino]

2024-10-07T00:27:07.756-03:00 DEBUG 18250 --- [hotel_reservas] [           main] org.hibernate.orm.sql.ast.tree           : SQL AST Tree:
    SelectStatement {
      FromClause {
        StandardTableGroup (rm1 : com.nathan.hotel_reservas.models.ReservaModel) {
          primaryTableReference : ho_reserva as rm1_0
        }
      }
    }

2024-10-07T00:27:07.756-03:00 DEBUG 18250 --- [hotel_reservas] [           main] o.h.p.entity.AbstractEntityPersister     : Static SQL for entity: com.nathan.hotel_reservas.models.ReservaModel
2024-10-07T00:27:07.756-03:00 DEBUG 18250 --- [hotel_reservas] [           main] o.h.p.entity.AbstractEntityPersister     :  Version select: select reserva_id from ho_reserva where reserva_id=?
2024-10-07T00:27:07.756-03:00 DEBUG 18250 --- [hotel_reservas] [           main] o.h.p.entity.AbstractEntityPersister     :  Insert (0): insert into ho_reserva (cliente,numero,inicio,reserva_flag,termino,reserva_id) values (?,?,?,?,?,?)
2024-10-07T00:27:07.756-03:00 DEBUG 18250 --- [hotel_reservas] [           main] o.h.p.entity.AbstractEntityPersister     :  Update (0): update ho_reserva set cliente=?,numero=?,inicio=?,reserva_flag=?,termino=? where reserva_id=?
2024-10-07T00:27:07.756-03:00 DEBUG 18250 --- [hotel_reservas] [           main] o.h.p.entity.AbstractEntityPersister     :  Delete (0): delete from ho_reserva where reserva_id=?
2024-10-07T00:27:07.756-03:00 DEBUG 18250 --- [hotel_reservas] [           main] org.hibernate.orm.sql.ast.create         : Created new SQL alias : hm1_0
2024-10-07T00:27:07.756-03:00 DEBUG 18250 --- [hotel_reservas] [           main] org.hibernate.orm.sql.ast.create         : Registration of TableGroup [StandardTableGroup(com.nathan.hotel_reservas.models.HabitacionModel)] with identifierForTableGroup [com.nathan.hotel_reservas.models.HabitacionModel] for NavigablePath [com.nathan.hotel_reservas.models.HabitacionModel] 
2024-10-07T00:27:07.756-03:00 DEBUG 18250 --- [hotel_reservas] [           main] org.hibernate.orm.results.graph.AST      : DomainResult Graph:
 \-EntityResultImpl [com.nathan.hotel_reservas.models.HabitacionModel]
 |  +-BasicFetch [com.nathan.hotel_reservas.models.HabitacionModel.camas]
 |  +-BasicFetch [com.nathan.hotel_reservas.models.HabitacionModel.habitacionNumero]
 |  +-BasicFetch [com.nathan.hotel_reservas.models.HabitacionModel.observacion]
 |  \-BasicFetch [com.nathan.hotel_reservas.models.HabitacionModel.piso]

2024-10-07T00:27:07.756-03:00 DEBUG 18250 --- [hotel_reservas] [           main] org.hibernate.orm.sql.ast.tree           : SQL AST Tree:
    SelectStatement {
      FromClause {
        StandardTableGroup (hm1 : com.nathan.hotel_reservas.models.HabitacionModel) {
          primaryTableReference : ho_habitacion as hm1_0
        }
      }
    }

2024-10-07T00:27:07.756-03:00 DEBUG 18250 --- [hotel_reservas] [           main] o.h.p.entity.AbstractEntityPersister     : Static SQL for entity: com.nathan.hotel_reservas.models.HabitacionModel
2024-10-07T00:27:07.756-03:00 DEBUG 18250 --- [hotel_reservas] [           main] o.h.p.entity.AbstractEntityPersister     :  Version select: select habitacion_id from ho_habitacion where habitacion_id=?
2024-10-07T00:27:07.756-03:00 DEBUG 18250 --- [hotel_reservas] [           main] o.h.p.entity.AbstractEntityPersister     :  Insert (0): insert into ho_habitacion (camas,numero,observacion,piso,habitacion_id) values (?,?,?,?,?)
2024-10-07T00:27:07.756-03:00 DEBUG 18250 --- [hotel_reservas] [           main] o.h.p.entity.AbstractEntityPersister     :  Update (0): update ho_habitacion set camas=?,numero=?,observacion=?,piso=? where habitacion_id=?
2024-10-07T00:27:07.756-03:00 DEBUG 18250 --- [hotel_reservas] [           main] o.h.p.entity.AbstractEntityPersister     :  Delete (0): delete from ho_habitacion where habitacion_id=?
2024-10-07T00:27:07.756-03:00  INFO 18250 --- [hotel_reservas] [           main] o.h.e.t.j.p.i.JtaPlatformInitiator       : HHH000489: No JTA platform available (set 'hibernate.transaction.jta.platform' to enable JTA platform integration)
2024-10-07T00:27:07.756-03:00 DEBUG 18250 --- [hotel_reservas] [           main] o.h.type.spi.TypeConfiguration$Scope     : Scoping TypeConfiguration [org.hibernate.type.spi.TypeConfiguration@5a9a187b] to SessionFactoryImplementor [org.hibernate.internal.SessionFactoryImpl@7f680a9a]
2024-10-07T00:27:07.757-03:00 DEBUG 18250 --- [hotel_reservas] [           main] o.h.query.named.NamedObjectRepository    : Checking 0 named HQL queries
2024-10-07T00:27:07.757-03:00 DEBUG 18250 --- [hotel_reservas] [           main] o.h.query.named.NamedObjectRepository    : Checking 0 named SQL queries
2024-10-07T00:27:07.757-03:00 DEBUG 18250 --- [hotel_reservas] [           main] .h.t.s.s.SchemaManagementToolCoordinator : No schema actions specified for contributor `orm`; doing nothing
2024-10-07T00:27:07.757-03:00 DEBUG 18250 --- [hotel_reservas] [           main] .h.t.s.s.SchemaManagementToolCoordinator : No actions found; doing nothing
2024-10-07T00:27:07.757-03:00 DEBUG 18250 --- [hotel_reservas] [           main] o.h.internal.SessionFactoryRegistry      : Registering SessionFactory: 7f7a6eb1-1c9f-4fe4-8c1e-5c259c06dfee (<unnamed>)
2024-10-07T00:27:07.757-03:00 DEBUG 18250 --- [hotel_reservas] [           main] o.h.internal.SessionFactoryRegistry      : Not binding SessionFactory to JNDI, no JNDI name configured
2024-10-07T00:27:07.757-03:00 DEBUG 18250 --- [hotel_reservas] [           main] o.hibernate.internal.SessionFactoryImpl  : Instantiated SessionFactory
2024-10-07T00:27:07.757-03:00  INFO 18250 --- [hotel_reservas] [           main] j.LocalContainerEntityManagerFactoryBean : Initialized JPA EntityManagerFactory for persistence unit 'default'
2024-10-07T00:27:07.757-03:00 DEBUG 18250 --- [hotel_reservas] [           main] o.s.b.f.s.DefaultListableBeanFactory     : Creating shared instance of singleton bean 'hotelReservasApplication'
2024-10-07T00:27:07.757-03:00 DEBUG 18250 --- [hotel_reservas] [           main] o.s.b.f.s.DefaultListableBeanFactory     : Creating shared instance of singleton bean 'reservaController'
2024-10-07T00:27:07.759-03:00 DEBUG 18250 --- [hotel_reservas] [           main] o.s.b.f.s.DefaultListableBeanFactory     : Creating shared instance of singleton bean 'habitacionServicelmpl'
2024-10-07T00:27:07.760-03:00 DEBUG 18250 --- [hotel_reservas] [           main] o.s.b.f.s.DefaultListableBeanFactory     : Creating shared instance of singleton bean 'habitacionRepository'
2024-10-07T00:27:07.761-03:00 DEBUG 18250 --- [hotel_reservas] [           main] o.s.b.f.s.DefaultListableBeanFactory     : Creating shared instance of singleton bean 'jpa.named-queries#0'
2024-10-07T00:27:07.762-03:00 DEBUG 18250 --- [hotel_reservas] [           main] o.s.b.f.s.DefaultListableBeanFactory     : Creating shared instance of singleton bean 'jpa.HabitacionRepository.fragments#0'
2024-10-07T00:27:07.762-03:00 DEBUG 18250 --- [hotel_reservas] [           main] o.s.b.f.s.DefaultListableBeanFactory     : Creating shared instance of singleton bean 'jpaSharedEM_entityManagerFactory'
2024-10-07T00:27:07.765-03:00 DEBUG 18250 --- [hotel_reservas] [           main] o.s.b.f.s.DefaultListableBeanFactory     : Creating shared instance of singleton bean 'jpaMappingContext'
2024-10-07T00:27:07.765-03:00 DEBUG 18250 --- [hotel_reservas] [           main] .c.JpaMetamodelMappingContextFactoryBean : Initializing JpaMetamodelMappingContext…
2024-10-07T00:27:07.765-03:00 DEBUG 18250 --- [hotel_reservas] [           main] .c.JpaMetamodelMappingContextFactoryBean : Finished initializing JpaMetamodelMappingContext
2024-10-07T00:27:07.766-03:00 DEBUG 18250 --- [hotel_reservas] [           main] tor$SharedEntityManagerInvocationHandler : Creating new EntityManager for shared EntityManager invocation
2024-10-07T00:27:07.766-03:00 DEBUG 18250 --- [hotel_reservas] [           main] o.h.stat.internal.StatisticsInitiator    : Statistics initialized [enabled=false]
2024-10-07T00:27:07.768-03:00 DEBUG 18250 --- [hotel_reservas] [           main] o.s.d.r.c.s.RepositoryFactorySupport     : Initializing repository instance for com.nathan.hotel_reservas.repository.HabitacionRepository…
2024-10-07T00:27:07.769-03:00 DEBUG 18250 --- [hotel_reservas] [           main] tor$SharedEntityManagerInvocationHandler : Creating new EntityManager for shared EntityManager invocation
2024-10-07T00:27:07.769-03:00 DEBUG 18250 --- [hotel_reservas] [           main] o.s.d.r.c.s.RepositoryFactorySupport     : Finished creation of repository instance for com.nathan.hotel_reservas.repository.HabitacionRepository.
2024-10-07T00:27:07.771-03:00 DEBUG 18250 --- [hotel_reservas] [           main] o.s.b.f.s.DefaultListableBeanFactory     : Creating shared instance of singleton bean 'reservaServicelmpl'
2024-10-07T00:27:07.772-03:00 DEBUG 18250 --- [hotel_reservas] [           main] o.s.b.f.s.DefaultListableBeanFactory     : Creating shared instance of singleton bean 'reservaRepository'
2024-10-07T00:27:07.772-03:00 DEBUG 18250 --- [hotel_reservas] [           main] o.s.b.f.s.DefaultListableBeanFactory     : Creating shared instance of singleton bean 'jpa.named-queries#1'
2024-10-07T00:27:07.773-03:00 DEBUG 18250 --- [hotel_reservas] [           main] o.s.b.f.s.DefaultListableBeanFactory     : Creating shared instance of singleton bean 'jpa.ReservaRepository.fragments#0'
2024-10-07T00:27:07.773-03:00 DEBUG 18250 --- [hotel_reservas] [           main] tor$SharedEntityManagerInvocationHandler : Creating new EntityManager for shared EntityManager invocation
2024-10-07T00:27:07.775-03:00 DEBUG 18250 --- [hotel_reservas] [           main] o.s.d.r.c.s.RepositoryFactorySupport     : Initializing repository instance for com.nathan.hotel_reservas.repository.ReservaRepository…
2024-10-07T00:27:07.775-03:00 DEBUG 18250 --- [hotel_reservas] [           main] tor$SharedEntityManagerInvocationHandler : Creating new EntityManager for shared EntityManager invocation
2024-10-07T00:27:07.776-03:00 DEBUG 18250 --- [hotel_reservas] [           main] o.s.d.r.c.s.RepositoryFactorySupport     : Finished creation of repository instance for com.nathan.hotel_reservas.repository.ReservaRepository.
2024-10-07T00:27:07.777-03:00 DEBUG 18250 --- [hotel_reservas] [           main] o.s.b.f.s.DefaultListableBeanFactory     : Creating shared instance of singleton bean 'org.springframework.boot.autoconfigure.context.PropertyPlaceholderAutoConfiguration'
2024-10-07T00:27:07.777-03:00 DEBUG 18250 --- [hotel_reservas] [           main] o.s.b.f.s.DefaultListableBeanFactory     : Creating shared instance of singleton bean 'org.springframework.boot.autoconfigure.ssl.SslAutoConfiguration'
2024-10-07T00:27:07.777-03:00 DEBUG 18250 --- [hotel_reservas] [           main] o.s.b.f.s.DefaultListableBeanFactory     : Creating shared instance of singleton bean 'spring.ssl-org.springframework.boot.autoconfigure.ssl.SslProperties'
2024-10-07T00:27:07.778-03:00 DEBUG 18250 --- [hotel_reservas] [           main] o.s.b.f.s.DefaultListableBeanFactory     : Autowiring by type from bean name 'org.springframework.boot.autoconfigure.ssl.SslAutoConfiguration' via constructor to bean named 'spring.ssl-org.springframework.boot.autoconfigure.ssl.SslProperties'
2024-10-07T00:27:07.778-03:00 DEBUG 18250 --- [hotel_reservas] [           main] o.s.b.f.s.DefaultListableBeanFactory     : Creating shared instance of singleton bean 'fileWatcher'
2024-10-07T00:27:07.779-03:00 DEBUG 18250 --- [hotel_reservas] [           main] o.s.b.f.s.DefaultListableBeanFactory     : Creating shared instance of singleton bean 'sslPropertiesSslBundleRegistrar'
2024-10-07T00:27:07.779-03:00 DEBUG 18250 --- [hotel_reservas] [           main] o.s.b.f.s.DefaultListableBeanFactory     : Autowiring by type from bean name 'sslPropertiesSslBundleRegistrar' via factory method to bean named 'fileWatcher'
2024-10-07T00:27:07.780-03:00 DEBUG 18250 --- [hotel_reservas] [           main] o.s.b.f.s.DefaultListableBeanFactory     : Creating shared instance of singleton bean 'sslBundleRegistry'
2024-10-07T00:27:07.781-03:00 DEBUG 18250 --- [hotel_reservas] [           main] o.s.b.f.s.DefaultListableBeanFactory     : Creating shared instance of singleton bean 'org.springframework.boot.context.properties.EnableConfigurationPropertiesRegistrar.methodValidationExcludeFilter'
2024-10-07T00:27:07.782-03:00 DEBUG 18250 --- [hotel_reservas] [           main] o.s.b.f.s.DefaultListableBeanFactory     : Creating shared instance of singleton bean 'org.springframework.boot.autoconfigure.websocket.servlet.WebSocketServletAutoConfiguration$TomcatWebSocketConfiguration'
2024-10-07T00:27:07.782-03:00 DEBUG 18250 --- [hotel_reservas] [           main] o.s.b.f.s.DefaultListableBeanFactory     : Creating shared instance of singleton bean 'websocketServletWebServerCustomizer'
2024-10-07T00:27:07.783-03:00 DEBUG 18250 --- [hotel_reservas] [           main] o.s.b.f.s.DefaultListableBeanFactory     : Creating shared instance of singleton bean 'org.springframework.boot.autoconfigure.websocket.servlet.WebSocketServletAutoConfiguration'
2024-10-07T00:27:07.783-03:00 DEBUG 18250 --- [hotel_reservas] [           main] o.s.b.f.s.DefaultListableBeanFactory     : Creating shared instance of singleton bean 'org.springframework.boot.autoconfigure.web.servlet.ServletWebServerFactoryConfiguration$EmbeddedTomcat'
2024-10-07T00:27:07.783-03:00 DEBUG 18250 --- [hotel_reservas] [           main] o.s.b.f.s.DefaultListableBeanFactory     : Creating shared instance of singleton bean 'tomcatServletWebServerFactory'
2024-10-07T00:27:07.802-03:00 DEBUG 18250 --- [hotel_reservas] [           main] o.s.b.f.s.DefaultListableBeanFactory     : Creating shared instance of singleton bean 'servletWebServerFactoryCustomizer'
2024-10-07T00:27:07.802-03:00 DEBUG 18250 --- [hotel_reservas] [           main] o.s.b.f.s.DefaultListableBeanFactory     : Creating shared instance of singleton bean 'org.springframework.boot.autoconfigure.web.servlet.ServletWebServerFactoryAutoConfiguration'
2024-10-07T00:27:07.803-03:00 DEBUG 18250 --- [hotel_reservas] [           main] o.s.b.f.s.DefaultListableBeanFactory     : Creating shared instance of singleton bean 'server-org.springframework.boot.autoconfigure.web.ServerProperties'
2024-10-07T00:27:07.807-03:00 DEBUG 18250 --- [hotel_reservas] [           main] o.s.b.f.s.DefaultListableBeanFactory     : Autowiring by type from bean name 'servletWebServerFactoryCustomizer' via factory method to bean named 'server-org.springframework.boot.autoconfigure.web.ServerProperties'
2024-10-07T00:27:07.808-03:00 DEBUG 18250 --- [hotel_reservas] [           main] o.s.b.f.s.DefaultListableBeanFactory     : Creating shared instance of singleton bean 'tomcatServletWebServerFactoryCustomizer'
2024-10-07T00:27:07.808-03:00 DEBUG 18250 --- [hotel_reservas] [           main] o.s.b.f.s.DefaultListableBeanFactory     : Autowiring by type from bean name 'tomcatServletWebServerFactoryCustomizer' via factory method to bean named 'server-org.springframework.boot.autoconfigure.web.ServerProperties'
2024-10-07T00:27:07.808-03:00 DEBUG 18250 --- [hotel_reservas] [           main] o.s.b.f.s.DefaultListableBeanFactory     : Creating shared instance of singleton bean 'localeCharsetMappingsCustomizer'
2024-10-07T00:27:07.808-03:00 DEBUG 18250 --- [hotel_reservas] [           main] o.s.b.f.s.DefaultListableBeanFactory     : Creating shared instance of singleton bean 'org.springframework.boot.autoconfigure.web.servlet.HttpEncodingAutoConfiguration'
2024-10-07T00:27:07.808-03:00 DEBUG 18250 --- [hotel_reservas] [           main] o.s.b.f.s.DefaultListableBeanFactory     : Autowiring by type from bean name 'org.springframework.boot.autoconfigure.web.servlet.HttpEncodingAutoConfiguration' via constructor to bean named 'server-org.springframework.boot.autoconfigure.web.ServerProperties'
2024-10-07T00:27:07.813-03:00 DEBUG 18250 --- [hotel_reservas] [           main] o.s.b.f.s.DefaultListableBeanFactory     : Creating shared instance of singleton bean 'errorPageCustomizer'
2024-10-07T00:27:07.813-03:00 DEBUG 18250 --- [hotel_reservas] [           main] o.s.b.f.s.DefaultListableBeanFactory     : Creating shared instance of singleton bean 'org.springframework.boot.autoconfigure.web.servlet.error.ErrorMvcAutoConfiguration'
2024-10-07T00:27:07.814-03:00 DEBUG 18250 --- [hotel_reservas] [           main] o.s.b.f.s.DefaultListableBeanFactory     : Autowiring by type from bean name 'org.springframework.boot.autoconfigure.web.servlet.error.ErrorMvcAutoConfiguration' via constructor to bean named 'server-org.springframework.boot.autoconfigure.web.ServerProperties'
2024-10-07T00:27:07.814-03:00 DEBUG 18250 --- [hotel_reservas] [           main] o.s.b.f.s.DefaultListableBeanFactory     : Creating shared instance of singleton bean 'dispatcherServletRegistration'
2024-10-07T00:27:07.814-03:00 DEBUG 18250 --- [hotel_reservas] [           main] o.s.b.f.s.DefaultListableBeanFactory     : Creating shared instance of singleton bean 'org.springframework.boot.autoconfigure.web.servlet.DispatcherServletAutoConfiguration$DispatcherServletRegistrationConfiguration'
2024-10-07T00:27:07.814-03:00 DEBUG 18250 --- [hotel_reservas] [           main] o.s.b.f.s.DefaultListableBeanFactory     : Creating shared instance of singleton bean 'dispatcherServlet'
2024-10-07T00:27:07.814-03:00 DEBUG 18250 --- [hotel_reservas] [           main] o.s.b.f.s.DefaultListableBeanFactory     : Creating shared instance of singleton bean 'org.springframework.boot.autoconfigure.web.servlet.DispatcherServletAutoConfiguration$DispatcherServletConfiguration'
2024-10-07T00:27:07.814-03:00 DEBUG 18250 --- [hotel_reservas] [           main] o.s.b.f.s.DefaultListableBeanFactory     : Creating shared instance of singleton bean 'spring.mvc-org.springframework.boot.autoconfigure.web.servlet.WebMvcProperties'
2024-10-07T00:27:07.816-03:00 DEBUG 18250 --- [hotel_reservas] [           main] o.s.b.f.s.DefaultListableBeanFactory     : Autowiring by type from bean name 'dispatcherServlet' via factory method to bean named 'spring.mvc-org.springframework.boot.autoconfigure.web.servlet.WebMvcProperties'
2024-10-07T00:27:07.821-03:00 DEBUG 18250 --- [hotel_reservas] [           main] o.s.b.f.s.DefaultListableBeanFactory     : Autowiring by type from bean name 'dispatcherServletRegistration' via factory method to bean named 'dispatcherServlet'
2024-10-07T00:27:07.821-03:00 DEBUG 18250 --- [hotel_reservas] [           main] o.s.b.f.s.DefaultListableBeanFactory     : Autowiring by type from bean name 'dispatcherServletRegistration' via factory method to bean named 'spring.mvc-org.springframework.boot.autoconfigure.web.servlet.WebMvcProperties'
2024-10-07T00:27:07.822-03:00 DEBUG 18250 --- [hotel_reservas] [           main] o.s.b.f.s.DefaultListableBeanFactory     : Creating shared instance of singleton bean 'multipartConfigElement'
2024-10-07T00:27:07.823-03:00 DEBUG 18250 --- [hotel_reservas] [           main] o.s.b.f.s.DefaultListableBeanFactory     : Creating shared instance of singleton bean 'org.springframework.boot.autoconfigure.web.servlet.MultipartAutoConfiguration'
2024-10-07T00:27:07.823-03:00 DEBUG 18250 --- [hotel_reservas] [           main] o.s.b.f.s.DefaultListableBeanFactory     : Creating shared instance of singleton bean 'spring.servlet.multipart-org.springframework.boot.autoconfigure.web.servlet.MultipartProperties'
2024-10-07T00:27:07.824-03:00 DEBUG 18250 --- [hotel_reservas] [           main] o.s.b.f.s.DefaultListableBeanFactory     : Autowiring by type from bean name 'org.springframework.boot.autoconfigure.web.servlet.MultipartAutoConfiguration' via constructor to bean named 'spring.servlet.multipart-org.springframework.boot.autoconfigure.web.servlet.MultipartProperties'
2024-10-07T00:27:07.826-03:00 DEBUG 18250 --- [hotel_reservas] [           main] o.s.b.f.s.DefaultListableBeanFactory     : Autowiring by type from bean name 'errorPageCustomizer' via factory method to bean named 'dispatcherServletRegistration'
2024-10-07T00:27:07.827-03:00 DEBUG 18250 --- [hotel_reservas] [           main] o.s.b.f.s.DefaultListableBeanFactory     : Creating shared instance of singleton bean 'org.springframework.boot.autoconfigure.web.servlet.DispatcherServletAutoConfiguration'
2024-10-07T00:27:07.827-03:00 DEBUG 18250 --- [hotel_reservas] [           main] o.s.b.f.s.DefaultListableBeanFactory     : Creating shared instance of singleton bean 'org.springframework.boot.autoconfigure.task.TaskExecutorConfigurations$ThreadPoolTaskExecutorBuilderConfiguration'
2024-10-07T00:27:07.827-03:00 DEBUG 18250 --- [hotel_reservas] [           main] o.s.b.f.s.DefaultListableBeanFactory     : Creating shared instance of singleton bean 'threadPoolTaskExecutorBuilder'
2024-10-07T00:27:07.828-03:00 DEBUG 18250 --- [hotel_reservas] [           main] o.s.b.f.s.DefaultListableBeanFactory     : Creating shared instance of singleton bean 'spring.task.execution-org.springframework.boot.autoconfigure.task.TaskExecutionProperties'
2024-10-07T00:27:07.835-03:00 DEBUG 18250 --- [hotel_reservas] [           main] o.s.b.f.s.DefaultListableBeanFactory     : Autowiring by type from bean name 'threadPoolTaskExecutorBuilder' via factory method to bean named 'spring.task.execution-org.springframework.boot.autoconfigure.task.TaskExecutionProperties'
2024-10-07T00:27:07.837-03:00 DEBUG 18250 --- [hotel_reservas] [           main] o.s.b.f.s.DefaultListableBeanFactory     : Creating shared instance of singleton bean 'org.springframework.boot.autoconfigure.task.TaskExecutorConfigurations$TaskExecutorBuilderConfiguration'
2024-10-07T00:27:07.837-03:00 DEBUG 18250 --- [hotel_reservas] [           main] o.s.b.f.s.DefaultListableBeanFactory     : Creating shared instance of singleton bean 'taskExecutorBuilder'
2024-10-07T00:27:07.837-03:00 DEBUG 18250 --- [hotel_reservas] [           main] o.s.b.f.s.DefaultListableBeanFactory     : Autowiring by type from bean name 'taskExecutorBuilder' via factory method to bean named 'spring.task.execution-org.springframework.boot.autoconfigure.task.TaskExecutionProperties'
2024-10-07T00:27:07.838-03:00 DEBUG 18250 --- [hotel_reservas] [           main] o.s.b.f.s.DefaultListableBeanFactory     : Creating shared instance of singleton bean 'org.springframework.boot.autoconfigure.task.TaskExecutorConfigurations$SimpleAsyncTaskExecutorBuilderConfiguration'
2024-10-07T00:27:07.838-03:00 DEBUG 18250 --- [hotel_reservas] [           main] o.s.b.f.s.DefaultListableBeanFactory     : Autowiring by type from bean name 'org.springframework.boot.autoconfigure.task.TaskExecutorConfigurations$SimpleAsyncTaskExecutorBuilderConfiguration' via constructor to bean named 'spring.task.execution-org.springframework.boot.autoconfigure.task.TaskExecutionProperties'
2024-10-07T00:27:07.838-03:00 DEBUG 18250 --- [hotel_reservas] [           main] o.s.b.f.s.DefaultListableBeanFactory     : Creating shared instance of singleton bean 'simpleAsyncTaskExecutorBuilder'
2024-10-07T00:27:07.839-03:00 DEBUG 18250 --- [hotel_reservas] [           main] o.s.b.f.s.DefaultListableBeanFactory     : Creating shared instance of singleton bean 'org.springframework.boot.autoconfigure.task.TaskExecutorConfigurations$TaskExecutorConfiguration'
2024-10-07T00:27:07.839-03:00 DEBUG 18250 --- [hotel_reservas] [           main] o.s.b.f.s.DefaultListableBeanFactory     : Creating shared instance of singleton bean 'org.springframework.boot.autoconfigure.task.TaskExecutionAutoConfiguration'
2024-10-07T00:27:07.839-03:00 DEBUG 18250 --- [hotel_reservas] [           main] o.s.b.f.s.DefaultListableBeanFactory     : Creating shared instance of singleton bean 'org.springframework.boot.autoconfigure.web.servlet.error.ErrorMvcAutoConfiguration$WhitelabelErrorViewConfiguration'
2024-10-07T00:27:07.839-03:00 DEBUG 18250 --- [hotel_reservas] [           main] o.s.b.f.s.DefaultListableBeanFactory     : Creating shared instance of singleton bean 'error'
2024-10-07T00:27:07.839-03:00 DEBUG 18250 --- [hotel_reservas] [           main] o.s.b.f.s.DefaultListableBeanFactory     : Creating shared instance of singleton bean 'beanNameViewResolver'
2024-10-07T00:27:07.840-03:00 DEBUG 18250 --- [hotel_reservas] [           main] o.s.b.f.s.DefaultListableBeanFactory     : Creating shared instance of singleton bean 'org.springframework.boot.autoconfigure.web.servlet.error.ErrorMvcAutoConfiguration$DefaultErrorViewResolverConfiguration'
2024-10-07T00:27:07.841-03:00 DEBUG 18250 --- [hotel_reservas] [           main] o.s.b.f.s.DefaultListableBeanFactory     : Creating shared instance of singleton bean 'spring.web-org.springframework.boot.autoconfigure.web.WebProperties'
2024-10-07T00:27:07.842-03:00 DEBUG 18250 --- [hotel_reservas] [           main] o.s.b.f.s.DefaultListableBeanFactory     : Autowiring by type from bean name 'org.springframework.boot.autoconfigure.web.servlet.error.ErrorMvcAutoConfiguration$DefaultErrorViewResolverConfiguration' via constructor to bean named 'org.springframework.web.context.support.GenericWebApplicationContext@5bed8b91'
2024-10-07T00:27:07.842-03:00 DEBUG 18250 --- [hotel_reservas] [           main] o.s.b.f.s.DefaultListableBeanFactory     : Autowiring by type from bean name 'org.springframework.boot.autoconfigure.web.servlet.error.ErrorMvcAutoConfiguration$DefaultErrorViewResolverConfiguration' via constructor to bean named 'spring.web-org.springframework.boot.autoconfigure.web.WebProperties'
2024-10-07T00:27:07.842-03:00 DEBUG 18250 --- [hotel_reservas] [           main] o.s.b.f.s.DefaultListableBeanFactory     : Creating shared instance of singleton bean 'conventionErrorViewResolver'
2024-10-07T00:27:07.842-03:00 DEBUG 18250 --- [hotel_reservas] [           main] o.s.b.f.s.DefaultListableBeanFactory     : Creating shared instance of singleton bean 'errorAttributes'
2024-10-07T00:27:07.843-03:00 DEBUG 18250 --- [hotel_reservas] [           main] o.s.b.f.s.DefaultListableBeanFactory     : Creating shared instance of singleton bean 'basicErrorController'
2024-10-07T00:27:07.843-03:00 DEBUG 18250 --- [hotel_reservas] [           main] o.s.b.f.s.DefaultListableBeanFactory     : Autowiring by type from bean name 'basicErrorController' via factory method to bean named 'errorAttributes'
2024-10-07T00:27:07.846-03:00 DEBUG 18250 --- [hotel_reservas] [           main] o.s.b.f.s.DefaultListableBeanFactory     : Creating shared instance of singleton bean 'org.springframework.boot.autoconfigure.web.servlet.WebMvcAutoConfiguration$EnableWebMvcConfiguration'
2024-10-07T00:27:07.846-03:00 DEBUG 18250 --- [hotel_reservas] [           main] o.s.b.f.s.DefaultListableBeanFactory     : Autowiring by type from bean name 'org.springframework.boot.autoconfigure.web.servlet.WebMvcAutoConfiguration$EnableWebMvcConfiguration' via constructor to bean named 'spring.mvc-org.springframework.boot.autoconfigure.web.servlet.WebMvcProperties'
2024-10-07T00:27:07.846-03:00 DEBUG 18250 --- [hotel_reservas] [           main] o.s.b.f.s.DefaultListableBeanFactory     : Autowiring by type from bean name 'org.springframework.boot.autoconfigure.web.servlet.WebMvcAutoConfiguration$EnableWebMvcConfiguration' via constructor to bean named 'spring.web-org.springframework.boot.autoconfigure.web.WebProperties'
2024-10-07T00:27:07.846-03:00 DEBUG 18250 --- [hotel_reservas] [           main] o.s.b.f.s.DefaultListableBeanFactory     : Autowiring by type from bean name 'org.springframework.boot.autoconfigure.web.servlet.WebMvcAutoConfiguration$EnableWebMvcConfiguration' via constructor to bean named 'org.springframework.beans.factory.support.DefaultListableBeanFactory@157267db'
2024-10-07T00:27:07.848-03:00 DEBUG 18250 --- [hotel_reservas] [           main] o.s.b.f.s.DefaultListableBeanFactory     : Creating shared instance of singleton bean 'org.springframework.boot.autoconfigure.web.servlet.WebMvcAutoConfiguration$WebMvcAutoConfigurationAdapter'
2024-10-07T00:27:07.848-03:00 DEBUG 18250 --- [hotel_reservas] [           main] o.s.b.f.s.DefaultListableBeanFactory     : Autowiring by type from bean name 'org.springframework.boot.autoconfigure.web.servlet.WebMvcAutoConfiguration$WebMvcAutoConfigurationAdapter' via constructor to bean named 'spring.web-org.springframework.boot.autoconfigure.web.WebProperties'
2024-10-07T00:27:07.848-03:00 DEBUG 18250 --- [hotel_reservas] [           main] o.s.b.f.s.DefaultListableBeanFactory     : Autowiring by type from bean name 'org.springframework.boot.autoconfigure.web.servlet.WebMvcAutoConfiguration$WebMvcAutoConfigurationAdapter' via constructor to bean named 'spring.mvc-org.springframework.boot.autoconfigure.web.servlet.WebMvcProperties'
2024-10-07T00:27:07.848-03:00 DEBUG 18250 --- [hotel_reservas] [           main] o.s.b.f.s.DefaultListableBeanFactory     : Autowiring by type from bean name 'org.springframework.boot.autoconfigure.web.servlet.WebMvcAutoConfiguration$WebMvcAutoConfigurationAdapter' via constructor to bean named 'org.springframework.beans.factory.support.DefaultListableBeanFactory@157267db'
2024-10-07T00:27:07.849-03:00 DEBUG 18250 --- [hotel_reservas] [           main] o.s.b.f.s.DefaultListableBeanFactory     : Creating shared instance of singleton bean 'openEntityManagerInViewInterceptorConfigurer'
2024-10-07T00:27:07.849-03:00 DEBUG 18250 --- [hotel_reservas] [           main] o.s.b.f.s.DefaultListableBeanFactory     : Creating shared instance of singleton bean 'org.springframework.boot.autoconfigure.orm.jpa.JpaBaseConfiguration$JpaWebConfiguration'
2024-10-07T00:27:07.849-03:00 DEBUG 18250 --- [hotel_reservas] [           main] o.s.b.f.s.DefaultListableBeanFactory     : Autowiring by type from bean name 'org.springframework.boot.autoconfigure.orm.jpa.JpaBaseConfiguration$JpaWebConfiguration' via constructor to bean named 'spring.jpa-org.springframework.boot.autoconfigure.orm.jpa.JpaProperties'
2024-10-07T00:27:07.849-03:00 DEBUG 18250 --- [hotel_reservas] [           main] o.s.b.f.s.DefaultListableBeanFactory     : Creating shared instance of singleton bean 'openEntityManagerInViewInterceptor'
2024-10-07T00:27:07.849-03:00  WARN 18250 --- [hotel_reservas] [           main] JpaBaseConfiguration$JpaWebConfiguration : spring.jpa.open-in-view is enabled by default. Therefore, database queries may be performed during view rendering. Explicitly configure spring.jpa.open-in-view to disable this warning
2024-10-07T00:27:07.850-03:00 DEBUG 18250 --- [hotel_reservas] [           main] o.s.b.f.s.DefaultListableBeanFactory     : Autowiring by type from bean name 'openEntityManagerInViewInterceptorConfigurer' via factory method to bean named 'openEntityManagerInViewInterceptor'
2024-10-07T00:27:07.851-03:00 DEBUG 18250 --- [hotel_reservas] [           main] o.s.b.f.s.DefaultListableBeanFactory     : Creating shared instance of singleton bean 'org.springframework.data.web.config.HateoasAwareSpringDataWebConfiguration'
2024-10-07T00:27:07.851-03:00 DEBUG 18250 --- [hotel_reservas] [           main] o.s.b.f.s.DefaultListableBeanFactory     : Autowiring by type from bean name 'org.springframework.data.web.config.HateoasAwareSpringDataWebConfiguration' via constructor to bean named 'org.springframework.web.context.support.GenericWebApplicationContext@5bed8b91'
2024-10-07T00:27:07.852-03:00 DEBUG 18250 --- [hotel_reservas] [           main] o.s.b.f.s.DefaultListableBeanFactory     : Creating shared instance of singleton bean 'hypermediaWebMvcConfigurer'
2024-10-07T00:27:07.852-03:00 DEBUG 18250 --- [hotel_reservas] [           main] o.s.b.f.s.DefaultListableBeanFactory     : Creating shared instance of singleton bean 'org.springframework.hateoas.config.WebMvcHateoasConfiguration'
2024-10-07T00:27:07.853-03:00 DEBUG 18250 --- [hotel_reservas] [           main] o.s.b.f.s.DefaultListableBeanFactory     : Creating shared instance of singleton bean 'hypermediaWebMvcConverters'
2024-10-07T00:27:07.853-03:00 DEBUG 18250 --- [hotel_reservas] [           main] o.s.b.f.s.DefaultListableBeanFactory     : Creating shared instance of singleton bean 'org.springframework.hateoas.config.HateoasConfiguration'
2024-10-07T00:27:07.853-03:00 DEBUG 18250 --- [hotel_reservas] [           main] o.s.b.f.s.DefaultListableBeanFactory     : Creating shared instance of singleton bean 'org.springframework.hateoas.mediatype.hal.HalMediaTypeConfiguration'
2024-10-07T00:27:07.854-03:00 DEBUG 18250 --- [hotel_reservas] [           main] o.s.b.f.s.DefaultListableBeanFactory     : Creating shared instance of singleton bean '_relProvider'
2024-10-07T00:27:07.854-03:00 DEBUG 18250 --- [hotel_reservas] [           main] o.s.b.f.s.DefaultListableBeanFactory     : Creating shared instance of singleton bean 'relProviderPluginRegistry'
2024-10-07T00:27:07.855-03:00 DEBUG 18250 --- [hotel_reservas] [           main] o.s.b.f.s.DefaultListableBeanFactory     : Autowiring by type from bean name 'relProviderPluginRegistry' via factory method to bean named 'org.springframework.web.context.support.GenericWebApplicationContext@5bed8b91'
2024-10-07T00:27:07.858-03:00 DEBUG 18250 --- [hotel_reservas] [           main] o.s.b.f.s.DefaultListableBeanFactory     : Autowiring by type from bean name '_relProvider' via factory method to bean named 'relProviderPluginRegistry'
2024-10-07T00:27:07.858-03:00 DEBUG 18250 --- [hotel_reservas] [           main] o.s.b.f.s.DefaultListableBeanFactory     : Creating shared instance of singleton bean 'messageResolver'
2024-10-07T00:27:07.861-03:00 DEBUG 18250 --- [hotel_reservas] [           main] o.s.b.f.s.DefaultListableBeanFactory     : Autowiring by type from bean name 'org.springframework.hateoas.mediatype.hal.HalMediaTypeConfiguration' via constructor to bean named '_relProvider'
2024-10-07T00:27:07.861-03:00 DEBUG 18250 --- [hotel_reservas] [           main] o.s.b.f.s.DefaultListableBeanFactory     : Autowiring by type from bean name 'org.springframework.hateoas.mediatype.hal.HalMediaTypeConfiguration' via constructor to bean named 'messageResolver'
2024-10-07T00:27:07.861-03:00 DEBUG 18250 --- [hotel_reservas] [           main] o.s.b.f.s.DefaultListableBeanFactory     : Autowiring by type from bean name 'org.springframework.hateoas.mediatype.hal.HalMediaTypeConfiguration' via constructor to bean named 'org.springframework.beans.factory.support.DefaultListableBeanFactory@157267db'
2024-10-07T00:27:07.862-03:00 DEBUG 18250 --- [hotel_reservas] [           main] o.s.b.f.s.DefaultListableBeanFactory     : Autowiring by type from bean name 'hypermediaWebMvcConverters' via factory method to bean named 'org.springframework.hateoas.mediatype.hal.HalMediaTypeConfiguration'
2024-10-07T00:27:07.863-03:00 DEBUG 18250 --- [hotel_reservas] [           main] o.s.b.f.s.DefaultListableBeanFactory     : Creating shared instance of singleton bean 'jacksonObjectMapper'
2024-10-07T00:27:07.863-03:00 DEBUG 18250 --- [hotel_reservas] [           main] o.s.b.f.s.DefaultListableBeanFactory     : Creating shared instance of singleton bean 'org.springframework.boot.autoconfigure.jackson.JacksonAutoConfiguration$JacksonObjectMapperConfiguration'
2024-10-07T00:27:07.863-03:00 DEBUG 18250 --- [hotel_reservas] [           main] o.s.b.f.s.DefaultListableBeanFactory     : Creating shared instance of singleton bean 'org.springframework.boot.autoconfigure.jackson.JacksonAutoConfiguration$JacksonObjectMapperBuilderConfiguration'
2024-10-07T00:27:07.864-03:00 DEBUG 18250 --- [hotel_reservas] [           main] o.s.b.f.s.DefaultListableBeanFactory     : Creating shared instance of singleton bean 'standardJacksonObjectMapperBuilderCustomizer'
2024-10-07T00:27:07.864-03:00 DEBUG 18250 --- [hotel_reservas] [           main] o.s.b.f.s.DefaultListableBeanFactory     : Creating shared instance of singleton bean 'org.springframework.boot.autoconfigure.jackson.JacksonAutoConfiguration$Jackson2ObjectMapperBuilderCustomizerConfiguration'
2024-10-07T00:27:07.864-03:00 DEBUG 18250 --- [hotel_reservas] [           main] o.s.b.f.s.DefaultListableBeanFactory     : Creating shared instance of singleton bean 'spring.jackson-org.springframework.boot.autoconfigure.jackson.JacksonProperties'
2024-10-07T00:27:07.865-03:00 DEBUG 18250 --- [hotel_reservas] [           main] o.s.b.f.s.DefaultListableBeanFactory     : Autowiring by type from bean name 'standardJacksonObjectMapperBuilderCustomizer' via factory method to bean named 'spring.jackson-org.springframework.boot.autoconfigure.jackson.JacksonProperties'
2024-10-07T00:27:07.865-03:00 DEBUG 18250 --- [hotel_reservas] [           main] o.s.b.f.s.DefaultListableBeanFactory     : Creating shared instance of singleton bean 'parameterNamesModule'
2024-10-07T00:27:07.865-03:00 DEBUG 18250 --- [hotel_reservas] [           main] o.s.b.f.s.DefaultListableBeanFactory     : Creating shared instance of singleton bean 'org.springframework.boot.autoconfigure.jackson.JacksonAutoConfiguration$ParameterNamesModuleConfiguration'
2024-10-07T00:27:07.867-03:00 DEBUG 18250 --- [hotel_reservas] [           main] o.s.b.f.s.DefaultListableBeanFactory     : Creating shared instance of singleton bean 'jsonMixinModule'
2024-10-07T00:27:07.867-03:00 DEBUG 18250 --- [hotel_reservas] [           main] o.s.b.f.s.DefaultListableBeanFactory     : Creating shared instance of singleton bean 'org.springframework.boot.autoconfigure.jackson.JacksonAutoConfiguration$JacksonMixinConfiguration'
2024-10-07T00:27:07.867-03:00 DEBUG 18250 --- [hotel_reservas] [           main] o.s.b.f.s.DefaultListableBeanFactory     : Creating shared instance of singleton bean 'jsonMixinModuleEntries'
2024-10-07T00:27:07.867-03:00 DEBUG 18250 --- [hotel_reservas] [           main] o.s.b.f.s.DefaultListableBeanFactory     : Autowiring by type from bean name 'jsonMixinModuleEntries' via factory method to bean named 'org.springframework.web.context.support.GenericWebApplicationContext@5bed8b91'
2024-10-07T00:27:07.870-03:00 DEBUG 18250 --- [hotel_reservas] [           main] o.s.b.f.s.DefaultListableBeanFactory     : Autowiring by type from bean name 'jsonMixinModule' via factory method to bean named 'org.springframework.web.context.support.GenericWebApplicationContext@5bed8b91'
2024-10-07T00:27:07.870-03:00 DEBUG 18250 --- [hotel_reservas] [           main] o.s.b.f.s.DefaultListableBeanFactory     : Autowiring by type from bean name 'jsonMixinModule' via factory method to bean named 'jsonMixinModuleEntries'
2024-10-07T00:27:07.871-03:00 DEBUG 18250 --- [hotel_reservas] [           main] o.s.b.f.s.DefaultListableBeanFactory     : Creating shared instance of singleton bean 'jsonComponentModule'
2024-10-07T00:27:07.871-03:00 DEBUG 18250 --- [hotel_reservas] [           main] o.s.b.f.s.DefaultListableBeanFactory     : Creating shared instance of singleton bean 'org.springframework.boot.autoconfigure.jackson.JacksonAutoConfiguration'
2024-10-07T00:27:07.873-03:00 DEBUG 18250 --- [hotel_reservas] [           main] o.s.b.f.s.DefaultListableBeanFactory     : Creating shared instance of singleton bean 'jacksonGeoModule'
2024-10-07T00:27:07.873-03:00 DEBUG 18250 --- [hotel_reservas] [           main] o.s.b.f.s.DefaultListableBeanFactory     : Creating shared instance of singleton bean 'org.springframework.data.web.config.SpringDataJacksonConfiguration'
2024-10-07T00:27:07.875-03:00 DEBUG 18250 --- [hotel_reservas] [           main] o.s.b.f.s.DefaultListableBeanFactory     : Creating shared instance of singleton bean 'pageModule'
2024-10-07T00:27:07.876-03:00 DEBUG 18250 --- [hotel_reservas] [           main] o.s.b.f.s.DefaultListableBeanFactory     : Autowiring by type from bean name 'jacksonObjectMapperBuilder' via factory method to bean named 'org.springframework.web.context.support.GenericWebApplicationContext@5bed8b91'
2024-10-07T00:27:07.876-03:00 DEBUG 18250 --- [hotel_reservas] [           main] o.s.b.f.s.DefaultListableBeanFactory     : Autowiring by type from bean name 'jacksonObjectMapperBuilder' via factory method to bean named 'standardJacksonObjectMapperBuilderCustomizer'
2024-10-07T00:27:07.877-03:00 DEBUG 18250 --- [hotel_reservas] [           main] o.s.b.f.s.DefaultListableBeanFactory     : Autowiring by type from bean name 'jacksonObjectMapper' via factory method to bean named 'jacksonObjectMapperBuilder'
2024-10-07T00:27:07.884-03:00 DEBUG 18250 --- [hotel_reservas] [           main] o.s.b.f.s.DefaultListableBeanFactory     : Autowiring by type from bean name 'hypermediaWebMvcConfigurer' via factory method to bean named 'hypermediaWebMvcConverters'
2024-10-07T00:27:07.886-03:00 DEBUG 18250 --- [hotel_reservas] [           main] o.s.b.f.s.DefaultListableBeanFactory     : Creating shared instance of singleton bean 'welcomePageHandlerMapping'
2024-10-07T00:27:07.886-03:00 DEBUG 18250 --- [hotel_reservas] [           main] o.s.b.f.s.DefaultListableBeanFactory     : Creating shared instance of singleton bean 'mvcConversionService'
2024-10-07T00:27:07.889-03:00 DEBUG 18250 --- [hotel_reservas] [           main] o.s.b.f.s.DefaultListableBeanFactory     : Creating shared instance of singleton bean 'mvcResourceUrlProvider'
2024-10-07T00:27:07.890-03:00 DEBUG 18250 --- [hotel_reservas] [           main] o.s.b.f.s.DefaultListableBeanFactory     : Autowiring by type from bean name 'welcomePageHandlerMapping' via factory method to bean named 'org.springframework.web.context.support.GenericWebApplicationContext@5bed8b91'
2024-10-07T00:27:07.890-03:00 DEBUG 18250 --- [hotel_reservas] [           main] o.s.b.f.s.DefaultListableBeanFactory     : Autowiring by type from bean name 'welcomePageHandlerMapping' via factory method to bean named 'mvcConversionService'
2024-10-07T00:27:07.890-03:00 DEBUG 18250 --- [hotel_reservas] [           main] o.s.b.f.s.DefaultListableBeanFactory     : Autowiring by type from bean name 'welcomePageHandlerMapping' via factory method to bean named 'mvcResourceUrlProvider'
2024-10-07T00:27:07.896-03:00 DEBUG 18250 --- [hotel_reservas] [           main] o.s.b.f.s.DefaultListableBeanFactory     : Creating shared instance of singleton bean 'welcomePageNotAcceptableHandlerMapping'
2024-10-07T00:27:07.896-03:00 DEBUG 18250 --- [hotel_reservas] [           main] o.s.b.f.s.DefaultListableBeanFactory     : Autowiring by type from bean name 'welcomePageNotAcceptableHandlerMapping' via factory method to bean named 'org.springframework.web.context.support.GenericWebApplicationContext@5bed8b91'
2024-10-07T00:27:07.896-03:00 DEBUG 18250 --- [hotel_reservas] [           main] o.s.b.f.s.DefaultListableBeanFactory     : Autowiring by type from bean name 'welcomePageNotAcceptableHandlerMapping' via factory method to bean named 'mvcConversionService'
2024-10-07T00:27:07.896-03:00 DEBUG 18250 --- [hotel_reservas] [           main] o.s.b.f.s.DefaultListableBeanFactory     : Autowiring by type from bean name 'welcomePageNotAcceptableHandlerMapping' via factory method to bean named 'mvcResourceUrlProvider'
2024-10-07T00:27:07.898-03:00 DEBUG 18250 --- [hotel_reservas] [           main] o.s.b.f.s.DefaultListableBeanFactory     : Creating shared instance of singleton bean 'localeResolver'
2024-10-07T00:27:07.899-03:00 DEBUG 18250 --- [hotel_reservas] [           main] o.s.b.f.s.DefaultListableBeanFactory     : Creating shared instance of singleton bean 'themeResolver'
2024-10-07T00:27:07.899-03:00 DEBUG 18250 --- [hotel_reservas] [           main] o.s.b.f.s.DefaultListableBeanFactory     : Creating shared instance of singleton bean 'flashMapManager'
2024-10-07T00:27:07.900-03:00 DEBUG 18250 --- [hotel_reservas] [           main] o.s.b.f.s.DefaultListableBeanFactory     : Creating shared instance of singleton bean 'mvcValidator'
2024-10-07T00:27:07.900-03:00 DEBUG 18250 --- [hotel_reservas] [           main] o.s.b.f.s.DefaultListableBeanFactory     : Creating shared instance of singleton bean 'mvcContentNegotiationManager'
2024-10-07T00:27:07.902-03:00 DEBUG 18250 --- [hotel_reservas] [           main] o.s.b.f.s.DefaultListableBeanFactory     : Creating shared instance of singleton bean 'requestMappingHandlerMapping'
2024-10-07T00:27:07.902-03:00 DEBUG 18250 --- [hotel_reservas] [           main] o.s.b.f.s.DefaultListableBeanFactory     : Autowiring by type from bean name 'requestMappingHandlerMapping' via factory method to bean named 'mvcContentNegotiationManager'
2024-10-07T00:27:07.902-03:00 DEBUG 18250 --- [hotel_reservas] [           main] o.s.b.f.s.DefaultListableBeanFactory     : Autowiring by type from bean name 'requestMappingHandlerMapping' via factory method to bean named 'mvcConversionService'
2024-10-07T00:27:07.902-03:00 DEBUG 18250 --- [hotel_reservas] [           main] o.s.b.f.s.DefaultListableBeanFactory     : Autowiring by type from bean name 'requestMappingHandlerMapping' via factory method to bean named 'mvcResourceUrlProvider'
2024-10-07T00:27:07.919-03:00 DEBUG 18250 --- [hotel_reservas] [           main] s.w.s.m.m.a.RequestMappingHandlerMapping : 6 mappings in 'requestMappingHandlerMapping'
2024-10-07T00:27:07.920-03:00 DEBUG 18250 --- [hotel_reservas] [           main] o.s.b.f.s.DefaultListableBeanFactory     : Creating shared instance of singleton bean 'mvcPatternParser'
2024-10-07T00:27:07.920-03:00 DEBUG 18250 --- [hotel_reservas] [           main] o.s.b.f.s.DefaultListableBeanFactory     : Creating shared instance of singleton bean 'mvcUrlPathHelper'
2024-10-07T00:27:07.921-03:00 DEBUG 18250 --- [hotel_reservas] [           main] o.s.b.f.s.DefaultListableBeanFactory     : Creating shared instance of singleton bean 'mvcPathMatcher'
2024-10-07T00:27:07.921-03:00 DEBUG 18250 --- [hotel_reservas] [           main] o.s.b.f.s.DefaultListableBeanFactory     : Creating shared instance of singleton bean 'viewControllerHandlerMapping'
2024-10-07T00:27:07.921-03:00 DEBUG 18250 --- [hotel_reservas] [           main] o.s.b.f.s.DefaultListableBeanFactory     : Autowiring by type from bean name 'viewControllerHandlerMapping' via factory method to bean named 'mvcConversionService'
2024-10-07T00:27:07.921-03:00 DEBUG 18250 --- [hotel_reservas] [           main] o.s.b.f.s.DefaultListableBeanFactory     : Autowiring by type from bean name 'viewControllerHandlerMapping' via factory method to bean named 'mvcResourceUrlProvider'
2024-10-07T00:27:07.921-03:00 DEBUG 18250 --- [hotel_reservas] [           main] o.s.b.f.s.DefaultListableBeanFactory     : Creating shared instance of singleton bean 'beanNameHandlerMapping'
2024-10-07T00:27:07.921-03:00 DEBUG 18250 --- [hotel_reservas] [           main] o.s.b.f.s.DefaultListableBeanFactory     : Autowiring by type from bean name 'beanNameHandlerMapping' via factory method to bean named 'mvcConversionService'
2024-10-07T00:27:07.921-03:00 DEBUG 18250 --- [hotel_reservas] [           main] o.s.b.f.s.DefaultListableBeanFactory     : Autowiring by type from bean name 'beanNameHandlerMapping' via factory method to bean named 'mvcResourceUrlProvider'
2024-10-07T00:27:07.924-03:00 DEBUG 18250 --- [hotel_reservas] [           main] o.s.b.f.s.DefaultListableBeanFactory     : Creating shared instance of singleton bean 'routerFunctionMapping'
2024-10-07T00:27:07.924-03:00 DEBUG 18250 --- [hotel_reservas] [           main] o.s.b.f.s.DefaultListableBeanFactory     : Autowiring by type from bean name 'routerFunctionMapping' via factory method to bean named 'mvcConversionService'
2024-10-07T00:27:07.924-03:00 DEBUG 18250 --- [hotel_reservas] [           main] o.s.b.f.s.DefaultListableBeanFactory     : Autowiring by type from bean name 'routerFunctionMapping' via factory method to bean named 'mvcResourceUrlProvider'
2024-10-07T00:27:07.926-03:00 DEBUG 18250 --- [hotel_reservas] [           main] o.s.b.f.s.DefaultListableBeanFactory     : Creating shared instance of singleton bean 'messageConverters'
2024-10-07T00:27:07.926-03:00 DEBUG 18250 --- [hotel_reservas] [           main] o.s.b.f.s.DefaultListableBeanFactory     : Creating shared instance of singleton bean 'org.springframework.boot.autoconfigure.http.HttpMessageConvertersAutoConfiguration'
2024-10-07T00:27:07.927-03:00 DEBUG 18250 --- [hotel_reservas] [           main] o.s.b.f.s.DefaultListableBeanFactory     : Creating shared instance of singleton bean 'stringHttpMessageConverter'
2024-10-07T00:27:07.927-03:00 DEBUG 18250 --- [hotel_reservas] [           main] o.s.b.f.s.DefaultListableBeanFactory     : Creating shared instance of singleton bean 'org.springframework.boot.autoconfigure.http.HttpMessageConvertersAutoConfiguration$StringHttpMessageConverterConfiguration'
2024-10-07T00:27:07.928-03:00 DEBUG 18250 --- [hotel_reservas] [           main] o.s.b.f.s.DefaultListableBeanFactory     : Autowiring by type from bean name 'stringHttpMessageConverter' via factory method to bean named 'environment'
2024-10-07T00:27:07.929-03:00 DEBUG 18250 --- [hotel_reservas] [           main] o.s.b.f.s.DefaultListableBeanFactory     : Creating shared instance of singleton bean 'mappingJackson2HttpMessageConverter'
2024-10-07T00:27:07.929-03:00 DEBUG 18250 --- [hotel_reservas] [           main] o.s.b.f.s.DefaultListableBeanFactory     : Creating shared instance of singleton bean 'org.springframework.boot.autoconfigure.http.JacksonHttpMessageConvertersConfiguration$MappingJackson2HttpMessageConverterConfiguration'
2024-10-07T00:27:07.929-03:00 DEBUG 18250 --- [hotel_reservas] [           main] o.s.b.f.s.DefaultListableBeanFactory     : Autowiring by type from bean name 'mappingJackson2HttpMessageConverter' via factory method to bean named 'jacksonObjectMapper'
2024-10-07T00:27:07.946-03:00 DEBUG 18250 --- [hotel_reservas] [           main] o.s.b.f.s.DefaultListableBeanFactory     : Creating shared instance of singleton bean 'applicationJsonHalConfiguration'
2024-10-07T00:27:07.946-03:00 DEBUG 18250 --- [hotel_reservas] [           main] o.s.b.f.s.DefaultListableBeanFactory     : Creating shared instance of singleton bean 'org.springframework.boot.autoconfigure.hateoas.HypermediaAutoConfiguration'
2024-10-07T00:27:07.951-03:00 DEBUG 18250 --- [hotel_reservas] [           main] o.s.b.f.s.DefaultListableBeanFactory     : Creating shared instance of singleton bean 'resourceHandlerMapping'
2024-10-07T00:27:07.951-03:00 DEBUG 18250 --- [hotel_reservas] [           main] o.s.b.f.s.DefaultListableBeanFactory     : Autowiring by type from bean name 'resourceHandlerMapping' via factory method to bean named 'mvcContentNegotiationManager'
2024-10-07T00:27:07.951-03:00 DEBUG 18250 --- [hotel_reservas] [           main] o.s.b.f.s.DefaultListableBeanFactory     : Autowiring by type from bean name 'resourceHandlerMapping' via factory method to bean named 'mvcConversionService'
2024-10-07T00:27:07.951-03:00 DEBUG 18250 --- [hotel_reservas] [           main] o.s.b.f.s.DefaultListableBeanFactory     : Autowiring by type from bean name 'resourceHandlerMapping' via factory method to bean named 'mvcResourceUrlProvider'
2024-10-07T00:27:07.954-03:00 DEBUG 18250 --- [hotel_reservas] [           main] o.s.w.s.handler.SimpleUrlHandlerMapping  : Patterns [/webjars/**, /**] in 'resourceHandlerMapping'
2024-10-07T00:27:07.955-03:00 DEBUG 18250 --- [hotel_reservas] [           main] o.s.b.f.s.DefaultListableBeanFactory     : Creating shared instance of singleton bean 'defaultServletHandlerMapping'
2024-10-07T00:27:07.955-03:00 DEBUG 18250 --- [hotel_reservas] [           main] o.s.b.f.s.DefaultListableBeanFactory     : Creating shared instance of singleton bean 'requestMappingHandlerAdapter'
2024-10-07T00:27:07.956-03:00 DEBUG 18250 --- [hotel_reservas] [           main] o.s.b.f.s.DefaultListableBeanFactory     : Autowiring by type from bean name 'requestMappingHandlerAdapter' via factory method to bean named 'mvcContentNegotiationManager'
2024-10-07T00:27:07.956-03:00 DEBUG 18250 --- [hotel_reservas] [           main] o.s.b.f.s.DefaultListableBeanFactory     : Autowiring by type from bean name 'requestMappingHandlerAdapter' via factory method to bean named 'mvcConversionService'
2024-10-07T00:27:07.956-03:00 DEBUG 18250 --- [hotel_reservas] [           main] o.s.b.f.s.DefaultListableBeanFactory     : Autowiring by type from bean name 'requestMappingHandlerAdapter' via factory method to bean named 'mvcValidator'
2024-10-07T00:27:07.959-03:00 DEBUG 18250 --- [hotel_reservas] [           main] o.s.b.f.s.DefaultListableBeanFactory     : Creating shared instance of singleton bean 'sortResolver'
2024-10-07T00:27:07.960-03:00 DEBUG 18250 --- [hotel_reservas] [           main] o.s.b.f.s.DefaultListableBeanFactory     : Creating shared instance of singleton bean 'sortCustomizer'
2024-10-07T00:27:07.960-03:00 DEBUG 18250 --- [hotel_reservas] [           main] o.s.b.f.s.DefaultListableBeanFactory     : Creating shared instance of singleton bean 'org.springframework.boot.autoconfigure.data.web.SpringDataWebAutoConfiguration'
2024-10-07T00:27:07.960-03:00 DEBUG 18250 --- [hotel_reservas] [           main] o.s.b.f.s.DefaultListableBeanFactory     : Creating shared instance of singleton bean 'spring.data.web-org.springframework.boot.autoconfigure.data.web.SpringDataWebProperties'
2024-10-07T00:27:07.964-03:00 DEBUG 18250 --- [hotel_reservas] [           main] o.s.b.f.s.DefaultListableBeanFactory     : Autowiring by type from bean name 'org.springframework.boot.autoconfigure.data.web.SpringDataWebAutoConfiguration' via constructor to bean named 'spring.data.web-org.springframework.boot.autoconfigure.data.web.SpringDataWebProperties'
2024-10-07T00:27:07.966-03:00 DEBUG 18250 --- [hotel_reservas] [           main] o.s.b.f.s.DefaultListableBeanFactory     : Creating shared instance of singleton bean 'pageableResolver'
2024-10-07T00:27:07.966-03:00 DEBUG 18250 --- [hotel_reservas] [           main] o.s.b.f.s.DefaultListableBeanFactory     : Creating shared instance of singleton bean 'pageableCustomizer'
2024-10-07T00:27:07.967-03:00 DEBUG 18250 --- [hotel_reservas] [           main] o.s.b.f.s.DefaultListableBeanFactory     : Creating shared instance of singleton bean 'pagedResourcesAssemblerArgumentResolver'
2024-10-07T00:27:07.967-03:00 DEBUG 18250 --- [hotel_reservas] [           main] o.s.b.f.s.DefaultListableBeanFactory     : Creating shared instance of singleton bean 'slicedResourcesAssemblerArgumentResolver'
2024-10-07T00:27:07.968-03:00 DEBUG 18250 --- [hotel_reservas] [           main] o.s.b.f.s.DefaultListableBeanFactory     : Creating shared instance of singleton bean 'applicationTaskExecutor'
2024-10-07T00:27:07.968-03:00 DEBUG 18250 --- [hotel_reservas] [           main] o.s.b.f.s.DefaultListableBeanFactory     : Autowiring by type from bean name 'applicationTaskExecutor' via factory method to bean named 'taskExecutorBuilder'
2024-10-07T00:27:07.970-03:00 DEBUG 18250 --- [hotel_reservas] [           main] o.s.s.concurrent.ThreadPoolTaskExecutor  : Initializing ExecutorService 'applicationTaskExecutor'
2024-10-07T00:27:07.974-03:00 DEBUG 18250 --- [hotel_reservas] [           main] s.w.s.m.m.a.RequestMappingHandlerAdapter : ControllerAdvice beans: 0 @ModelAttribute, 0 @InitBinder, 1 RequestBodyAdvice, 1 ResponseBodyAdvice
2024-10-07T00:27:07.985-03:00 DEBUG 18250 --- [hotel_reservas] [           main] o.s.b.f.s.DefaultListableBeanFactory     : Creating shared instance of singleton bean 'handlerFunctionAdapter'
2024-10-07T00:27:07.985-03:00 DEBUG 18250 --- [hotel_reservas] [           main] o.s.b.f.s.DefaultListableBeanFactory     : Creating shared instance of singleton bean 'mvcUriComponentsContributor'
2024-10-07T00:27:07.986-03:00 DEBUG 18250 --- [hotel_reservas] [           main] o.s.b.f.s.DefaultListableBeanFactory     : Autowiring by type from bean name 'mvcUriComponentsContributor' via factory method to bean named 'mvcConversionService'
2024-10-07T00:27:07.986-03:00 DEBUG 18250 --- [hotel_reservas] [           main] o.s.b.f.s.DefaultListableBeanFactory     : Autowiring by type from bean name 'mvcUriComponentsContributor' via factory method to bean named 'requestMappingHandlerAdapter'
2024-10-07T00:27:07.986-03:00 DEBUG 18250 --- [hotel_reservas] [           main] o.s.b.f.s.DefaultListableBeanFactory     : Creating shared instance of singleton bean 'httpRequestHandlerAdapter'
2024-10-07T00:27:07.986-03:00 DEBUG 18250 --- [hotel_reservas] [           main] o.s.b.f.s.DefaultListableBeanFactory     : Creating shared instance of singleton bean 'simpleControllerHandlerAdapter'
2024-10-07T00:27:07.986-03:00 DEBUG 18250 --- [hotel_reservas] [           main] o.s.b.f.s.DefaultListableBeanFactory     : Creating shared instance of singleton bean 'handlerExceptionResolver'
2024-10-07T00:27:07.986-03:00 DEBUG 18250 --- [hotel_reservas] [           main] o.s.b.f.s.DefaultListableBeanFactory     : Autowiring by type from bean name 'handlerExceptionResolver' via factory method to bean named 'mvcContentNegotiationManager'
2024-10-07T00:27:07.987-03:00 DEBUG 18250 --- [hotel_reservas] [           main] .m.m.a.ExceptionHandlerExceptionResolver : ControllerAdvice beans: 0 @ExceptionHandler, 1 ResponseBodyAdvice
2024-10-07T00:27:07.988-03:00 DEBUG 18250 --- [hotel_reservas] [           main] o.s.b.f.s.DefaultListableBeanFactory     : Creating shared instance of singleton bean 'mvcViewResolver'
2024-10-07T00:27:07.989-03:00 DEBUG 18250 --- [hotel_reservas] [           main] o.s.b.f.s.DefaultListableBeanFactory     : Autowiring by type from bean name 'mvcViewResolver' via factory method to bean named 'mvcContentNegotiationManager'
2024-10-07T00:27:07.989-03:00 DEBUG 18250 --- [hotel_reservas] [           main] o.s.b.f.s.DefaultListableBeanFactory     : Creating shared instance of singleton bean 'viewNameTranslator'
2024-10-07T00:27:07.990-03:00 DEBUG 18250 --- [hotel_reservas] [           main] o.s.b.f.s.DefaultListableBeanFactory     : Creating shared instance of singleton bean 'defaultViewResolver'
2024-10-07T00:27:07.992-03:00 DEBUG 18250 --- [hotel_reservas] [           main] o.s.b.f.s.DefaultListableBeanFactory     : Creating shared instance of singleton bean 'viewResolver'
2024-10-07T00:27:07.993-03:00 DEBUG 18250 --- [hotel_reservas] [           main] o.s.b.f.s.DefaultListableBeanFactory     : Autowiring by type from bean name 'viewResolver' via factory method to bean named 'org.springframework.beans.factory.support.DefaultListableBeanFactory@157267db'
2024-10-07T00:27:07.993-03:00 DEBUG 18250 --- [hotel_reservas] [           main] o.s.b.f.s.DefaultListableBeanFactory     : Creating shared instance of singleton bean 'viewResolver'
2024-10-07T00:27:07.994-03:00 DEBUG 18250 --- [hotel_reservas] [           main] o.s.b.f.s.DefaultListableBeanFactory     : Creating shared instance of singleton bean 'requestContextFilter'
2024-10-07T00:27:07.994-03:00 DEBUG 18250 --- [hotel_reservas] [           main] o.s.b.f.s.DefaultListableBeanFactory     : Creating shared instance of singleton bean 'org.springframework.boot.autoconfigure.web.servlet.WebMvcAutoConfiguration'
2024-10-07T00:27:07.994-03:00 DEBUG 18250 --- [hotel_reservas] [           main] o.s.b.f.s.DefaultListableBeanFactory     : Creating shared instance of singleton bean 'formContentFilter'
2024-10-07T00:27:07.995-03:00 DEBUG 18250 --- [hotel_reservas] [           main] o.s.b.f.s.DefaultListableBeanFactory     : Creating shared instance of singleton bean 'org.springframework.boot.autoconfigure.aop.AopAutoConfiguration$AspectJAutoProxyingConfiguration$CglibAutoProxyConfiguration'
2024-10-07T00:27:07.995-03:00 DEBUG 18250 --- [hotel_reservas] [           main] o.s.b.f.s.DefaultListableBeanFactory     : Creating shared instance of singleton bean 'org.springframework.boot.autoconfigure.aop.AopAutoConfiguration$AspectJAutoProxyingConfiguration'
2024-10-07T00:27:07.995-03:00 DEBUG 18250 --- [hotel_reservas] [           main] o.s.b.f.s.DefaultListableBeanFactory     : Creating shared instance of singleton bean 'org.springframework.boot.autoconfigure.aop.AopAutoConfiguration'
2024-10-07T00:27:07.995-03:00 DEBUG 18250 --- [hotel_reservas] [           main] o.s.b.f.s.DefaultListableBeanFactory     : Creating shared instance of singleton bean 'org.springframework.boot.autoconfigure.availability.ApplicationAvailabilityAutoConfiguration'
2024-10-07T00:27:07.995-03:00 DEBUG 18250 --- [hotel_reservas] [           main] o.s.b.f.s.DefaultListableBeanFactory     : Creating shared instance of singleton bean 'applicationAvailability'
2024-10-07T00:27:07.996-03:00 DEBUG 18250 --- [hotel_reservas] [           main] o.s.b.f.s.DefaultListableBeanFactory     : Creating shared instance of singleton bean 'org.springframework.boot.autoconfigure.transaction.jta.JtaAutoConfiguration'
2024-10-07T00:27:07.996-03:00 DEBUG 18250 --- [hotel_reservas] [           main] o.s.b.f.s.DefaultListableBeanFactory     : Creating shared instance of singleton bean 'org.springframework.boot.autoconfigure.jdbc.metadata.DataSourcePoolMetadataProvidersConfiguration'
2024-10-07T00:27:07.996-03:00 DEBUG 18250 --- [hotel_reservas] [           main] o.s.b.f.s.DefaultListableBeanFactory     : Creating shared instance of singleton bean 'org.springframework.boot.autoconfigure.jdbc.DataSourceAutoConfiguration'
2024-10-07T00:27:07.996-03:00 DEBUG 18250 --- [hotel_reservas] [           main] o.s.b.f.s.DefaultListableBeanFactory     : Creating shared instance of singleton bean 'org.springframework.boot.autoconfigure.transaction.TransactionManagerCustomizationAutoConfiguration'
2024-10-07T00:27:07.996-03:00 DEBUG 18250 --- [hotel_reservas] [           main] o.s.b.f.s.DefaultListableBeanFactory     : Creating shared instance of singleton bean 'platformTransactionManagerCustomizers'
2024-10-07T00:27:07.996-03:00 DEBUG 18250 --- [hotel_reservas] [           main] o.s.b.f.s.DefaultListableBeanFactory     : Creating shared instance of singleton bean 'transactionExecutionListeners'
2024-10-07T00:27:07.997-03:00 DEBUG 18250 --- [hotel_reservas] [           main] o.s.b.f.s.DefaultListableBeanFactory     : Creating shared instance of singleton bean 'spring.transaction-org.springframework.boot.autoconfigure.transaction.TransactionProperties'
2024-10-07T00:27:07.998-03:00 DEBUG 18250 --- [hotel_reservas] [           main] o.s.b.f.s.DefaultListableBeanFactory     : Creating shared instance of singleton bean 'org.springframework.boot.autoconfigure.orm.jpa.JpaBaseConfiguration$PersistenceManagedTypesConfiguration'
2024-10-07T00:27:07.998-03:00 DEBUG 18250 --- [hotel_reservas] [           main] o.s.b.f.s.DefaultListableBeanFactory     : Creating shared instance of singleton bean 'transactionManager'
2024-10-07T00:27:07.999-03:00 DEBUG 18250 --- [hotel_reservas] [           main] o.s.b.f.s.DefaultListableBeanFactory     : Creating shared instance of singleton bean 'org.springframework.boot.autoconfigure.orm.jpa.HibernateJpaAutoConfiguration'
2024-10-07T00:27:07.999-03:00 DEBUG 18250 --- [hotel_reservas] [           main] o.s.b.f.s.DefaultListableBeanFactory     : Creating shared instance of singleton bean 'org.springframework.boot.autoconfigure.context.ConfigurationPropertiesAutoConfiguration'
2024-10-07T00:27:07.999-03:00 DEBUG 18250 --- [hotel_reservas] [           main] o.s.b.f.s.DefaultListableBeanFactory     : Creating shared instance of singleton bean 'org.springframework.boot.autoconfigure.context.LifecycleAutoConfiguration'
2024-10-07T00:27:08.000-03:00 DEBUG 18250 --- [hotel_reservas] [           main] o.s.b.f.s.DefaultListableBeanFactory     : Creating shared instance of singleton bean 'lifecycleProcessor'
2024-10-07T00:27:08.000-03:00 DEBUG 18250 --- [hotel_reservas] [           main] o.s.b.f.s.DefaultListableBeanFactory     : Creating shared instance of singleton bean 'spring.lifecycle-org.springframework.boot.autoconfigure.context.LifecycleProperties'
2024-10-07T00:27:08.000-03:00 DEBUG 18250 --- [hotel_reservas] [           main] o.s.b.f.s.DefaultListableBeanFactory     : Autowiring by type from bean name 'lifecycleProcessor' via factory method to bean named 'spring.lifecycle-org.springframework.boot.autoconfigure.context.LifecycleProperties'
2024-10-07T00:27:08.001-03:00 DEBUG 18250 --- [hotel_reservas] [           main] o.s.b.f.s.DefaultListableBeanFactory     : Creating shared instance of singleton bean 'org.springframework.boot.autoconfigure.dao.PersistenceExceptionTranslationAutoConfiguration'
2024-10-07T00:27:08.001-03:00 DEBUG 18250 --- [hotel_reservas] [           main] o.s.b.f.s.DefaultListableBeanFactory     : Creating shared instance of singleton bean 'org.springframework.boot.autoconfigure.data.jpa.JpaRepositoriesAutoConfiguration'
2024-10-07T00:27:08.001-03:00 DEBUG 18250 --- [hotel_reservas] [           main] o.s.b.f.s.DefaultListableBeanFactory     : Creating shared instance of singleton bean 'org.springframework.data.jpa.util.JpaMetamodelCacheCleanup'
2024-10-07T00:27:08.001-03:00 DEBUG 18250 --- [hotel_reservas] [           main] o.s.b.f.s.DefaultListableBeanFactory     : Creating shared instance of singleton bean 'org.springframework.data.jpa.repository.support.JpaEvaluationContextExtension'
2024-10-07T00:27:08.001-03:00 DEBUG 18250 --- [hotel_reservas] [           main] o.s.b.f.s.DefaultListableBeanFactory     : Creating shared instance of singleton bean 'data-jpa.repository-aot-processor#0'
2024-10-07T00:27:08.001-03:00 DEBUG 18250 --- [hotel_reservas] [           main] o.s.b.f.s.DefaultListableBeanFactory     : Creating shared instance of singleton bean 'org.springframework.boot.autoconfigure.http.JacksonHttpMessageConvertersConfiguration'
2024-10-07T00:27:08.002-03:00 DEBUG 18250 --- [hotel_reservas] [           main] o.s.b.f.s.DefaultListableBeanFactory     : Creating shared instance of singleton bean 'org.springframework.data.web.config.ProjectingArgumentResolverRegistrar'
2024-10-07T00:27:08.002-03:00 DEBUG 18250 --- [hotel_reservas] [           main] o.s.b.f.s.DefaultListableBeanFactory     : Creating shared instance of singleton bean 'pagedResourcesAssembler'
2024-10-07T00:27:08.003-03:00 DEBUG 18250 --- [hotel_reservas] [           main] o.s.b.f.s.DefaultListableBeanFactory     : Creating shared instance of singleton bean 'slicedResourcesAssembler'
2024-10-07T00:27:08.003-03:00 DEBUG 18250 --- [hotel_reservas] [           main] o.s.b.f.s.DefaultListableBeanFactory     : Creating shared instance of singleton bean 'offsetResolver'
2024-10-07T00:27:08.004-03:00 DEBUG 18250 --- [hotel_reservas] [           main] o.s.b.f.s.DefaultListableBeanFactory     : Creating shared instance of singleton bean 'halLinkDisocoverer'
2024-10-07T00:27:08.005-03:00 DEBUG 18250 --- [hotel_reservas] [           main] o.s.b.f.s.DefaultListableBeanFactory     : Creating shared instance of singleton bean 'org.springframework.hateoas.config.WebTestHateoasConfiguration'
2024-10-07T00:27:08.005-03:00 DEBUG 18250 --- [hotel_reservas] [           main] o.s.b.f.s.DefaultListableBeanFactory     : Creating shared instance of singleton bean 'defaultRelProvider'
2024-10-07T00:27:08.006-03:00 DEBUG 18250 --- [hotel_reservas] [           main] o.s.b.f.s.DefaultListableBeanFactory     : Creating shared instance of singleton bean 'annotationRelProvider'
2024-10-07T00:27:08.014-03:00 DEBUG 18250 --- [hotel_reservas] [           main] o.s.b.f.s.DefaultListableBeanFactory     : Creating shared instance of singleton bean 'linkDiscoverers'
2024-10-07T00:27:08.014-03:00 DEBUG 18250 --- [hotel_reservas] [           main] o.s.b.f.s.DefaultListableBeanFactory     : Creating shared instance of singleton bean 'linkDiscovererRegistry'
2024-10-07T00:27:08.015-03:00 DEBUG 18250 --- [hotel_reservas] [           main] o.s.b.f.s.DefaultListableBeanFactory     : Autowiring by type from bean name 'linkDiscoverers' via factory method to bean named 'linkDiscovererRegistry'
2024-10-07T00:27:08.015-03:00 DEBUG 18250 --- [hotel_reservas] [           main] o.s.b.f.s.DefaultListableBeanFactory     : Creating shared instance of singleton bean 'org.springframework.hateoas.config.WebMvcEntityLinksConfiguration'
2024-10-07T00:27:08.015-03:00 DEBUG 18250 --- [hotel_reservas] [           main] o.s.b.f.s.DefaultListableBeanFactory     : Creating shared instance of singleton bean 'webMvcEntityLinks'
2024-10-07T00:27:08.016-03:00 DEBUG 18250 --- [hotel_reservas] [           main] o.s.b.f.s.DefaultListableBeanFactory     : Creating shared instance of singleton bean 'webMvcLinkBuilderFactory'
2024-10-07T00:27:08.020-03:00 DEBUG 18250 --- [hotel_reservas] [           main] o.s.b.f.s.DefaultListableBeanFactory     : Creating shared instance of singleton bean 'entityLinksPluginRegistry'
2024-10-07T00:27:08.020-03:00 DEBUG 18250 --- [hotel_reservas] [           main] o.s.b.f.s.DefaultListableBeanFactory     : Autowiring by type from bean name 'entityLinksPluginRegistry' via factory method to bean named 'org.springframework.web.context.support.GenericWebApplicationContext@5bed8b91'
2024-10-07T00:27:08.020-03:00 DEBUG 18250 --- [hotel_reservas] [           main] o.s.b.f.s.DefaultListableBeanFactory     : Creating shared instance of singleton bean 'delegatingEntityLinks'
2024-10-07T00:27:08.020-03:00 DEBUG 18250 --- [hotel_reservas] [           main] o.s.b.f.s.DefaultListableBeanFactory     : Autowiring by type from bean name 'delegatingEntityLinks' via factory method to bean named 'entityLinksPluginRegistry'
2024-10-07T00:27:08.021-03:00 DEBUG 18250 --- [hotel_reservas] [           main] o.s.b.f.s.DefaultListableBeanFactory     : Creating shared instance of singleton bean 'representationModelProcessorInvoker'
2024-10-07T00:27:08.021-03:00 DEBUG 18250 --- [hotel_reservas] [           main] o.s.b.f.s.DefaultListableBeanFactory     : Creating shared instance of singleton bean 'org.springframework.hateoas.config.RestTemplateHateoasConfiguration'
2024-10-07T00:27:08.022-03:00 DEBUG 18250 --- [hotel_reservas] [           main] o.s.b.f.s.DefaultListableBeanFactory     : Creating shared instance of singleton bean 'org.springframework.boot.autoconfigure.hateoas.HypermediaAutoConfiguration$HypermediaConfiguration'
2024-10-07T00:27:08.022-03:00 DEBUG 18250 --- [hotel_reservas] [           main] o.s.b.f.s.DefaultListableBeanFactory     : Creating shared instance of singleton bean 'spring.hateoas-org.springframework.boot.autoconfigure.hateoas.HateoasProperties'
2024-10-07T00:27:08.022-03:00 DEBUG 18250 --- [hotel_reservas] [           main] o.s.b.f.s.DefaultListableBeanFactory     : Creating shared instance of singleton bean 'org.springframework.boot.autoconfigure.info.ProjectInfoAutoConfiguration'
2024-10-07T00:27:08.023-03:00 DEBUG 18250 --- [hotel_reservas] [           main] o.s.b.f.s.DefaultListableBeanFactory     : Creating shared instance of singleton bean 'spring.info-org.springframework.boot.autoconfigure.info.ProjectInfoProperties'
2024-10-07T00:27:08.024-03:00 DEBUG 18250 --- [hotel_reservas] [           main] o.s.b.f.s.DefaultListableBeanFactory     : Autowiring by type from bean name 'org.springframework.boot.autoconfigure.info.ProjectInfoAutoConfiguration' via constructor to bean named 'spring.info-org.springframework.boot.autoconfigure.info.ProjectInfoProperties'
2024-10-07T00:27:08.024-03:00 DEBUG 18250 --- [hotel_reservas] [           main] o.s.b.f.s.DefaultListableBeanFactory     : Creating shared instance of singleton bean 'org.springframework.boot.autoconfigure.jdbc.JdbcTemplateConfiguration'
2024-10-07T00:27:08.024-03:00 DEBUG 18250 --- [hotel_reservas] [           main] o.s.b.f.s.DefaultListableBeanFactory     : Creating shared instance of singleton bean 'jdbcTemplate'
2024-10-07T00:27:08.024-03:00 DEBUG 18250 --- [hotel_reservas] [           main] o.s.b.f.s.DefaultListableBeanFactory     : Creating shared instance of singleton bean 'spring.jdbc-org.springframework.boot.autoconfigure.jdbc.JdbcProperties'
2024-10-07T00:27:08.024-03:00 DEBUG 18250 --- [hotel_reservas] [           main] o.s.b.f.s.DefaultListableBeanFactory     : Autowiring by type from bean name 'jdbcTemplate' via factory method to bean named 'dataSource'
2024-10-07T00:27:08.024-03:00 DEBUG 18250 --- [hotel_reservas] [           main] o.s.b.f.s.DefaultListableBeanFactory     : Autowiring by type from bean name 'jdbcTemplate' via factory method to bean named 'spring.jdbc-org.springframework.boot.autoconfigure.jdbc.JdbcProperties'
2024-10-07T00:27:08.026-03:00 DEBUG 18250 --- [hotel_reservas] [           main] o.s.b.f.s.DefaultListableBeanFactory     : Creating shared instance of singleton bean 'org.springframework.boot.autoconfigure.jdbc.NamedParameterJdbcTemplateConfiguration'
2024-10-07T00:27:08.026-03:00 DEBUG 18250 --- [hotel_reservas] [           main] o.s.b.f.s.DefaultListableBeanFactory     : Creating shared instance of singleton bean 'namedParameterJdbcTemplate'
2024-10-07T00:27:08.026-03:00 DEBUG 18250 --- [hotel_reservas] [           main] o.s.b.f.s.DefaultListableBeanFactory     : Autowiring by type from bean name 'namedParameterJdbcTemplate' via factory method to bean named 'jdbcTemplate'
2024-10-07T00:27:08.036-03:00 DEBUG 18250 --- [hotel_reservas] [           main] o.s.b.f.s.DefaultListableBeanFactory     : Creating shared instance of singleton bean 'org.springframework.boot.autoconfigure.jdbc.JdbcTemplateAutoConfiguration'
2024-10-07T00:27:08.036-03:00 DEBUG 18250 --- [hotel_reservas] [           main] o.s.b.f.s.DefaultListableBeanFactory     : Creating shared instance of singleton bean 'org.springframework.boot.autoconfigure.jdbc.JdbcClientAutoConfiguration'
2024-10-07T00:27:08.036-03:00 DEBUG 18250 --- [hotel_reservas] [           main] o.s.b.f.s.DefaultListableBeanFactory     : Creating shared instance of singleton bean 'jdbcClient'
2024-10-07T00:27:08.037-03:00 DEBUG 18250 --- [hotel_reservas] [           main] o.s.b.f.s.DefaultListableBeanFactory     : Autowiring by type from bean name 'jdbcClient' via factory method to bean named 'namedParameterJdbcTemplate'
2024-10-07T00:27:08.037-03:00 DEBUG 18250 --- [hotel_reservas] [           main] o.s.b.f.s.DefaultListableBeanFactory     : Creating shared instance of singleton bean 'org.springframework.boot.autoconfigure.sql.init.SqlInitializationAutoConfiguration'
2024-10-07T00:27:08.037-03:00 DEBUG 18250 --- [hotel_reservas] [           main] o.s.b.f.s.DefaultListableBeanFactory     : Creating shared instance of singleton bean 'org.springframework.boot.autoconfigure.task.TaskSchedulingConfigurations$ThreadPoolTaskSchedulerBuilderConfiguration'
2024-10-07T00:27:08.037-03:00 DEBUG 18250 --- [hotel_reservas] [           main] o.s.b.f.s.DefaultListableBeanFactory     : Creating shared instance of singleton bean 'threadPoolTaskSchedulerBuilder'
2024-10-07T00:27:08.037-03:00 DEBUG 18250 --- [hotel_reservas] [           main] o.s.b.f.s.DefaultListableBeanFactory     : Creating shared instance of singleton bean 'spring.task.scheduling-org.springframework.boot.autoconfigure.task.TaskSchedulingProperties'
2024-10-07T00:27:08.038-03:00 DEBUG 18250 --- [hotel_reservas] [           main] o.s.b.f.s.DefaultListableBeanFactory     : Autowiring by type from bean name 'threadPoolTaskSchedulerBuilder' via factory method to bean named 'spring.task.scheduling-org.springframework.boot.autoconfigure.task.TaskSchedulingProperties'
2024-10-07T00:27:08.039-03:00 DEBUG 18250 --- [hotel_reservas] [           main] o.s.b.f.s.DefaultListableBeanFactory     : Creating shared instance of singleton bean 'org.springframework.boot.autoconfigure.task.TaskSchedulingConfigurations$TaskSchedulerBuilderConfiguration'
2024-10-07T00:27:08.039-03:00 DEBUG 18250 --- [hotel_reservas] [           main] o.s.b.f.s.DefaultListableBeanFactory     : Creating shared instance of singleton bean 'taskSchedulerBuilder'
2024-10-07T00:27:08.039-03:00 DEBUG 18250 --- [hotel_reservas] [           main] o.s.b.f.s.DefaultListableBeanFactory     : Autowiring by type from bean name 'taskSchedulerBuilder' via factory method to bean named 'spring.task.scheduling-org.springframework.boot.autoconfigure.task.TaskSchedulingProperties'
2024-10-07T00:27:08.040-03:00 DEBUG 18250 --- [hotel_reservas] [           main] o.s.b.f.s.DefaultListableBeanFactory     : Creating shared instance of singleton bean 'org.springframework.boot.autoconfigure.task.TaskSchedulingConfigurations$SimpleAsyncTaskSchedulerBuilderConfiguration'
2024-10-07T00:27:08.040-03:00 DEBUG 18250 --- [hotel_reservas] [           main] o.s.b.f.s.DefaultListableBeanFactory     : Autowiring by type from bean name 'org.springframework.boot.autoconfigure.task.TaskSchedulingConfigurations$SimpleAsyncTaskSchedulerBuilderConfiguration' via constructor to bean named 'spring.task.scheduling-org.springframework.boot.autoconfigure.task.TaskSchedulingProperties'
2024-10-07T00:27:08.040-03:00 DEBUG 18250 --- [hotel_reservas] [           main] o.s.b.f.s.DefaultListableBeanFactory     : Creating shared instance of singleton bean 'simpleAsyncTaskSchedulerBuilder'
2024-10-07T00:27:08.041-03:00 DEBUG 18250 --- [hotel_reservas] [           main] o.s.b.f.s.DefaultListableBeanFactory     : Creating shared instance of singleton bean 'org.springframework.boot.autoconfigure.task.TaskSchedulingAutoConfiguration'
2024-10-07T00:27:08.041-03:00 DEBUG 18250 --- [hotel_reservas] [           main] o.s.b.f.s.DefaultListableBeanFactory     : Creating shared instance of singleton bean 'org.springframework.boot.autoconfigure.jdbc.DataSourceTransactionManagerAutoConfiguration$JdbcTransactionManagerConfiguration'
2024-10-07T00:27:08.041-03:00 DEBUG 18250 --- [hotel_reservas] [           main] o.s.b.f.s.DefaultListableBeanFactory     : Creating shared instance of singleton bean 'org.springframework.boot.autoconfigure.jdbc.DataSourceTransactionManagerAutoConfiguration'
2024-10-07T00:27:08.041-03:00 DEBUG 18250 --- [hotel_reservas] [           main] o.s.b.f.s.DefaultListableBeanFactory     : Creating shared instance of singleton bean 'org.springframework.boot.autoconfigure.transaction.TransactionAutoConfiguration$EnableTransactionManagementConfiguration$CglibAutoProxyConfiguration'
2024-10-07T00:27:08.041-03:00 DEBUG 18250 --- [hotel_reservas] [           main] o.s.b.f.s.DefaultListableBeanFactory     : Creating shared instance of singleton bean 'org.springframework.boot.autoconfigure.transaction.TransactionAutoConfiguration$EnableTransactionManagementConfiguration'
2024-10-07T00:27:08.041-03:00 DEBUG 18250 --- [hotel_reservas] [           main] o.s.b.f.s.DefaultListableBeanFactory     : Creating shared instance of singleton bean 'org.springframework.boot.autoconfigure.transaction.TransactionAutoConfiguration$TransactionTemplateConfiguration'
2024-10-07T00:27:08.041-03:00 DEBUG 18250 --- [hotel_reservas] [           main] o.s.b.f.s.DefaultListableBeanFactory     : Creating shared instance of singleton bean 'transactionTemplate'
2024-10-07T00:27:08.042-03:00 DEBUG 18250 --- [hotel_reservas] [           main] o.s.b.f.s.DefaultListableBeanFactory     : Autowiring by type from bean name 'transactionTemplate' via factory method to bean named 'transactionManager'
2024-10-07T00:27:08.042-03:00 DEBUG 18250 --- [hotel_reservas] [           main] o.s.b.f.s.DefaultListableBeanFactory     : Creating shared instance of singleton bean 'org.springframework.boot.autoconfigure.transaction.TransactionAutoConfiguration'
2024-10-07T00:27:08.042-03:00 DEBUG 18250 --- [hotel_reservas] [           main] o.s.b.f.s.DefaultListableBeanFactory     : Creating shared instance of singleton bean 'org.springframework.boot.autoconfigure.web.client.RestClientAutoConfiguration'
2024-10-07T00:27:08.042-03:00 DEBUG 18250 --- [hotel_reservas] [           main] o.s.b.f.s.DefaultListableBeanFactory     : Creating shared instance of singleton bean 'httpMessageConvertersRestClientCustomizer'
2024-10-07T00:27:08.042-03:00 DEBUG 18250 --- [hotel_reservas] [           main] o.s.b.f.s.DefaultListableBeanFactory     : Creating shared instance of singleton bean 'restClientSsl'
2024-10-07T00:27:08.043-03:00 DEBUG 18250 --- [hotel_reservas] [           main] o.s.b.f.s.DefaultListableBeanFactory     : Autowiring by type from bean name 'restClientSsl' via factory method to bean named 'sslBundleRegistry'
2024-10-07T00:27:08.043-03:00 DEBUG 18250 --- [hotel_reservas] [           main] o.s.b.f.s.DefaultListableBeanFactory     : Creating shared instance of singleton bean 'restClientBuilderConfigurer'
2024-10-07T00:27:08.043-03:00 DEBUG 18250 --- [hotel_reservas] [           main] o.s.b.f.s.DefaultListableBeanFactory     : Creating shared instance of singleton bean 'org.springframework.boot.autoconfigure.web.client.RestTemplateAutoConfiguration'
2024-10-07T00:27:08.043-03:00 DEBUG 18250 --- [hotel_reservas] [           main] o.s.b.f.s.DefaultListableBeanFactory     : Creating shared instance of singleton bean 'characterEncodingFilter'
2024-10-07T00:27:08.044-03:00 DEBUG 18250 --- [hotel_reservas] [           main] o.s.b.f.s.DefaultListableBeanFactory     : Creating shared instance of singleton bean 'multipartResolver'
2024-10-07T00:27:08.047-03:00 DEBUG 18250 --- [hotel_reservas] [           main] o.s.c.support.DefaultLifecycleProcessor  : Starting beans in phase -2147483647
2024-10-07T00:27:08.047-03:00 DEBUG 18250 --- [hotel_reservas] [           main] o.s.c.support.DefaultLifecycleProcessor  : Successfully started bean 'springBootLoggingLifecycle'
2024-10-07T00:27:08.047-03:00 DEBUG 18250 --- [hotel_reservas] [           main] o.s.c.support.DefaultLifecycleProcessor  : Starting beans in phase 2147483647
2024-10-07T00:27:08.051-03:00 DEBUG 18250 --- [hotel_reservas] [           main] .s.b.a.l.ConditionEvaluationReportLogger : 


============================
CONDITIONS EVALUATION REPORT
============================


Positive matches:
-----------------

   AopAutoConfiguration matched:
      - @ConditionalOnProperty (spring.aop.auto=true) matched (OnPropertyCondition)

   AopAutoConfiguration.AspectJAutoProxyingConfiguration matched:
      - @ConditionalOnClass found required class 'org.aspectj.weaver.Advice' (OnClassCondition)

   AopAutoConfiguration.AspectJAutoProxyingConfiguration.CglibAutoProxyConfiguration matched:
      - @ConditionalOnProperty (spring.aop.proxy-target-class=true) matched (OnPropertyCondition)

   ApplicationAvailabilityAutoConfiguration#applicationAvailability matched:
      - @ConditionalOnMissingBean (types: org.springframework.boot.availability.ApplicationAvailability; SearchStrategy: all) did not find any beans (OnBeanCondition)

   DataSourceAutoConfiguration matched:
      - @ConditionalOnClass found required classes 'javax.sql.DataSource', 'org.springframework.jdbc.datasource.embedded.EmbeddedDatabaseType' (OnClassCondition)
      - @ConditionalOnMissingBean (types: io.r2dbc.spi.ConnectionFactory; SearchStrategy: all) did not find any beans (OnBeanCondition)

   DataSourceAutoConfiguration.PooledDataSourceConfiguration matched:
      - AnyNestedCondition 1 matched 1 did not; NestedCondition on DataSourceAutoConfiguration.PooledDataSourceCondition.PooledDataSourceAvailable PooledDataSource found supported DataSource; NestedCondition on DataSourceAutoConfiguration.PooledDataSourceCondition.ExplicitType @ConditionalOnProperty (spring.datasource.type) did not find property 'type' (DataSourceAutoConfiguration.PooledDataSourceCondition)
      - @ConditionalOnMissingBean (types: javax.sql.DataSource,javax.sql.XADataSource; SearchStrategy: all) did not find any beans (OnBeanCondition)

   DataSourceAutoConfiguration.PooledDataSourceConfiguration#jdbcConnectionDetails matched:
      - @ConditionalOnMissingBean (types: org.springframework.boot.autoconfigure.jdbc.JdbcConnectionDetails; SearchStrategy: all) did not find any beans (OnBeanCondition)

   DataSourceConfiguration.Hikari matched:
      - @ConditionalOnClass found required class 'com.zaxxer.hikari.HikariDataSource' (OnClassCondition)
      - @ConditionalOnProperty (spring.datasource.type=com.zaxxer.hikari.HikariDataSource) matched (OnPropertyCondition)
      - @ConditionalOnMissingBean (types: javax.sql.DataSource; SearchStrategy: all) did not find any beans (OnBeanCondition)

   DataSourceInitializationConfiguration matched:
      - @ConditionalOnClass found required class 'org.springframework.jdbc.datasource.init.DatabasePopulator' (OnClassCondition)
      - @ConditionalOnSingleCandidate (types: javax.sql.DataSource; SearchStrategy: all) found a single bean 'dataSource'; @ConditionalOnMissingBean (types: org.springframework.boot.autoconfigure.sql.init.SqlDataSourceScriptDatabaseInitializer,org.springframework.boot.autoconfigure.sql.init.SqlR2dbcScriptDatabaseInitializer; SearchStrategy: all) did not find any beans (OnBeanCondition)

   DataSourcePoolMetadataProvidersConfiguration.HikariPoolDataSourceMetadataProviderConfiguration matched:
      - @ConditionalOnClass found required class 'com.zaxxer.hikari.HikariDataSource' (OnClassCondition)

   DataSourceTransactionManagerAutoConfiguration matched:
      - @ConditionalOnClass found required classes 'javax.sql.DataSource', 'org.springframework.jdbc.core.JdbcTemplate', 'org.springframework.transaction.TransactionManager' (OnClassCondition)

   DataSourceTransactionManagerAutoConfiguration.JdbcTransactionManagerConfiguration matched:
      - @ConditionalOnSingleCandidate (types: javax.sql.DataSource; SearchStrategy: all) found a single bean 'dataSource' (OnBeanCondition)

   DispatcherServletAutoConfiguration matched:
      - @ConditionalOnClass found required class 'org.springframework.web.servlet.DispatcherServlet' (OnClassCondition)
      - found 'session' scope (OnWebApplicationCondition)

   DispatcherServletAutoConfiguration.DispatcherServletConfiguration matched:
      - @ConditionalOnClass found required class 'jakarta.servlet.ServletRegistration' (OnClassCondition)
      - Default DispatcherServlet did not find dispatcher servlet beans (DispatcherServletAutoConfiguration.DefaultDispatcherServletCondition)

   DispatcherServletAutoConfiguration.DispatcherServletRegistrationConfiguration matched:
      - @ConditionalOnClass found required class 'jakarta.servlet.ServletRegistration' (OnClassCondition)
      - DispatcherServlet Registration did not find servlet registration bean (DispatcherServletAutoConfiguration.DispatcherServletRegistrationCondition)

   DispatcherServletAutoConfiguration.DispatcherServletRegistrationConfiguration#dispatcherServletRegistration matched:
      - @ConditionalOnBean (names: dispatcherServlet types: org.springframework.web.servlet.DispatcherServlet; SearchStrategy: all) found bean 'dispatcherServlet' (OnBeanCondition)

   ErrorMvcAutoConfiguration matched:
      - @ConditionalOnClass found required classes 'jakarta.servlet.Servlet', 'org.springframework.web.servlet.DispatcherServlet' (OnClassCondition)
      - found 'session' scope (OnWebApplicationCondition)

   ErrorMvcAutoConfiguration#basicErrorController matched:
      - @ConditionalOnMissingBean (types: org.springframework.boot.web.servlet.error.ErrorController; SearchStrategy: current) did not find any beans (OnBeanCondition)

   ErrorMvcAutoConfiguration#errorAttributes matched:
      - @ConditionalOnMissingBean (types: org.springframework.boot.web.servlet.error.ErrorAttributes; SearchStrategy: current) did not find any beans (OnBeanCondition)

   ErrorMvcAutoConfiguration.DefaultErrorViewResolverConfiguration#conventionErrorViewResolver matched:
      - @ConditionalOnBean (types: org.springframework.web.servlet.DispatcherServlet; SearchStrategy: all) found bean 'dispatcherServlet'; @ConditionalOnMissingBean (types: org.springframework.boot.autoconfigure.web.servlet.error.ErrorViewResolver; SearchStrategy: all) did not find any beans (OnBeanCondition)

   ErrorMvcAutoConfiguration.WhitelabelErrorViewConfiguration matched:
      - @ConditionalOnProperty (server.error.whitelabel.enabled) matched (OnPropertyCondition)
      - ErrorTemplate Missing did not find error template view (ErrorMvcAutoConfiguration.ErrorTemplateMissingCondition)

   ErrorMvcAutoConfiguration.WhitelabelErrorViewConfiguration#beanNameViewResolver matched:
      - @ConditionalOnMissingBean (types: org.springframework.web.servlet.view.BeanNameViewResolver; SearchStrategy: all) did not find any beans (OnBeanCondition)

   ErrorMvcAutoConfiguration.WhitelabelErrorViewConfiguration#defaultErrorView matched:
      - @ConditionalOnMissingBean (names: error; SearchStrategy: all) did not find any beans (OnBeanCondition)

   GenericCacheConfiguration matched:
      - Cache org.springframework.boot.autoconfigure.cache.GenericCacheConfiguration automatic cache type (CacheCondition)

   HibernateJpaAutoConfiguration matched:
      - @ConditionalOnClass found required classes 'org.springframework.orm.jpa.LocalContainerEntityManagerFactoryBean', 'jakarta.persistence.EntityManager', 'org.hibernate.engine.spi.SessionImplementor' (OnClassCondition)

   HibernateJpaConfiguration matched:
      - @ConditionalOnSingleCandidate (types: javax.sql.DataSource; SearchStrategy: all) found a single bean 'dataSource' (OnBeanCondition)

   HttpEncodingAutoConfiguration matched:
      - @ConditionalOnClass found required class 'org.springframework.web.filter.CharacterEncodingFilter' (OnClassCondition)
      - found 'session' scope (OnWebApplicationCondition)
      - @ConditionalOnProperty (server.servlet.encoding.enabled) matched (OnPropertyCondition)

   HttpEncodingAutoConfiguration#characterEncodingFilter matched:
      - @ConditionalOnMissingBean (types: org.springframework.web.filter.CharacterEncodingFilter; SearchStrategy: all) did not find any beans (OnBeanCondition)

   HttpMessageConvertersAutoConfiguration matched:
      - @ConditionalOnClass found required class 'org.springframework.http.converter.HttpMessageConverter' (OnClassCondition)
      - NoneNestedConditions 0 matched 1 did not; NestedCondition on HttpMessageConvertersAutoConfiguration.NotReactiveWebApplicationCondition.ReactiveWebApplication did not find reactive web application classes (HttpMessageConvertersAutoConfiguration.NotReactiveWebApplicationCondition)

   HttpMessageConvertersAutoConfiguration#messageConverters matched:
      - @ConditionalOnMissingBean (types: org.springframework.boot.autoconfigure.http.HttpMessageConverters; SearchStrategy: all) did not find any beans (OnBeanCondition)

   HttpMessageConvertersAutoConfiguration.StringHttpMessageConverterConfiguration matched:
      - @ConditionalOnClass found required class 'org.springframework.http.converter.StringHttpMessageConverter' (OnClassCondition)

   HttpMessageConvertersAutoConfiguration.StringHttpMessageConverterConfiguration#stringHttpMessageConverter matched:
      - @ConditionalOnMissingBean (types: org.springframework.http.converter.StringHttpMessageConverter; SearchStrategy: all) did not find any beans (OnBeanCondition)

   HypermediaAutoConfiguration matched:
      - @ConditionalOnClass found required classes 'org.springframework.hateoas.EntityModel', 'org.springframework.web.bind.annotation.RequestMapping', 'org.springframework.web.servlet.mvc.method.annotation.RequestMappingHandlerAdapter', 'org.springframework.plugin.core.Plugin' (OnClassCondition)
      - @ConditionalOnWebApplication (required) found 'session' scope (OnWebApplicationCondition)

   HypermediaAutoConfiguration#applicationJsonHalConfiguration matched:
      - @ConditionalOnClass found required class 'com.fasterxml.jackson.databind.ObjectMapper' (OnClassCondition)
      - @ConditionalOnProperty (spring.hateoas.use-hal-as-default-json-media-type) matched (OnPropertyCondition)
      - @ConditionalOnMissingBean (types: org.springframework.hateoas.mediatype.hal.HalConfiguration; SearchStrategy: all) did not find any beans (OnBeanCondition)

   HypermediaAutoConfiguration.HypermediaConfiguration matched:
      - @ConditionalOnClass found required class 'com.fasterxml.jackson.databind.ObjectMapper' (OnClassCondition)
      - @ConditionalOnMissingBean (types: org.springframework.hateoas.client.LinkDiscoverers; SearchStrategy: all) did not find any beans (OnBeanCondition)

   JacksonAutoConfiguration matched:
      - @ConditionalOnClass found required class 'com.fasterxml.jackson.databind.ObjectMapper' (OnClassCondition)

   JacksonAutoConfiguration.Jackson2ObjectMapperBuilderCustomizerConfiguration matched:
      - @ConditionalOnClass found required class 'org.springframework.http.converter.json.Jackson2ObjectMapperBuilder' (OnClassCondition)

   JacksonAutoConfiguration.JacksonObjectMapperBuilderConfiguration matched:
      - @ConditionalOnClass found required class 'org.springframework.http.converter.json.Jackson2ObjectMapperBuilder' (OnClassCondition)

   JacksonAutoConfiguration.JacksonObjectMapperBuilderConfiguration#jacksonObjectMapperBuilder matched:
      - @ConditionalOnMissingBean (types: org.springframework.http.converter.json.Jackson2ObjectMapperBuilder; SearchStrategy: all) did not find any beans (OnBeanCondition)

   JacksonAutoConfiguration.JacksonObjectMapperConfiguration matched:
      - @ConditionalOnClass found required class 'org.springframework.http.converter.json.Jackson2ObjectMapperBuilder' (OnClassCondition)

   JacksonAutoConfiguration.JacksonObjectMapperConfiguration#jacksonObjectMapper matched:
      - @ConditionalOnMissingBean (types: com.fasterxml.jackson.databind.ObjectMapper; SearchStrategy: all) did not find any beans (OnBeanCondition)

   JacksonAutoConfiguration.ParameterNamesModuleConfiguration matched:
      - @ConditionalOnClass found required class 'com.fasterxml.jackson.module.paramnames.ParameterNamesModule' (OnClassCondition)

   JacksonAutoConfiguration.ParameterNamesModuleConfiguration#parameterNamesModule matched:
      - @ConditionalOnMissingBean (types: com.fasterxml.jackson.module.paramnames.ParameterNamesModule; SearchStrategy: all) did not find any beans (OnBeanCondition)

   JacksonHttpMessageConvertersConfiguration.MappingJackson2HttpMessageConverterConfiguration matched:
      - @ConditionalOnClass found required class 'com.fasterxml.jackson.databind.ObjectMapper' (OnClassCondition)
      - @ConditionalOnProperty (spring.mvc.converters.preferred-json-mapper=jackson) matched (OnPropertyCondition)
      - @ConditionalOnBean (types: com.fasterxml.jackson.databind.ObjectMapper; SearchStrategy: all) found bean 'jacksonObjectMapper' (OnBeanCondition)

   JacksonHttpMessageConvertersConfiguration.MappingJackson2HttpMessageConverterConfiguration#mappingJackson2HttpMessageConverter matched:
      - @ConditionalOnMissingBean (types: org.springframework.http.converter.json.MappingJackson2HttpMessageConverter ignored: org.springframework.hateoas.server.mvc.TypeConstrainedMappingJackson2HttpMessageConverter,org.springframework.data.rest.webmvc.alps.AlpsJsonHttpMessageConverter; SearchStrategy: all) did not find any beans (OnBeanCondition)

   JdbcClientAutoConfiguration matched:
      - @ConditionalOnSingleCandidate (types: org.springframework.jdbc.core.namedparam.NamedParameterJdbcTemplate; SearchStrategy: all) found a single bean 'namedParameterJdbcTemplate'; @ConditionalOnMissingBean (types: org.springframework.jdbc.core.simple.JdbcClient; SearchStrategy: all) did not find any beans (OnBeanCondition)

   JdbcTemplateAutoConfiguration matched:
      - @ConditionalOnClass found required classes 'javax.sql.DataSource', 'org.springframework.jdbc.core.JdbcTemplate' (OnClassCondition)
      - @ConditionalOnSingleCandidate (types: javax.sql.DataSource; SearchStrategy: all) found a single bean 'dataSource' (OnBeanCondition)

   JdbcTemplateConfiguration matched:
      - @ConditionalOnMissingBean (types: org.springframework.jdbc.core.JdbcOperations; SearchStrategy: all) did not find any beans (OnBeanCondition)

   JpaBaseConfiguration#entityManagerFactory matched:
      - @ConditionalOnMissingBean (types: org.springframework.orm.jpa.LocalContainerEntityManagerFactoryBean,jakarta.persistence.EntityManagerFactory; SearchStrategy: all) did not find any beans (OnBeanCondition)

   JpaBaseConfiguration#entityManagerFactoryBuilder matched:
      - @ConditionalOnMissingBean (types: org.springframework.boot.orm.jpa.EntityManagerFactoryBuilder; SearchStrategy: all) did not find any beans (OnBeanCondition)

   JpaBaseConfiguration#jpaVendorAdapter matched:
      - @ConditionalOnMissingBean (types: org.springframework.orm.jpa.JpaVendorAdapter; SearchStrategy: all) did not find any beans (OnBeanCondition)

   JpaBaseConfiguration#transactionManager matched:
      - @ConditionalOnMissingBean (types: org.springframework.transaction.TransactionManager; SearchStrategy: all) did not find any beans (OnBeanCondition)

   JpaBaseConfiguration.JpaWebConfiguration matched:
      - @ConditionalOnClass found required class 'org.springframework.web.servlet.config.annotation.WebMvcConfigurer' (OnClassCondition)
      - found 'session' scope (OnWebApplicationCondition)
      - @ConditionalOnProperty (spring.jpa.open-in-view=true) matched (OnPropertyCondition)
      - @ConditionalOnMissingBean (types: org.springframework.orm.jpa.support.OpenEntityManagerInViewInterceptor,org.springframework.orm.jpa.support.OpenEntityManagerInViewFilter; SearchStrategy: all) did not find any beans (OnBeanCondition)

   JpaBaseConfiguration.PersistenceManagedTypesConfiguration matched:
      - @ConditionalOnMissingBean (types: org.springframework.orm.jpa.LocalContainerEntityManagerFactoryBean,jakarta.persistence.EntityManagerFactory; SearchStrategy: all) did not find any beans (OnBeanCondition)

   JpaBaseConfiguration.PersistenceManagedTypesConfiguration#persistenceManagedTypes matched:
      - @ConditionalOnMissingBean (types: org.springframework.orm.jpa.persistenceunit.PersistenceManagedTypes; SearchStrategy: all) did not find any beans (OnBeanCondition)

   JpaRepositoriesAutoConfiguration matched:
      - @ConditionalOnClass found required class 'org.springframework.data.jpa.repository.JpaRepository' (OnClassCondition)
      - @ConditionalOnProperty (spring.data.jpa.repositories.enabled=true) matched (OnPropertyCondition)
      - @ConditionalOnBean (types: javax.sql.DataSource; SearchStrategy: all) found bean 'dataSource'; @ConditionalOnMissingBean (types: org.springframework.data.jpa.repository.support.JpaRepositoryFactoryBean,org.springframework.data.jpa.repository.config.JpaRepositoryConfigExtension; SearchStrategy: all) did not find any beans (OnBeanCondition)

   JtaAutoConfiguration matched:
      - @ConditionalOnClass found required class 'jakarta.transaction.Transaction' (OnClassCondition)
      - @ConditionalOnProperty (spring.jta.enabled) matched (OnPropertyCondition)

   LifecycleAutoConfiguration#defaultLifecycleProcessor matched:
      - @ConditionalOnMissingBean (names: lifecycleProcessor; SearchStrategy: current) did not find any beans (OnBeanCondition)

   MultipartAutoConfiguration matched:
      - @ConditionalOnClass found required classes 'jakarta.servlet.Servlet', 'org.springframework.web.multipart.support.StandardServletMultipartResolver', 'jakarta.servlet.MultipartConfigElement' (OnClassCondition)
      - found 'session' scope (OnWebApplicationCondition)
      - @ConditionalOnProperty (spring.servlet.multipart.enabled) matched (OnPropertyCondition)

   MultipartAutoConfiguration#multipartConfigElement matched:
      - @ConditionalOnMissingBean (types: jakarta.servlet.MultipartConfigElement; SearchStrategy: all) did not find any beans (OnBeanCondition)

   MultipartAutoConfiguration#multipartResolver matched:
      - @ConditionalOnMissingBean (types: org.springframework.web.multipart.MultipartResolver; SearchStrategy: all) did not find any beans (OnBeanCondition)

   NamedParameterJdbcTemplateConfiguration matched:
      - @ConditionalOnSingleCandidate (types: org.springframework.jdbc.core.JdbcTemplate; SearchStrategy: all) found a single bean 'jdbcTemplate'; @ConditionalOnMissingBean (types: org.springframework.jdbc.core.namedparam.NamedParameterJdbcOperations; SearchStrategy: all) did not find any beans (OnBeanCondition)

   NoOpCacheConfiguration matched:
      - Cache org.springframework.boot.autoconfigure.cache.NoOpCacheConfiguration automatic cache type (CacheCondition)

   PersistenceExceptionTranslationAutoConfiguration matched:
      - @ConditionalOnClass found required class 'org.springframework.dao.annotation.PersistenceExceptionTranslationPostProcessor' (OnClassCondition)

   PersistenceExceptionTranslationAutoConfiguration#persistenceExceptionTranslationPostProcessor matched:
      - @ConditionalOnProperty (spring.dao.exceptiontranslation.enabled) matched (OnPropertyCondition)
      - @ConditionalOnMissingBean (types: org.springframework.dao.annotation.PersistenceExceptionTranslationPostProcessor; SearchStrategy: all) did not find any beans (OnBeanCondition)

   PropertyPlaceholderAutoConfiguration#propertySourcesPlaceholderConfigurer matched:
      - @ConditionalOnMissingBean (types: org.springframework.context.support.PropertySourcesPlaceholderConfigurer; SearchStrategy: current) did not find any beans (OnBeanCondition)

   RestClientAutoConfiguration matched:
      - @ConditionalOnClass found required class 'org.springframework.web.client.RestClient' (OnClassCondition)
      - NoneNestedConditions 0 matched 1 did not; NestedCondition on NotReactiveWebApplicationCondition.ReactiveWebApplication did not find reactive web application classes (NotReactiveWebApplicationCondition)

   RestClientAutoConfiguration#httpMessageConvertersRestClientCustomizer matched:
      - @ConditionalOnMissingBean (types: org.springframework.boot.autoconfigure.web.client.HttpMessageConvertersRestClientCustomizer; SearchStrategy: all) did not find any beans (OnBeanCondition)

   RestClientAutoConfiguration#restClientBuilder matched:
      - @ConditionalOnMissingBean (types: org.springframework.web.client.RestClient$Builder; SearchStrategy: all) did not find any beans (OnBeanCondition)

   RestClientAutoConfiguration#restClientBuilderConfigurer matched:
      - @ConditionalOnMissingBean (types: org.springframework.boot.autoconfigure.web.client.RestClientBuilderConfigurer; SearchStrategy: all) did not find any beans (OnBeanCondition)

   RestClientAutoConfiguration#restClientSsl matched:
      - @ConditionalOnBean (types: org.springframework.boot.ssl.SslBundles; SearchStrategy: all) found bean 'sslBundleRegistry'; @ConditionalOnMissingBean (types: org.springframework.boot.autoconfigure.web.client.RestClientSsl; SearchStrategy: all) did not find any beans (OnBeanCondition)

   RestTemplateAutoConfiguration matched:
      - @ConditionalOnClass found required class 'org.springframework.web.client.RestTemplate' (OnClassCondition)
      - NoneNestedConditions 0 matched 1 did not; NestedCondition on NotReactiveWebApplicationCondition.ReactiveWebApplication did not find reactive web application classes (NotReactiveWebApplicationCondition)

   RestTemplateAutoConfiguration#restTemplateBuilder matched:
      - @ConditionalOnMissingBean (types: org.springframework.boot.web.client.RestTemplateBuilder; SearchStrategy: all) did not find any beans (OnBeanCondition)

   ServletWebServerFactoryAutoConfiguration matched:
      - @ConditionalOnClass found required class 'jakarta.servlet.ServletRequest' (OnClassCondition)
      - found 'session' scope (OnWebApplicationCondition)

   ServletWebServerFactoryAutoConfiguration#tomcatServletWebServerFactoryCustomizer matched:
      - @ConditionalOnClass found required class 'org.apache.catalina.startup.Tomcat' (OnClassCondition)

   ServletWebServerFactoryConfiguration.EmbeddedTomcat matched:
      - @ConditionalOnClass found required classes 'jakarta.servlet.Servlet', 'org.apache.catalina.startup.Tomcat', 'org.apache.coyote.UpgradeProtocol' (OnClassCondition)
      - @ConditionalOnMissingBean (types: org.springframework.boot.web.servlet.server.ServletWebServerFactory; SearchStrategy: current) did not find any beans (OnBeanCondition)

   SimpleCacheConfiguration matched:
      - Cache org.springframework.boot.autoconfigure.cache.SimpleCacheConfiguration automatic cache type (CacheCondition)

   SpringDataWebAutoConfiguration matched:
      - @ConditionalOnClass found required classes 'org.springframework.data.web.PageableHandlerMethodArgumentResolver', 'org.springframework.web.servlet.config.annotation.WebMvcConfigurer' (OnClassCondition)
      - found 'session' scope (OnWebApplicationCondition)
      - @ConditionalOnMissingBean (types: org.springframework.data.web.PageableHandlerMethodArgumentResolver; SearchStrategy: all) did not find any beans (OnBeanCondition)

   SpringDataWebAutoConfiguration#pageableCustomizer matched:
      - @ConditionalOnMissingBean (types: org.springframework.data.web.config.PageableHandlerMethodArgumentResolverCustomizer; SearchStrategy: all) did not find any beans (OnBeanCondition)

   SpringDataWebAutoConfiguration#sortCustomizer matched:
      - @ConditionalOnMissingBean (types: org.springframework.data.web.config.SortHandlerMethodArgumentResolverCustomizer; SearchStrategy: all) did not find any beans (OnBeanCondition)

   SqlInitializationAutoConfiguration matched:
      - @ConditionalOnProperty (spring.sql.init.enabled) matched (OnPropertyCondition)
      - NoneNestedConditions 0 matched 1 did not; NestedCondition on SqlInitializationAutoConfiguration.SqlInitializationModeCondition.ModeIsNever @ConditionalOnProperty (spring.sql.init.mode=never) did not find property 'mode' (SqlInitializationAutoConfiguration.SqlInitializationModeCondition)

   SslAutoConfiguration#sslBundleRegistry matched:
      - @ConditionalOnMissingBean (types: org.springframework.boot.ssl.SslBundleRegistry,org.springframework.boot.ssl.SslBundles; SearchStrategy: all) did not find any beans (OnBeanCondition)

   TaskExecutionAutoConfiguration matched:
      - @ConditionalOnClass found required class 'org.springframework.scheduling.concurrent.ThreadPoolTaskExecutor' (OnClassCondition)

   TaskExecutorConfigurations.SimpleAsyncTaskExecutorBuilderConfiguration#simpleAsyncTaskExecutorBuilder matched:
      - @ConditionalOnMissingBean (types: org.springframework.boot.task.SimpleAsyncTaskExecutorBuilder; SearchStrategy: all) did not find any beans (OnBeanCondition)
      - @ConditionalOnThreading found PLATFORM (OnThreadingCondition)

   TaskExecutorConfigurations.TaskExecutorBuilderConfiguration#taskExecutorBuilder matched:
      - @ConditionalOnMissingBean (types: org.springframework.boot.task.TaskExecutorBuilder; SearchStrategy: all) did not find any beans (OnBeanCondition)

   TaskExecutorConfigurations.TaskExecutorConfiguration matched:
      - @ConditionalOnMissingBean (types: java.util.concurrent.Executor; SearchStrategy: all) did not find any beans (OnBeanCondition)

   TaskExecutorConfigurations.TaskExecutorConfiguration#applicationTaskExecutor matched:
      - @ConditionalOnThreading found PLATFORM (OnThreadingCondition)

   TaskExecutorConfigurations.ThreadPoolTaskExecutorBuilderConfiguration#threadPoolTaskExecutorBuilder matched:
      - @ConditionalOnMissingBean (types: org.springframework.boot.task.TaskExecutorBuilder,org.springframework.boot.task.ThreadPoolTaskExecutorBuilder; SearchStrategy: all) did not find any beans (OnBeanCondition)

   TaskSchedulingAutoConfiguration matched:
      - @ConditionalOnClass found required class 'org.springframework.scheduling.concurrent.ThreadPoolTaskScheduler' (OnClassCondition)

   TaskSchedulingConfigurations.SimpleAsyncTaskSchedulerBuilderConfiguration#simpleAsyncTaskSchedulerBuilder matched:
      - @ConditionalOnMissingBean (types: org.springframework.boot.task.SimpleAsyncTaskSchedulerBuilder; SearchStrategy: all) did not find any beans (OnBeanCondition)
      - @ConditionalOnThreading found PLATFORM (OnThreadingCondition)

   TaskSchedulingConfigurations.TaskSchedulerBuilderConfiguration#taskSchedulerBuilder matched:
      - @ConditionalOnMissingBean (types: org.springframework.boot.task.TaskSchedulerBuilder; SearchStrategy: all) did not find any beans (OnBeanCondition)

   TaskSchedulingConfigurations.ThreadPoolTaskSchedulerBuilderConfiguration#threadPoolTaskSchedulerBuilder matched:
      - @ConditionalOnMissingBean (types: org.springframework.boot.task.TaskSchedulerBuilder,org.springframework.boot.task.ThreadPoolTaskSchedulerBuilder; SearchStrategy: all) did not find any beans (OnBeanCondition)

   TransactionAutoConfiguration matched:
      - @ConditionalOnClass found required class 'org.springframework.transaction.PlatformTransactionManager' (OnClassCondition)

   TransactionAutoConfiguration.EnableTransactionManagementConfiguration matched:
      - @ConditionalOnBean (types: org.springframework.transaction.TransactionManager; SearchStrategy: all) found bean 'transactionManager'; @ConditionalOnMissingBean (types: org.springframework.transaction.annotation.AbstractTransactionManagementConfiguration; SearchStrategy: all) did not find any beans (OnBeanCondition)

   TransactionAutoConfiguration.EnableTransactionManagementConfiguration.CglibAutoProxyConfiguration matched:
      - @ConditionalOnProperty (spring.aop.proxy-target-class=true) matched (OnPropertyCondition)

   TransactionAutoConfiguration.TransactionTemplateConfiguration matched:
      - @ConditionalOnSingleCandidate (types: org.springframework.transaction.PlatformTransactionManager; SearchStrategy: all) found a single bean 'transactionManager' (OnBeanCondition)

   TransactionAutoConfiguration.TransactionTemplateConfiguration#transactionTemplate matched:
      - @ConditionalOnMissingBean (types: org.springframework.transaction.support.TransactionOperations; SearchStrategy: all) did not find any beans (OnBeanCondition)

   TransactionManagerCustomizationAutoConfiguration matched:
      - @ConditionalOnClass found required class 'org.springframework.transaction.PlatformTransactionManager' (OnClassCondition)

   TransactionManagerCustomizationAutoConfiguration#platformTransactionManagerCustomizers matched:
      - @ConditionalOnMissingBean (types: org.springframework.boot.autoconfigure.transaction.TransactionManagerCustomizers; SearchStrategy: all) did not find any beans (OnBeanCondition)

   WebMvcAutoConfiguration matched:
      - @ConditionalOnClass found required classes 'jakarta.servlet.Servlet', 'org.springframework.web.servlet.DispatcherServlet', 'org.springframework.web.servlet.config.annotation.WebMvcConfigurer' (OnClassCondition)
      - found 'session' scope (OnWebApplicationCondition)
      - @ConditionalOnMissingBean (types: org.springframework.web.servlet.config.annotation.WebMvcConfigurationSupport; SearchStrategy: all) did not find any beans (OnBeanCondition)

   WebMvcAutoConfiguration#formContentFilter matched:
      - @ConditionalOnProperty (spring.mvc.formcontent.filter.enabled) matched (OnPropertyCondition)
      - @ConditionalOnMissingBean (types: org.springframework.web.filter.FormContentFilter; SearchStrategy: all) did not find any beans (OnBeanCondition)

   WebMvcAutoConfiguration.EnableWebMvcConfiguration#flashMapManager matched:
      - @ConditionalOnMissingBean (names: flashMapManager; SearchStrategy: all) did not find any beans (OnBeanCondition)

   WebMvcAutoConfiguration.EnableWebMvcConfiguration#localeResolver matched:
      - @ConditionalOnMissingBean (names: localeResolver; SearchStrategy: all) did not find any beans (OnBeanCondition)

   WebMvcAutoConfiguration.EnableWebMvcConfiguration#themeResolver matched:
      - @ConditionalOnMissingBean (names: themeResolver; SearchStrategy: all) did not find any beans (OnBeanCondition)

   WebMvcAutoConfiguration.WebMvcAutoConfigurationAdapter#defaultViewResolver matched:
      - @ConditionalOnMissingBean (types: org.springframework.web.servlet.view.InternalResourceViewResolver; SearchStrategy: all) did not find any beans (OnBeanCondition)

   WebMvcAutoConfiguration.WebMvcAutoConfigurationAdapter#requestContextFilter matched:
      - @ConditionalOnMissingBean (types: org.springframework.web.context.request.RequestContextListener,org.springframework.web.filter.RequestContextFilter; SearchStrategy: all) did not find any beans (OnBeanCondition)

   WebMvcAutoConfiguration.WebMvcAutoConfigurationAdapter#viewResolver matched:
      - @ConditionalOnBean (types: org.springframework.web.servlet.ViewResolver; SearchStrategy: all) found beans 'defaultViewResolver', 'beanNameViewResolver', 'mvcViewResolver'; @ConditionalOnMissingBean (names: viewResolver types: org.springframework.web.servlet.view.ContentNegotiatingViewResolver; SearchStrategy: all) did not find any beans (OnBeanCondition)

   WebSocketServletAutoConfiguration matched:
      - @ConditionalOnClass found required classes 'jakarta.servlet.Servlet', 'jakarta.websocket.server.ServerContainer' (OnClassCondition)
      - found 'session' scope (OnWebApplicationCondition)

   WebSocketServletAutoConfiguration.TomcatWebSocketConfiguration matched:
      - @ConditionalOnClass found required classes 'org.apache.catalina.startup.Tomcat', 'org.apache.tomcat.websocket.server.WsSci' (OnClassCondition)

   WebSocketServletAutoConfiguration.TomcatWebSocketConfiguration#websocketServletWebServerCustomizer matched:
      - @ConditionalOnMissingBean (names: websocketServletWebServerCustomizer; SearchStrategy: all) did not find any beans (OnBeanCondition)


Negative matches:
-----------------

   ActiveMQAutoConfiguration:
      Did not match:
         - @ConditionalOnClass did not find required class 'jakarta.jms.ConnectionFactory' (OnClassCondition)

   AopAutoConfiguration.AspectJAutoProxyingConfiguration.JdkDynamicAutoProxyConfiguration:
      Did not match:
         - @ConditionalOnProperty (spring.aop.proxy-target-class=false) did not find property 'proxy-target-class' (OnPropertyCondition)

   AopAutoConfiguration.ClassProxyingConfiguration:
      Did not match:
         - @ConditionalOnMissingClass found unwanted class 'org.aspectj.weaver.Advice' (OnClassCondition)

   ArtemisAutoConfiguration:
      Did not match:
         - @ConditionalOnClass did not find required class 'jakarta.jms.ConnectionFactory' (OnClassCondition)

   BatchAutoConfiguration:
      Did not match:
         - @ConditionalOnClass did not find required class 'org.springframework.batch.core.launch.JobLauncher' (OnClassCondition)

   Cache2kCacheConfiguration:
      Did not match:
         - @ConditionalOnClass did not find required class 'org.cache2k.Cache2kBuilder' (OnClassCondition)

   CacheAutoConfiguration:
      Did not match:
         - @ConditionalOnBean (types: org.springframework.cache.interceptor.CacheAspectSupport; SearchStrategy: all) did not find any beans of type org.springframework.cache.interceptor.CacheAspectSupport (OnBeanCondition)
      Matched:
         - @ConditionalOnClass found required class 'org.springframework.cache.CacheManager' (OnClassCondition)

   CacheAutoConfiguration.CacheManagerEntityManagerFactoryDependsOnPostProcessor:
      Did not match:
         - Ancestor org.springframework.boot.autoconfigure.cache.CacheAutoConfiguration did not match (ConditionEvaluationReport.AncestorsMatchedCondition)
      Matched:
         - @ConditionalOnClass found required class 'org.springframework.orm.jpa.LocalContainerEntityManagerFactoryBean' (OnClassCondition)

   CaffeineCacheConfiguration:
      Did not match:
         - @ConditionalOnClass did not find required class 'com.github.benmanes.caffeine.cache.Caffeine' (OnClassCondition)

   CassandraAutoConfiguration:
      Did not match:
         - @ConditionalOnClass did not find required class 'com.datastax.oss.driver.api.core.CqlSession' (OnClassCondition)

   CassandraDataAutoConfiguration:
      Did not match:
         - @ConditionalOnClass did not find required class 'com.datastax.oss.driver.api.core.CqlSession' (OnClassCondition)

   CassandraReactiveDataAutoConfiguration:
      Did not match:
         - @ConditionalOnClass did not find required class 'com.datastax.oss.driver.api.core.CqlSession' (OnClassCondition)

   CassandraReactiveRepositoriesAutoConfiguration:
      Did not match:
         - @ConditionalOnClass did not find required class 'org.springframework.data.cassandra.ReactiveSession' (OnClassCondition)

   CassandraRepositoriesAutoConfiguration:
      Did not match:
         - @ConditionalOnClass did not find required class 'com.datastax.oss.driver.api.core.CqlSession' (OnClassCondition)

   ClientHttpConnectorAutoConfiguration:
      Did not match:
         - @ConditionalOnClass did not find required class 'org.springframework.web.reactive.function.client.WebClient' (OnClassCondition)

   CodecsAutoConfiguration:
      Did not match:
         - @ConditionalOnClass did not find required class 'org.springframework.web.reactive.function.client.WebClient' (OnClassCondition)

   CouchbaseAutoConfiguration:
      Did not match:
         - @ConditionalOnClass did not find required class 'com.couchbase.client.java.Cluster' (OnClassCondition)

   CouchbaseCacheConfiguration:
      Did not match:
         - @ConditionalOnClass did not find required class 'com.couchbase.client.java.Cluster' (OnClassCondition)

   CouchbaseDataAutoConfiguration:
      Did not match:
         - @ConditionalOnClass did not find required class 'com.couchbase.client.java.Bucket' (OnClassCondition)

   CouchbaseReactiveDataAutoConfiguration:
      Did not match:
         - @ConditionalOnClass did not find required class 'com.couchbase.client.java.Cluster' (OnClassCondition)

   CouchbaseReactiveRepositoriesAutoConfiguration:
      Did not match:
         - @ConditionalOnClass did not find required class 'com.couchbase.client.java.Cluster' (OnClassCondition)

   CouchbaseRepositoriesAutoConfiguration:
      Did not match:
         - @ConditionalOnClass did not find required class 'com.couchbase.client.java.Bucket' (OnClassCondition)

   DataSourceAutoConfiguration.EmbeddedDatabaseConfiguration:
      Did not match:
         - EmbeddedDataSource spring.datasource.url is set (DataSourceAutoConfiguration.EmbeddedDatabaseCondition)

   DataSourceCheckpointRestoreConfiguration:
      Did not match:
         - @ConditionalOnClass did not find required class 'org.crac.Resource' (OnClassCondition)

   DataSourceConfiguration.Dbcp2:
      Did not match:
         - @ConditionalOnClass did not find required class 'org.apache.commons.dbcp2.BasicDataSource' (OnClassCondition)

   DataSourceConfiguration.Generic:
      Did not match:
         - @ConditionalOnProperty (spring.datasource.type) did not find property 'spring.datasource.type' (OnPropertyCondition)

   DataSourceConfiguration.OracleUcp:
      Did not match:
         - @ConditionalOnClass did not find required class 'oracle.ucp.jdbc.PoolDataSourceImpl' (OnClassCondition)

   DataSourceConfiguration.Tomcat:
      Did not match:
         - @ConditionalOnClass did not find required class 'org.apache.tomcat.jdbc.pool.DataSource' (OnClassCondition)

   DataSourceJmxConfiguration:
      Did not match:
         - @ConditionalOnProperty (spring.jmx.enabled=true) found different value in property 'enabled' (OnPropertyCondition)

   DataSourcePoolMetadataProvidersConfiguration.CommonsDbcp2PoolDataSourceMetadataProviderConfiguration:
      Did not match:
         - @ConditionalOnClass did not find required class 'org.apache.commons.dbcp2.BasicDataSource' (OnClassCondition)

   DataSourcePoolMetadataProvidersConfiguration.OracleUcpPoolDataSourceMetadataProviderConfiguration:
      Did not match:
         - @ConditionalOnClass did not find required class 'oracle.ucp.jdbc.PoolDataSource' (OnClassCondition)

   DataSourcePoolMetadataProvidersConfiguration.TomcatDataSourcePoolMetadataProviderConfiguration:
      Did not match:
         - @ConditionalOnClass did not find required class 'org.apache.tomcat.jdbc.pool.DataSource' (OnClassCondition)

   DataSourceTransactionManagerAutoConfiguration.JdbcTransactionManagerConfiguration#transactionManager:
      Did not match:
         - @ConditionalOnMissingBean (types: org.springframework.transaction.TransactionManager; SearchStrategy: all) found beans of type 'org.springframework.transaction.TransactionManager' transactionManager (OnBeanCondition)

   DevToolsDataSourceAutoConfiguration:
      Did not match:
         - Devtools devtools is disabled for current context. (OnEnabledDevToolsCondition)
      Matched:
         - @ConditionalOnClass found required class 'javax.sql.DataSource' (OnClassCondition)

   DevToolsR2dbcAutoConfiguration:
      Did not match:
         - @ConditionalOnClass did not find required class 'io.r2dbc.spi.ConnectionFactory' (OnClassCondition)

   DispatcherServletAutoConfiguration.DispatcherServletConfiguration#multipartResolver:
      Did not match:
         - @ConditionalOnBean (types: org.springframework.web.multipart.MultipartResolver; SearchStrategy: all) did not find any beans of type org.springframework.web.multipart.MultipartResolver (OnBeanCondition)

   ElasticsearchClientAutoConfiguration:
      Did not match:
         - @ConditionalOnClass did not find required class 'co.elastic.clients.elasticsearch.ElasticsearchClient' (OnClassCondition)

   ElasticsearchDataAutoConfiguration:
      Did not match:
         - @ConditionalOnClass did not find required class 'org.springframework.data.elasticsearch.client.elc.ElasticsearchTemplate' (OnClassCondition)

   ElasticsearchRepositoriesAutoConfiguration:
      Did not match:
         - @ConditionalOnClass did not find required class 'org.springframework.data.elasticsearch.repository.ElasticsearchRepository' (OnClassCondition)

   ElasticsearchRestClientAutoConfiguration:
      Did not match:
         - @ConditionalOnClass did not find required class 'org.elasticsearch.client.RestClientBuilder' (OnClassCondition)

   EmbeddedLdapAutoConfiguration:
      Did not match:
         - @ConditionalOnClass did not find required class 'com.unboundid.ldap.listener.InMemoryDirectoryServer' (OnClassCondition)

   EmbeddedWebServerFactoryCustomizerAutoConfiguration:
      Did not match:
         - Application is deployed as a WAR file. (OnWarDeploymentCondition)
      Matched:
         - @ConditionalOnWebApplication (required) found 'session' scope (OnWebApplicationCondition)

   ErrorWebFluxAutoConfiguration:
      Did not match:
         - @ConditionalOnClass did not find required class 'org.springframework.web.reactive.config.WebFluxConfigurer' (OnClassCondition)

   FlywayAutoConfiguration:
      Did not match:
         - @ConditionalOnClass did not find required class 'org.flywaydb.core.Flyway' (OnClassCondition)

   FreeMarkerAutoConfiguration:
      Did not match:
         - @ConditionalOnClass did not find required class 'freemarker.template.Configuration' (OnClassCondition)

   GraphQlAutoConfiguration:
      Did not match:
         - @ConditionalOnClass did not find required class 'graphql.GraphQL' (OnClassCondition)

   GraphQlQueryByExampleAutoConfiguration:
      Did not match:
         - @ConditionalOnClass did not find required class 'graphql.GraphQL' (OnClassCondition)

   GraphQlQuerydslAutoConfiguration:
      Did not match:
         - @ConditionalOnClass did not find required class 'com.querydsl.core.Query' (OnClassCondition)

   GraphQlRSocketAutoConfiguration:
      Did not match:
         - @ConditionalOnClass did not find required class 'graphql.GraphQL' (OnClassCondition)

   GraphQlReactiveQueryByExampleAutoConfiguration:
      Did not match:
         - @ConditionalOnClass did not find required class 'graphql.GraphQL' (OnClassCondition)

   GraphQlReactiveQuerydslAutoConfiguration:
      Did not match:
         - @ConditionalOnClass did not find required class 'com.querydsl.core.Query' (OnClassCondition)

   GraphQlWebFluxAutoConfiguration:
      Did not match:
         - @ConditionalOnClass did not find required class 'graphql.GraphQL' (OnClassCondition)

   GraphQlWebFluxSecurityAutoConfiguration:
      Did not match:
         - @ConditionalOnClass did not find required class 'graphql.GraphQL' (OnClassCondition)

   GraphQlWebMvcAutoConfiguration:
      Did not match:
         - @ConditionalOnClass did not find required class 'graphql.GraphQL' (OnClassCondition)

   GraphQlWebMvcSecurityAutoConfiguration:
      Did not match:
         - @ConditionalOnClass did not find required class 'graphql.GraphQL' (OnClassCondition)

   GroovyTemplateAutoConfiguration:
      Did not match:
         - @ConditionalOnClass did not find required class 'groovy.text.markup.MarkupTemplateEngine' (OnClassCondition)

   GsonAutoConfiguration:
      Did not match:
         - @ConditionalOnClass did not find required class 'com.google.gson.Gson' (OnClassCondition)

   GsonHttpMessageConvertersConfiguration:
      Did not match:
         - @ConditionalOnClass did not find required class 'com.google.gson.Gson' (OnClassCondition)

   H2ConsoleAutoConfiguration:
      Did not match:
         - @ConditionalOnClass did not find required class 'org.h2.server.web.JakartaWebServlet' (OnClassCondition)

   HazelcastAutoConfiguration:
      Did not match:
         - @ConditionalOnClass did not find required class 'com.hazelcast.core.HazelcastInstance' (OnClassCondition)

   HazelcastCacheConfiguration:
      Did not match:
         - @ConditionalOnClass did not find required class 'com.hazelcast.core.HazelcastInstance' (OnClassCondition)

   HazelcastJpaDependencyAutoConfiguration:
      Did not match:
         - @ConditionalOnClass did not find required class 'com.hazelcast.core.HazelcastInstance' (OnClassCondition)

   HttpHandlerAutoConfiguration:
      Did not match:
         - @ConditionalOnClass did not find required class 'org.springframework.web.reactive.DispatcherHandler' (OnClassCondition)

   InfinispanCacheConfiguration:
      Did not match:
         - @ConditionalOnClass did not find required class 'org.infinispan.spring.embedded.provider.SpringEmbeddedCacheManager' (OnClassCondition)

   InfluxDbAutoConfiguration:
      Did not match:
         - @ConditionalOnClass did not find required class 'org.influxdb.InfluxDB' (OnClassCondition)

   IntegrationAutoConfiguration:
      Did not match:
         - @ConditionalOnClass did not find required class 'org.springframework.integration.config.EnableIntegration' (OnClassCondition)

   JCacheCacheConfiguration:
      Did not match:
         - @ConditionalOnClass did not find required class 'javax.cache.Caching' (OnClassCondition)

   JacksonHttpMessageConvertersConfiguration.MappingJackson2XmlHttpMessageConverterConfiguration:
      Did not match:
         - @ConditionalOnClass did not find required class 'com.fasterxml.jackson.dataformat.xml.XmlMapper' (OnClassCondition)

   JdbcRepositoriesAutoConfiguration:
      Did not match:
         - @ConditionalOnClass did not find required class 'org.springframework.data.jdbc.repository.config.AbstractJdbcConfiguration' (OnClassCondition)

   JerseyAutoConfiguration:
      Did not match:
         - @ConditionalOnClass did not find required class 'org.glassfish.jersey.server.spring.SpringComponentProvider' (OnClassCondition)

   JmsAutoConfiguration:
      Did not match:
         - @ConditionalOnClass did not find required class 'jakarta.jms.Message' (OnClassCondition)

   JmxAutoConfiguration:
      Did not match:
         - @ConditionalOnProperty (spring.jmx.enabled=true) found different value in property 'enabled' (OnPropertyCondition)
      Matched:
         - @ConditionalOnClass found required class 'org.springframework.jmx.export.MBeanExporter' (OnClassCondition)

   JndiConnectionFactoryAutoConfiguration:
      Did not match:
         - @ConditionalOnClass did not find required class 'org.springframework.jms.core.JmsTemplate' (OnClassCondition)

   JndiDataSourceAutoConfiguration:
      Did not match:
         - @ConditionalOnProperty (spring.datasource.jndi-name) did not find property 'jndi-name' (OnPropertyCondition)
      Matched:
         - @ConditionalOnClass found required classes 'javax.sql.DataSource', 'org.springframework.jdbc.datasource.embedded.EmbeddedDatabaseType' (OnClassCondition)

   JndiJtaConfiguration:
      Did not match:
         - @ConditionalOnJndi JNDI environment is not available (OnJndiCondition)
      Matched:
         - @ConditionalOnClass found required class 'org.springframework.transaction.jta.JtaTransactionManager' (OnClassCondition)

   JooqAutoConfiguration:
      Did not match:
         - @ConditionalOnClass did not find required class 'org.jooq.DSLContext' (OnClassCondition)

   JpaRepositoriesAutoConfiguration#entityManagerFactoryBootstrapExecutorCustomizer:
      Did not match:
         - AnyNestedCondition 0 matched 2 did not; NestedCondition on JpaRepositoriesAutoConfiguration.BootstrapExecutorCondition.LazyBootstrapMode @ConditionalOnProperty (spring.data.jpa.repositories.bootstrap-mode=lazy) did not find property 'bootstrap-mode'; NestedCondition on JpaRepositoriesAutoConfiguration.BootstrapExecutorCondition.DeferredBootstrapMode @ConditionalOnProperty (spring.data.jpa.repositories.bootstrap-mode=deferred) did not find property 'bootstrap-mode' (JpaRepositoriesAutoConfiguration.BootstrapExecutorCondition)

   JsonbAutoConfiguration:
      Did not match:
         - @ConditionalOnClass did not find required class 'jakarta.json.bind.Jsonb' (OnClassCondition)

   JsonbHttpMessageConvertersConfiguration:
      Did not match:
         - @ConditionalOnClass did not find required class 'jakarta.json.bind.Jsonb' (OnClassCondition)

   KafkaAutoConfiguration:
      Did not match:
         - @ConditionalOnClass did not find required class 'org.springframework.kafka.core.KafkaTemplate' (OnClassCondition)

   LdapAutoConfiguration:
      Did not match:
         - @ConditionalOnClass did not find required class 'org.springframework.ldap.core.ContextSource' (OnClassCondition)

   LdapRepositoriesAutoConfiguration:
      Did not match:
         - @ConditionalOnClass did not find required class 'org.springframework.data.ldap.repository.LdapRepository' (OnClassCondition)

   LiquibaseAutoConfiguration:
      Did not match:
         - @ConditionalOnClass did not find required class 'liquibase.change.DatabaseChange' (OnClassCondition)

   LocalDevToolsAutoConfiguration:
      Did not match:
         - Initialized Restarter Condition initialized without URLs (OnInitializedRestarterCondition)

   MailSenderAutoConfiguration:
      Did not match:
         - @ConditionalOnClass did not find required class 'jakarta.mail.internet.MimeMessage' (OnClassCondition)

   MailSenderValidatorAutoConfiguration:
      Did not match:
         - @ConditionalOnSingleCandidate did not find required type 'org.springframework.mail.javamail.JavaMailSenderImpl' (OnBeanCondition)

   MessageSourceAutoConfiguration:
      Did not match:
         - ResourceBundle did not find bundle with basename messages (MessageSourceAutoConfiguration.ResourceBundleCondition)

   MongoAutoConfiguration:
      Did not match:
         - @ConditionalOnClass did not find required class 'com.mongodb.client.MongoClient' (OnClassCondition)

   MongoDataAutoConfiguration:
      Did not match:
         - @ConditionalOnClass did not find required class 'com.mongodb.client.MongoClient' (OnClassCondition)

   MongoReactiveAutoConfiguration:
      Did not match:
         - @ConditionalOnClass did not find required class 'com.mongodb.reactivestreams.client.MongoClient' (OnClassCondition)

   MongoReactiveDataAutoConfiguration:
      Did not match:
         - @ConditionalOnClass did not find required class 'com.mongodb.reactivestreams.client.MongoClient' (OnClassCondition)

   MongoReactiveRepositoriesAutoConfiguration:
      Did not match:
         - @ConditionalOnClass did not find required class 'com.mongodb.reactivestreams.client.MongoClient' (OnClassCondition)

   MongoRepositoriesAutoConfiguration:
      Did not match:
         - @ConditionalOnClass did not find required class 'com.mongodb.client.MongoClient' (OnClassCondition)

   MustacheAutoConfiguration:
      Did not match:
         - @ConditionalOnClass did not find required class 'com.samskivert.mustache.Mustache' (OnClassCondition)

   Neo4jAutoConfiguration:
      Did not match:
         - @ConditionalOnClass did not find required class 'org.neo4j.driver.Driver' (OnClassCondition)

   Neo4jDataAutoConfiguration:
      Did not match:
         - @ConditionalOnClass did not find required class 'org.neo4j.driver.Driver' (OnClassCondition)

   Neo4jReactiveDataAutoConfiguration:
      Did not match:
         - @ConditionalOnClass did not find required class 'org.neo4j.driver.Driver' (OnClassCondition)

   Neo4jReactiveRepositoriesAutoConfiguration:
      Did not match:
         - @ConditionalOnClass did not find required class 'org.neo4j.driver.Driver' (OnClassCondition)

   Neo4jRepositoriesAutoConfiguration:
      Did not match:
         - @ConditionalOnClass did not find required class 'org.neo4j.driver.Driver' (OnClassCondition)

   NettyAutoConfiguration:
      Did not match:
         - @ConditionalOnClass did not find required class 'io.netty.util.NettyRuntime' (OnClassCondition)

   OAuth2AuthorizationServerAutoConfiguration:
      Did not match:
         - @ConditionalOnClass did not find required class 'org.springframework.security.oauth2.server.authorization.OAuth2Authorization' (OnClassCondition)

   OAuth2AuthorizationServerJwtAutoConfiguration:
      Did not match:
         - @ConditionalOnClass did not find required class 'org.springframework.security.oauth2.server.authorization.OAuth2Authorization' (OnClassCondition)

   OAuth2ClientAutoConfiguration:
      Did not match:
         - @ConditionalOnClass did not find required class 'org.springframework.security.config.annotation.web.configuration.EnableWebSecurity' (OnClassCondition)

   OAuth2ResourceServerAutoConfiguration:
      Did not match:
         - @ConditionalOnClass did not find required class 'org.springframework.security.oauth2.server.resource.authentication.BearerTokenAuthenticationToken' (OnClassCondition)

   ProjectInfoAutoConfiguration#buildProperties:
      Did not match:
         - @ConditionalOnResource did not find resource '${spring.info.build.location:classpath:META-INF/build-info.properties}' (OnResourceCondition)

   ProjectInfoAutoConfiguration#gitProperties:
      Did not match:
         - GitResource did not find git info at classpath:git.properties (ProjectInfoAutoConfiguration.GitResourceAvailableCondition)

   PulsarAutoConfiguration:
      Did not match:
         - @ConditionalOnClass did not find required class 'org.apache.pulsar.client.api.PulsarClient' (OnClassCondition)

   PulsarReactiveAutoConfiguration:
      Did not match:
         - @ConditionalOnClass did not find required class 'org.apache.pulsar.client.api.PulsarClient' (OnClassCondition)

   QuartzAutoConfiguration:
      Did not match:
         - @ConditionalOnClass did not find required class 'org.quartz.Scheduler' (OnClassCondition)

   R2dbcAutoConfiguration:
      Did not match:
         - @ConditionalOnClass did not find required class 'io.r2dbc.spi.ConnectionFactory' (OnClassCondition)

   R2dbcDataAutoConfiguration:
      Did not match:
         - @ConditionalOnClass did not find required class 'org.springframework.data.r2dbc.core.R2dbcEntityTemplate' (OnClassCondition)

   R2dbcInitializationConfiguration:
      Did not match:
         - @ConditionalOnClass did not find required classes 'io.r2dbc.spi.ConnectionFactory', 'org.springframework.r2dbc.connection.init.DatabasePopulator' (OnClassCondition)

   R2dbcRepositoriesAutoConfiguration:
      Did not match:
         - @ConditionalOnClass did not find required class 'io.r2dbc.spi.ConnectionFactory' (OnClassCondition)

   R2dbcTransactionManagerAutoConfiguration:
      Did not match:
         - @ConditionalOnClass did not find required class 'org.springframework.r2dbc.connection.R2dbcTransactionManager' (OnClassCondition)

   RSocketGraphQlClientAutoConfiguration:
      Did not match:
         - @ConditionalOnClass did not find required class 'graphql.GraphQL' (OnClassCondition)

   RSocketMessagingAutoConfiguration:
      Did not match:
         - @ConditionalOnClass did not find required class 'io.rsocket.RSocket' (OnClassCondition)

   RSocketRequesterAutoConfiguration:
      Did not match:
         - @ConditionalOnClass did not find required class 'io.rsocket.RSocket' (OnClassCondition)

   RSocketSecurityAutoConfiguration:
      Did not match:
         - @ConditionalOnClass did not find required class 'org.springframework.security.rsocket.core.SecuritySocketAcceptorInterceptor' (OnClassCondition)

   RSocketServerAutoConfiguration:
      Did not match:
         - @ConditionalOnClass did not find required class 'io.rsocket.core.RSocketServer' (OnClassCondition)

   RSocketStrategiesAutoConfiguration:
      Did not match:
         - @ConditionalOnClass did not find required class 'io.netty.buffer.PooledByteBufAllocator' (OnClassCondition)

   RabbitAutoConfiguration:
      Did not match:
         - @ConditionalOnClass did not find required class 'com.rabbitmq.client.Channel' (OnClassCondition)

   ReactiveElasticsearchClientAutoConfiguration:
      Did not match:
         - @ConditionalOnClass did not find required class 'co.elastic.clients.transport.ElasticsearchTransport' (OnClassCondition)

   ReactiveElasticsearchRepositoriesAutoConfiguration:
      Did not match:
         - @ConditionalOnClass did not find required class 'reactor.core.publisher.Mono' (OnClassCondition)

   ReactiveMultipartAutoConfiguration:
      Did not match:
         - @ConditionalOnClass did not find required class 'org.springframework.web.reactive.config.WebFluxConfigurer' (OnClassCondition)

   ReactiveOAuth2ClientAutoConfiguration:
      Did not match:
         - @ConditionalOnClass did not find required class 'reactor.core.publisher.Flux' (OnClassCondition)

   ReactiveOAuth2ResourceServerAutoConfiguration:
      Did not match:
         - @ConditionalOnClass did not find required class 'org.springframework.security.config.annotation.web.reactive.EnableWebFluxSecurity' (OnClassCondition)

   ReactiveSecurityAutoConfiguration:
      Did not match:
         - @ConditionalOnClass did not find required class 'reactor.core.publisher.Flux' (OnClassCondition)

   ReactiveUserDetailsServiceAutoConfiguration:
      Did not match:
         - @ConditionalOnClass did not find required class 'org.springframework.security.authentication.ReactiveAuthenticationManager' (OnClassCondition)

   ReactiveWebServerFactoryAutoConfiguration:
      Did not match:
         - @ConditionalOnWebApplication did not find reactive web application classes (OnWebApplicationCondition)

   ReactorAutoConfiguration:
      Did not match:
         - @ConditionalOnClass did not find required class 'reactor.core.publisher.Hooks' (OnClassCondition)

   RedisAutoConfiguration:
      Did not match:
         - @ConditionalOnClass did not find required class 'org.springframework.data.redis.core.RedisOperations' (OnClassCondition)

   RedisCacheConfiguration:
      Did not match:
         - @ConditionalOnClass did not find required class 'org.springframework.data.redis.connection.RedisConnectionFactory' (OnClassCondition)

   RedisReactiveAutoConfiguration:
      Did not match:
         - @ConditionalOnClass did not find required class 'reactor.core.publisher.Flux' (OnClassCondition)

   RedisRepositoriesAutoConfiguration:
      Did not match:
         - @ConditionalOnClass did not find required class 'org.springframework.data.redis.repository.configuration.EnableRedisRepositories' (OnClassCondition)

   RemoteDevToolsAutoConfiguration:
      Did not match:
         - @ConditionalOnProperty (spring.devtools.remote.secret) did not find property 'secret' (OnPropertyCondition)
      Matched:
         - @ConditionalOnClass found required classes 'jakarta.servlet.Filter', 'org.springframework.http.server.ServerHttpRequest' (OnClassCondition)

   RepositoryRestMvcAutoConfiguration:
      Did not match:
         - @ConditionalOnClass did not find required class 'org.springframework.data.rest.webmvc.config.RepositoryRestMvcConfiguration' (OnClassCondition)

   Saml2RelyingPartyAutoConfiguration:
      Did not match:
         - @ConditionalOnClass did not find required class 'org.springframework.security.saml2.provider.service.registration.RelyingPartyRegistrationRepository' (OnClassCondition)

   SecurityAutoConfiguration:
      Did not match:
         - @ConditionalOnClass did not find required class 'org.springframework.security.authentication.DefaultAuthenticationEventPublisher' (OnClassCondition)

   SecurityFilterAutoConfiguration:
      Did not match:
         - @ConditionalOnClass did not find required class 'org.springframework.security.config.http.SessionCreationPolicy' (OnClassCondition)

   SendGridAutoConfiguration:
      Did not match:
         - @ConditionalOnClass did not find required class 'com.sendgrid.SendGrid' (OnClassCondition)

   ServletWebServerFactoryAutoConfiguration.ForwardedHeaderFilterConfiguration:
      Did not match:
         - @ConditionalOnProperty (server.forward-headers-strategy=framework) did not find property 'server.forward-headers-strategy' (OnPropertyCondition)

   ServletWebServerFactoryConfiguration.EmbeddedJetty:
      Did not match:
         - @ConditionalOnClass did not find required classes 'org.eclipse.jetty.server.Server', 'org.eclipse.jetty.util.Loader', 'org.eclipse.jetty.ee10.webapp.WebAppContext' (OnClassCondition)

   ServletWebServerFactoryConfiguration.EmbeddedUndertow:
      Did not match:
         - @ConditionalOnClass did not find required classes 'io.undertow.Undertow', 'org.xnio.SslClientAuthMode' (OnClassCondition)

   SessionAutoConfiguration:
      Did not match:
         - @ConditionalOnClass did not find required class 'org.springframework.session.Session' (OnClassCondition)

   SpringApplicationAdminJmxAutoConfiguration:
      Did not match:
         - @ConditionalOnProperty (spring.application.admin.enabled=true) did not find property 'enabled' (OnPropertyCondition)

   TaskExecutorConfigurations.SimpleAsyncTaskExecutorBuilderConfiguration#simpleAsyncTaskExecutorBuilderVirtualThreads:
      Did not match:
         - @ConditionalOnMissingBean (types: org.springframework.boot.task.SimpleAsyncTaskExecutorBuilder; SearchStrategy: all) found beans of type 'org.springframework.boot.task.SimpleAsyncTaskExecutorBuilder' simpleAsyncTaskExecutorBuilder (OnBeanCondition)

   TaskExecutorConfigurations.TaskExecutorConfiguration#applicationTaskExecutorVirtualThreads:
      Did not match:
         - @ConditionalOnThreading did not find VIRTUAL (OnThreadingCondition)

   TaskSchedulingAutoConfiguration#scheduledBeanLazyInitializationExcludeFilter:
      Did not match:
         - @ConditionalOnBean (names: org.springframework.context.annotation.internalScheduledAnnotationProcessor; SearchStrategy: all) did not find any beans named org.springframework.context.annotation.internalScheduledAnnotationProcessor (OnBeanCondition)

   TaskSchedulingConfigurations.SimpleAsyncTaskSchedulerBuilderConfiguration#simpleAsyncTaskSchedulerBuilderVirtualThreads:
      Did not match:
         - @ConditionalOnMissingBean (types: org.springframework.boot.task.SimpleAsyncTaskSchedulerBuilder; SearchStrategy: all) found beans of type 'org.springframework.boot.task.SimpleAsyncTaskSchedulerBuilder' simpleAsyncTaskSchedulerBuilder (OnBeanCondition)

   TaskSchedulingConfigurations.TaskSchedulerConfiguration:
      Did not match:
         - @ConditionalOnBean (names: org.springframework.context.annotation.internalScheduledAnnotationProcessor; SearchStrategy: all) did not find any beans named org.springframework.context.annotation.internalScheduledAnnotationProcessor (OnBeanCondition)

   ThymeleafAutoConfiguration:
      Did not match:
         - @ConditionalOnClass did not find required class 'org.thymeleaf.spring6.SpringTemplateEngine' (OnClassCondition)

   TransactionAutoConfiguration#transactionalOperator:
      Did not match:
         - @ConditionalOnSingleCandidate (types: org.springframework.transaction.ReactiveTransactionManager; SearchStrategy: all) did not find any beans (OnBeanCondition)

   TransactionAutoConfiguration.AspectJTransactionManagementConfiguration:
      Did not match:
         - @ConditionalOnBean (types: org.springframework.transaction.aspectj.AbstractTransactionAspect; SearchStrategy: all) did not find any beans of type org.springframework.transaction.aspectj.AbstractTransactionAspect (OnBeanCondition)

   TransactionAutoConfiguration.EnableTransactionManagementConfiguration.JdkDynamicAutoProxyConfiguration:
      Did not match:
         - @ConditionalOnProperty (spring.aop.proxy-target-class=false) did not find property 'proxy-target-class' (OnPropertyCondition)

   UserDetailsServiceAutoConfiguration:
      Did not match:
         - @ConditionalOnClass did not find required class 'org.springframework.security.authentication.AuthenticationManager' (OnClassCondition)

   ValidationAutoConfiguration:
      Did not match:
         - @ConditionalOnClass did not find required class 'jakarta.validation.executable.ExecutableValidator' (OnClassCondition)

   WebClientAutoConfiguration:
      Did not match:
         - @ConditionalOnClass did not find required class 'org.springframework.web.reactive.function.client.WebClient' (OnClassCondition)

   WebFluxAutoConfiguration:
      Did not match:
         - @ConditionalOnClass did not find required class 'org.springframework.web.reactive.config.WebFluxConfigurer' (OnClassCondition)

   WebMvcAutoConfiguration#hiddenHttpMethodFilter:
      Did not match:
         - @ConditionalOnProperty (spring.mvc.hiddenmethod.filter.enabled) did not find property 'enabled' (OnPropertyCondition)

   WebMvcAutoConfiguration.ProblemDetailsErrorHandlingConfiguration:
      Did not match:
         - @ConditionalOnProperty (spring.mvc.problemdetails.enabled=true) did not find property 'enabled' (OnPropertyCondition)

   WebMvcAutoConfiguration.ResourceChainCustomizerConfiguration:
      Did not match:
         - @ConditionalOnEnabledResourceChain did not find class org.webjars.WebJarAssetLocator (OnEnabledResourceChainCondition)

   WebMvcAutoConfiguration.WebMvcAutoConfigurationAdapter#beanNameViewResolver:
      Did not match:
         - @ConditionalOnMissingBean (types: org.springframework.web.servlet.view.BeanNameViewResolver; SearchStrategy: all) found beans of type 'org.springframework.web.servlet.view.BeanNameViewResolver' beanNameViewResolver (OnBeanCondition)

   WebServiceTemplateAutoConfiguration:
      Did not match:
         - @ConditionalOnClass did not find required class 'org.springframework.oxm.Marshaller' (OnClassCondition)

   WebServicesAutoConfiguration:
      Did not match:
         - @ConditionalOnClass did not find required class 'org.springframework.ws.transport.http.MessageDispatcherServlet' (OnClassCondition)

   WebSessionIdResolverAutoConfiguration:
      Did not match:
         - @ConditionalOnClass did not find required class 'reactor.core.publisher.Mono' (OnClassCondition)

   WebSocketMessagingAutoConfiguration:
      Did not match:
         - @ConditionalOnClass did not find required class 'org.springframework.web.socket.config.annotation.WebSocketMessageBrokerConfigurer' (OnClassCondition)

   WebSocketReactiveAutoConfiguration:
      Did not match:
         - @ConditionalOnWebApplication did not find reactive web application classes (OnWebApplicationCondition)

   WebSocketServletAutoConfiguration.JettyWebSocketConfiguration:
      Did not match:
         - @ConditionalOnClass did not find required class 'org.eclipse.jetty.ee10.websocket.jakarta.server.config.JakartaWebSocketServletContainerInitializer' (OnClassCondition)

   WebSocketServletAutoConfiguration.UndertowWebSocketConfiguration:
      Did not match:
         - @ConditionalOnClass did not find required class 'io.undertow.websockets.jsr.Bootstrap' (OnClassCondition)

   XADataSourceAutoConfiguration:
      Did not match:
         - @ConditionalOnBean (types: org.springframework.boot.jdbc.XADataSourceWrapper; SearchStrategy: all) did not find any beans of type org.springframework.boot.jdbc.XADataSourceWrapper (OnBeanCondition)
      Matched:
         - @ConditionalOnClass found required classes 'javax.sql.DataSource', 'jakarta.transaction.TransactionManager', 'org.springframework.jdbc.datasource.embedded.EmbeddedDatabaseType' (OnClassCondition)


Exclusions:
-----------

    None


Unconditional classes:
----------------------

    org.springframework.boot.autoconfigure.context.ConfigurationPropertiesAutoConfiguration

    org.springframework.boot.autoconfigure.ssl.SslAutoConfiguration

    org.springframework.boot.autoconfigure.context.LifecycleAutoConfiguration

    org.springframework.boot.autoconfigure.context.PropertyPlaceholderAutoConfiguration

    org.springframework.boot.autoconfigure.availability.ApplicationAvailabilityAutoConfiguration

    org.springframework.boot.autoconfigure.info.ProjectInfoAutoConfiguration



2024-10-07T00:27:08.052-03:00  INFO 18250 --- [hotel_reservas] [           main] c.n.h.HotelReservasApplicationTests      : Started HotelReservasApplicationTests in 1.003 seconds (process running for 4.677)
2024-10-07T00:27:08.053-03:00 DEBUG 18250 --- [hotel_reservas] [           main] o.s.b.a.ApplicationAvailabilityBean      : Application availability state LivenessState changed to CORRECT
2024-10-07T00:27:08.053-03:00 DEBUG 18250 --- [hotel_reservas] [           main] o.s.b.a.ApplicationAvailabilityBean      : Application availability state ReadinessState changed to ACCEPTING_TRAFFIC
2024-10-07T00:27:08.053-03:00 DEBUG 18250 --- [hotel_reservas] [           main] org.springframework.test.context.cache   : Spring test ApplicationContext cache statistics: [DefaultContextCache@6464f017 size = 2, maxSize = 32, parentContextCount = 0, hitCount = 26, missCount = 2, failureCount = 0]
2024-10-07T00:27:08.053-03:00 DEBUG 18250 --- [hotel_reservas] [           main] o.s.t.c.w.ServletTestExecutionListener   : Setting up MockHttpServletRequest, MockHttpServletResponse, ServletWebRequest, and RequestContextHolder for test class com.nathan.hotel_reservas.HotelReservasApplicationTests
2024-10-07T00:27:08.060-03:00 DEBUG 18250 --- [hotel_reservas] [           main] DependencyInjectionTestExecutionListener : Performing dependency injection for test class com.nathan.hotel_reservas.HotelReservasApplicationTests
2024-10-07T00:27:08.060-03:00 DEBUG 18250 --- [hotel_reservas] [           main] org.springframework.test.context.cache   : Spring test ApplicationContext cache statistics: [DefaultContextCache@6464f017 size = 2, maxSize = 32, parentContextCount = 0, hitCount = 27, missCount = 2, failureCount = 0]
2024-10-07T00:27:08.060-03:00 DEBUG 18250 --- [hotel_reservas] [           main] org.springframework.test.context.cache   : Spring test ApplicationContext cache statistics: [DefaultContextCache@6464f017 size = 2, maxSize = 32, parentContextCount = 0, hitCount = 28, missCount = 2, failureCount = 0]
2024-10-07T00:27:08.061-03:00 DEBUG 18250 --- [hotel_reservas] [           main] sContextBeforeModesTestExecutionListener : Before test method: class [HotelReservasApplicationTests], method [contextLoads], class annotated with @DirtiesContext [false] with mode [null], method annotated with @DirtiesContext [false] with mode [null]
2024-10-07T00:27:08.061-03:00 DEBUG 18250 --- [hotel_reservas] [           main] org.springframework.test.context.cache   : Spring test ApplicationContext cache statistics: [DefaultContextCache@6464f017 size = 2, maxSize = 32, parentContextCount = 0, hitCount = 29, missCount = 2, failureCount = 0]
2024-10-07T00:27:08.061-03:00 DEBUG 18250 --- [hotel_reservas] [           main] org.springframework.test.context.cache   : Spring test ApplicationContext cache statistics: [DefaultContextCache@6464f017 size = 2, maxSize = 32, parentContextCount = 0, hitCount = 30, missCount = 2, failureCount = 0]
2024-10-07T00:27:08.062-03:00 DEBUG 18250 --- [hotel_reservas] [           main] org.springframework.test.context.cache   : Spring test ApplicationContext cache statistics: [DefaultContextCache@6464f017 size = 2, maxSize = 32, parentContextCount = 0, hitCount = 31, missCount = 2, failureCount = 0]
2024-10-07T00:27:08.062-03:00 DEBUG 18250 --- [hotel_reservas] [           main] org.springframework.test.context.cache   : Spring test ApplicationContext cache statistics: [DefaultContextCache@6464f017 size = 2, maxSize = 32, parentContextCount = 0, hitCount = 32, missCount = 2, failureCount = 0]
2024-10-07T00:27:08.062-03:00 DEBUG 18250 --- [hotel_reservas] [           main] org.springframework.test.context.cache   : Spring test ApplicationContext cache statistics: [DefaultContextCache@6464f017 size = 2, maxSize = 32, parentContextCount = 0, hitCount = 33, missCount = 2, failureCount = 0]
2024-10-07T00:27:08.062-03:00 DEBUG 18250 --- [hotel_reservas] [           main] org.springframework.test.context.cache   : Spring test ApplicationContext cache statistics: [DefaultContextCache@6464f017 size = 2, maxSize = 32, parentContextCount = 0, hitCount = 34, missCount = 2, failureCount = 0]
2024-10-07T00:27:08.062-03:00 DEBUG 18250 --- [hotel_reservas] [           main] org.springframework.test.context.cache   : Spring test ApplicationContext cache statistics: [DefaultContextCache@6464f017 size = 2, maxSize = 32, parentContextCount = 0, hitCount = 35, missCount = 2, failureCount = 0]
2024-10-07T00:27:08.062-03:00 DEBUG 18250 --- [hotel_reservas] [           main] org.springframework.test.context.cache   : Spring test ApplicationContext cache statistics: [DefaultContextCache@6464f017 size = 2, maxSize = 32, parentContextCount = 0, hitCount = 36, missCount = 2, failureCount = 0]
2024-10-07T00:27:08.063-03:00 DEBUG 18250 --- [hotel_reservas] [           main] org.springframework.test.context.cache   : Spring test ApplicationContext cache statistics: [DefaultContextCache@6464f017 size = 2, maxSize = 32, parentContextCount = 0, hitCount = 37, missCount = 2, failureCount = 0]
2024-10-07T00:27:08.063-03:00 DEBUG 18250 --- [hotel_reservas] [           main] .c.s.DirtiesContextTestExecutionListener : After test method: class [HotelReservasApplicationTests], method [contextLoads], class annotated with @DirtiesContext [false] with mode [null], method annotated with @DirtiesContext [false] with mode [null]
2024-10-07T00:27:08.063-03:00 DEBUG 18250 --- [hotel_reservas] [           main] o.s.t.c.w.ServletTestExecutionListener   : Resetting RequestContextHolder for test class com.nathan.hotel_reservas.HotelReservasApplicationTests
]]></system-out>
  </testcase>
</testsuite>